#
# There is insufficient memory for the Java Runtime Environment to continue.
# Native memory allocation (mmap) failed to map 61865984 bytes for G1 virtual space
# Possible reasons:
#   The system is out of physical RAM or swap space
#   The process is running with CompressedOops enabled, and the Java Heap may be blocking the growth of the native heap
# Possible solutions:
#   Reduce memory load on the system
#   Increase physical memory or swap space
#   Check if swap backing store is full
#   Decrease Java heap size (-Xmx/-Xms)
#   Decrease number of Java threads
#   Decrease Java thread stack sizes (-Xss)
#   Set larger code cache with -XX:ReservedCodeCacheSize=
#   JVM is running with Unscaled Compressed Oops mode in which the Java heap is
#     placed in the first 4GB address space. The Java Heap base address is the
#     maximum limit for the native heap growth. Please use -XX:HeapBaseMinAddress
#     to set the Java Heap base and to place the Java Heap above 4GB virtual address.
# This output file may be truncated or incomplete.
#
#  Out of Memory Error (os_windows.cpp:3771), pid=13388, tid=8660
#
# JRE version: OpenJDK Runtime Environment (17.0.7) (build 17.0.7+0-b2043.56-10550314)
# Java VM: OpenJDK 64-Bit Server VM (17.0.7+0-b2043.56-10550314, mixed mode, tiered, compressed oops, compressed class ptrs, g1 gc, windows-amd64)
# No core dump will be written. Minidumps are not enabled by default on client versions of Windows
#

---------------  S U M M A R Y ------------

Command Line: org.jetbrains.kotlin.cli.jvm.K2JVMCompiler @E:\MAD_Project\app\build\20240319_8621329122518919309.compiler.options

Host: Intel(R) Core(TM) i5-10210U CPU @ 1.60GHz, 8 cores, 7G,  Windows 11 , 64 bit Build 22621 (10.0.22621.3235)
Time: Tue Mar 19 21:46:41 2024 Sri Lanka Standard Time elapsed time: 2.452377 seconds (0d 0h 0m 2s)

---------------  T H R E A D  ---------------

Current thread (0x00000275fc101240):  VMThread "VM Thread" [stack: 0x000000e84ac00000,0x000000e84ad00000] [id=8660]

Stack: [0x000000e84ac00000,0x000000e84ad00000]
Native frames: (J=compiled Java code, j=interpreted, Vv=VM code, C=native code)
V  [jvm.dll+0x683bfa]
V  [jvm.dll+0x8430a4]
V  [jvm.dll+0x8449be]
V  [jvm.dll+0x845023]
V  [jvm.dll+0x24ad2f]
V  [jvm.dll+0x680ac9]
V  [jvm.dll+0x67519a]
V  [jvm.dll+0x30b3cb]
V  [jvm.dll+0x312876]
V  [jvm.dll+0x36221e]
V  [jvm.dll+0x36244f]
V  [jvm.dll+0x2e14a8]
V  [jvm.dll+0x2df684]
V  [jvm.dll+0x2dec8c]
V  [jvm.dll+0x32382b]
V  [jvm.dll+0x8496eb]
V  [jvm.dll+0x84a424]
V  [jvm.dll+0x84a93d]
V  [jvm.dll+0x84ad14]
V  [jvm.dll+0x84ade0]
V  [jvm.dll+0x7f2aea]
V  [jvm.dll+0x682a35]
C  [ucrtbase.dll+0x29363]
C  [KERNEL32.DLL+0x1257d]
C  [ntdll.dll+0x5aa58]

VM_Operation (0x000000e84a6fa280): G1CollectForAllocation, mode: safepoint, requested by thread 0x00000275ef48e560


---------------  P R O C E S S  ---------------

Threads class SMR info:
_java_thread_list=0x00000275fcb65380, length=13, elements={
0x00000275ef48e560, 0x00000275fc103f50, 0x00000275fc104dc0, 0x00000275fc293c10,
0x00000275fc295ae0, 0x00000275fc2986a0, 0x00000275fc29b060, 0x00000275fc2ad010,
0x00000275fc2aea10, 0x00000275fc2b2940, 0x00000275fc4294e0, 0x00000275fc426f10,
0x00000275fc43efe0
}

Java Threads: ( => current thread )
  0x00000275ef48e560 JavaThread "main" [_thread_blocked, id=7540, stack(0x000000e84a600000,0x000000e84a700000)]
  0x00000275fc103f50 JavaThread "Reference Handler" daemon [_thread_blocked, id=11844, stack(0x000000e84ad00000,0x000000e84ae00000)]
  0x00000275fc104dc0 JavaThread "Finalizer" daemon [_thread_blocked, id=15256, stack(0x000000e84ae00000,0x000000e84af00000)]
  0x00000275fc293c10 JavaThread "Signal Dispatcher" daemon [_thread_blocked, id=952, stack(0x000000e84af00000,0x000000e84b000000)]
  0x00000275fc295ae0 JavaThread "Attach Listener" daemon [_thread_blocked, id=10180, stack(0x000000e84b000000,0x000000e84b100000)]
  0x00000275fc2986a0 JavaThread "Service Thread" daemon [_thread_blocked, id=11260, stack(0x000000e84b100000,0x000000e84b200000)]
  0x00000275fc29b060 JavaThread "Monitor Deflation Thread" daemon [_thread_blocked, id=12868, stack(0x000000e84b200000,0x000000e84b300000)]
  0x00000275fc2ad010 JavaThread "C2 CompilerThread0" daemon [_thread_blocked, id=16400, stack(0x000000e84b300000,0x000000e84b400000)]
  0x00000275fc2aea10 JavaThread "C1 CompilerThread0" daemon [_thread_blocked, id=17416, stack(0x000000e84b400000,0x000000e84b500000)]
  0x00000275fc2b2940 JavaThread "Sweeper thread" daemon [_thread_blocked, id=17332, stack(0x000000e84b500000,0x000000e84b600000)]
  0x00000275fc4294e0 JavaThread "Notification Thread" daemon [_thread_blocked, id=17784, stack(0x000000e84b600000,0x000000e84b700000)]
  0x00000275fc426f10 JavaThread "Common-Cleaner" daemon [_thread_blocked, id=19872, stack(0x000000e84b800000,0x000000e84b900000)]
  0x00000275fc43efe0 JavaThread "C2 CompilerThread1" daemon [_thread_blocked, id=6344, stack(0x000000e84bd00000,0x000000e84be00000)]

Other Threads:
=>0x00000275fc101240 VMThread "VM Thread" [stack: 0x000000e84ac00000,0x000000e84ad00000] [id=8660]
  0x00000275fc27cf10 WatcherThread [stack: 0x000000e84b700000,0x000000e84b800000] [id=1560]
  0x00000275ef4ea040 GCTaskThread "GC Thread#0" [stack: 0x000000e84a700000,0x000000e84a800000] [id=13936]
  0x00000275fcb2b1e0 GCTaskThread "GC Thread#1" [stack: 0x000000e84b900000,0x000000e84ba00000] [id=6328]
  0x00000275fca57690 GCTaskThread "GC Thread#2" [stack: 0x000000e84ba00000,0x000000e84bb00000] [id=5188]
  0x00000275fc9f5000 GCTaskThread "GC Thread#3" [stack: 0x000000e84bb00000,0x000000e84bc00000] [id=8268]
  0x00000275fc9f52b0 GCTaskThread "GC Thread#4" [stack: 0x000000e84bc00000,0x000000e84bd00000] [id=4596]
  0x00000275fd3fc2a0 GCTaskThread "GC Thread#5" [stack: 0x000000e84be00000,0x000000e84bf00000] [id=1624]
  0x00000275fd3fb7e0 GCTaskThread "GC Thread#6" [stack: 0x000000e84bf00000,0x000000e84c000000] [id=11888]
  0x00000275fd3fd010 GCTaskThread "GC Thread#7" [stack: 0x000000e84c000000,0x000000e84c100000] [id=8816]
  0x00000275ef4fa980 ConcurrentGCThread "G1 Main Marker" [stack: 0x000000e84a800000,0x000000e84a900000] [id=4012]
  0x00000275ef4fb390 ConcurrentGCThread "G1 Conc#0" [stack: 0x000000e84a900000,0x000000e84aa00000] [id=10072]
  0x00000275fd3fbd40 ConcurrentGCThread "G1 Conc#1" [stack: 0x000000e84c100000,0x000000e84c200000] [id=10496]
  0x00000275ef54e410 ConcurrentGCThread "G1 Refine#0" [stack: 0x000000e84aa00000,0x000000e84ab00000] [id=5280]
  0x00000275fbf680f0 ConcurrentGCThread "G1 Service" [stack: 0x000000e84ab00000,0x000000e84ac00000] [id=18120]

Threads with active compile tasks:
C2 CompilerThread0     2465 2758       4       java.text.StringCharacterIterator::current (37 bytes)
C1 CompilerThread0     2465 3113       3       org.jetbrains.kotlin.serialization.deserialization.DeserializationContext::<init> (170 bytes)
C2 CompilerThread1     2465 3003       4       org.jetbrains.kotlin.load.java.structure.impl.classFiles.BinaryClassSignatureParser::parseParameterizedClassRefSignature (262 bytes)

VM state: at safepoint (normal execution)

VM Mutex/Monitor currently owned by a thread:  ([mutex/lock_event])
[0x00000275ef48a2f0] Threads_lock - owner thread: 0x00000275fc101240
[0x00000275ef48ad10] Heap_lock - owner thread: 0x00000275ef48e560

Heap address: 0x0000000083000000, size: 2000 MB, Compressed Oops mode: 32-bit

CDS archive(s) not mapped
Compressed class space mapped at: 0x0000000100000000-0x0000000140000000, reserved size: 1073741824
Narrow klass base: 0x0000000000000000, Narrow klass shift: 3, Narrow klass range: 0x140000000

GC Precious Log:
 CPUs: 8 total, 8 available
 Memory: 7995M
 Large Page Support: Disabled
 NUMA Support: Disabled
 Compressed Oops: Enabled (32-bit)
 Heap Region Size: 1M
 Heap Min Capacity: 8M
 Heap Initial Capacity: 126M
 Heap Max Capacity: 2000M
 Pre-touch: Disabled
 Parallel Workers: 8
 Concurrent Workers: 2
 Concurrent Refinement Workers: 8
 Periodic GC: Disabled

Heap:
 garbage-first heap   total 68608K, used 26793K [0x0000000083000000, 0x0000000100000000)
  region size 1024K, 4 young (4096K), 4 survivors (4096K)
 Metaspace       used 46527K, committed 46720K, reserved 1114112K
  class space    used 5702K, committed 5824K, reserved 1048576K

Heap Regions: E=young(eden), S=young(survivor), O=old, HS=humongous(starts), HC=humongous(continues), CS=collection set, F=free, OA=open archive, CA=closed archive, TAMS=top-at-mark-start (previous, next)
|   0|0x0000000083000000, 0x0000000083100000, 0x0000000083100000|100%|HS|  |TAMS 0x0000000083100000, 0x0000000083000000| Complete 
|   1|0x0000000083100000, 0x0000000083200000, 0x0000000083200000|100%|HC|  |TAMS 0x0000000083200000, 0x0000000083100000| Complete 
|   2|0x0000000083200000, 0x0000000083300000, 0x0000000083300000|100%|HC|  |TAMS 0x0000000083300000, 0x0000000083200000| Complete 
|   3|0x0000000083300000, 0x0000000083400000, 0x0000000083400000|100%|HC|  |TAMS 0x0000000083400000, 0x0000000083300000| Complete 
|   4|0x0000000083400000, 0x0000000083500000, 0x0000000083500000|100%| O|  |TAMS 0x0000000083500000, 0x0000000083400000| Untracked 
|   5|0x0000000083500000, 0x0000000083600000, 0x0000000083600000|100%| O|  |TAMS 0x0000000083600000, 0x0000000083500000| Untracked 
|   6|0x0000000083600000, 0x0000000083700000, 0x0000000083700000|100%| O|  |TAMS 0x0000000083700000, 0x0000000083600000| Untracked 
|   7|0x0000000083700000, 0x0000000083800000, 0x0000000083800000|100%| O|  |TAMS 0x0000000083800000, 0x0000000083700000| Untracked 
|   8|0x0000000083800000, 0x0000000083900000, 0x0000000083900000|100%| O|  |TAMS 0x0000000083900000, 0x0000000083800000| Untracked 
|   9|0x0000000083900000, 0x0000000083900000, 0x0000000083a00000|  0%| F|  |TAMS 0x0000000083900000, 0x0000000083900000| Untracked 
|  10|0x0000000083a00000, 0x0000000083b00000, 0x0000000083b00000|100%| O|  |TAMS 0x0000000083b00000, 0x0000000083a00000| Untracked 
|  11|0x0000000083b00000, 0x0000000083c00000, 0x0000000083c00000|100%| O|  |TAMS 0x0000000083c00000, 0x0000000083b00000| Untracked 
|  12|0x0000000083c00000, 0x0000000083d00000, 0x0000000083d00000|100%| O|  |TAMS 0x0000000083c00000, 0x0000000083c00000| Untracked 
|  13|0x0000000083d00000, 0x0000000083e00000, 0x0000000083e00000|100%| O|  |TAMS 0x0000000083d00000, 0x0000000083d00000| Untracked 
|  14|0x0000000083e00000, 0x0000000083f00000, 0x0000000083f00000|100%| O|  |TAMS 0x0000000083f00000, 0x0000000083e00000| Untracked 
|  15|0x0000000083f00000, 0x0000000084000000, 0x0000000084000000|100%| O|  |TAMS 0x0000000084000000, 0x0000000083f00000| Untracked 
|  16|0x0000000084000000, 0x0000000084100000, 0x0000000084100000|100%| O|  |TAMS 0x0000000084100000, 0x0000000084000000| Untracked 
|  17|0x0000000084100000, 0x000000008417fa00, 0x0000000084200000| 49%| O|  |TAMS 0x000000008417fa00, 0x0000000084100000| Untracked 
|  18|0x0000000084200000, 0x0000000084300000, 0x0000000084300000|100%| O|  |TAMS 0x0000000084200000, 0x0000000084200000| Untracked 
|  19|0x0000000084300000, 0x0000000084400000, 0x0000000084400000|100%| O|  |TAMS 0x0000000084300000, 0x0000000084300000| Untracked 
|  20|0x0000000084400000, 0x0000000084500000, 0x0000000084500000|100%| O|  |TAMS 0x0000000084400000, 0x0000000084400000| Untracked 
|  21|0x0000000084500000, 0x0000000084600000, 0x0000000084600000|100%|HS|  |TAMS 0x0000000084500000, 0x0000000084500000| Complete 
|  22|0x0000000084600000, 0x0000000084700000, 0x0000000084700000|100%|HC|  |TAMS 0x0000000084600000, 0x0000000084600000| Complete 
|  23|0x0000000084700000, 0x00000000847aaa00, 0x0000000084800000| 66%| O|  |TAMS 0x0000000084700000, 0x0000000084700000| Untracked 
|  24|0x0000000084800000, 0x0000000084800000, 0x0000000084900000|  0%| F|  |TAMS 0x0000000084800000, 0x0000000084800000| Untracked 
|  25|0x0000000084900000, 0x0000000084900000, 0x0000000084a00000|  0%| F|  |TAMS 0x0000000084900000, 0x0000000084900000| Untracked 
|  26|0x0000000084a00000, 0x0000000084a00000, 0x0000000084b00000|  0%| F|  |TAMS 0x0000000084a00000, 0x0000000084a00000| Untracked 
|  27|0x0000000084b00000, 0x0000000084b00000, 0x0000000084c00000|  0%| F|  |TAMS 0x0000000084b00000, 0x0000000084b00000| Untracked 
|  28|0x0000000084c00000, 0x0000000084c00000, 0x0000000084d00000|  0%| F|  |TAMS 0x0000000084c00000, 0x0000000084c00000| Untracked 
|  29|0x0000000084d00000, 0x0000000084d00000, 0x0000000084e00000|  0%| F|  |TAMS 0x0000000084d00000, 0x0000000084d00000| Untracked 
|  30|0x0000000084e00000, 0x0000000084e00000, 0x0000000084f00000|  0%| F|  |TAMS 0x0000000084e00000, 0x0000000084e00000| Untracked 
|  31|0x0000000084f00000, 0x0000000084f00000, 0x0000000085000000|  0%| F|  |TAMS 0x0000000084f00000, 0x0000000084f00000| Untracked 
|  32|0x0000000085000000, 0x0000000085000000, 0x0000000085100000|  0%| F|  |TAMS 0x0000000085000000, 0x0000000085000000| Untracked 
|  33|0x0000000085100000, 0x0000000085100000, 0x0000000085200000|  0%| F|  |TAMS 0x0000000085100000, 0x0000000085100000| Untracked 
|  34|0x0000000085200000, 0x0000000085200000, 0x0000000085300000|  0%| F|  |TAMS 0x0000000085200000, 0x0000000085200000| Untracked 
|  35|0x0000000085300000, 0x0000000085400000, 0x0000000085400000|100%| S|CS|TAMS 0x0000000085300000, 0x0000000085300000| Complete 
|  36|0x0000000085400000, 0x0000000085500000, 0x0000000085500000|100%| S|CS|TAMS 0x0000000085400000, 0x0000000085400000| Complete 
|  37|0x0000000085500000, 0x0000000085600000, 0x0000000085600000|100%| S|CS|TAMS 0x0000000085500000, 0x0000000085500000| Complete 
|  38|0x0000000085600000, 0x0000000085700000, 0x0000000085700000|100%| S|CS|TAMS 0x0000000085600000, 0x0000000085600000| Complete 
|  39|0x0000000085700000, 0x0000000085700000, 0x0000000085800000|  0%| F|  |TAMS 0x0000000085700000, 0x0000000085700000| Untracked 
|  40|0x0000000085800000, 0x0000000085800000, 0x0000000085900000|  0%| F|  |TAMS 0x0000000085800000, 0x0000000085800000| Untracked 
|  41|0x0000000085900000, 0x0000000085900000, 0x0000000085a00000|  0%| F|  |TAMS 0x0000000085900000, 0x0000000085900000| Untracked 
|  42|0x0000000085a00000, 0x0000000085a00000, 0x0000000085b00000|  0%| F|  |TAMS 0x0000000085a00000, 0x0000000085a00000| Untracked 
|  43|0x0000000085b00000, 0x0000000085b00000, 0x0000000085c00000|  0%| F|  |TAMS 0x0000000085b00000, 0x0000000085b00000| Untracked 
|  44|0x0000000085c00000, 0x0000000085c00000, 0x0000000085d00000|  0%| F|  |TAMS 0x0000000085c00000, 0x0000000085c00000| Untracked 
|  45|0x0000000085d00000, 0x0000000085d00000, 0x0000000085e00000|  0%| F|  |TAMS 0x0000000085d00000, 0x0000000085d00000| Untracked 
|  46|0x0000000085e00000, 0x0000000085e00000, 0x0000000085f00000|  0%| F|  |TAMS 0x0000000085e00000, 0x0000000085e00000| Untracked 
|  47|0x0000000085f00000, 0x0000000085f00000, 0x0000000086000000|  0%| F|  |TAMS 0x0000000085f00000, 0x0000000085f00000| Untracked 
|  48|0x0000000086000000, 0x0000000086000000, 0x0000000086100000|  0%| F|  |TAMS 0x0000000086000000, 0x0000000086000000| Untracked 
|  49|0x0000000086100000, 0x0000000086100000, 0x0000000086200000|  0%| F|  |TAMS 0x0000000086100000, 0x0000000086100000| Untracked 
|  50|0x0000000086200000, 0x0000000086200000, 0x0000000086300000|  0%| F|  |TAMS 0x0000000086200000, 0x0000000086200000| Untracked 
|  51|0x0000000086300000, 0x0000000086300000, 0x0000000086400000|  0%| F|  |TAMS 0x0000000086300000, 0x0000000086300000| Untracked 
|  52|0x0000000086400000, 0x0000000086400000, 0x0000000086500000|  0%| F|  |TAMS 0x0000000086400000, 0x0000000086400000| Untracked 
|  53|0x0000000086500000, 0x0000000086500000, 0x0000000086600000|  0%| F|  |TAMS 0x0000000086500000, 0x0000000086500000| Untracked 
|  54|0x0000000086600000, 0x0000000086600000, 0x0000000086700000|  0%| F|  |TAMS 0x0000000086600000, 0x0000000086600000| Untracked 
|  55|0x0000000086700000, 0x0000000086700000, 0x0000000086800000|  0%| F|  |TAMS 0x0000000086700000, 0x0000000086700000| Untracked 
|  56|0x0000000086800000, 0x0000000086800000, 0x0000000086900000|  0%| F|  |TAMS 0x0000000086800000, 0x0000000086800000| Untracked 
|  57|0x0000000086900000, 0x0000000086900000, 0x0000000086a00000|  0%| F|  |TAMS 0x0000000086900000, 0x0000000086900000| Untracked 
|  58|0x0000000086a00000, 0x0000000086a00000, 0x0000000086b00000|  0%| F|  |TAMS 0x0000000086a00000, 0x0000000086a00000| Untracked 
|  59|0x0000000086b00000, 0x0000000086b00000, 0x0000000086c00000|  0%| F|  |TAMS 0x0000000086b00000, 0x0000000086b00000| Untracked 
|  60|0x0000000086c00000, 0x0000000086c00000, 0x0000000086d00000|  0%| F|  |TAMS 0x0000000086c00000, 0x0000000086c00000| Untracked 
|  61|0x0000000086d00000, 0x0000000086d00000, 0x0000000086e00000|  0%| F|  |TAMS 0x0000000086d00000, 0x0000000086d00000| Untracked 
|  62|0x0000000086e00000, 0x0000000086e00000, 0x0000000086f00000|  0%| F|  |TAMS 0x0000000086e00000, 0x0000000086e00000| Untracked 
|  63|0x0000000086f00000, 0x0000000086f00000, 0x0000000087000000|  0%| F|  |TAMS 0x0000000086f00000, 0x0000000086f00000| Untracked 
|  64|0x0000000087000000, 0x0000000087000000, 0x0000000087100000|  0%| F|  |TAMS 0x0000000087000000, 0x0000000087000000| Untracked 
|  65|0x0000000087100000, 0x0000000087100000, 0x0000000087200000|  0%| F|  |TAMS 0x0000000087100000, 0x0000000087100000| Untracked 
| 125|0x000000008ad00000, 0x000000008ad00000, 0x000000008ae00000|  0%| F|  |TAMS 0x000000008ad00000, 0x000000008ad00000| Untracked 

Card table byte_map: [0x00000275f4fc0000,0x00000275f53b0000] _byte_map_base: 0x00000275f4ba8000

Marking Bits (Prev, Next): (CMBitMap*) 0x00000275ef4ea650, (CMBitMap*) 0x00000275ef4ea690
 Prev Bits: [0x00000275f57a0000, 0x00000275f76e0000)
 Next Bits: [0x00000275f76e0000, 0x00000275f9620000)

Polling page: 0x00000275ef550000

Metaspace:

Usage:
  Non-class:     39.87 MB used.
      Class:      5.57 MB used.
       Both:     45.44 MB used.

Virtual space:
  Non-class space:       64.00 MB reserved,      39.94 MB ( 62%) committed,  1 nodes.
      Class space:        1.00 GB reserved,       5.69 MB ( <1%) committed,  1 nodes.
             Both:        1.06 GB reserved,      45.62 MB (  4%) committed. 

Chunk freelists:
   Non-Class:  7.44 MB
       Class:  10.28 MB
        Both:  17.72 MB

MaxMetaspaceSize: unlimited
CompressedClassSpaceSize: 1.00 GB
Initial GC threshold: 21.00 MB
Current GC threshold: 59.00 MB
CDS: off
MetaspaceReclaimPolicy: balanced
 - commit_granule_bytes: 65536.
 - commit_granule_words: 8192.
 - virtual_space_node_default_size: 8388608.
 - enlarge_chunks_in_place: 1.
 - new_chunks_are_fully_committed: 0.
 - uncommit_free_chunks: 1.
 - use_allocation_guard: 0.
 - handle_deallocations: 1.


Internal statistics:

num_allocs_failed_limit: 6.
num_arena_births: 164.
num_arena_deaths: 0.
num_vsnodes_births: 2.
num_vsnodes_deaths: 0.
num_space_committed: 729.
num_space_uncommitted: 0.
num_chunks_returned_to_freelist: 6.
num_chunks_taken_from_freelist: 1463.
num_chunk_merges: 6.
num_chunk_splits: 1246.
num_chunks_enlarged: 1146.
num_inconsistent_stats: 0.

CodeHeap 'non-profiled nmethods': size=120000Kb used=1227Kb max_used=1227Kb free=118772Kb
 bounds [0x0000027587ad0000, 0x0000027587d40000, 0x000002758f000000]
CodeHeap 'profiled nmethods': size=120000Kb used=6396Kb max_used=6396Kb free=113603Kb
 bounds [0x0000027580000000, 0x0000027580640000, 0x0000027587530000]
CodeHeap 'non-nmethods': size=5760Kb used=1254Kb max_used=1344Kb free=4506Kb
 bounds [0x0000027587530000, 0x00000275877a0000, 0x0000027587ad0000]
 total_blobs=3681 nmethods=3110 adapters=483
 compilation: enabled
              stopped_count=0, restarted_count=0
 full_count=0

Compilation events (20 events):
Event: 2.442 Thread 0x00000275fc2aea10 nmethod 3125 0x000002758063c510 code [0x000002758063c6a0, 0x000002758063c818]
Event: 2.442 Thread 0x00000275fc2aea10 3126       3       org.jetbrains.kotlin.metadata.jvm.JvmProtoBuf$StringTableTypes$Record::hasPredefinedIndex (16 bytes)
Event: 2.442 Thread 0x00000275fc2aea10 nmethod 3126 0x000002758063c890 code [0x000002758063ca20, 0x000002758063cb98]
Event: 2.442 Thread 0x00000275fc2aea10 3133       1       org.jetbrains.kotlin.metadata.ProtoBuf$Type$Argument$Projection::getNumber (5 bytes)
Event: 2.442 Thread 0x00000275fc2aea10 nmethod 3133 0x0000027587c01b10 code [0x0000027587c01ca0, 0x0000027587c01d78]
Event: 2.442 Thread 0x00000275fc2aea10 3127       3       org.jetbrains.kotlin.metadata.jvm.JvmProtoBuf$StringTableTypes$Record::getSubstringIndexCount (10 bytes)
Event: 2.442 Thread 0x00000275fc2aea10 nmethod 3127 0x000002758063cc10 code [0x000002758063cdc0, 0x000002758063cf88]
Event: 2.442 Thread 0x00000275fc2ad010 nmethod 3134 0x0000027587c01e10 code [0x0000027587c01f80, 0x0000027587c02018]
Event: 2.442 Thread 0x00000275fc2aea10 3128       3       org.jetbrains.kotlin.metadata.jvm.JvmProtoBuf$StringTableTypes$Record::getReplaceCharCount (10 bytes)
Event: 2.442 Thread 0x00000275fc2ad010 3117       4       org.jetbrains.kotlin.protobuf.ByteString::copyFrom (94 bytes)
Event: 2.442 Thread 0x00000275fc2aea10 nmethod 3128 0x000002758063d090 code [0x000002758063d240, 0x000002758063d408]
Event: 2.442 Thread 0x00000275fc2aea10 3135 %     3       org.jetbrains.kotlin.metadata.jvm.deserialization.UtfEncodingKt::stringsToBytes @ 97 (173 bytes)
Event: 2.443 Thread 0x00000275fc2ad010 nmethod 3117 0x0000027587c02110 code [0x0000027587c022a0, 0x0000027587c02358]
Event: 2.443 Thread 0x00000275fc2ad010 3120  s    4       org.jetbrains.kotlin.protobuf.ByteString$Output::toByteString (12 bytes)
Event: 2.443 Thread 0x00000275fc2aea10 nmethod 3135% 0x000002758063d510 code [0x000002758063d800, 0x000002758063e998]
Event: 2.443 Thread 0x00000275fc2aea10 3113       3       org.jetbrains.kotlin.serialization.deserialization.DeserializationContext::<init> (170 bytes)
Event: 2.444 Thread 0x00000275fc2ad010 nmethod 3120 0x0000027587c02490 code [0x0000027587c02620, 0x0000027587c02878]
Event: 2.444 Thread 0x00000275fc2ad010 2900       4       org.jetbrains.kotlin.protobuf.ByteString$Output::flushLastBuffer (96 bytes)
Event: 2.444 Thread 0x00000275fc2ad010 nmethod 2900 0x0000027587c02a10 code [0x0000027587c02b80, 0x0000027587c02c58]
Event: 2.444 Thread 0x00000275fc2ad010 2758       4       java.text.StringCharacterIterator::current (37 bytes)

GC Heap History (19 events):
Event: 0.437 GC heap before
{Heap before GC invocations=0 (full 0):
 garbage-first heap   total 129024K, used 27648K [0x0000000083000000, 0x0000000100000000)
  region size 1024K, 23 young (23552K), 0 survivors (0K)
 Metaspace       used 13345K, committed 13440K, reserved 1114112K
  class space    used 1289K, committed 1344K, reserved 1048576K
}
Event: 0.440 GC heap after
{Heap after GC invocations=1 (full 0):
 garbage-first heap   total 129024K, used 6826K [0x0000000083000000, 0x0000000100000000)
  region size 1024K, 3 young (3072K), 3 survivors (3072K)
 Metaspace       used 13345K, committed 13440K, reserved 1114112K
  class space    used 1289K, committed 1344K, reserved 1048576K
}
Event: 0.904 GC heap before
{Heap before GC invocations=1 (full 0):
 garbage-first heap   total 129024K, used 37546K [0x0000000083000000, 0x0000000100000000)
  region size 1024K, 34 young (34816K), 3 survivors (3072K)
 Metaspace       used 21330K, committed 21504K, reserved 1114112K
  class space    used 2322K, committed 2432K, reserved 1048576K
}
Event: 0.910 GC heap after
{Heap after GC invocations=2 (full 0):
 garbage-first heap   total 129024K, used 10362K [0x0000000083000000, 0x0000000100000000)
  region size 1024K, 4 young (4096K), 4 survivors (4096K)
 Metaspace       used 21330K, committed 21504K, reserved 1114112K
  class space    used 2322K, committed 2432K, reserved 1048576K
}
Event: 1.244 GC heap before
{Heap before GC invocations=3 (full 0):
 garbage-first heap   total 40960K, used 31866K [0x0000000083000000, 0x0000000100000000)
  region size 1024K, 26 young (26624K), 4 survivors (4096K)
 Metaspace       used 28641K, committed 28800K, reserved 1114112K
  class space    used 3548K, committed 3648K, reserved 1048576K
}
Event: 1.249 GC heap after
{Heap after GC invocations=4 (full 0):
 garbage-first heap   total 40960K, used 11714K [0x0000000083000000, 0x0000000100000000)
  region size 1024K, 2 young (2048K), 2 survivors (2048K)
 Metaspace       used 28641K, committed 28800K, reserved 1114112K
  class space    used 3548K, committed 3648K, reserved 1048576K
}
Event: 1.264 GC heap before
{Heap before GC invocations=4 (full 0):
 garbage-first heap   total 40960K, used 12738K [0x0000000083000000, 0x0000000100000000)
  region size 1024K, 3 young (3072K), 2 survivors (2048K)
 Metaspace       used 28769K, committed 29056K, reserved 1114112K
  class space    used 3548K, committed 3648K, reserved 1048576K
}
Event: 1.268 GC heap after
{Heap after GC invocations=5 (full 0):
 garbage-first heap   total 40960K, used 12300K [0x0000000083000000, 0x0000000100000000)
  region size 1024K, 1 young (1024K), 1 survivors (1024K)
 Metaspace       used 28769K, committed 29056K, reserved 1114112K
  class space    used 3548K, committed 3648K, reserved 1048576K
}
Event: 1.453 GC heap before
{Heap before GC invocations=5 (full 0):
 garbage-first heap   total 40960K, used 32780K [0x0000000083000000, 0x0000000100000000)
  region size 1024K, 19 young (19456K), 1 survivors (1024K)
 Metaspace       used 31207K, committed 31360K, reserved 1114112K
  class space    used 4036K, committed 4096K, reserved 1048576K
}
Event: 1.460 GC heap after
{Heap after GC invocations=6 (full 0):
 garbage-first heap   total 40960K, used 18010K [0x0000000083000000, 0x0000000100000000)
  region size 1024K, 3 young (3072K), 3 survivors (3072K)
 Metaspace       used 31207K, committed 31360K, reserved 1114112K
  class space    used 4036K, committed 4096K, reserved 1048576K
}
Event: 1.611 GC heap before
{Heap before GC invocations=6 (full 0):
 garbage-first heap   total 40960K, used 31322K [0x0000000083000000, 0x0000000100000000)
  region size 1024K, 16 young (16384K), 3 survivors (3072K)
 Metaspace       used 34351K, committed 34560K, reserved 1114112K
  class space    used 4380K, committed 4480K, reserved 1048576K
}
Event: 1.617 GC heap after
{Heap after GC invocations=7 (full 0):
 garbage-first heap   total 73728K, used 17429K [0x0000000083000000, 0x0000000100000000)
  region size 1024K, 2 young (2048K), 2 survivors (2048K)
 Metaspace       used 34351K, committed 34560K, reserved 1114112K
  class space    used 4380K, committed 4480K, reserved 1048576K
}
Event: 1.696 GC heap before
{Heap before GC invocations=7 (full 0):
 garbage-first heap   total 73728K, used 24597K [0x0000000083000000, 0x0000000100000000)
  region size 1024K, 10 young (10240K), 2 survivors (2048K)
 Metaspace       used 35765K, committed 35968K, reserved 1114112K
  class space    used 4534K, committed 4672K, reserved 1048576K
}
Event: 1.700 GC heap after
{Heap after GC invocations=8 (full 0):
 garbage-first heap   total 73728K, used 18211K [0x0000000083000000, 0x0000000100000000)
  region size 1024K, 3 young (3072K), 3 survivors (3072K)
 Metaspace       used 35765K, committed 35968K, reserved 1114112K
  class space    used 4534K, committed 4672K, reserved 1048576K
}
Event: 2.081 GC heap before
{Heap before GC invocations=9 (full 0):
 garbage-first heap   total 68608K, used 49955K [0x0000000083000000, 0x0000000100000000)
  region size 1024K, 34 young (34816K), 3 survivors (3072K)
 Metaspace       used 42738K, committed 43008K, reserved 1114112K
  class space    used 5250K, committed 5376K, reserved 1048576K
}
Event: 2.089 GC heap after
{Heap after GC invocations=10 (full 0):
 garbage-first heap   total 68608K, used 20774K [0x0000000083000000, 0x0000000100000000)
  region size 1024K, 5 young (5120K), 5 survivors (5120K)
 Metaspace       used 42738K, committed 43008K, reserved 1114112K
  class space    used 5250K, committed 5376K, reserved 1048576K
}
Event: 2.109 GC heap before
{Heap before GC invocations=10 (full 0):
 garbage-first heap   total 68608K, used 21798K [0x0000000083000000, 0x0000000100000000)
  region size 1024K, 6 young (6144K), 5 survivors (5120K)
 Metaspace       used 43033K, committed 43200K, reserved 1114112K
  class space    used 5289K, committed 5376K, reserved 1048576K
}
Event: 2.116 GC heap after
{Heap after GC invocations=11 (full 0):
 garbage-first heap   total 68608K, used 20346K [0x0000000083000000, 0x0000000100000000)
  region size 1024K, 1 young (1024K), 1 survivors (1024K)
 Metaspace       used 43033K, committed 43200K, reserved 1114112K
  class space    used 5289K, committed 5376K, reserved 1048576K
}
Event: 2.445 GC heap before
{Heap before GC invocations=11 (full 0):
 garbage-first heap   total 68608K, used 51066K [0x0000000083000000, 0x0000000100000000)
  region size 1024K, 28 young (28672K), 1 survivors (1024K)
 Metaspace       used 46527K, committed 46720K, reserved 1114112K
  class space    used 5702K, committed 5824K, reserved 1048576K
}

Dll operation events (2 events):
Event: 0.004 Loaded shared library E:\Android_Current_Version\install\jbr\bin\java.dll
Event: 1.089 Loaded shared library E:\Android_Current_Version\install\jbr\bin\verify.dll

Deoptimization events (20 events):
Event: 2.284 Thread 0x00000275ef48e560 DEOPT PACKING pc=0x0000027587bb0fb4 sp=0x000000e84a6fabe0
Event: 2.284 Thread 0x00000275ef48e560 DEOPT UNPACKING pc=0x00000275875869a3 sp=0x000000e84a6faac8 mode 2
Event: 2.284 Thread 0x00000275ef48e560 Uncommon trap: trap_request=0xffffffc6 fr.pc=0x0000027587bb0fb4 relative=0x00000000000005d4
Event: 2.284 Thread 0x00000275ef48e560 Uncommon trap: reason=bimorphic_or_optimized_type_check action=maybe_recompile pc=0x0000027587bb0fb4 method=org.jetbrains.kotlin.protobuf.CodedInputStream.tryRefillBuffer(I)Z @ 177 c2
Event: 2.284 Thread 0x00000275ef48e560 DEOPT PACKING pc=0x0000027587bb0fb4 sp=0x000000e84a6facd0
Event: 2.284 Thread 0x00000275ef48e560 DEOPT UNPACKING pc=0x00000275875869a3 sp=0x000000e84a6fabb8 mode 2
Event: 2.286 Thread 0x00000275ef48e560 Uncommon trap: trap_request=0xffffffc6 fr.pc=0x0000027587bb0fb4 relative=0x00000000000005d4
Event: 2.286 Thread 0x00000275ef48e560 Uncommon trap: reason=bimorphic_or_optimized_type_check action=maybe_recompile pc=0x0000027587bb0fb4 method=org.jetbrains.kotlin.protobuf.CodedInputStream.tryRefillBuffer(I)Z @ 177 c2
Event: 2.286 Thread 0x00000275ef48e560 DEOPT PACKING pc=0x0000027587bb0fb4 sp=0x000000e84a6facd0
Event: 2.286 Thread 0x00000275ef48e560 DEOPT UNPACKING pc=0x00000275875869a3 sp=0x000000e84a6fabb8 mode 2
Event: 2.288 Thread 0x00000275ef48e560 Uncommon trap: trap_request=0xffffffc6 fr.pc=0x0000027587bb1d28 relative=0x00000000000002c8
Event: 2.288 Thread 0x00000275ef48e560 Uncommon trap: reason=bimorphic_or_optimized_type_check action=maybe_recompile pc=0x0000027587bb1d28 method=org.jetbrains.kotlin.protobuf.CodedInputStream.tryRefillBuffer(I)Z @ 177 c2
Event: 2.288 Thread 0x00000275ef48e560 DEOPT PACKING pc=0x0000027587bb1d28 sp=0x000000e84a6fab90
Event: 2.288 Thread 0x00000275ef48e560 DEOPT UNPACKING pc=0x00000275875869a3 sp=0x000000e84a6faac8 mode 2
Event: 2.301 Thread 0x00000275ef48e560 DEOPT PACKING pc=0x0000027580484c65 sp=0x000000e84a6f9e00
Event: 2.301 Thread 0x00000275ef48e560 DEOPT UNPACKING pc=0x0000027587587143 sp=0x000000e84a6f9250 mode 0
Event: 2.336 Thread 0x00000275ef48e560 DEOPT PACKING pc=0x0000027580484c65 sp=0x000000e84a6f81a0
Event: 2.336 Thread 0x00000275ef48e560 DEOPT UNPACKING pc=0x0000027587587143 sp=0x000000e84a6f75f0 mode 0
Event: 2.426 Thread 0x00000275ef48e560 DEOPT PACKING pc=0x0000027580484c65 sp=0x000000e84a6fad90
Event: 2.426 Thread 0x00000275ef48e560 DEOPT UNPACKING pc=0x0000027587587143 sp=0x000000e84a6fa1e0 mode 0

Classes unloaded (0 events):
No events

Classes redefined (0 events):
No events

Internal exceptions (20 events):
Event: 0.939 Thread 0x00000275ef48e560 Exception <a 'java/lang/NoSuchMethodError'{0x00000000851a91a8}: 'java.lang.Object java.lang.invoke.DirectMethodHandle$Holder.invokeSpecial(java.lang.Object, java.lang.Object, java.lang.Object, java.lang.Object, long)'> (0x00000000851a91a8) 
thrown [s\src\hotspot\share\interpreter\linkResolver.cpp, line 771]
Event: 0.940 Thread 0x00000275ef48e560 Exception <a 'java/lang/NoSuchMethodError'{0x00000000851b8568}: 'int java.lang.invoke.DelegatingMethodHandle$Holder.reinvoke_L(java.lang.Object, java.lang.Object, java.lang.Object, long, java.lang.Object, java.lang.Object)'> (0x00000000851b8568) 
thrown [s\src\hotspot\share\interpreter\linkResolver.cpp, line 771]
Event: 0.941 Thread 0x00000275ef48e560 Exception <a 'java/lang/NoSuchMethodError'{0x00000000851c70f8}: 'int java.lang.invoke.DelegatingMethodHandle$Holder.reinvoke_L(java.lang.Object, java.lang.Object, java.lang.Object, long, int, int)'> (0x00000000851c70f8) 
thrown [s\src\hotspot\share\interpreter\linkResolver.cpp, line 771]
Event: 0.942 Thread 0x00000275ef48e560 Exception <a 'java/lang/NoSuchMethodError'{0x00000000851d5a30}: 'int java.lang.invoke.DelegatingMethodHandle$Holder.reinvoke_L(java.lang.Object, java.lang.Object, java.lang.Object, long, long, long)'> (0x00000000851d5a30) 
thrown [s\src\hotspot\share\interpreter\linkResolver.cpp, line 771]
Event: 0.944 Thread 0x00000275ef48e560 Exception <a 'java/lang/NoSuchMethodError'{0x00000000851e4170}: 'int java.lang.invoke.DelegatingMethodHandle$Holder.reinvoke_L(java.lang.Object, java.lang.Object, java.lang.Object, long, int)'> (0x00000000851e4170) 
thrown [s\src\hotspot\share\interpreter\linkResolver.cpp, line 771]
Event: 0.958 Thread 0x00000275ef48e560 Exception <a 'java/lang/NoSuchMethodError'{0x000000008508c5f0}: 'int java.lang.invoke.DirectMethodHandle$Holder.invokeStaticInit(java.lang.Object, java.lang.Object, java.lang.Object)'> (0x000000008508c5f0) 
thrown [s\src\hotspot\share\interpreter\linkResolver.cpp, line 771]
Event: 0.962 Thread 0x00000275ef48e560 Exception <a 'java/lang/NoSuchMethodError'{0x00000000850b5b68}: 'int java.lang.invoke.DirectMethodHandle$Holder.invokeStaticInit(java.lang.Object, java.lang.Object)'> (0x00000000850b5b68) 
thrown [s\src\hotspot\share\interpreter\linkResolver.cpp, line 771]
Event: 0.974 Thread 0x00000275ef48e560 Exception <a 'java/lang/NoSuchMethodError'{0x0000000084f94928}: 'void java.lang.invoke.DirectMethodHandle$Holder.invokeSpecial(java.lang.Object, java.lang.Object, java.lang.Object)'> (0x0000000084f94928) 
thrown [s\src\hotspot\share\interpreter\linkResolver.cpp, line 771]
Event: 1.018 Thread 0x00000275ef48e560 Exception <a 'java/lang/NoSuchMethodError'{0x0000000084cb88a8}: 'void java.lang.invoke.DirectMethodHandle$Holder.invokeStatic(java.lang.Object, java.lang.Object, java.lang.Object, java.lang.Object)'> (0x0000000084cb88a8) 
thrown [s\src\hotspot\share\interpreter\linkResolver.cpp, line 771]
Event: 1.062 Thread 0x00000275ef48e560 Exception <a 'java/lang/NoSuchMethodError'{0x0000000084877448}: 'void java.lang.invoke.DirectMethodHandle$Holder.invokeStaticInit(java.lang.Object, java.lang.Object)'> (0x0000000084877448) 
thrown [s\src\hotspot\share\interpreter\linkResolver.cpp, line 771]
Event: 1.128 Thread 0x00000275ef48e560 Exception <a 'java/lang/NoSuchMethodError'{0x00000000844ee980}: 'void java.lang.invoke.DirectMethodHandle$Holder.invokeVirtual(java.lang.Object, java.lang.Object)'> (0x00000000844ee980) 
thrown [s\src\hotspot\share\interpreter\linkResolver.cpp, line 771]
Event: 1.134 Thread 0x00000275ef48e560 Exception <a 'java/lang/NoSuchMethodError'{0x00000000843680f0}: 'int java.lang.invoke.DirectMethodHandle$Holder.invokeVirtual(java.lang.Object, java.lang.Object)'> (0x00000000843680f0) 
thrown [s\src\hotspot\share\interpreter\linkResolver.cpp, line 771]
Event: 1.145 Thread 0x00000275ef48e560 Exception <a 'java/lang/NoSuchMethodError'{0x00000000843ff540}: 'java.lang.Object java.lang.invoke.Invokers$Holder.invokeExact_MT(java.lang.Object, java.lang.Object, java.lang.Object, java.lang.Object, java.lang.Object, java.lang.Object)'> (0x00000000843ff540) 
thrown [s\src\hotspot\share\interpreter\linkResolver.cpp, line 771]
Event: 1.448 Thread 0x00000275ef48e560 Implicit null exception at 0x0000027587ae8872 to 0x0000027587ae8e8c
Event: 1.535 Thread 0x00000275ef48e560 Implicit null exception at 0x0000027587aea272 to 0x0000027587aea8ac
Event: 1.565 Thread 0x00000275ef48e560 Exception <a 'java/lang/NoSuchMethodError'{0x0000000084e1e008}: 'java.lang.Object java.lang.invoke.DirectMethodHandle$Holder.invokeVirtual(java.lang.Object, java.lang.Object, java.lang.Object)'> (0x0000000084e1e008) 
thrown [s\src\hotspot\share\interpreter\linkResolver.cpp, line 771]
Event: 2.099 Thread 0x00000275ef48e560 Exception <a 'java/lang/NoSuchMethodError'{0x000000008ad8afa8}: 'java.lang.Object java.lang.invoke.DirectMethodHandle$Holder.newInvokeSpecial(java.lang.Object, java.lang.Object, java.lang.Object, int)'> (0x000000008ad8afa8) 
thrown [s\src\hotspot\share\interpreter\linkResolver.cpp, line 771]
Event: 2.099 Thread 0x00000275ef48e560 Exception <a 'java/lang/NoSuchMethodError'{0x000000008ad8f898}: 'java.lang.Object java.lang.invoke.DirectMethodHandle$Holder.invokeSpecial(java.lang.Object, java.lang.Object, java.lang.Object, java.lang.Object, int)'> (0x000000008ad8f898) 
thrown [s\src\hotspot\share\interpreter\linkResolver.cpp, line 771]
Event: 2.099 Thread 0x00000275ef48e560 Exception <a 'java/lang/NoSuchMethodError'{0x000000008ad93948}: 'java.lang.Object java.lang.invoke.Invokers$Holder.linkToTargetMethod(java.lang.Object, java.lang.Object, int, java.lang.Object)'> (0x000000008ad93948) 
thrown [s\src\hotspot\share\interpreter\linkResolver.cpp, line 771]
Event: 2.241 Thread 0x00000275ef48e560 Exception <a 'java/lang/NoSuchMethodError'{0x0000000086a9b3d0}: 'java.lang.Object java.lang.invoke.DirectMethodHandle$Holder.newInvokeSpecial(java.lang.Object, java.lang.Object, int)'> (0x0000000086a9b3d0) 
thrown [s\src\hotspot\share\interpreter\linkResolver.cpp, line 771]

VM Operations (20 events):
Event: 1.717 Executing VM operation: G1Concurrent done
Event: 1.823 Executing VM operation: HandshakeAllThreads
Event: 1.823 Executing VM operation: HandshakeAllThreads done
Event: 2.077 Executing VM operation: HandshakeAllThreads
Event: 2.077 Executing VM operation: HandshakeAllThreads done
Event: 2.081 Executing VM operation: G1CollectForAllocation
Event: 2.089 Executing VM operation: G1CollectForAllocation done
Event: 2.097 Executing VM operation: HandshakeAllThreads
Event: 2.097 Executing VM operation: HandshakeAllThreads done
Event: 2.109 Executing VM operation: G1CollectForAllocation
Event: 2.116 Executing VM operation: G1CollectForAllocation done
Event: 2.147 Executing VM operation: HandshakeAllThreads
Event: 2.147 Executing VM operation: HandshakeAllThreads done
Event: 2.243 Executing VM operation: HandshakeAllThreads
Event: 2.243 Executing VM operation: HandshakeAllThreads done
Event: 2.278 Executing VM operation: HandshakeAllThreads
Event: 2.278 Executing VM operation: HandshakeAllThreads done
Event: 2.281 Executing VM operation: HandshakeAllThreads
Event: 2.281 Executing VM operation: HandshakeAllThreads done
Event: 2.445 Executing VM operation: G1CollectForAllocation

Events (20 events):
Event: 2.036 loading class java/util/AbstractMap$SimpleImmutableEntry
Event: 2.036 loading class java/util/AbstractMap$SimpleImmutableEntry done
Event: 2.062 loading class java/util/regex/Pattern$StartS
Event: 2.062 loading class java/util/regex/Pattern$StartS done
Event: 2.068 loading class java/util/ConcurrentModificationException
Event: 2.068 loading class java/util/ConcurrentModificationException done
Event: 2.077 loading class java/util/ArrayList$ListItr
Event: 2.077 loading class java/util/ArrayList$ListItr done
Event: 2.140 loading class java/io/InvalidObjectException
Event: 2.140 loading class java/io/InvalidObjectException done
Event: 2.146 loading class java/util/AbstractList$SubList$1
Event: 2.146 loading class java/util/AbstractList$SubList$1 done
Event: 2.147 loading class java/util/AbstractList$ListItr
Event: 2.147 loading class java/util/AbstractList$ListItr done
Event: 2.191 loading class java/text/StringCharacterIterator
Event: 2.191 loading class java/text/CharacterIterator
Event: 2.191 loading class java/text/CharacterIterator done
Event: 2.191 loading class java/text/StringCharacterIterator done
Event: 2.225 loading class java/lang/Override
Event: 2.225 loading class java/lang/Override done


Dynamic libraries:
0x00007ff697840000 - 0x00007ff69784a000 	E:\Android_Current_Version\install\jbr\bin\java.exe
0x00007ffc00710000 - 0x00007ffc00926000 	C:\WINDOWS\SYSTEM32\ntdll.dll
0x00007ffbff480000 - 0x00007ffbff544000 	C:\WINDOWS\System32\KERNEL32.DLL
0x00007ffbfdc00000 - 0x00007ffbfdfa6000 	C:\WINDOWS\System32\KERNELBASE.dll
0x00007ffbfe100000 - 0x00007ffbfe211000 	C:\WINDOWS\System32\ucrtbase.dll
0x00007ffbd7d40000 - 0x00007ffbd7d57000 	E:\Android_Current_Version\install\jbr\bin\jli.dll
0x00007ffbe2c60000 - 0x00007ffbe2c7b000 	E:\Android_Current_Version\install\jbr\bin\VCRUNTIME140.dll
0x00007ffc00520000 - 0x00007ffc006cd000 	C:\WINDOWS\System32\USER32.dll
0x00007ffbfe430000 - 0x00007ffbfe456000 	C:\WINDOWS\System32\win32u.dll
0x00007ffc000e0000 - 0x00007ffc00109000 	C:\WINDOWS\System32\GDI32.dll
0x00007ffbe3030000 - 0x00007ffbe32c3000 	C:\WINDOWS\WinSxS\amd64_microsoft.windows.common-controls_6595b64144ccf1df_6.0.22621.3235_none_270f74e173860f98\COMCTL32.dll
0x00007ffbfdfb0000 - 0x00007ffbfe0c8000 	C:\WINDOWS\System32\gdi32full.dll
0x00007ffbffa90000 - 0x00007ffbffb37000 	C:\WINDOWS\System32\msvcrt.dll
0x00007ffbfe220000 - 0x00007ffbfe2ba000 	C:\WINDOWS\System32\msvcp_win.dll
0x00007ffc00110000 - 0x00007ffc00141000 	C:\WINDOWS\System32\IMM32.DLL
0x00007ffbf8be0000 - 0x00007ffbf8bec000 	E:\Android_Current_Version\install\jbr\bin\vcruntime140_1.dll
0x00007ffbb45c0000 - 0x00007ffbb464d000 	E:\Android_Current_Version\install\jbr\bin\msvcp140.dll
0x00007ffb9f140000 - 0x00007ffb9fdc0000 	E:\Android_Current_Version\install\jbr\bin\server\jvm.dll
0x00007ffbff9d0000 - 0x00007ffbffa82000 	C:\WINDOWS\System32\ADVAPI32.dll
0x00007ffbfe770000 - 0x00007ffbfe818000 	C:\WINDOWS\System32\sechost.dll
0x00007ffbfe0d0000 - 0x00007ffbfe0f8000 	C:\WINDOWS\System32\bcrypt.dll
0x00007ffbfe8e0000 - 0x00007ffbfe9f5000 	C:\WINDOWS\System32\RPCRT4.dll
0x00007ffbd4560000 - 0x00007ffbd4569000 	C:\WINDOWS\SYSTEM32\WSOCK32.dll
0x00007ffbf37d0000 - 0x00007ffbf37da000 	C:\WINDOWS\SYSTEM32\VERSION.dll
0x00007ffbff280000 - 0x00007ffbff2f1000 	C:\WINDOWS\System32\WS2_32.dll
0x00007ffbf5b50000 - 0x00007ffbf5b84000 	C:\WINDOWS\SYSTEM32\WINMM.dll
0x00007ffbfca90000 - 0x00007ffbfcaa8000 	C:\WINDOWS\SYSTEM32\kernel.appcore.dll
0x00007ffbf5f00000 - 0x00007ffbf5f0a000 	E:\Android_Current_Version\install\jbr\bin\jimage.dll
0x00007ffbfb390000 - 0x00007ffbfb5c3000 	C:\WINDOWS\SYSTEM32\DBGHELP.DLL
0x00007ffbffb40000 - 0x00007ffbffec8000 	C:\WINDOWS\System32\combase.dll
0x00007ffc003e0000 - 0x00007ffc004b7000 	C:\WINDOWS\System32\OLEAUT32.dll
0x00007ffbdb130000 - 0x00007ffbdb162000 	C:\WINDOWS\SYSTEM32\dbgcore.DLL
0x00007ffbfdb80000 - 0x00007ffbfdbfa000 	C:\WINDOWS\System32\bcryptPrimitives.dll
0x00007ffbcc460000 - 0x00007ffbcc485000 	E:\Android_Current_Version\install\jbr\bin\java.dll
0x00007ffbe03d0000 - 0x00007ffbe03e8000 	E:\Android_Current_Version\install\jbr\bin\zip.dll
0x00007ffbfea00000 - 0x00007ffbff25d000 	C:\WINDOWS\System32\SHELL32.dll
0x00007ffbfb9b0000 - 0x00007ffbfc2a8000 	C:\WINDOWS\SYSTEM32\windows.storage.dll
0x00007ffbfb870000 - 0x00007ffbfb9ae000 	C:\WINDOWS\SYSTEM32\wintypes.dll
0x00007ffc002b0000 - 0x00007ffc003a3000 	C:\WINDOWS\System32\SHCORE.dll
0x00007ffbfe4e0000 - 0x00007ffbfe53e000 	C:\WINDOWS\System32\shlwapi.dll
0x00007ffbfd980000 - 0x00007ffbfd9a6000 	C:\WINDOWS\SYSTEM32\profapi.dll
0x00007ffbe01b0000 - 0x00007ffbe01c9000 	E:\Android_Current_Version\install\jbr\bin\net.dll
0x00007ffbf6a00000 - 0x00007ffbf6b37000 	C:\WINDOWS\SYSTEM32\WINHTTP.dll
0x00007ffbfcf10000 - 0x00007ffbfcf79000 	C:\WINDOWS\system32\mswsock.dll
0x00007ffbdc010000 - 0x00007ffbdc026000 	E:\Android_Current_Version\install\jbr\bin\nio.dll
0x00007ffbe4000000 - 0x00007ffbe4010000 	E:\Android_Current_Version\install\jbr\bin\verify.dll

dbghelp: loaded successfully - version: 4.0.5 - missing functions: none
symbol engine: initialized successfully - sym options: 0x614 - pdb path: .;E:\Android_Current_Version\install\jbr\bin;C:\WINDOWS\SYSTEM32;C:\WINDOWS\WinSxS\amd64_microsoft.windows.common-controls_6595b64144ccf1df_6.0.22621.3235_none_270f74e173860f98;E:\Android_Current_Version\install\jbr\bin\server

VM Arguments:
java_command: org.jetbrains.kotlin.cli.jvm.K2JVMCompiler @E:\MAD_Project\app\build\20240319_8621329122518919309.compiler.options
java_class_path (initial): E:\Android_Gradle\caches\modules-2\files-2.1\org.jetbrains.kotlin\kotlin-compiler-embeddable\1.9.10\57ca1b0823ae3ecb451a97e1f8e6de0b19ea5294\kotlin-compiler-embeddable-1.9.10.jar;E:\Android_Gradle\caches\modules-2\files-2.1\org.jetbrains.kotlin\kotlin-stdlib\1.9.10\72812e8a368917ab5c0a5081b56915ffdfec93b7\kotlin-stdlib-1.9.10.jar;E:\Android_Gradle\caches\modules-2\files-2.1\org.jetbrains.kotlin\kotlin-script-runtime\1.9.10\398513a8534701579cccaf5953ea914416b4696c\kotlin-script-runtime-1.9.10.jar;E:\Android_Gradle\caches\modules-2\files-2.1\org.jetbrains.kotlin\kotlin-reflect\1.6.10\1cbe9c92c12a94eea200d23c2bbaedaf3daf5132\kotlin-reflect-1.6.10.jar;E:\Android_Gradle\caches\modules-2\files-2.1\org.jetbrains.kotlin\kotlin-daemon-embeddable\1.9.10\bda2f7daa6b89d2ded2d9e1e0b0cadaf9446ade1\kotlin-daemon-embeddable-1.9.10.jar;E:\Android_Gradle\caches\modules-2\files-2.1\org.jetbrains.intellij.deps\trove4j\1.0.20200330\3afb14d5f9ceb459d724e907a21145e8ff394f02\trove4j-1.0.20200330.jar;E:\Android_Gradle\caches\modules-2\files-2.1\org.jetbrains.kotlin\kotlin-stdlib-common\1.9.10\dafaf2c27f27c09220cee312df10917d9a5d97ce\kotlin-stdlib-common-1.9.10.jar;E:\Android_Gradle\caches\modules-2\files-2.1\org.jetbrains\annotations\13.0\919f0dfe192fb4e063e7dacadee7f8bb9a2672a9\annotations-13.0.jar
Launcher Type: SUN_STANDARD

[Global flags]
     intx CICompilerCount                          = 4                                         {product} {ergonomic}
     uint ConcGCThreads                            = 2                                         {product} {ergonomic}
     uint G1ConcRefinementThreads                  = 8                                         {product} {ergonomic}
   size_t G1HeapRegionSize                         = 1048576                                   {product} {ergonomic}
    uintx GCDrainStackTargetSize                   = 64                                        {product} {ergonomic}
   size_t InitialHeapSize                          = 132120576                                 {product} {ergonomic}
   size_t MarkStackSize                            = 4194304                                   {product} {ergonomic}
   size_t MaxHeapSize                              = 2097152000                                {product} {ergonomic}
   size_t MaxNewSize                               = 1258291200                                {product} {ergonomic}
   size_t MinHeapDeltaBytes                        = 1048576                                   {product} {ergonomic}
   size_t MinHeapSize                              = 8388608                                   {product} {ergonomic}
    uintx NonNMethodCodeHeapSize                   = 5839372                                {pd product} {ergonomic}
    uintx NonProfiledCodeHeapSize                  = 122909434                              {pd product} {ergonomic}
    uintx ProfiledCodeHeapSize                     = 122909434                              {pd product} {ergonomic}
    uintx ReservedCodeCacheSize                    = 251658240                              {pd product} {ergonomic}
     bool SegmentedCodeCache                       = true                                      {product} {ergonomic}
   size_t SoftMaxHeapSize                          = 2097152000                             {manageable} {ergonomic}
     bool UseCompressedClassPointers               = true                           {product lp64_product} {ergonomic}
     bool UseCompressedOops                        = true                           {product lp64_product} {ergonomic}
     bool UseG1GC                                  = true                                      {product} {ergonomic}
     bool UseLargePagesIndividualAllocation        = false                                  {pd product} {ergonomic}

Logging:
Log output configuration:
 #0: stdout all=warning uptime,level,tags
 #1: stderr all=off uptime,level,tags

Environment Variables:
JAVA_HOME=C:\Program Files\Java\jdk-21
PATH=C:\Program Files\Common Files\Oracle\Java\javapath;F:\Oracle_Databasr_19c\WINDOWS.X64_193000_db_home\bin;C:\WINDOWS\system32;C:\WINDOWS;C:\WINDOWS\System32\Wbem;C:\WINDOWS\System32\WindowsPowerShell\v1.0\;C:\WINDOWS\System32\OpenSSH\;C:\Program Files\Git\cmd;C:\Program Files (x86)\Microsoft SQL Server\160\Tools\Binn\;C:\Program Files\Microsoft SQL Server\160\Tools\Binn\;C:\Program Files\Microsoft SQL Server\Client SDK\ODBC\170\Tools\Binn\;C:\Program Files\Microsoft SQL Server\160\DTS\Binn\;C:\Program Files (x86)\Microsoft SQL Server\160\DTS\Binn\;C:\Program Files\Azure Data Studio\bin;C:\Program Files\dotnet\;C:\Program Files\Microsoft SQL Server\150\Tools\Binn\;E:\Node.js\Installed-20\;C:\Program Files\Java\jdk-21\bin;C:\Program Files\MySQL\MySQL Shell 8.0\bin\;C:\Users\HP\AppData\Local\Microsoft\WindowsApps;C:\Program Files\Azure Data Studio\bin;C:\Users\HP\.dotnet\tools;C:\Users\HP\AppData\Roaming\npm;C:\Users\HP\AppData\Local\Programs\Microsoft VS Code\bin;E:\Intellij_New\IntelliJ IDEA 2023.3.5\bin;;E:\Intellij\IntelliJ IDEA Community Edition 2023.3\bin;;C:\Users\HP\AppData\Local\GitHubDesktop\bin
USERNAME=HP
OS=Windows_NT
PROCESSOR_IDENTIFIER=Intel64 Family 6 Model 142 Stepping 12, GenuineIntel
TMP=C:\Users\HP\AppData\Local\Temp
TEMP=C:\Users\HP\AppData\Local\Temp


JNI global refs:
JNI global refs: 10, weak refs: 11

JNI global refs memory usage: 843, weak refs: 841

OOME stack traces (most recent first):
Classloader memory used:
Loader jdk.internal.loader.ClassLoaders$AppClassLoader                                 : 4552K
Loader bootstrap                                                                       : 1258K
Loader jdk.internal.reflect.DelegatingClassLoader                                      : 5635B


---------------  S Y S T E M  ---------------

OS:
 Windows 11 , 64 bit Build 22621 (10.0.22621.3235)
OS uptime: 2 days 21:05 hours

CPU: total 8 (initial active 8) (4 cores per cpu, 2 threads per core) family 6 model 142 stepping 12 microcode 0xde, cx8, cmov, fxsr, ht, mmx, 3dnowpref, sse, sse2, sse3, ssse3, sse4.1, sse4.2, popcnt, lzcnt, tsc, tscinvbit, avx, avx2, aes, erms, clmul, bmi1, bmi2, adx, fma, vzeroupper, clflush, clflushopt

Memory: 4k page, system-wide physical 7995M (509M free)
TotalPageFile size 16187M (AvailPageFile size 46M)
current process WorkingSet (physical memory assigned to process): 214M, peak: 221M
current process commit charge ("private bytes"): 250M, peak: 310M

vm_info: OpenJDK 64-Bit Server VM (17.0.7+0-b2043.56-10550314) for windows-amd64 JRE (17.0.7+0-b2043.56-10550314), built on Jul 24 2023 18:27:45 by "androidbuild" with MS VC++ 16.10 / 16.11 (VS2019)

END.
