#
# There is insufficient memory for the Java Runtime Environment to continue.
# Native memory allocation (malloc) failed to allocate 898496 bytes for Chunk::new
# Possible reasons:
#   The system is out of physical RAM or swap space
#   The process is running with CompressedOops enabled, and the Java Heap may be blocking the growth of the native heap
# Possible solutions:
#   Reduce memory load on the system
#   Increase physical memory or swap space
#   Check if swap backing store is full
#   Decrease Java heap size (-Xmx/-Xms)
#   Decrease number of Java threads
#   Decrease Java thread stack sizes (-Xss)
#   Set larger code cache with -XX:ReservedCodeCacheSize=
#   JVM is running with Unscaled Compressed Oops mode in which the Java heap is
#     placed in the first 4GB address space. The Java Heap base address is the
#     maximum limit for the native heap growth. Please use -XX:HeapBaseMinAddress
#     to set the Java Heap base and to place the Java Heap above 4GB virtual address.
# This output file may be truncated or incomplete.
#
#  Out of Memory Error (arena.cpp:189), pid=14904, tid=16336
#
# JRE version: OpenJDK Runtime Environment (17.0.7) (build 17.0.7+0-b2043.56-10550314)
# Java VM: OpenJDK 64-Bit Server VM (17.0.7+0-b2043.56-10550314, mixed mode, tiered, compressed oops, compressed class ptrs, g1 gc, windows-amd64)
# No core dump will be written. Minidumps are not enabled by default on client versions of Windows
#

---------------  S U M M A R Y ------------

Command Line: org.jetbrains.kotlin.cli.jvm.K2JVMCompiler @E:\MAD_Project\app\build\20240319_1545440513220867855.compiler.options

Host: Intel(R) Core(TM) i5-10210U CPU @ 1.60GHz, 8 cores, 7G,  Windows 11 , 64 bit Build 22621 (10.0.22621.3235)
Time: Tue Mar 19 21:24:57 2024 Sri Lanka Standard Time elapsed time: 4.845092 seconds (0d 0h 0m 4s)

---------------  T H R E A D  ---------------

Current thread (0x000001c94eada250):  JavaThread "C2 CompilerThread0" daemon [_thread_in_native, id=16336, stack(0x0000003fd2500000,0x0000003fd2600000)]


Current CompileTask:
C2:   4845 6865       4       java.lang.ClassLoader::loadClass (7 bytes)

Stack: [0x0000003fd2500000,0x0000003fd2600000]
Native frames: (J=compiled Java code, j=interpreted, Vv=VM code, C=native code)
V  [jvm.dll+0x683bfa]
V  [jvm.dll+0x8430a4]
V  [jvm.dll+0x8449be]
V  [jvm.dll+0x845023]
V  [jvm.dll+0x24ad2f]
V  [jvm.dll+0xac25c]
V  [jvm.dll+0xac82c]
V  [jvm.dll+0x2b218f]
V  [jvm.dll+0x58c2f7]
V  [jvm.dll+0x225a12]
V  [jvm.dll+0x225def]
V  [jvm.dll+0x21f0b5]
V  [jvm.dll+0x21c56b]
V  [jvm.dll+0x1a605d]
V  [jvm.dll+0x22c148]
V  [jvm.dll+0x22a209]
V  [jvm.dll+0x7f858c]
V  [jvm.dll+0x7f2aea]
V  [jvm.dll+0x682a35]
C  [ucrtbase.dll+0x29363]
C  [KERNEL32.DLL+0x1257d]
C  [ntdll.dll+0x5aa58]


---------------  P R O C E S S  ---------------

Threads class SMR info:
_java_thread_list=0x000001c94edfbd20, length=13, elements={
0x000001c934cb0f40, 0x000001c94e9534c0, 0x000001c94e954330, 0x000001c94e97de80,
0x000001c94e97ea30, 0x000001c94ead85b0, 0x000001c94ead8f60, 0x000001c94eada250,
0x000001c94eadacf0, 0x000001c94eaf0430, 0x000001c94eb975b0, 0x000001c94ec4e790,
0x000001c95317dc30
}

Java Threads: ( => current thread )
  0x000001c934cb0f40 JavaThread "main" [_thread_in_vm, id=11124, stack(0x0000003fd1800000,0x0000003fd1900000)]
  0x000001c94e9534c0 JavaThread "Reference Handler" daemon [_thread_blocked, id=2544, stack(0x0000003fd1f00000,0x0000003fd2000000)]
  0x000001c94e954330 JavaThread "Finalizer" daemon [_thread_blocked, id=20128, stack(0x0000003fd2000000,0x0000003fd2100000)]
  0x000001c94e97de80 JavaThread "Signal Dispatcher" daemon [_thread_blocked, id=1080, stack(0x0000003fd2100000,0x0000003fd2200000)]
  0x000001c94e97ea30 JavaThread "Attach Listener" daemon [_thread_blocked, id=632, stack(0x0000003fd2200000,0x0000003fd2300000)]
  0x000001c94ead85b0 JavaThread "Service Thread" daemon [_thread_blocked, id=11800, stack(0x0000003fd2300000,0x0000003fd2400000)]
  0x000001c94ead8f60 JavaThread "Monitor Deflation Thread" daemon [_thread_blocked, id=11312, stack(0x0000003fd2400000,0x0000003fd2500000)]
=>0x000001c94eada250 JavaThread "C2 CompilerThread0" daemon [_thread_in_native, id=16336, stack(0x0000003fd2500000,0x0000003fd2600000)]
  0x000001c94eadacf0 JavaThread "C1 CompilerThread0" daemon [_thread_blocked, id=11672, stack(0x0000003fd2600000,0x0000003fd2700000)]
  0x000001c94eaf0430 JavaThread "Sweeper thread" daemon [_thread_blocked, id=14424, stack(0x0000003fd2700000,0x0000003fd2800000)]
  0x000001c94eb975b0 JavaThread "Notification Thread" daemon [_thread_blocked, id=11456, stack(0x0000003fd2800000,0x0000003fd2900000)]
  0x000001c94ec4e790 JavaThread "Common-Cleaner" daemon [_thread_blocked, id=19452, stack(0x0000003fd2a00000,0x0000003fd2b00000)]
  0x000001c95317dc30 JavaThread "C2 CompilerThread1" daemon [_thread_in_native, id=14492, stack(0x0000003fd2f00000,0x0000003fd3000000)]

Other Threads:
  0x000001c94e94f990 VMThread "VM Thread" [stack: 0x0000003fd1e00000,0x0000003fd1f00000] [id=16516]
  0x000001c94eb988f0 WatcherThread [stack: 0x0000003fd2900000,0x0000003fd2a00000] [id=11588]
  0x000001c934d095f0 GCTaskThread "GC Thread#0" [stack: 0x0000003fd1900000,0x0000003fd1a00000] [id=3820]
  0x000001c953377020 GCTaskThread "GC Thread#1" [stack: 0x0000003fd2b00000,0x0000003fd2c00000] [id=4580]
  0x000001c9533772d0 GCTaskThread "GC Thread#2" [stack: 0x0000003fd2c00000,0x0000003fd2d00000] [id=10808]
  0x000001c953396900 GCTaskThread "GC Thread#3" [stack: 0x0000003fd2d00000,0x0000003fd2e00000] [id=12732]
  0x000001c953396bb0 GCTaskThread "GC Thread#4" [stack: 0x0000003fd2e00000,0x0000003fd2f00000] [id=15076]
  0x000001c953aeee50 GCTaskThread "GC Thread#5" [stack: 0x0000003fd3000000,0x0000003fd3100000] [id=19996]
  0x000001c9535cb6e0 GCTaskThread "GC Thread#6" [stack: 0x0000003fd3100000,0x0000003fd3200000] [id=1752]
  0x000001c9535c9eb0 GCTaskThread "GC Thread#7" [stack: 0x0000003fd3200000,0x0000003fd3300000] [id=5336]
  0x000001c934d19f30 ConcurrentGCThread "G1 Main Marker" [stack: 0x0000003fd1a00000,0x0000003fd1b00000] [id=2456]
  0x000001c934d1a940 ConcurrentGCThread "G1 Conc#0" [stack: 0x0000003fd1b00000,0x0000003fd1c00000] [id=4576]
  0x000001c9535cb990 ConcurrentGCThread "G1 Conc#1" [stack: 0x0000003fd3300000,0x0000003fd3400000] [id=9620]
  0x000001c934d6ecf0 ConcurrentGCThread "G1 Refine#0" [stack: 0x0000003fd1c00000,0x0000003fd1d00000] [id=18916]
  0x000001c95466e420 ConcurrentGCThread "G1 Refine#1" [stack: 0x0000003fd3400000,0x0000003fd3500000] [id=18008]
  0x000001c95466c1a0 ConcurrentGCThread "G1 Refine#2" [stack: 0x0000003fd3500000,0x0000003fd3600000] [id=16784]
  0x000001c95466c480 ConcurrentGCThread "G1 Refine#3" [stack: 0x0000003fd3600000,0x0000003fd3700000] [id=13000]
  0x000001c95466cd20 ConcurrentGCThread "G1 Refine#4" [stack: 0x0000003fd3700000,0x0000003fd3800000] [id=19748]
  0x000001c95466d5c0 ConcurrentGCThread "G1 Refine#5" [stack: 0x0000003fd3800000,0x0000003fd3900000] [id=16968]
  0x000001c94e7b8830 ConcurrentGCThread "G1 Service" [stack: 0x0000003fd1d00000,0x0000003fd1e00000] [id=13992]

Threads with active compile tasks:
C2 CompilerThread0     4932 6865       4       java.lang.ClassLoader::loadClass (7 bytes)
C2 CompilerThread1     4932 6866       4       jdk.internal.loader.ClassLoaders$AppClassLoader::loadClass (40 bytes)

VM state: not at safepoint (normal execution)

VM Mutex/Monitor currently owned by a thread:  ([mutex/lock_event])
[0x000001c934caaf40] Metaspace_lock - owner thread: 0x000001c934cb0f40

Heap address: 0x0000000083000000, size: 2000 MB, Compressed Oops mode: 32-bit

CDS archive(s) not mapped
Compressed class space mapped at: 0x0000000100000000-0x0000000140000000, reserved size: 1073741824
Narrow klass base: 0x0000000000000000, Narrow klass shift: 3, Narrow klass range: 0x140000000

GC Precious Log:
 CPUs: 8 total, 8 available
 Memory: 7995M
 Large Page Support: Disabled
 NUMA Support: Disabled
 Compressed Oops: Enabled (32-bit)
 Heap Region Size: 1M
 Heap Min Capacity: 8M
 Heap Initial Capacity: 126M
 Heap Max Capacity: 2000M
 Pre-touch: Disabled
 Parallel Workers: 8
 Concurrent Workers: 2
 Concurrent Refinement Workers: 8
 Periodic GC: Disabled

Heap:
 garbage-first heap   total 164864K, used 55385K [0x0000000083000000, 0x0000000100000000)
  region size 1024K, 7 young (7168K), 1 survivors (1024K)
 Metaspace       used 68187K, committed 68416K, reserved 1114112K
  class space    used 7868K, committed 7936K, reserved 1048576K

Heap Regions: E=young(eden), S=young(survivor), O=old, HS=humongous(starts), HC=humongous(continues), CS=collection set, F=free, OA=open archive, CA=closed archive, TAMS=top-at-mark-start (previous, next)
|   0|0x0000000083000000, 0x0000000083100000, 0x0000000083100000|100%|HS|  |TAMS 0x0000000083100000, 0x0000000083000000| Complete 
|   1|0x0000000083100000, 0x0000000083200000, 0x0000000083200000|100%|HC|  |TAMS 0x0000000083200000, 0x0000000083100000| Complete 
|   2|0x0000000083200000, 0x0000000083300000, 0x0000000083300000|100%|HC|  |TAMS 0x0000000083300000, 0x0000000083200000| Complete 
|   3|0x0000000083300000, 0x0000000083400000, 0x0000000083400000|100%|HC|  |TAMS 0x0000000083400000, 0x0000000083300000| Complete 
|   4|0x0000000083400000, 0x0000000083500000, 0x0000000083500000|100%| O|  |TAMS 0x0000000083500000, 0x0000000083400000| Untracked 
|   5|0x0000000083500000, 0x0000000083600000, 0x0000000083600000|100%| O|  |TAMS 0x0000000083600000, 0x0000000083500000| Untracked 
|   6|0x0000000083600000, 0x0000000083700000, 0x0000000083700000|100%| O|  |TAMS 0x0000000083700000, 0x0000000083600000| Untracked 
|   7|0x0000000083700000, 0x0000000083800000, 0x0000000083800000|100%| O|  |TAMS 0x0000000083800000, 0x0000000083700000| Untracked 
|   8|0x0000000083800000, 0x0000000083800000, 0x0000000083900000|  0%| F|  |TAMS 0x0000000083800000, 0x0000000083800000| Untracked 
|   9|0x0000000083900000, 0x0000000083a00000, 0x0000000083a00000|100%| O|  |TAMS 0x0000000083a00000, 0x0000000083900000| Untracked 
|  10|0x0000000083a00000, 0x0000000083b00000, 0x0000000083b00000|100%| O|  |TAMS 0x0000000083b00000, 0x0000000083a00000| Untracked 
|  11|0x0000000083b00000, 0x0000000083c00000, 0x0000000083c00000|100%| O|  |TAMS 0x0000000083c00000, 0x0000000083b00000| Untracked 
|  12|0x0000000083c00000, 0x0000000083d00000, 0x0000000083d00000|100%| O|  |TAMS 0x0000000083d00000, 0x0000000083c00000| Untracked 
|  13|0x0000000083d00000, 0x0000000083e00000, 0x0000000083e00000|100%| O|  |TAMS 0x0000000083e00000, 0x0000000083d00000| Untracked 
|  14|0x0000000083e00000, 0x0000000083f00000, 0x0000000083f00000|100%| O|  |TAMS 0x0000000083f00000, 0x0000000083e00000| Untracked 
|  15|0x0000000083f00000, 0x0000000084000000, 0x0000000084000000|100%| O|  |TAMS 0x0000000084000000, 0x0000000083f00000| Untracked 
|  16|0x0000000084000000, 0x0000000084100000, 0x0000000084100000|100%| O|  |TAMS 0x0000000084100000, 0x0000000084000000| Untracked 
|  17|0x0000000084100000, 0x00000000841ace00, 0x0000000084200000| 67%| O|  |TAMS 0x00000000841ace00, 0x0000000084100000| Untracked 
|  18|0x0000000084200000, 0x0000000084300000, 0x0000000084300000|100%| O|  |TAMS 0x0000000084300000, 0x0000000084200000| Untracked 
|  19|0x0000000084300000, 0x0000000084400000, 0x0000000084400000|100%| O|  |TAMS 0x0000000084400000, 0x0000000084300000| Untracked 
|  20|0x0000000084400000, 0x0000000084500000, 0x0000000084500000|100%| O|  |TAMS 0x0000000084500000, 0x0000000084400000| Untracked 
|  21|0x0000000084500000, 0x0000000084600000, 0x0000000084600000|100%|HS|  |TAMS 0x0000000084600000, 0x0000000084500000| Complete 
|  22|0x0000000084600000, 0x0000000084700000, 0x0000000084700000|100%|HC|  |TAMS 0x0000000084700000, 0x0000000084600000| Complete 
|  23|0x0000000084700000, 0x0000000084800000, 0x0000000084800000|100%| O|  |TAMS 0x0000000084700000, 0x0000000084700000| Untracked 
|  24|0x0000000084800000, 0x0000000084900000, 0x0000000084900000|100%| O|  |TAMS 0x0000000084800000, 0x0000000084800000| Untracked 
|  25|0x0000000084900000, 0x0000000084a00000, 0x0000000084a00000|100%| O|  |TAMS 0x0000000084a00000, 0x0000000084900000| Untracked 
|  26|0x0000000084a00000, 0x0000000084b00000, 0x0000000084b00000|100%| O|  |TAMS 0x0000000084b00000, 0x0000000084a00000| Untracked 
|  27|0x0000000084b00000, 0x0000000084c00000, 0x0000000084c00000|100%| O|  |TAMS 0x0000000084c00000, 0x0000000084b00000| Untracked 
|  28|0x0000000084c00000, 0x0000000084d00000, 0x0000000084d00000|100%| O|  |TAMS 0x0000000084d00000, 0x0000000084c00000| Untracked 
|  29|0x0000000084d00000, 0x0000000084e00000, 0x0000000084e00000|100%| O|  |TAMS 0x0000000084e00000, 0x0000000084d00000| Untracked 
|  30|0x0000000084e00000, 0x0000000084f00000, 0x0000000084f00000|100%| O|  |TAMS 0x0000000084f00000, 0x0000000084e00000| Untracked 
|  31|0x0000000084f00000, 0x0000000085000000, 0x0000000085000000|100%| O|  |TAMS 0x0000000085000000, 0x0000000084f00000| Untracked 
|  32|0x0000000085000000, 0x0000000085100000, 0x0000000085100000|100%| O|  |TAMS 0x0000000085100000, 0x0000000085000000| Untracked 
|  33|0x0000000085100000, 0x0000000085200000, 0x0000000085200000|100%| O|  |TAMS 0x0000000085200000, 0x0000000085100000| Untracked 
|  34|0x0000000085200000, 0x0000000085300000, 0x0000000085300000|100%| O|  |TAMS 0x0000000085300000, 0x0000000085200000| Untracked 
|  35|0x0000000085300000, 0x0000000085400000, 0x0000000085400000|100%| O|  |TAMS 0x0000000085400000, 0x0000000085300000| Untracked 
|  36|0x0000000085400000, 0x0000000085500000, 0x0000000085500000|100%| O|  |TAMS 0x0000000085500000, 0x0000000085400000| Untracked 
|  37|0x0000000085500000, 0x0000000085600000, 0x0000000085600000|100%| O|  |TAMS 0x0000000085600000, 0x0000000085500000| Untracked 
|  38|0x0000000085600000, 0x0000000085700000, 0x0000000085700000|100%| O|  |TAMS 0x00000000856ad200, 0x0000000085600000| Untracked 
|  39|0x0000000085700000, 0x0000000085800000, 0x0000000085800000|100%| O|  |TAMS 0x0000000085700000, 0x0000000085700000| Untracked 
|  40|0x0000000085800000, 0x0000000085900000, 0x0000000085900000|100%| O|  |TAMS 0x0000000085800000, 0x0000000085800000| Untracked 
|  41|0x0000000085900000, 0x0000000085a00000, 0x0000000085a00000|100%| O|  |TAMS 0x0000000085900000, 0x0000000085900000| Untracked 
|  42|0x0000000085a00000, 0x0000000085b00000, 0x0000000085b00000|100%| O|  |TAMS 0x0000000085a00000, 0x0000000085a00000| Untracked 
|  43|0x0000000085b00000, 0x0000000085c00000, 0x0000000085c00000|100%| O|  |TAMS 0x0000000085b00000, 0x0000000085b00000| Untracked 
|  44|0x0000000085c00000, 0x0000000085d00000, 0x0000000085d00000|100%| O|  |TAMS 0x0000000085c00000, 0x0000000085c00000| Untracked 
|  45|0x0000000085d00000, 0x0000000085e00000, 0x0000000085e00000|100%| O|  |TAMS 0x0000000085d00000, 0x0000000085d00000| Untracked 
|  46|0x0000000085e00000, 0x0000000085f00000, 0x0000000085f00000|100%| O|  |TAMS 0x0000000085e00000, 0x0000000085e00000| Untracked 
|  47|0x0000000085f00000, 0x0000000086000000, 0x0000000086000000|100%| O|  |TAMS 0x0000000085f00000, 0x0000000085f00000| Untracked 
|  48|0x0000000086000000, 0x0000000086100000, 0x0000000086100000|100%| O|  |TAMS 0x0000000086000000, 0x0000000086000000| Untracked 
|  49|0x0000000086100000, 0x00000000861a7c00, 0x0000000086200000| 65%| O|  |TAMS 0x0000000086100000, 0x0000000086100000| Untracked 
|  50|0x0000000086200000, 0x0000000086200000, 0x0000000086300000|  0%| F|  |TAMS 0x0000000086200000, 0x0000000086200000| Untracked 
|  51|0x0000000086300000, 0x0000000086300000, 0x0000000086400000|  0%| F|  |TAMS 0x0000000086300000, 0x0000000086300000| Untracked 
|  52|0x0000000086400000, 0x0000000086400000, 0x0000000086500000|  0%| F|  |TAMS 0x0000000086400000, 0x0000000086400000| Untracked 
|  53|0x0000000086500000, 0x0000000086500000, 0x0000000086600000|  0%| F|  |TAMS 0x0000000086500000, 0x0000000086500000| Untracked 
|  54|0x0000000086600000, 0x0000000086600000, 0x0000000086700000|  0%| F|  |TAMS 0x0000000086600000, 0x0000000086600000| Untracked 
|  55|0x0000000086700000, 0x0000000086700000, 0x0000000086800000|  0%| F|  |TAMS 0x0000000086700000, 0x0000000086700000| Untracked 
|  56|0x0000000086800000, 0x0000000086800000, 0x0000000086900000|  0%| F|  |TAMS 0x0000000086800000, 0x0000000086800000| Untracked 
|  57|0x0000000086900000, 0x0000000086900000, 0x0000000086a00000|  0%| F|  |TAMS 0x0000000086900000, 0x0000000086900000| Untracked 
|  58|0x0000000086a00000, 0x0000000086a00000, 0x0000000086b00000|  0%| F|  |TAMS 0x0000000086a00000, 0x0000000086a00000| Untracked 
|  59|0x0000000086b00000, 0x0000000086b00000, 0x0000000086c00000|  0%| F|  |TAMS 0x0000000086b00000, 0x0000000086b00000| Untracked 
|  60|0x0000000086c00000, 0x0000000086c00000, 0x0000000086d00000|  0%| F|  |TAMS 0x0000000086c00000, 0x0000000086c00000| Untracked 
|  61|0x0000000086d00000, 0x0000000086d00000, 0x0000000086e00000|  0%| F|  |TAMS 0x0000000086d00000, 0x0000000086d00000| Untracked 
|  62|0x0000000086e00000, 0x0000000086e00000, 0x0000000086f00000|  0%| F|  |TAMS 0x0000000086e00000, 0x0000000086e00000| Untracked 
|  63|0x0000000086f00000, 0x0000000086f00000, 0x0000000087000000|  0%| F|  |TAMS 0x0000000086f00000, 0x0000000086f00000| Untracked 
|  64|0x0000000087000000, 0x0000000087000000, 0x0000000087100000|  0%| F|  |TAMS 0x0000000087000000, 0x0000000087000000| Untracked 
|  65|0x0000000087100000, 0x0000000087100000, 0x0000000087200000|  0%| F|  |TAMS 0x0000000087100000, 0x0000000087100000| Untracked 
|  66|0x0000000087200000, 0x0000000087200000, 0x0000000087300000|  0%| F|  |TAMS 0x0000000087200000, 0x0000000087200000| Untracked 
|  67|0x0000000087300000, 0x0000000087300000, 0x0000000087400000|  0%| F|  |TAMS 0x0000000087300000, 0x0000000087300000| Untracked 
|  68|0x0000000087400000, 0x0000000087400000, 0x0000000087500000|  0%| F|  |TAMS 0x0000000087400000, 0x0000000087400000| Untracked 
|  69|0x0000000087500000, 0x0000000087500000, 0x0000000087600000|  0%| F|  |TAMS 0x0000000087500000, 0x0000000087500000| Untracked 
|  70|0x0000000087600000, 0x0000000087600000, 0x0000000087700000|  0%| F|  |TAMS 0x0000000087600000, 0x0000000087600000| Untracked 
|  71|0x0000000087700000, 0x0000000087700000, 0x0000000087800000|  0%| F|  |TAMS 0x0000000087700000, 0x0000000087700000| Untracked 
|  72|0x0000000087800000, 0x0000000087800000, 0x0000000087900000|  0%| F|  |TAMS 0x0000000087800000, 0x0000000087800000| Untracked 
|  73|0x0000000087900000, 0x0000000087900000, 0x0000000087a00000|  0%| F|  |TAMS 0x0000000087900000, 0x0000000087900000| Untracked 
|  74|0x0000000087a00000, 0x0000000087a00000, 0x0000000087b00000|  0%| F|  |TAMS 0x0000000087a00000, 0x0000000087a00000| Untracked 
|  75|0x0000000087b00000, 0x0000000087b00000, 0x0000000087c00000|  0%| F|  |TAMS 0x0000000087b00000, 0x0000000087b00000| Untracked 
|  76|0x0000000087c00000, 0x0000000087c00000, 0x0000000087d00000|  0%| F|  |TAMS 0x0000000087c00000, 0x0000000087c00000| Untracked 
|  77|0x0000000087d00000, 0x0000000087d00000, 0x0000000087e00000|  0%| F|  |TAMS 0x0000000087d00000, 0x0000000087d00000| Untracked 
|  78|0x0000000087e00000, 0x0000000087e00000, 0x0000000087f00000|  0%| F|  |TAMS 0x0000000087e00000, 0x0000000087e00000| Untracked 
|  79|0x0000000087f00000, 0x0000000087f00000, 0x0000000088000000|  0%| F|  |TAMS 0x0000000087f00000, 0x0000000087f00000| Untracked 
|  80|0x0000000088000000, 0x0000000088000000, 0x0000000088100000|  0%| F|  |TAMS 0x0000000088000000, 0x0000000088000000| Untracked 
|  81|0x0000000088100000, 0x0000000088100000, 0x0000000088200000|  0%| F|  |TAMS 0x0000000088100000, 0x0000000088100000| Untracked 
|  82|0x0000000088200000, 0x0000000088200000, 0x0000000088300000|  0%| F|  |TAMS 0x0000000088200000, 0x0000000088200000| Untracked 
|  83|0x0000000088300000, 0x0000000088300000, 0x0000000088400000|  0%| F|  |TAMS 0x0000000088300000, 0x0000000088300000| Untracked 
|  84|0x0000000088400000, 0x0000000088400000, 0x0000000088500000|  0%| F|  |TAMS 0x0000000088400000, 0x0000000088400000| Untracked 
|  85|0x0000000088500000, 0x0000000088500000, 0x0000000088600000|  0%| F|  |TAMS 0x0000000088500000, 0x0000000088500000| Untracked 
|  86|0x0000000088600000, 0x0000000088600000, 0x0000000088700000|  0%| F|  |TAMS 0x0000000088600000, 0x0000000088600000| Untracked 
|  87|0x0000000088700000, 0x0000000088700000, 0x0000000088800000|  0%| F|  |TAMS 0x0000000088700000, 0x0000000088700000| Untracked 
|  88|0x0000000088800000, 0x0000000088800000, 0x0000000088900000|  0%| F|  |TAMS 0x0000000088800000, 0x0000000088800000| Untracked 
|  89|0x0000000088900000, 0x0000000088900000, 0x0000000088a00000|  0%| F|  |TAMS 0x0000000088900000, 0x0000000088900000| Untracked 
|  90|0x0000000088a00000, 0x0000000088a00000, 0x0000000088b00000|  0%| F|  |TAMS 0x0000000088a00000, 0x0000000088a00000| Untracked 
|  91|0x0000000088b00000, 0x0000000088b00000, 0x0000000088c00000|  0%| F|  |TAMS 0x0000000088b00000, 0x0000000088b00000| Untracked 
|  92|0x0000000088c00000, 0x0000000088c00000, 0x0000000088d00000|  0%| F|  |TAMS 0x0000000088c00000, 0x0000000088c00000| Untracked 
|  93|0x0000000088d00000, 0x0000000088d00000, 0x0000000088e00000|  0%| F|  |TAMS 0x0000000088d00000, 0x0000000088d00000| Untracked 
|  94|0x0000000088e00000, 0x0000000088e00000, 0x0000000088f00000|  0%| F|  |TAMS 0x0000000088e00000, 0x0000000088e00000| Untracked 
|  95|0x0000000088f00000, 0x0000000088f00000, 0x0000000089000000|  0%| F|  |TAMS 0x0000000088f00000, 0x0000000088f00000| Untracked 
|  96|0x0000000089000000, 0x0000000089000000, 0x0000000089100000|  0%| F|  |TAMS 0x0000000089000000, 0x0000000089000000| Untracked 
|  97|0x0000000089100000, 0x0000000089100000, 0x0000000089200000|  0%| F|  |TAMS 0x0000000089100000, 0x0000000089100000| Untracked 
|  98|0x0000000089200000, 0x0000000089200000, 0x0000000089300000|  0%| F|  |TAMS 0x0000000089200000, 0x0000000089200000| Untracked 
|  99|0x0000000089300000, 0x0000000089300000, 0x0000000089400000|  0%| F|  |TAMS 0x0000000089300000, 0x0000000089300000| Untracked 
| 100|0x0000000089400000, 0x0000000089400000, 0x0000000089500000|  0%| F|  |TAMS 0x0000000089400000, 0x0000000089400000| Untracked 
| 101|0x0000000089500000, 0x0000000089500000, 0x0000000089600000|  0%| F|  |TAMS 0x0000000089500000, 0x0000000089500000| Untracked 
| 102|0x0000000089600000, 0x0000000089600000, 0x0000000089700000|  0%| F|  |TAMS 0x0000000089600000, 0x0000000089600000| Untracked 
| 103|0x0000000089700000, 0x0000000089700000, 0x0000000089800000|  0%| F|  |TAMS 0x0000000089700000, 0x0000000089700000| Untracked 
| 104|0x0000000089800000, 0x0000000089800000, 0x0000000089900000|  0%| F|  |TAMS 0x0000000089800000, 0x0000000089800000| Untracked 
| 105|0x0000000089900000, 0x0000000089900000, 0x0000000089a00000|  0%| F|  |TAMS 0x0000000089900000, 0x0000000089900000| Untracked 
| 106|0x0000000089a00000, 0x0000000089a00000, 0x0000000089b00000|  0%| F|  |TAMS 0x0000000089a00000, 0x0000000089a00000| Untracked 
| 107|0x0000000089b00000, 0x0000000089b00000, 0x0000000089c00000|  0%| F|  |TAMS 0x0000000089b00000, 0x0000000089b00000| Untracked 
| 108|0x0000000089c00000, 0x0000000089c00000, 0x0000000089d00000|  0%| F|  |TAMS 0x0000000089c00000, 0x0000000089c00000| Untracked 
| 109|0x0000000089d00000, 0x0000000089d00000, 0x0000000089e00000|  0%| F|  |TAMS 0x0000000089d00000, 0x0000000089d00000| Untracked 
| 110|0x0000000089e00000, 0x0000000089e00000, 0x0000000089f00000|  0%| F|  |TAMS 0x0000000089e00000, 0x0000000089e00000| Untracked 
| 111|0x0000000089f00000, 0x0000000089f00000, 0x000000008a000000|  0%| F|  |TAMS 0x0000000089f00000, 0x0000000089f00000| Untracked 
| 112|0x000000008a000000, 0x000000008a000000, 0x000000008a100000|  0%| F|  |TAMS 0x000000008a000000, 0x000000008a000000| Untracked 
| 113|0x000000008a100000, 0x000000008a100000, 0x000000008a200000|  0%| F|  |TAMS 0x000000008a100000, 0x000000008a100000| Untracked 
| 114|0x000000008a200000, 0x000000008a200000, 0x000000008a300000|  0%| F|  |TAMS 0x000000008a200000, 0x000000008a200000| Untracked 
| 115|0x000000008a300000, 0x000000008a300000, 0x000000008a400000|  0%| F|  |TAMS 0x000000008a300000, 0x000000008a300000| Untracked 
| 116|0x000000008a400000, 0x000000008a400000, 0x000000008a500000|  0%| F|  |TAMS 0x000000008a400000, 0x000000008a400000| Untracked 
| 117|0x000000008a500000, 0x000000008a500000, 0x000000008a600000|  0%| F|  |TAMS 0x000000008a500000, 0x000000008a500000| Untracked 
| 118|0x000000008a600000, 0x000000008a600000, 0x000000008a700000|  0%| F|  |TAMS 0x000000008a600000, 0x000000008a600000| Untracked 
| 119|0x000000008a700000, 0x000000008a700000, 0x000000008a800000|  0%| F|  |TAMS 0x000000008a700000, 0x000000008a700000| Untracked 
| 120|0x000000008a800000, 0x000000008a800000, 0x000000008a900000|  0%| F|  |TAMS 0x000000008a800000, 0x000000008a800000| Untracked 
| 121|0x000000008a900000, 0x000000008a900000, 0x000000008aa00000|  0%| F|  |TAMS 0x000000008a900000, 0x000000008a900000| Untracked 
| 122|0x000000008aa00000, 0x000000008aa00000, 0x000000008ab00000|  0%| F|  |TAMS 0x000000008aa00000, 0x000000008aa00000| Untracked 
| 123|0x000000008ab00000, 0x000000008ab00000, 0x000000008ac00000|  0%| F|  |TAMS 0x000000008ab00000, 0x000000008ab00000| Untracked 
| 124|0x000000008ac00000, 0x000000008ac00000, 0x000000008ad00000|  0%| F|  |TAMS 0x000000008ac00000, 0x000000008ac00000| Untracked 
| 125|0x000000008ad00000, 0x000000008ad00000, 0x000000008ae00000|  0%| F|  |TAMS 0x000000008ad00000, 0x000000008ad00000| Untracked 
| 126|0x000000008ae00000, 0x000000008ae00000, 0x000000008af00000|  0%| F|  |TAMS 0x000000008ae00000, 0x000000008ae00000| Untracked 
| 127|0x000000008af00000, 0x000000008af00000, 0x000000008b000000|  0%| F|  |TAMS 0x000000008af00000, 0x000000008af00000| Untracked 
| 128|0x000000008b000000, 0x000000008b000000, 0x000000008b100000|  0%| F|  |TAMS 0x000000008b000000, 0x000000008b000000| Untracked 
| 129|0x000000008b100000, 0x000000008b100000, 0x000000008b200000|  0%| F|  |TAMS 0x000000008b100000, 0x000000008b100000| Untracked 
| 130|0x000000008b200000, 0x000000008b200000, 0x000000008b300000|  0%| F|  |TAMS 0x000000008b200000, 0x000000008b200000| Untracked 
| 131|0x000000008b300000, 0x000000008b300000, 0x000000008b400000|  0%| F|  |TAMS 0x000000008b300000, 0x000000008b300000| Untracked 
| 132|0x000000008b400000, 0x000000008b4c1aa0, 0x000000008b500000| 75%| S|CS|TAMS 0x000000008b400000, 0x000000008b400000| Complete 
| 133|0x000000008b500000, 0x000000008b500000, 0x000000008b600000|  0%| F|  |TAMS 0x000000008b500000, 0x000000008b500000| Untracked 
| 134|0x000000008b600000, 0x000000008b600000, 0x000000008b700000|  0%| F|  |TAMS 0x000000008b600000, 0x000000008b600000| Untracked 
| 135|0x000000008b700000, 0x000000008b700000, 0x000000008b800000|  0%| F|  |TAMS 0x000000008b700000, 0x000000008b700000| Untracked 
| 136|0x000000008b800000, 0x000000008b800000, 0x000000008b900000|  0%| F|  |TAMS 0x000000008b800000, 0x000000008b800000| Untracked 
| 137|0x000000008b900000, 0x000000008b900000, 0x000000008ba00000|  0%| F|  |TAMS 0x000000008b900000, 0x000000008b900000| Untracked 
| 138|0x000000008ba00000, 0x000000008ba00000, 0x000000008bb00000|  0%| F|  |TAMS 0x000000008ba00000, 0x000000008ba00000| Untracked 
| 139|0x000000008bb00000, 0x000000008bb00000, 0x000000008bc00000|  0%| F|  |TAMS 0x000000008bb00000, 0x000000008bb00000| Untracked 
| 140|0x000000008bc00000, 0x000000008bc00000, 0x000000008bd00000|  0%| F|  |TAMS 0x000000008bc00000, 0x000000008bc00000| Untracked 
| 141|0x000000008bd00000, 0x000000008bd00000, 0x000000008be00000|  0%| F|  |TAMS 0x000000008bd00000, 0x000000008bd00000| Untracked 
| 142|0x000000008be00000, 0x000000008be00000, 0x000000008bf00000|  0%| F|  |TAMS 0x000000008be00000, 0x000000008be00000| Untracked 
| 143|0x000000008bf00000, 0x000000008bf00000, 0x000000008c000000|  0%| F|  |TAMS 0x000000008bf00000, 0x000000008bf00000| Untracked 
| 144|0x000000008c000000, 0x000000008c000000, 0x000000008c100000|  0%| F|  |TAMS 0x000000008c000000, 0x000000008c000000| Untracked 
| 145|0x000000008c100000, 0x000000008c100000, 0x000000008c200000|  0%| F|  |TAMS 0x000000008c100000, 0x000000008c100000| Untracked 
| 146|0x000000008c200000, 0x000000008c200000, 0x000000008c300000|  0%| F|  |TAMS 0x000000008c200000, 0x000000008c200000| Untracked 
| 147|0x000000008c300000, 0x000000008c300000, 0x000000008c400000|  0%| F|  |TAMS 0x000000008c300000, 0x000000008c300000| Untracked 
| 148|0x000000008c400000, 0x000000008c400000, 0x000000008c500000|  0%| F|  |TAMS 0x000000008c400000, 0x000000008c400000| Untracked 
| 149|0x000000008c500000, 0x000000008c500000, 0x000000008c600000|  0%| F|  |TAMS 0x000000008c500000, 0x000000008c500000| Untracked 
| 150|0x000000008c600000, 0x000000008c600000, 0x000000008c700000|  0%| F|  |TAMS 0x000000008c600000, 0x000000008c600000| Untracked 
| 151|0x000000008c700000, 0x000000008c700000, 0x000000008c800000|  0%| F|  |TAMS 0x000000008c700000, 0x000000008c700000| Untracked 
| 152|0x000000008c800000, 0x000000008c800000, 0x000000008c900000|  0%| F|  |TAMS 0x000000008c800000, 0x000000008c800000| Untracked 
| 153|0x000000008c900000, 0x000000008c900000, 0x000000008ca00000|  0%| F|  |TAMS 0x000000008c900000, 0x000000008c900000| Untracked 
| 154|0x000000008ca00000, 0x000000008ca00000, 0x000000008cb00000|  0%| F|  |TAMS 0x000000008ca00000, 0x000000008ca00000| Untracked 
| 155|0x000000008cb00000, 0x000000008cc00000, 0x000000008cc00000|100%| E|  |TAMS 0x000000008cb00000, 0x000000008cb00000| Complete 
| 156|0x000000008cc00000, 0x000000008cd00000, 0x000000008cd00000|100%| E|CS|TAMS 0x000000008cc00000, 0x000000008cc00000| Complete 
| 157|0x000000008cd00000, 0x000000008ce00000, 0x000000008ce00000|100%| E|CS|TAMS 0x000000008cd00000, 0x000000008cd00000| Complete 
| 158|0x000000008ce00000, 0x000000008cf00000, 0x000000008cf00000|100%| E|CS|TAMS 0x000000008ce00000, 0x000000008ce00000| Complete 
| 159|0x000000008cf00000, 0x000000008d000000, 0x000000008d000000|100%| E|CS|TAMS 0x000000008cf00000, 0x000000008cf00000| Complete 
| 160|0x000000008d000000, 0x000000008d100000, 0x000000008d100000|100%| E|CS|TAMS 0x000000008d000000, 0x000000008d000000| Complete 

Card table byte_map: [0x000001c9478a0000,0x000001c947c90000] _byte_map_base: 0x000001c947488000

Marking Bits (Prev, Next): (CMBitMap*) 0x000001c934d09c40, (CMBitMap*) 0x000001c934d09c00
 Prev Bits: [0x000001c949fc0000, 0x000001c94bf00000)
 Next Bits: [0x000001c948080000, 0x000001c949fc0000)

Polling page: 0x000001c932c80000

Metaspace:

Usage:
  Non-class:     58.90 MB used.
      Class:      7.68 MB used.
       Both:     66.59 MB used.

Virtual space:
  Non-class space:       64.00 MB reserved,      59.06 MB ( 92%) committed,  1 nodes.
      Class space:        1.00 GB reserved,       7.75 MB ( <1%) committed,  1 nodes.
             Both:        1.06 GB reserved,      66.81 MB (  6%) committed. 

Chunk freelists:
   Non-Class:  4.61 MB
       Class:  8.17 MB
        Both:  12.78 MB

MaxMetaspaceSize: unlimited
CompressedClassSpaceSize: 1.00 GB
Initial GC threshold: 21.00 MB
Current GC threshold: 99.31 MB
CDS: off
MetaspaceReclaimPolicy: balanced
 - commit_granule_bytes: 65536.
 - commit_granule_words: 8192.
 - virtual_space_node_default_size: 8388608.
 - enlarge_chunks_in_place: 1.
 - new_chunks_are_fully_committed: 0.
 - uncommit_free_chunks: 1.
 - use_allocation_guard: 0.
 - handle_deallocations: 1.


Internal statistics:

num_allocs_failed_limit: 12.
num_arena_births: 202.
num_arena_deaths: 0.
num_vsnodes_births: 2.
num_vsnodes_deaths: 0.
num_space_committed: 1067.
num_space_uncommitted: 0.
num_chunks_returned_to_freelist: 12.
num_chunks_taken_from_freelist: 2196.
num_chunk_merges: 12.
num_chunk_splits: 1941.
num_chunks_enlarged: 1804.
num_inconsistent_stats: 0.

CodeHeap 'non-profiled nmethods': size=120000Kb used=2905Kb max_used=2905Kb free=117094Kb
 bounds [0x000001c93fc50000, 0x000001c93ff30000, 0x000001c947180000]
CodeHeap 'profiled nmethods': size=120000Kb used=15175Kb max_used=15175Kb free=104824Kb
 bounds [0x000001c938180000, 0x000001c939060000, 0x000001c93f6b0000]
CodeHeap 'non-nmethods': size=5760Kb used=1357Kb max_used=1427Kb free=4402Kb
 bounds [0x000001c93f6b0000, 0x000001c93f920000, 0x000001c93fc50000]
 total_blobs=6819 nmethods=6129 adapters=601
 compilation: enabled
              stopped_count=0, restarted_count=0
 full_count=0

Compilation events (20 events):
Event: 4.835 Thread 0x000001c94eadacf0 6965       3       org.jetbrains.kotlin.backend.common.lower.DeclarationIrBuilder::<init> (29 bytes)
Event: 4.836 Thread 0x000001c94eadacf0 nmethod 6965 0x000001c939047790 code [0x000001c939047bc0, 0x000001c939049758]
Event: 4.836 Thread 0x000001c94eadacf0 6972       3       org.jetbrains.kotlin.backend.jvm.lower.UpdateFunctionCallSites::visitFunction (10 bytes)
Event: 4.836 Thread 0x000001c94eadacf0 nmethod 6972 0x000001c93904a190 code [0x000001c93904a480, 0x000001c93904b2f8]
Event: 4.836 Thread 0x000001c94eadacf0 6973       3       org.jetbrains.kotlin.backend.jvm.lower.UpdateFunctionCallSites::visitFunction (13 bytes)
Event: 4.837 Thread 0x000001c94eadacf0 nmethod 6973 0x000001c93904b810 code [0x000001c93904bb20, 0x000001c93904cb28]
Event: 4.837 Thread 0x000001c94eadacf0 6962       3       org.jetbrains.kotlin.backend.jvm.lower.RecordEnclosingMethodsLowering$lower$1::visitSimpleFunction (13 bytes)
Event: 4.837 Thread 0x000001c94eadacf0 nmethod 6962 0x000001c93904d110 code [0x000001c93904d380, 0x000001c93904ddd8]
Event: 4.837 Thread 0x000001c94eadacf0 6963       3       org.jetbrains.kotlin.backend.jvm.lower.RecordEnclosingMethodsLowering$lower$1::visitSimpleFunction (8 bytes)
Event: 4.838 Thread 0x000001c94eadacf0 nmethod 6963 0x000001c93904e190 code [0x000001c93904e440, 0x000001c93904f028]
Event: 4.838 Thread 0x000001c94eadacf0 6974       3       org.jetbrains.kotlin.backend.jvm.lower.UpdateFunctionCallSites::visitSimpleFunction (10 bytes)
Event: 4.838 Thread 0x000001c94eadacf0 nmethod 6974 0x000001c93904f490 code [0x000001c93904f760, 0x000001c939050558]
Event: 4.838 Thread 0x000001c94eadacf0 6975       3       org.jetbrains.kotlin.backend.jvm.lower.UpdateFunctionCallSites::visitSimpleFunction (7 bytes)
Event: 4.839 Thread 0x000001c94eadacf0 nmethod 6975 0x000001c939050a90 code [0x000001c939050da0, 0x000001c939051d28]
Event: 4.839 Thread 0x000001c94eadacf0 6957       3       org.jetbrains.kotlin.ir.expressions.IrBlockBody::accept (15 bytes)
Event: 4.839 Thread 0x000001c94eadacf0 nmethod 6957 0x000001c939052310 code [0x000001c939052520, 0x000001c939052ba8]
Event: 4.839 Thread 0x000001c94eadacf0 6956       3       org.jetbrains.kotlin.ir.expressions.IrCall::accept (15 bytes)
Event: 4.839 Thread 0x000001c94eadacf0 nmethod 6956 0x000001c939052e10 code [0x000001c939053020, 0x000001c9390536a8]
Event: 4.840 Thread 0x000001c94eadacf0 6971       1       org.jetbrains.kotlin.ir.expressions.IrFieldAccessExpression::setReceiver (6 bytes)
Event: 4.840 Thread 0x000001c94eadacf0 nmethod 6971 0x000001c93ff26210 code [0x000001c93ff263a0, 0x000001c93ff264b8]

GC Heap History (20 events):
Event: 1.608 GC heap before
{Heap before GC invocations=6 (full 0):
 garbage-first heap   total 40960K, used 31285K [0x0000000083000000, 0x0000000100000000)
  region size 1024K, 16 young (16384K), 3 survivors (3072K)
 Metaspace       used 34377K, committed 34560K, reserved 1114112K
  class space    used 4380K, committed 4480K, reserved 1048576K
}
Event: 1.614 GC heap after
{Heap after GC invocations=7 (full 0):
 garbage-first heap   total 81920K, used 17792K [0x0000000083000000, 0x0000000100000000)
  region size 1024K, 2 young (2048K), 2 survivors (2048K)
 Metaspace       used 34377K, committed 34560K, reserved 1114112K
  class space    used 4380K, committed 4480K, reserved 1048576K
}
Event: 1.695 GC heap before
{Heap before GC invocations=7 (full 0):
 garbage-first heap   total 81920K, used 24960K [0x0000000083000000, 0x0000000100000000)
  region size 1024K, 10 young (10240K), 2 survivors (2048K)
 Metaspace       used 35767K, committed 35968K, reserved 1114112K
  class space    used 4534K, committed 4672K, reserved 1048576K
}
Event: 1.698 GC heap after
{Heap after GC invocations=8 (full 0):
 garbage-first heap   total 81920K, used 18400K [0x0000000083000000, 0x0000000100000000)
  region size 1024K, 3 young (3072K), 3 survivors (3072K)
 Metaspace       used 35767K, committed 35968K, reserved 1114112K
  class space    used 4534K, committed 4672K, reserved 1048576K
}
Event: 2.148 GC heap before
{Heap before GC invocations=9 (full 0):
 garbage-first heap   total 68608K, used 54240K [0x0000000083000000, 0x0000000100000000)
  region size 1024K, 39 young (39936K), 3 survivors (3072K)
 Metaspace       used 44127K, committed 44416K, reserved 1114112K
  class space    used 5449K, committed 5568K, reserved 1048576K
}
Event: 2.155 GC heap after
{Heap after GC invocations=10 (full 0):
 garbage-first heap   total 68608K, used 21169K [0x0000000083000000, 0x0000000100000000)
  region size 1024K, 5 young (5120K), 5 survivors (5120K)
 Metaspace       used 44127K, committed 44416K, reserved 1114112K
  class space    used 5449K, committed 5568K, reserved 1048576K
}
Event: 2.171 GC heap before
{Heap before GC invocations=10 (full 0):
 garbage-first heap   total 68608K, used 22193K [0x0000000083000000, 0x0000000100000000)
  region size 1024K, 6 young (6144K), 5 survivors (5120K)
 Metaspace       used 44419K, committed 44672K, reserved 1114112K
  class space    used 5480K, committed 5568K, reserved 1048576K
}
Event: 2.179 GC heap after
{Heap after GC invocations=11 (full 0):
 garbage-first heap   total 68608K, used 20777K [0x0000000083000000, 0x0000000100000000)
  region size 1024K, 1 young (1024K), 1 survivors (1024K)
 Metaspace       used 44419K, committed 44672K, reserved 1114112K
  class space    used 5480K, committed 5568K, reserved 1048576K
}
Event: 2.432 GC heap before
{Heap before GC invocations=11 (full 0):
 garbage-first heap   total 68608K, used 51497K [0x0000000083000000, 0x0000000100000000)
  region size 1024K, 28 young (28672K), 1 survivors (1024K)
 Metaspace       used 46573K, committed 46784K, reserved 1114112K
  class space    used 5702K, committed 5824K, reserved 1048576K
}
Event: 2.440 GC heap after
{Heap after GC invocations=12 (full 0):
 garbage-first heap   total 137216K, used 28695K [0x0000000083000000, 0x0000000100000000)
  region size 1024K, 4 young (4096K), 4 survivors (4096K)
 Metaspace       used 46573K, committed 46784K, reserved 1114112K
  class space    used 5702K, committed 5824K, reserved 1048576K
}
Event: 3.339 GC heap before
{Heap before GC invocations=12 (full 0):
 garbage-first heap   total 137216K, used 100375K [0x0000000083000000, 0x0000000100000000)
  region size 1024K, 74 young (75776K), 4 survivors (4096K)
 Metaspace       used 50462K, committed 50752K, reserved 1114112K
  class space    used 6023K, committed 6144K, reserved 1048576K
}
Event: 3.354 GC heap after
{Heap after GC invocations=13 (full 0):
 garbage-first heap   total 137216K, used 38747K [0x0000000083000000, 0x0000000100000000)
  region size 1024K, 10 young (10240K), 10 survivors (10240K)
 Metaspace       used 50462K, committed 50752K, reserved 1114112K
  class space    used 6023K, committed 6144K, reserved 1048576K
}
Event: 4.007 GC heap before
{Heap before GC invocations=13 (full 0):
 garbage-first heap   total 137216K, used 91995K [0x0000000083000000, 0x0000000100000000)
  region size 1024K, 62 young (63488K), 10 survivors (10240K)
 Metaspace       used 58104K, committed 58368K, reserved 1114112K
  class space    used 6849K, committed 6976K, reserved 1048576K
}
Event: 4.023 GC heap after
{Heap after GC invocations=14 (full 0):
 garbage-first heap   total 137216K, used 44904K [0x0000000083000000, 0x0000000100000000)
  region size 1024K, 6 young (6144K), 6 survivors (6144K)
 Metaspace       used 58104K, committed 58368K, reserved 1114112K
  class space    used 6849K, committed 6976K, reserved 1048576K
}
Event: 4.209 GC heap before
{Heap before GC invocations=14 (full 0):
 garbage-first heap   total 137216K, used 59240K [0x0000000083000000, 0x0000000100000000)
  region size 1024K, 21 young (21504K), 6 survivors (6144K)
 Metaspace       used 60210K, committed 60416K, reserved 1114112K
  class space    used 7079K, committed 7168K, reserved 1048576K
}
Event: 4.216 GC heap after
{Heap after GC invocations=15 (full 0):
 garbage-first heap   total 137216K, used 47283K [0x0000000083000000, 0x0000000100000000)
  region size 1024K, 2 young (2048K), 2 survivors (2048K)
 Metaspace       used 60210K, committed 60416K, reserved 1114112K
  class space    used 7079K, committed 7168K, reserved 1048576K
}
Event: 4.804 GC heap before
{Heap before GC invocations=16 (full 0):
 garbage-first heap   total 137216K, used 99507K [0x0000000083000000, 0x0000000100000000)
  region size 1024K, 55 young (56320K), 2 survivors (2048K)
 Metaspace       used 66881K, committed 67136K, reserved 1114112K
  class space    used 7752K, committed 7872K, reserved 1048576K
}
Event: 4.814 GC heap after
{Heap after GC invocations=17 (full 0):
 garbage-first heap   total 137216K, used 50355K [0x0000000083000000, 0x0000000100000000)
  region size 1024K, 7 young (7168K), 7 survivors (7168K)
 Metaspace       used 66881K, committed 67136K, reserved 1114112K
  class space    used 7752K, committed 7872K, reserved 1048576K
}
Event: 4.817 GC heap before
{Heap before GC invocations=17 (full 0):
 garbage-first heap   total 137216K, used 51379K [0x0000000083000000, 0x0000000100000000)
  region size 1024K, 8 young (8192K), 7 survivors (7168K)
 Metaspace       used 66885K, committed 67136K, reserved 1114112K
  class space    used 7752K, committed 7872K, reserved 1048576K
}
Event: 4.824 GC heap after
{Heap after GC invocations=18 (full 0):
 garbage-first heap   total 164864K, used 50265K [0x0000000083000000, 0x0000000100000000)
  region size 1024K, 1 young (1024K), 1 survivors (1024K)
 Metaspace       used 66885K, committed 67136K, reserved 1114112K
  class space    used 7752K, committed 7872K, reserved 1048576K
}

Dll operation events (2 events):
Event: 0.009 Loaded shared library E:\Android_Current_Version\install\jbr\bin\java.dll
Event: 1.087 Loaded shared library E:\Android_Current_Version\install\jbr\bin\verify.dll

Deoptimization events (20 events):
Event: 4.767 Thread 0x000001c934cb0f40 DEOPT PACKING pc=0x000001c93ff04250 sp=0x0000003fd18fdcc0
Event: 4.767 Thread 0x000001c934cb0f40 DEOPT UNPACKING pc=0x000001c93f7069a3 sp=0x0000003fd18fdca8 mode 2
Event: 4.768 Thread 0x000001c934cb0f40 Uncommon trap: trap_request=0xffffffde fr.pc=0x000001c93ff037a8 relative=0x0000000000000108
Event: 4.768 Thread 0x000001c934cb0f40 Uncommon trap: reason=class_check action=maybe_recompile pc=0x000001c93ff037a8 method=org.jetbrains.kotlin.backend.common.UtilsKt.pop(Ljava/util/List;)Ljava/lang/Object; @ 8 c2
Event: 4.768 Thread 0x000001c934cb0f40 DEOPT PACKING pc=0x000001c93ff037a8 sp=0x0000003fd18fdd10
Event: 4.768 Thread 0x000001c934cb0f40 DEOPT UNPACKING pc=0x000001c93f7069a3 sp=0x0000003fd18fdcc8 mode 2
Event: 4.796 Thread 0x000001c934cb0f40 DEOPT PACKING pc=0x000001c938f2a357 sp=0x0000003fd18fd370
Event: 4.796 Thread 0x000001c934cb0f40 DEOPT UNPACKING pc=0x000001c93f707143 sp=0x0000003fd18fc800 mode 0
Event: 4.828 Thread 0x000001c934cb0f40 Uncommon trap: trap_request=0xffffffde fr.pc=0x000001c93ff04250 relative=0x00000000000006b0
Event: 4.828 Thread 0x000001c934cb0f40 Uncommon trap: reason=class_check action=maybe_recompile pc=0x000001c93ff04250 method=org.jetbrains.kotlin.backend.common.UtilsKt.push(Ljava/util/List;Ljava/lang/Object;)Z @ 8 c2
Event: 4.828 Thread 0x000001c934cb0f40 DEOPT PACKING pc=0x000001c93ff04250 sp=0x0000003fd18fdcc0
Event: 4.828 Thread 0x000001c934cb0f40 DEOPT UNPACKING pc=0x000001c93f7069a3 sp=0x0000003fd18fdca8 mode 2
Event: 4.828 Thread 0x000001c934cb0f40 Uncommon trap: trap_request=0xffffffde fr.pc=0x000001c93ff037a8 relative=0x0000000000000108
Event: 4.828 Thread 0x000001c934cb0f40 Uncommon trap: reason=class_check action=maybe_recompile pc=0x000001c93ff037a8 method=org.jetbrains.kotlin.backend.common.UtilsKt.pop(Ljava/util/List;)Ljava/lang/Object; @ 8 c2
Event: 4.828 Thread 0x000001c934cb0f40 DEOPT PACKING pc=0x000001c93ff037a8 sp=0x0000003fd18fdd10
Event: 4.828 Thread 0x000001c934cb0f40 DEOPT UNPACKING pc=0x000001c93f7069a3 sp=0x0000003fd18fdcc8 mode 2
Event: 4.840 Thread 0x000001c934cb0f40 Uncommon trap: trap_request=0xffffff45 fr.pc=0x000001c93fe24734 relative=0x0000000000000294
Event: 4.840 Thread 0x000001c934cb0f40 Uncommon trap: reason=unstable_if action=reinterpret pc=0x000001c93fe24734 method=java.lang.String.indexOf([BBILjava/lang/String;I)I @ 21 c2
Event: 4.840 Thread 0x000001c934cb0f40 DEOPT PACKING pc=0x000001c93fe24734 sp=0x0000003fd18fcf90
Event: 4.840 Thread 0x000001c934cb0f40 DEOPT UNPACKING pc=0x000001c93f7069a3 sp=0x0000003fd18fce88 mode 2

Classes unloaded (0 events):
No events

Classes redefined (0 events):
No events

Internal exceptions (20 events):
Event: 1.015 Thread 0x000001c934cb0f40 Exception <a 'java/lang/NoSuchMethodError'{0x0000000084cb8308}: 'void java.lang.invoke.DirectMethodHandle$Holder.invokeStatic(java.lang.Object, java.lang.Object, java.lang.Object, java.lang.Object)'> (0x0000000084cb8308) 
thrown [s\src\hotspot\share\interpreter\linkResolver.cpp, line 771]
Event: 1.060 Thread 0x000001c934cb0f40 Exception <a 'java/lang/NoSuchMethodError'{0x00000000848769e0}: 'void java.lang.invoke.DirectMethodHandle$Holder.invokeStaticInit(java.lang.Object, java.lang.Object)'> (0x00000000848769e0) 
thrown [s\src\hotspot\share\interpreter\linkResolver.cpp, line 771]
Event: 1.128 Thread 0x000001c934cb0f40 Exception <a 'java/lang/NoSuchMethodError'{0x00000000844ee980}: 'void java.lang.invoke.DirectMethodHandle$Holder.invokeVirtual(java.lang.Object, java.lang.Object)'> (0x00000000844ee980) 
thrown [s\src\hotspot\share\interpreter\linkResolver.cpp, line 771]
Event: 1.134 Thread 0x000001c934cb0f40 Exception <a 'java/lang/NoSuchMethodError'{0x00000000843680f0}: 'int java.lang.invoke.DirectMethodHandle$Holder.invokeVirtual(java.lang.Object, java.lang.Object)'> (0x00000000843680f0) 
thrown [s\src\hotspot\share\interpreter\linkResolver.cpp, line 771]
Event: 1.145 Thread 0x000001c934cb0f40 Exception <a 'java/lang/NoSuchMethodError'{0x00000000843ff540}: 'java.lang.Object java.lang.invoke.Invokers$Holder.invokeExact_MT(java.lang.Object, java.lang.Object, java.lang.Object, java.lang.Object, java.lang.Object, java.lang.Object)'> (0x00000000843ff540) 
thrown [s\src\hotspot\share\interpreter\linkResolver.cpp, line 771]
Event: 1.445 Thread 0x000001c934cb0f40 Implicit null exception at 0x000001c93fc677f2 to 0x000001c93fc67e0c
Event: 1.531 Thread 0x000001c934cb0f40 Implicit null exception at 0x000001c93fc691f2 to 0x000001c93fc6982c
Event: 1.562 Thread 0x000001c934cb0f40 Exception <a 'java/lang/NoSuchMethodError'{0x0000000084e1ed88}: 'java.lang.Object java.lang.invoke.DirectMethodHandle$Holder.invokeVirtual(java.lang.Object, java.lang.Object, java.lang.Object)'> (0x0000000084e1ed88) 
thrown [s\src\hotspot\share\interpreter\linkResolver.cpp, line 771]
Event: 2.080 Thread 0x000001c934cb0f40 Exception <a 'java/lang/NoSuchMethodError'{0x0000000084f099e8}: 'java.lang.Object java.lang.invoke.DirectMethodHandle$Holder.newInvokeSpecial(java.lang.Object, java.lang.Object, java.lang.Object, int)'> (0x0000000084f099e8) 
thrown [s\src\hotspot\share\interpreter\linkResolver.cpp, line 771]
Event: 2.080 Thread 0x000001c934cb0f40 Exception <a 'java/lang/NoSuchMethodError'{0x0000000084f0e070}: 'java.lang.Object java.lang.invoke.DirectMethodHandle$Holder.invokeSpecial(java.lang.Object, java.lang.Object, java.lang.Object, java.lang.Object, int)'> (0x0000000084f0e070) 
thrown [s\src\hotspot\share\interpreter\linkResolver.cpp, line 771]
Event: 2.080 Thread 0x000001c934cb0f40 Exception <a 'java/lang/NoSuchMethodError'{0x0000000084f11ee0}: 'java.lang.Object java.lang.invoke.Invokers$Holder.linkToTargetMethod(java.lang.Object, java.lang.Object, int, java.lang.Object)'> (0x0000000084f11ee0) 
thrown [s\src\hotspot\share\interpreter\linkResolver.cpp, line 771]
Event: 2.224 Thread 0x000001c934cb0f40 Exception <a 'java/lang/NoSuchMethodError'{0x0000000086e1df40}: 'java.lang.Object java.lang.invoke.DirectMethodHandle$Holder.newInvokeSpecial(java.lang.Object, java.lang.Object, int)'> (0x0000000086e1df40) 
thrown [s\src\hotspot\share\interpreter\linkResolver.cpp, line 771]
Event: 2.661 Thread 0x000001c934cb0f40 Exception <a 'java/lang/NoSuchMethodError'{0x0000000089d16660}: 'java.lang.Object java.lang.invoke.DirectMethodHandle$Holder.invokeStaticInit(java.lang.Object, java.lang.Object, java.lang.Object)'> (0x0000000089d16660) 
thrown [s\src\hotspot\share\interpreter\linkResolver.cpp, line 771]
Event: 3.100 Thread 0x000001c934cb0f40 Implicit null exception at 0x000001c93fc9cd0e to 0x000001c93fc9cf90
Event: 3.195 Thread 0x000001c934cb0f40 Exception <a 'java/lang/NoSuchMethodError'{0x0000000087f0b748}: 'java.lang.Object java.lang.invoke.DirectMethodHandle$Holder.newInvokeSpecial(java.lang.Object, int, java.lang.Object)'> (0x0000000087f0b748) 
thrown [s\src\hotspot\share\interpreter\linkResolver.cpp, line 771]
Event: 3.196 Thread 0x000001c934cb0f40 Exception <a 'java/lang/NoSuchMethodError'{0x0000000087f11d18}: 'int java.lang.invoke.DirectMethodHandle$Holder.invokeInterface(java.lang.Object, java.lang.Object)'> (0x0000000087f11d18) 
thrown [s\src\hotspot\share\interpreter\linkResolver.cpp, line 771]
Event: 3.433 Thread 0x000001c934cb0f40 Implicit null exception at 0x000001c93fd40414 to 0x000001c93fd4050c
Event: 3.433 Thread 0x000001c934cb0f40 Implicit null exception at 0x000001c93fcb59e0 to 0x000001c93fcb5a7a
Event: 3.447 Thread 0x000001c934cb0f40 Exception <a 'java/lang/NoSuchMethodError'{0x000000008ac06d08}: 'java.lang.Object java.lang.invoke.DirectMethodHandle$Holder.newInvokeSpecial(java.lang.Object, java.lang.Object, java.lang.Object, java.lang.Object, java.lang.Object, java.lang.Object)'> (0x000000008ac06d08) 
thrown [s\src\hotspot\share\interpreter\linkResolver.cpp, line 771]
Event: 3.657 Thread 0x000001c934cb0f40 Implicit null exception at 0x000001c93fcea98c to 0x000001c93fceac24

VM Operations (20 events):
Event: 4.557 Executing VM operation: ICBufferFull
Event: 4.557 Executing VM operation: ICBufferFull done
Event: 4.694 Executing VM operation: ICBufferFull
Event: 4.694 Executing VM operation: ICBufferFull done
Event: 4.722 Executing VM operation: HandshakeAllThreads
Event: 4.722 Executing VM operation: HandshakeAllThreads done
Event: 4.722 Executing VM operation: HandshakeAllThreads
Event: 4.722 Executing VM operation: HandshakeAllThreads done
Event: 4.722 Executing VM operation: HandshakeAllThreads
Event: 4.723 Executing VM operation: HandshakeAllThreads done
Event: 4.729 Executing VM operation: HandshakeAllThreads
Event: 4.729 Executing VM operation: HandshakeAllThreads done
Event: 4.774 Executing VM operation: HandshakeAllThreads
Event: 4.774 Executing VM operation: HandshakeAllThreads done
Event: 4.784 Executing VM operation: ICBufferFull
Event: 4.784 Executing VM operation: ICBufferFull done
Event: 4.804 Executing VM operation: G1CollectForAllocation
Event: 4.814 Executing VM operation: G1CollectForAllocation done
Event: 4.817 Executing VM operation: G1CollectForAllocation
Event: 4.824 Executing VM operation: G1CollectForAllocation done

Events (20 events):
Event: 3.805 Thread 0x000001c94eaf0430 flushing nmethod 0x000001c938c8ab10
Event: 3.805 Thread 0x000001c94eaf0430 flushing nmethod 0x000001c938cd9290
Event: 3.805 Thread 0x000001c94eaf0430 flushing nmethod 0x000001c938ce9610
Event: 3.805 Thread 0x000001c94eaf0430 flushing nmethod 0x000001c938cf9b90
Event: 3.805 Thread 0x000001c94eaf0430 flushing nmethod 0x000001c938d27090
Event: 3.805 Thread 0x000001c94eaf0430 flushing nmethod 0x000001c938d2a910
Event: 3.805 Thread 0x000001c94eaf0430 flushing nmethod 0x000001c938d32b90
Event: 3.805 Thread 0x000001c94eaf0430 flushing nmethod 0x000001c938d34990
Event: 3.805 Thread 0x000001c94eaf0430 flushing nmethod 0x000001c938d35910
Event: 3.805 Thread 0x000001c94eaf0430 flushing nmethod 0x000001c938d36f90
Event: 3.805 Thread 0x000001c94eaf0430 flushing nmethod 0x000001c938d89f10
Event: 4.255 loading class java/security/CodeSigner
Event: 4.255 loading class java/security/CodeSigner done
Event: 4.730 Thread 0x000001c94eaf0430 flushing nmethod 0x000001c93886a690
Event: 4.730 Thread 0x000001c94eaf0430 flushing nmethod 0x000001c9388c1f10
Event: 4.730 Thread 0x000001c94eaf0430 flushing nmethod 0x000001c9388fa310
Event: 4.730 Thread 0x000001c94eaf0430 flushing nmethod 0x000001c9388fd090
Event: 4.730 Thread 0x000001c94eaf0430 flushing nmethod 0x000001c93896c290
Event: 4.731 Thread 0x000001c94eaf0430 flushing nmethod 0x000001c938aa1410
Event: 4.732 Thread 0x000001c94eaf0430 flushing nmethod 0x000001c938ba4810


Dynamic libraries:
0x00007ff697840000 - 0x00007ff69784a000 	E:\Android_Current_Version\install\jbr\bin\java.exe
0x00007ffc00710000 - 0x00007ffc00926000 	C:\WINDOWS\SYSTEM32\ntdll.dll
0x00007ffbff480000 - 0x00007ffbff544000 	C:\WINDOWS\System32\KERNEL32.DLL
0x00007ffbfdc00000 - 0x00007ffbfdfa6000 	C:\WINDOWS\System32\KERNELBASE.dll
0x00007ffbfe100000 - 0x00007ffbfe211000 	C:\WINDOWS\System32\ucrtbase.dll
0x00007ffbd7d40000 - 0x00007ffbd7d57000 	E:\Android_Current_Version\install\jbr\bin\jli.dll
0x00007ffbe2c60000 - 0x00007ffbe2c7b000 	E:\Android_Current_Version\install\jbr\bin\VCRUNTIME140.dll
0x00007ffc00520000 - 0x00007ffc006cd000 	C:\WINDOWS\System32\USER32.dll
0x00007ffbfe430000 - 0x00007ffbfe456000 	C:\WINDOWS\System32\win32u.dll
0x00007ffc000e0000 - 0x00007ffc00109000 	C:\WINDOWS\System32\GDI32.dll
0x00007ffbe3030000 - 0x00007ffbe32c3000 	C:\WINDOWS\WinSxS\amd64_microsoft.windows.common-controls_6595b64144ccf1df_6.0.22621.3235_none_270f74e173860f98\COMCTL32.dll
0x00007ffbfdfb0000 - 0x00007ffbfe0c8000 	C:\WINDOWS\System32\gdi32full.dll
0x00007ffbffa90000 - 0x00007ffbffb37000 	C:\WINDOWS\System32\msvcrt.dll
0x00007ffbfe220000 - 0x00007ffbfe2ba000 	C:\WINDOWS\System32\msvcp_win.dll
0x00007ffc00110000 - 0x00007ffc00141000 	C:\WINDOWS\System32\IMM32.DLL
0x00007ffbf8be0000 - 0x00007ffbf8bec000 	E:\Android_Current_Version\install\jbr\bin\vcruntime140_1.dll
0x00007ffbb45c0000 - 0x00007ffbb464d000 	E:\Android_Current_Version\install\jbr\bin\msvcp140.dll
0x00007ffb9f140000 - 0x00007ffb9fdc0000 	E:\Android_Current_Version\install\jbr\bin\server\jvm.dll
0x00007ffbff9d0000 - 0x00007ffbffa82000 	C:\WINDOWS\System32\ADVAPI32.dll
0x00007ffbfe770000 - 0x00007ffbfe818000 	C:\WINDOWS\System32\sechost.dll
0x00007ffbfe0d0000 - 0x00007ffbfe0f8000 	C:\WINDOWS\System32\bcrypt.dll
0x00007ffbfe8e0000 - 0x00007ffbfe9f5000 	C:\WINDOWS\System32\RPCRT4.dll
0x00007ffbd4560000 - 0x00007ffbd4569000 	C:\WINDOWS\SYSTEM32\WSOCK32.dll
0x00007ffbf5b50000 - 0x00007ffbf5b84000 	C:\WINDOWS\SYSTEM32\WINMM.dll
0x00007ffbf37d0000 - 0x00007ffbf37da000 	C:\WINDOWS\SYSTEM32\VERSION.dll
0x00007ffbff280000 - 0x00007ffbff2f1000 	C:\WINDOWS\System32\WS2_32.dll
0x00007ffbfca90000 - 0x00007ffbfcaa8000 	C:\WINDOWS\SYSTEM32\kernel.appcore.dll
0x00007ffbf5f00000 - 0x00007ffbf5f0a000 	E:\Android_Current_Version\install\jbr\bin\jimage.dll
0x00007ffbfb390000 - 0x00007ffbfb5c3000 	C:\WINDOWS\SYSTEM32\DBGHELP.DLL
0x00007ffbffb40000 - 0x00007ffbffec8000 	C:\WINDOWS\System32\combase.dll
0x00007ffc003e0000 - 0x00007ffc004b7000 	C:\WINDOWS\System32\OLEAUT32.dll
0x00007ffbdb130000 - 0x00007ffbdb162000 	C:\WINDOWS\SYSTEM32\dbgcore.DLL
0x00007ffbfdb80000 - 0x00007ffbfdbfa000 	C:\WINDOWS\System32\bcryptPrimitives.dll
0x00007ffbcc460000 - 0x00007ffbcc485000 	E:\Android_Current_Version\install\jbr\bin\java.dll
0x00007ffbe03d0000 - 0x00007ffbe03e8000 	E:\Android_Current_Version\install\jbr\bin\zip.dll
0x00007ffbfea00000 - 0x00007ffbff25d000 	C:\WINDOWS\System32\SHELL32.dll
0x00007ffbfb9b0000 - 0x00007ffbfc2a8000 	C:\WINDOWS\SYSTEM32\windows.storage.dll
0x00007ffbfb870000 - 0x00007ffbfb9ae000 	C:\WINDOWS\SYSTEM32\wintypes.dll
0x00007ffc002b0000 - 0x00007ffc003a3000 	C:\WINDOWS\System32\SHCORE.dll
0x00007ffbfe4e0000 - 0x00007ffbfe53e000 	C:\WINDOWS\System32\shlwapi.dll
0x00007ffbfd980000 - 0x00007ffbfd9a6000 	C:\WINDOWS\SYSTEM32\profapi.dll
0x00007ffbe01b0000 - 0x00007ffbe01c9000 	E:\Android_Current_Version\install\jbr\bin\net.dll
0x00007ffbf6a00000 - 0x00007ffbf6b37000 	C:\WINDOWS\SYSTEM32\WINHTTP.dll
0x00007ffbfcf10000 - 0x00007ffbfcf79000 	C:\WINDOWS\system32\mswsock.dll
0x00007ffbdc010000 - 0x00007ffbdc026000 	E:\Android_Current_Version\install\jbr\bin\nio.dll
0x00007ffbe4000000 - 0x00007ffbe4010000 	E:\Android_Current_Version\install\jbr\bin\verify.dll

dbghelp: loaded successfully - version: 4.0.5 - missing functions: none
symbol engine: initialized successfully - sym options: 0x614 - pdb path: .;E:\Android_Current_Version\install\jbr\bin;C:\WINDOWS\SYSTEM32;C:\WINDOWS\WinSxS\amd64_microsoft.windows.common-controls_6595b64144ccf1df_6.0.22621.3235_none_270f74e173860f98;E:\Android_Current_Version\install\jbr\bin\server

VM Arguments:
java_command: org.jetbrains.kotlin.cli.jvm.K2JVMCompiler @E:\MAD_Project\app\build\20240319_1545440513220867855.compiler.options
java_class_path (initial): E:\Android_Gradle\caches\modules-2\files-2.1\org.jetbrains.kotlin\kotlin-compiler-embeddable\1.9.10\57ca1b0823ae3ecb451a97e1f8e6de0b19ea5294\kotlin-compiler-embeddable-1.9.10.jar;E:\Android_Gradle\caches\modules-2\files-2.1\org.jetbrains.kotlin\kotlin-stdlib\1.9.10\72812e8a368917ab5c0a5081b56915ffdfec93b7\kotlin-stdlib-1.9.10.jar;E:\Android_Gradle\caches\modules-2\files-2.1\org.jetbrains.kotlin\kotlin-script-runtime\1.9.10\398513a8534701579cccaf5953ea914416b4696c\kotlin-script-runtime-1.9.10.jar;E:\Android_Gradle\caches\modules-2\files-2.1\org.jetbrains.kotlin\kotlin-reflect\1.6.10\1cbe9c92c12a94eea200d23c2bbaedaf3daf5132\kotlin-reflect-1.6.10.jar;E:\Android_Gradle\caches\modules-2\files-2.1\org.jetbrains.kotlin\kotlin-daemon-embeddable\1.9.10\bda2f7daa6b89d2ded2d9e1e0b0cadaf9446ade1\kotlin-daemon-embeddable-1.9.10.jar;E:\Android_Gradle\caches\modules-2\files-2.1\org.jetbrains.intellij.deps\trove4j\1.0.20200330\3afb14d5f9ceb459d724e907a21145e8ff394f02\trove4j-1.0.20200330.jar;E:\Android_Gradle\caches\modules-2\files-2.1\org.jetbrains.kotlin\kotlin-stdlib-common\1.9.10\dafaf2c27f27c09220cee312df10917d9a5d97ce\kotlin-stdlib-common-1.9.10.jar;E:\Android_Gradle\caches\modules-2\files-2.1\org.jetbrains\annotations\13.0\919f0dfe192fb4e063e7dacadee7f8bb9a2672a9\annotations-13.0.jar
Launcher Type: SUN_STANDARD

[Global flags]
     intx CICompilerCount                          = 4                                         {product} {ergonomic}
     uint ConcGCThreads                            = 2                                         {product} {ergonomic}
     uint G1ConcRefinementThreads                  = 8                                         {product} {ergonomic}
   size_t G1HeapRegionSize                         = 1048576                                   {product} {ergonomic}
    uintx GCDrainStackTargetSize                   = 64                                        {product} {ergonomic}
   size_t InitialHeapSize                          = 132120576                                 {product} {ergonomic}
   size_t MarkStackSize                            = 4194304                                   {product} {ergonomic}
   size_t MaxHeapSize                              = 2097152000                                {product} {ergonomic}
   size_t MaxNewSize                               = 1258291200                                {product} {ergonomic}
   size_t MinHeapDeltaBytes                        = 1048576                                   {product} {ergonomic}
   size_t MinHeapSize                              = 8388608                                   {product} {ergonomic}
    uintx NonNMethodCodeHeapSize                   = 5839372                                {pd product} {ergonomic}
    uintx NonProfiledCodeHeapSize                  = 122909434                              {pd product} {ergonomic}
    uintx ProfiledCodeHeapSize                     = 122909434                              {pd product} {ergonomic}
    uintx ReservedCodeCacheSize                    = 251658240                              {pd product} {ergonomic}
     bool SegmentedCodeCache                       = true                                      {product} {ergonomic}
   size_t SoftMaxHeapSize                          = 2097152000                             {manageable} {ergonomic}
     bool UseCompressedClassPointers               = true                           {product lp64_product} {ergonomic}
     bool UseCompressedOops                        = true                           {product lp64_product} {ergonomic}
     bool UseG1GC                                  = true                                      {product} {ergonomic}
     bool UseLargePagesIndividualAllocation        = false                                  {pd product} {ergonomic}

Logging:
Log output configuration:
 #0: stdout all=warning uptime,level,tags
 #1: stderr all=off uptime,level,tags

Environment Variables:
JAVA_HOME=C:\Program Files\Java\jdk-21
PATH=C:\Program Files\Common Files\Oracle\Java\javapath;F:\Oracle_Databasr_19c\WINDOWS.X64_193000_db_home\bin;C:\WINDOWS\system32;C:\WINDOWS;C:\WINDOWS\System32\Wbem;C:\WINDOWS\System32\WindowsPowerShell\v1.0\;C:\WINDOWS\System32\OpenSSH\;C:\Program Files\Git\cmd;C:\Program Files (x86)\Microsoft SQL Server\160\Tools\Binn\;C:\Program Files\Microsoft SQL Server\160\Tools\Binn\;C:\Program Files\Microsoft SQL Server\Client SDK\ODBC\170\Tools\Binn\;C:\Program Files\Microsoft SQL Server\160\DTS\Binn\;C:\Program Files (x86)\Microsoft SQL Server\160\DTS\Binn\;C:\Program Files\Azure Data Studio\bin;C:\Program Files\dotnet\;C:\Program Files\Microsoft SQL Server\150\Tools\Binn\;E:\Node.js\Installed-20\;C:\Program Files\Java\jdk-21\bin;C:\Program Files\MySQL\MySQL Shell 8.0\bin\;C:\Users\HP\AppData\Local\Microsoft\WindowsApps;C:\Program Files\Azure Data Studio\bin;C:\Users\HP\.dotnet\tools;C:\Users\HP\AppData\Roaming\npm;C:\Users\HP\AppData\Local\Programs\Microsoft VS Code\bin;E:\Intellij_New\IntelliJ IDEA 2023.3.5\bin;;E:\Intellij\IntelliJ IDEA Community Edition 2023.3\bin;;C:\Users\HP\AppData\Local\GitHubDesktop\bin
USERNAME=HP
OS=Windows_NT
PROCESSOR_IDENTIFIER=Intel64 Family 6 Model 142 Stepping 12, GenuineIntel
TMP=C:\Users\HP\AppData\Local\Temp
TEMP=C:\Users\HP\AppData\Local\Temp


JNI global refs:
JNI global refs: 9, weak refs: 9

JNI global refs memory usage: 843, weak refs: 841

OOME stack traces (most recent first):
Classloader memory used:
