#
# There is insufficient memory for the Java Runtime Environment to continue.
# Native memory allocation (malloc) failed to allocate 1227264 bytes for Chunk::new
# Possible reasons:
#   The system is out of physical RAM or swap space
#   The process is running with CompressedOops enabled, and the Java Heap may be blocking the growth of the native heap
# Possible solutions:
#   Reduce memory load on the system
#   Increase physical memory or swap space
#   Check if swap backing store is full
#   Decrease Java heap size (-Xmx/-Xms)
#   Decrease number of Java threads
#   Decrease Java thread stack sizes (-Xss)
#   Set larger code cache with -XX:ReservedCodeCacheSize=
#   JVM is running with Unscaled Compressed Oops mode in which the Java heap is
#     placed in the first 4GB address space. The Java Heap base address is the
#     maximum limit for the native heap growth. Please use -XX:HeapBaseMinAddress
#     to set the Java Heap base and to place the Java Heap above 4GB virtual address.
# This output file may be truncated or incomplete.
#
#  Out of Memory Error (arena.cpp:189), pid=6948, tid=14084
#
# JRE version: OpenJDK Runtime Environment (17.0.7) (build 17.0.7+0-b2043.56-10550314)
# Java VM: OpenJDK 64-Bit Server VM (17.0.7+0-b2043.56-10550314, mixed mode, tiered, compressed oops, compressed class ptrs, g1 gc, windows-amd64)
# No core dump will be written. Minidumps are not enabled by default on client versions of Windows
#

---------------  S U M M A R Y ------------

Command Line: org.jetbrains.kotlin.cli.jvm.K2JVMCompiler @E:\MAD_Project\app\build\20240319_12275069382005029044.compiler.options

Host: Intel(R) Core(TM) i5-10210U CPU @ 1.60GHz, 8 cores, 7G,  Windows 11 , 64 bit Build 22621 (10.0.22621.3235)
Time: Tue Mar 19 21:45:55 2024 Sri Lanka Standard Time elapsed time: 3.526308 seconds (0d 0h 0m 3s)

---------------  T H R E A D  ---------------

Current thread (0x000001a889d645b0):  JavaThread "C2 CompilerThread1" daemon [_thread_in_native, id=14084, stack(0x0000003bf7000000,0x0000003bf7100000)]


Current CompileTask:
C2:   3526 4934       4       org.jetbrains.kotlin.resolve.OverridingUtil::collectOverriddenDeclarations (123 bytes)

Stack: [0x0000003bf7000000,0x0000003bf7100000]
Native frames: (J=compiled Java code, j=interpreted, Vv=VM code, C=native code)
V  [jvm.dll+0x683bfa]
V  [jvm.dll+0x8430a4]
V  [jvm.dll+0x8449be]
V  [jvm.dll+0x845023]
V  [jvm.dll+0x24ad2f]
V  [jvm.dll+0xac25c]
V  [jvm.dll+0xac82c]
V  [jvm.dll+0x36a187]
V  [jvm.dll+0x334821]
V  [jvm.dll+0x333cca]
V  [jvm.dll+0x21d251]
V  [jvm.dll+0x21c671]
V  [jvm.dll+0x1a605d]
V  [jvm.dll+0x22c148]
V  [jvm.dll+0x22a209]
V  [jvm.dll+0x7f858c]
V  [jvm.dll+0x7f2aea]
V  [jvm.dll+0x682a35]
C  [ucrtbase.dll+0x29363]
C  [KERNEL32.DLL+0x1257d]
C  [ntdll.dll+0x5aa58]


---------------  P R O C E S S  ---------------

Threads class SMR info:
_java_thread_list=0x000001a88a4fb930, length=13, elements={
0x000001a8ea8bd510, 0x000001a8847d4270, 0x000001a8847d50e0, 0x000001a8846875b0,
0x000001a8847fb200, 0x000001a8847fddc0, 0x000001a884800780, 0x000001a884801460,
0x000001a884802c40, 0x000001a884819bd0, 0x000001a88497fcc0, 0x000001a88497c300,
0x000001a889d645b0
}

Java Threads: ( => current thread )
  0x000001a8ea8bd510 JavaThread "main" [_thread_in_vm, id=16920, stack(0x0000003bf5900000,0x0000003bf5a00000)]
  0x000001a8847d4270 JavaThread "Reference Handler" daemon [_thread_blocked, id=18300, stack(0x0000003bf6000000,0x0000003bf6100000)]
  0x000001a8847d50e0 JavaThread "Finalizer" daemon [_thread_blocked, id=16200, stack(0x0000003bf6100000,0x0000003bf6200000)]
  0x000001a8846875b0 JavaThread "Signal Dispatcher" daemon [_thread_blocked, id=17084, stack(0x0000003bf6200000,0x0000003bf6300000)]
  0x000001a8847fb200 JavaThread "Attach Listener" daemon [_thread_blocked, id=3936, stack(0x0000003bf6300000,0x0000003bf6400000)]
  0x000001a8847fddc0 JavaThread "Service Thread" daemon [_thread_blocked, id=19080, stack(0x0000003bf6400000,0x0000003bf6500000)]
  0x000001a884800780 JavaThread "Monitor Deflation Thread" daemon [_thread_blocked, id=19104, stack(0x0000003bf6500000,0x0000003bf6600000)]
  0x000001a884801460 JavaThread "C2 CompilerThread0" daemon [_thread_in_native, id=4280, stack(0x0000003bf6600000,0x0000003bf6700000)]
  0x000001a884802c40 JavaThread "C1 CompilerThread0" daemon [_thread_blocked, id=9288, stack(0x0000003bf6700000,0x0000003bf6800000)]
  0x000001a884819bd0 JavaThread "Sweeper thread" daemon [_thread_blocked, id=14844, stack(0x0000003bf6800000,0x0000003bf6900000)]
  0x000001a88497fcc0 JavaThread "Notification Thread" daemon [_thread_blocked, id=12780, stack(0x0000003bf6900000,0x0000003bf6a00000)]
  0x000001a88497c300 JavaThread "Common-Cleaner" daemon [_thread_blocked, id=14876, stack(0x0000003bf6b00000,0x0000003bf6c00000)]
=>0x000001a889d645b0 JavaThread "C2 CompilerThread1" daemon [_thread_in_native, id=14084, stack(0x0000003bf7000000,0x0000003bf7100000)]

Other Threads:
  0x000001a884670620 VMThread "VM Thread" [stack: 0x0000003bf5f00000,0x0000003bf6000000] [id=316]
  0x000001a8ea931060 WatcherThread [stack: 0x0000003bf6a00000,0x0000003bf6b00000] [id=11720]
  0x000001a8ea918ff0 GCTaskThread "GC Thread#0" [stack: 0x0000003bf5a00000,0x0000003bf5b00000] [id=2788]
  0x000001a8893813f0 GCTaskThread "GC Thread#1" [stack: 0x0000003bf6c00000,0x0000003bf6d00000] [id=17904]
  0x000001a8893816a0 GCTaskThread "GC Thread#2" [stack: 0x0000003bf6d00000,0x0000003bf6e00000] [id=19916]
  0x000001a8893b52e0 GCTaskThread "GC Thread#3" [stack: 0x0000003bf6e00000,0x0000003bf6f00000] [id=15124]
  0x000001a8893b75a0 GCTaskThread "GC Thread#4" [stack: 0x0000003bf6f00000,0x0000003bf7000000] [id=9360]
  0x000001a88997b090 GCTaskThread "GC Thread#5" [stack: 0x0000003bf7100000,0x0000003bf7200000] [id=10324]
  0x000001a88997b5f0 GCTaskThread "GC Thread#6" [stack: 0x0000003bf7200000,0x0000003bf7300000] [id=14384]
  0x000001a88997a880 GCTaskThread "GC Thread#7" [stack: 0x0000003bf7300000,0x0000003bf7400000] [id=14180]
  0x000001a8ea929930 ConcurrentGCThread "G1 Main Marker" [stack: 0x0000003bf5b00000,0x0000003bf5c00000] [id=19624]
  0x000001a8ea92a340 ConcurrentGCThread "G1 Conc#0" [stack: 0x0000003bf5c00000,0x0000003bf5d00000] [id=12272]
  0x000001a88997ade0 ConcurrentGCThread "G1 Conc#1" [stack: 0x0000003bf7400000,0x0000003bf7500000] [id=14616]
  0x000001a8ea97e8a0 ConcurrentGCThread "G1 Refine#0" [stack: 0x0000003bf5d00000,0x0000003bf5e00000] [id=3964]
  0x000001a88c7666b0 ConcurrentGCThread "G1 Refine#1" [stack: 0x0000003bf7500000,0x0000003bf7600000] [id=6796]
  0x000001a88c7632f0 ConcurrentGCThread "G1 Refine#2" [stack: 0x0000003bf7600000,0x0000003bf7700000] [id=4264]
  0x000001a88c764430 ConcurrentGCThread "G1 Refine#3" [stack: 0x0000003bf7700000,0x0000003bf7800000] [id=8056]
  0x000001a88c765850 ConcurrentGCThread "G1 Refine#4" [stack: 0x0000003bf7800000,0x0000003bf7900000] [id=14176]
  0x000001a8844c9450 ConcurrentGCThread "G1 Service" [stack: 0x0000003bf5e00000,0x0000003bf5f00000] [id=5456]

Threads with active compile tasks:
C2 CompilerThread0     3590 4717   !   4       org.jetbrains.kotlin.metadata.ProtoBuf$Function::<init> (1410 bytes)
C2 CompilerThread1     3590 4934       4       org.jetbrains.kotlin.resolve.OverridingUtil::collectOverriddenDeclarations (123 bytes)

VM state: not at safepoint (normal execution)

VM Mutex/Monitor currently owned by a thread: None

Heap address: 0x0000000083000000, size: 2000 MB, Compressed Oops mode: 32-bit

CDS archive(s) not mapped
Compressed class space mapped at: 0x0000000100000000-0x0000000140000000, reserved size: 1073741824
Narrow klass base: 0x0000000000000000, Narrow klass shift: 3, Narrow klass range: 0x140000000

GC Precious Log:
 CPUs: 8 total, 8 available
 Memory: 7995M
 Large Page Support: Disabled
 NUMA Support: Disabled
 Compressed Oops: Enabled (32-bit)
 Heap Region Size: 1M
 Heap Min Capacity: 8M
 Heap Initial Capacity: 126M
 Heap Max Capacity: 2000M
 Pre-touch: Disabled
 Parallel Workers: 8
 Concurrent Workers: 2
 Concurrent Refinement Workers: 8
 Periodic GC: Disabled

Heap:
 garbage-first heap   total 137216K, used 51454K [0x0000000083000000, 0x0000000100000000)
  region size 1024K, 22 young (22528K), 9 survivors (9216K)
 Metaspace       used 52755K, committed 52992K, reserved 1114112K
  class space    used 6300K, committed 6400K, reserved 1048576K

Heap Regions: E=young(eden), S=young(survivor), O=old, HS=humongous(starts), HC=humongous(continues), CS=collection set, F=free, OA=open archive, CA=closed archive, TAMS=top-at-mark-start (previous, next)
|   0|0x0000000083000000, 0x0000000083100000, 0x0000000083100000|100%|HS|  |TAMS 0x0000000083100000, 0x0000000083000000| Complete 
|   1|0x0000000083100000, 0x0000000083200000, 0x0000000083200000|100%|HC|  |TAMS 0x0000000083200000, 0x0000000083100000| Complete 
|   2|0x0000000083200000, 0x0000000083300000, 0x0000000083300000|100%|HC|  |TAMS 0x0000000083300000, 0x0000000083200000| Complete 
|   3|0x0000000083300000, 0x0000000083400000, 0x0000000083400000|100%|HC|  |TAMS 0x0000000083400000, 0x0000000083300000| Complete 
|   4|0x0000000083400000, 0x0000000083500000, 0x0000000083500000|100%| O|  |TAMS 0x0000000083500000, 0x0000000083400000| Untracked 
|   5|0x0000000083500000, 0x0000000083600000, 0x0000000083600000|100%| O|  |TAMS 0x0000000083600000, 0x0000000083500000| Untracked 
|   6|0x0000000083600000, 0x0000000083700000, 0x0000000083700000|100%| O|  |TAMS 0x0000000083700000, 0x0000000083600000| Untracked 
|   7|0x0000000083700000, 0x0000000083800000, 0x0000000083800000|100%| O|  |TAMS 0x0000000083800000, 0x0000000083700000| Untracked 
|   8|0x0000000083800000, 0x0000000083900000, 0x0000000083900000|100%| O|  |TAMS 0x0000000083900000, 0x0000000083800000| Untracked 
|   9|0x0000000083900000, 0x0000000083a00000, 0x0000000083a00000|100%| O|  |TAMS 0x0000000083900000, 0x0000000083900000| Untracked 
|  10|0x0000000083a00000, 0x0000000083b00000, 0x0000000083b00000|100%| O|  |TAMS 0x0000000083b00000, 0x0000000083a00000| Untracked 
|  11|0x0000000083b00000, 0x0000000083c00000, 0x0000000083c00000|100%| O|  |TAMS 0x0000000083c00000, 0x0000000083b00000| Untracked 
|  12|0x0000000083c00000, 0x0000000083d00000, 0x0000000083d00000|100%| O|  |TAMS 0x0000000083c00000, 0x0000000083c00000| Untracked 
|  13|0x0000000083d00000, 0x0000000083e00000, 0x0000000083e00000|100%| O|  |TAMS 0x0000000083d00000, 0x0000000083d00000| Untracked 
|  14|0x0000000083e00000, 0x0000000083f00000, 0x0000000083f00000|100%| O|  |TAMS 0x0000000083f00000, 0x0000000083e00000| Untracked 
|  15|0x0000000083f00000, 0x0000000084000000, 0x0000000084000000|100%| O|  |TAMS 0x0000000084000000, 0x0000000083f00000| Untracked 
|  16|0x0000000084000000, 0x0000000084100000, 0x0000000084100000|100%| O|  |TAMS 0x0000000084100000, 0x0000000084000000| Untracked 
|  17|0x0000000084100000, 0x0000000084200000, 0x0000000084200000|100%| O|  |TAMS 0x0000000084100000, 0x0000000084100000| Untracked 
|  18|0x0000000084200000, 0x0000000084300000, 0x0000000084300000|100%| O|  |TAMS 0x0000000084200000, 0x0000000084200000| Untracked 
|  19|0x0000000084300000, 0x0000000084400000, 0x0000000084400000|100%| O|  |TAMS 0x0000000084300000, 0x0000000084300000| Untracked 
|  20|0x0000000084400000, 0x000000008443f800, 0x0000000084500000| 24%| O|  |TAMS 0x000000008443f800, 0x0000000084400000| Untracked 
|  21|0x0000000084500000, 0x0000000084600000, 0x0000000084600000|100%| O|  |TAMS 0x0000000084500000, 0x0000000084500000| Untracked 
|  22|0x0000000084600000, 0x0000000084700000, 0x0000000084700000|100%|HS|  |TAMS 0x0000000084600000, 0x0000000084600000| Complete 
|  23|0x0000000084700000, 0x0000000084800000, 0x0000000084800000|100%|HC|  |TAMS 0x0000000084700000, 0x0000000084700000| Complete 
|  24|0x0000000084800000, 0x0000000084900000, 0x0000000084900000|100%| O|  |TAMS 0x0000000084800000, 0x0000000084800000| Untracked 
|  25|0x0000000084900000, 0x0000000084a00000, 0x0000000084a00000|100%| O|  |TAMS 0x0000000084900000, 0x0000000084900000| Untracked 
|  26|0x0000000084a00000, 0x0000000084b00000, 0x0000000084b00000|100%| O|  |TAMS 0x0000000084a00000, 0x0000000084a00000| Untracked 
|  27|0x0000000084b00000, 0x0000000084c00000, 0x0000000084c00000|100%| O|  |TAMS 0x0000000084b00000, 0x0000000084b00000| Untracked 
|  28|0x0000000084c00000, 0x0000000084d00000, 0x0000000084d00000|100%| O|  |TAMS 0x0000000084c00000, 0x0000000084c00000| Untracked 
|  29|0x0000000084d00000, 0x0000000084e00000, 0x0000000084e00000|100%| O|  |TAMS 0x0000000084d00000, 0x0000000084d00000| Untracked 
|  30|0x0000000084e00000, 0x0000000084e00000, 0x0000000084f00000|  0%| F|  |TAMS 0x0000000084e00000, 0x0000000084e00000| Untracked 
|  31|0x0000000084f00000, 0x0000000084f00000, 0x0000000085000000|  0%| F|  |TAMS 0x0000000084f00000, 0x0000000084f00000| Untracked 
|  32|0x0000000085000000, 0x0000000085000000, 0x0000000085100000|  0%| F|  |TAMS 0x0000000085000000, 0x0000000085000000| Untracked 
|  33|0x0000000085100000, 0x0000000085100000, 0x0000000085200000|  0%| F|  |TAMS 0x0000000085100000, 0x0000000085100000| Untracked 
|  34|0x0000000085200000, 0x0000000085200000, 0x0000000085300000|  0%| F|  |TAMS 0x0000000085200000, 0x0000000085200000| Untracked 
|  35|0x0000000085300000, 0x0000000085300000, 0x0000000085400000|  0%| F|  |TAMS 0x0000000085300000, 0x0000000085300000| Untracked 
|  36|0x0000000085400000, 0x0000000085400000, 0x0000000085500000|  0%| F|  |TAMS 0x0000000085400000, 0x0000000085400000| Untracked 
|  37|0x0000000085500000, 0x0000000085500000, 0x0000000085600000|  0%| F|  |TAMS 0x0000000085500000, 0x0000000085500000| Untracked 
|  38|0x0000000085600000, 0x0000000085600000, 0x0000000085700000|  0%| F|  |TAMS 0x0000000085600000, 0x0000000085600000| Untracked 
|  39|0x0000000085700000, 0x0000000085700000, 0x0000000085800000|  0%| F|  |TAMS 0x0000000085700000, 0x0000000085700000| Untracked 
|  40|0x0000000085800000, 0x0000000085800000, 0x0000000085900000|  0%| F|  |TAMS 0x0000000085800000, 0x0000000085800000| Untracked 
|  41|0x0000000085900000, 0x0000000085900000, 0x0000000085a00000|  0%| F|  |TAMS 0x0000000085900000, 0x0000000085900000| Untracked 
|  42|0x0000000085a00000, 0x0000000085a00000, 0x0000000085b00000|  0%| F|  |TAMS 0x0000000085a00000, 0x0000000085a00000| Untracked 
|  43|0x0000000085b00000, 0x0000000085b00000, 0x0000000085c00000|  0%| F|  |TAMS 0x0000000085b00000, 0x0000000085b00000| Untracked 
|  44|0x0000000085c00000, 0x0000000085c00000, 0x0000000085d00000|  0%| F|  |TAMS 0x0000000085c00000, 0x0000000085c00000| Untracked 
|  45|0x0000000085d00000, 0x0000000085d00000, 0x0000000085e00000|  0%| F|  |TAMS 0x0000000085d00000, 0x0000000085d00000| Untracked 
|  46|0x0000000085e00000, 0x0000000085e00000, 0x0000000085f00000|  0%| F|  |TAMS 0x0000000085e00000, 0x0000000085e00000| Untracked 
|  47|0x0000000085f00000, 0x0000000085f00000, 0x0000000086000000|  0%| F|  |TAMS 0x0000000085f00000, 0x0000000085f00000| Untracked 
|  48|0x0000000086000000, 0x0000000086000000, 0x0000000086100000|  0%| F|  |TAMS 0x0000000086000000, 0x0000000086000000| Untracked 
|  49|0x0000000086100000, 0x0000000086100000, 0x0000000086200000|  0%| F|  |TAMS 0x0000000086100000, 0x0000000086100000| Untracked 
|  50|0x0000000086200000, 0x0000000086200000, 0x0000000086300000|  0%| F|  |TAMS 0x0000000086200000, 0x0000000086200000| Untracked 
|  51|0x0000000086300000, 0x0000000086300000, 0x0000000086400000|  0%| F|  |TAMS 0x0000000086300000, 0x0000000086300000| Untracked 
|  52|0x0000000086400000, 0x0000000086400000, 0x0000000086500000|  0%| F|  |TAMS 0x0000000086400000, 0x0000000086400000| Untracked 
|  53|0x0000000086500000, 0x0000000086500000, 0x0000000086600000|  0%| F|  |TAMS 0x0000000086500000, 0x0000000086500000| Untracked 
|  54|0x0000000086600000, 0x0000000086600000, 0x0000000086700000|  0%| F|  |TAMS 0x0000000086600000, 0x0000000086600000| Untracked 
|  55|0x0000000086700000, 0x0000000086700000, 0x0000000086800000|  0%| F|  |TAMS 0x0000000086700000, 0x0000000086700000| Untracked 
|  56|0x0000000086800000, 0x0000000086800000, 0x0000000086900000|  0%| F|  |TAMS 0x0000000086800000, 0x0000000086800000| Untracked 
|  57|0x0000000086900000, 0x0000000086900000, 0x0000000086a00000|  0%| F|  |TAMS 0x0000000086900000, 0x0000000086900000| Untracked 
|  58|0x0000000086a00000, 0x0000000086b00000, 0x0000000086b00000|100%| S|CS|TAMS 0x0000000086a00000, 0x0000000086a00000| Complete 
|  59|0x0000000086b00000, 0x0000000086c00000, 0x0000000086c00000|100%| S|CS|TAMS 0x0000000086b00000, 0x0000000086b00000| Complete 
|  60|0x0000000086c00000, 0x0000000086d00000, 0x0000000086d00000|100%| S|CS|TAMS 0x0000000086c00000, 0x0000000086c00000| Complete 
|  61|0x0000000086d00000, 0x0000000086e00000, 0x0000000086e00000|100%| S|CS|TAMS 0x0000000086d00000, 0x0000000086d00000| Complete 
|  62|0x0000000086e00000, 0x0000000086f00000, 0x0000000086f00000|100%| S|CS|TAMS 0x0000000086e00000, 0x0000000086e00000| Complete 
|  63|0x0000000086f00000, 0x0000000087000000, 0x0000000087000000|100%| S|CS|TAMS 0x0000000086f00000, 0x0000000086f00000| Complete 
|  64|0x0000000087000000, 0x0000000087100000, 0x0000000087100000|100%| S|CS|TAMS 0x0000000087000000, 0x0000000087000000| Complete 
|  65|0x0000000087100000, 0x0000000087200000, 0x0000000087200000|100%| S|CS|TAMS 0x0000000087100000, 0x0000000087100000| Complete 
|  66|0x0000000087200000, 0x0000000087300000, 0x0000000087300000|100%| S|CS|TAMS 0x0000000087200000, 0x0000000087200000| Complete 
|  67|0x0000000087300000, 0x0000000087300000, 0x0000000087400000|  0%| F|  |TAMS 0x0000000087300000, 0x0000000087300000| Untracked 
|  68|0x0000000087400000, 0x0000000087400000, 0x0000000087500000|  0%| F|  |TAMS 0x0000000087400000, 0x0000000087400000| Untracked 
|  69|0x0000000087500000, 0x0000000087500000, 0x0000000087600000|  0%| F|  |TAMS 0x0000000087500000, 0x0000000087500000| Untracked 
|  70|0x0000000087600000, 0x0000000087600000, 0x0000000087700000|  0%| F|  |TAMS 0x0000000087600000, 0x0000000087600000| Untracked 
|  71|0x0000000087700000, 0x0000000087700000, 0x0000000087800000|  0%| F|  |TAMS 0x0000000087700000, 0x0000000087700000| Untracked 
|  72|0x0000000087800000, 0x0000000087800000, 0x0000000087900000|  0%| F|  |TAMS 0x0000000087800000, 0x0000000087800000| Untracked 
|  73|0x0000000087900000, 0x0000000087900000, 0x0000000087a00000|  0%| F|  |TAMS 0x0000000087900000, 0x0000000087900000| Untracked 
|  74|0x0000000087a00000, 0x0000000087a00000, 0x0000000087b00000|  0%| F|  |TAMS 0x0000000087a00000, 0x0000000087a00000| Untracked 
|  75|0x0000000087b00000, 0x0000000087b00000, 0x0000000087c00000|  0%| F|  |TAMS 0x0000000087b00000, 0x0000000087b00000| Untracked 
|  76|0x0000000087c00000, 0x0000000087c00000, 0x0000000087d00000|  0%| F|  |TAMS 0x0000000087c00000, 0x0000000087c00000| Untracked 
|  77|0x0000000087d00000, 0x0000000087d00000, 0x0000000087e00000|  0%| F|  |TAMS 0x0000000087d00000, 0x0000000087d00000| Untracked 
|  78|0x0000000087e00000, 0x0000000087e00000, 0x0000000087f00000|  0%| F|  |TAMS 0x0000000087e00000, 0x0000000087e00000| Untracked 
|  79|0x0000000087f00000, 0x0000000087f00000, 0x0000000088000000|  0%| F|  |TAMS 0x0000000087f00000, 0x0000000087f00000| Untracked 
|  80|0x0000000088000000, 0x0000000088000000, 0x0000000088100000|  0%| F|  |TAMS 0x0000000088000000, 0x0000000088000000| Untracked 
|  81|0x0000000088100000, 0x0000000088100000, 0x0000000088200000|  0%| F|  |TAMS 0x0000000088100000, 0x0000000088100000| Untracked 
|  82|0x0000000088200000, 0x0000000088200000, 0x0000000088300000|  0%| F|  |TAMS 0x0000000088200000, 0x0000000088200000| Untracked 
|  83|0x0000000088300000, 0x0000000088300000, 0x0000000088400000|  0%| F|  |TAMS 0x0000000088300000, 0x0000000088300000| Untracked 
|  84|0x0000000088400000, 0x0000000088400000, 0x0000000088500000|  0%| F|  |TAMS 0x0000000088400000, 0x0000000088400000| Untracked 
|  85|0x0000000088500000, 0x0000000088500000, 0x0000000088600000|  0%| F|  |TAMS 0x0000000088500000, 0x0000000088500000| Untracked 
|  86|0x0000000088600000, 0x0000000088600000, 0x0000000088700000|  0%| F|  |TAMS 0x0000000088600000, 0x0000000088600000| Untracked 
|  87|0x0000000088700000, 0x0000000088700000, 0x0000000088800000|  0%| F|  |TAMS 0x0000000088700000, 0x0000000088700000| Untracked 
|  88|0x0000000088800000, 0x0000000088800000, 0x0000000088900000|  0%| F|  |TAMS 0x0000000088800000, 0x0000000088800000| Untracked 
|  89|0x0000000088900000, 0x0000000088900000, 0x0000000088a00000|  0%| F|  |TAMS 0x0000000088900000, 0x0000000088900000| Untracked 
|  90|0x0000000088a00000, 0x0000000088a00000, 0x0000000088b00000|  0%| F|  |TAMS 0x0000000088a00000, 0x0000000088a00000| Untracked 
|  91|0x0000000088b00000, 0x0000000088b00000, 0x0000000088c00000|  0%| F|  |TAMS 0x0000000088b00000, 0x0000000088b00000| Untracked 
|  92|0x0000000088c00000, 0x0000000088c00000, 0x0000000088d00000|  0%| F|  |TAMS 0x0000000088c00000, 0x0000000088c00000| Untracked 
|  93|0x0000000088d00000, 0x0000000088d00000, 0x0000000088e00000|  0%| F|  |TAMS 0x0000000088d00000, 0x0000000088d00000| Untracked 
|  94|0x0000000088e00000, 0x0000000088e00000, 0x0000000088f00000|  0%| F|  |TAMS 0x0000000088e00000, 0x0000000088e00000| Untracked 
|  95|0x0000000088f00000, 0x0000000088f00000, 0x0000000089000000|  0%| F|  |TAMS 0x0000000088f00000, 0x0000000088f00000| Untracked 
|  96|0x0000000089000000, 0x0000000089000000, 0x0000000089100000|  0%| F|  |TAMS 0x0000000089000000, 0x0000000089000000| Untracked 
|  97|0x0000000089100000, 0x0000000089100000, 0x0000000089200000|  0%| F|  |TAMS 0x0000000089100000, 0x0000000089100000| Untracked 
|  98|0x0000000089200000, 0x0000000089200000, 0x0000000089300000|  0%| F|  |TAMS 0x0000000089200000, 0x0000000089200000| Untracked 
|  99|0x0000000089300000, 0x0000000089300000, 0x0000000089400000|  0%| F|  |TAMS 0x0000000089300000, 0x0000000089300000| Untracked 
| 100|0x0000000089400000, 0x0000000089400000, 0x0000000089500000|  0%| F|  |TAMS 0x0000000089400000, 0x0000000089400000| Untracked 
| 101|0x0000000089500000, 0x0000000089500000, 0x0000000089600000|  0%| F|  |TAMS 0x0000000089500000, 0x0000000089500000| Untracked 
| 102|0x0000000089600000, 0x0000000089600000, 0x0000000089700000|  0%| F|  |TAMS 0x0000000089600000, 0x0000000089600000| Untracked 
| 103|0x0000000089700000, 0x0000000089700000, 0x0000000089800000|  0%| F|  |TAMS 0x0000000089700000, 0x0000000089700000| Untracked 
| 104|0x0000000089800000, 0x0000000089800000, 0x0000000089900000|  0%| F|  |TAMS 0x0000000089800000, 0x0000000089800000| Untracked 
| 105|0x0000000089900000, 0x0000000089900000, 0x0000000089a00000|  0%| F|  |TAMS 0x0000000089900000, 0x0000000089900000| Untracked 
| 106|0x0000000089a00000, 0x0000000089a00000, 0x0000000089b00000|  0%| F|  |TAMS 0x0000000089a00000, 0x0000000089a00000| Untracked 
| 107|0x0000000089b00000, 0x0000000089b00000, 0x0000000089c00000|  0%| F|  |TAMS 0x0000000089b00000, 0x0000000089b00000| Untracked 
| 108|0x0000000089c00000, 0x0000000089c00000, 0x0000000089d00000|  0%| F|  |TAMS 0x0000000089c00000, 0x0000000089c00000| Untracked 
| 109|0x0000000089d00000, 0x0000000089d00000, 0x0000000089e00000|  0%| F|  |TAMS 0x0000000089d00000, 0x0000000089d00000| Untracked 
| 110|0x0000000089e00000, 0x0000000089e00000, 0x0000000089f00000|  0%| F|  |TAMS 0x0000000089e00000, 0x0000000089e00000| Untracked 
| 111|0x0000000089f00000, 0x0000000089f00000, 0x000000008a000000|  0%| F|  |TAMS 0x0000000089f00000, 0x0000000089f00000| Untracked 
| 112|0x000000008a000000, 0x000000008a000000, 0x000000008a100000|  0%| F|  |TAMS 0x000000008a000000, 0x000000008a000000| Untracked 
| 113|0x000000008a100000, 0x000000008a100000, 0x000000008a200000|  0%| F|  |TAMS 0x000000008a100000, 0x000000008a100000| Untracked 
| 114|0x000000008a200000, 0x000000008a200000, 0x000000008a300000|  0%| F|  |TAMS 0x000000008a200000, 0x000000008a200000| Untracked 
| 115|0x000000008a300000, 0x000000008a300000, 0x000000008a400000|  0%| F|  |TAMS 0x000000008a300000, 0x000000008a300000| Untracked 
| 116|0x000000008a400000, 0x000000008a400000, 0x000000008a500000|  0%| F|  |TAMS 0x000000008a400000, 0x000000008a400000| Untracked 
| 117|0x000000008a500000, 0x000000008a500000, 0x000000008a600000|  0%| F|  |TAMS 0x000000008a500000, 0x000000008a500000| Untracked 
| 118|0x000000008a600000, 0x000000008a600000, 0x000000008a700000|  0%| F|  |TAMS 0x000000008a600000, 0x000000008a600000| Untracked 
| 119|0x000000008a700000, 0x000000008a700000, 0x000000008a800000|  0%| F|  |TAMS 0x000000008a700000, 0x000000008a700000| Untracked 
| 120|0x000000008a800000, 0x000000008a800000, 0x000000008a900000|  0%| F|  |TAMS 0x000000008a800000, 0x000000008a800000| Untracked 
| 121|0x000000008a900000, 0x000000008aa00000, 0x000000008aa00000|100%| E|  |TAMS 0x000000008a900000, 0x000000008a900000| Complete 
| 122|0x000000008aa00000, 0x000000008ab00000, 0x000000008ab00000|100%| E|CS|TAMS 0x000000008aa00000, 0x000000008aa00000| Complete 
| 123|0x000000008ab00000, 0x000000008ac00000, 0x000000008ac00000|100%| E|CS|TAMS 0x000000008ab00000, 0x000000008ab00000| Complete 
| 124|0x000000008ac00000, 0x000000008ad00000, 0x000000008ad00000|100%| E|CS|TAMS 0x000000008ac00000, 0x000000008ac00000| Complete 
| 125|0x000000008ad00000, 0x000000008ae00000, 0x000000008ae00000|100%| E|CS|TAMS 0x000000008ad00000, 0x000000008ad00000| Complete 
| 126|0x000000008ae00000, 0x000000008af00000, 0x000000008af00000|100%| E|CS|TAMS 0x000000008ae00000, 0x000000008ae00000| Complete 
| 127|0x000000008af00000, 0x000000008b000000, 0x000000008b000000|100%| E|CS|TAMS 0x000000008af00000, 0x000000008af00000| Complete 
| 128|0x000000008b000000, 0x000000008b100000, 0x000000008b100000|100%| E|CS|TAMS 0x000000008b000000, 0x000000008b000000| Complete 
| 129|0x000000008b100000, 0x000000008b200000, 0x000000008b200000|100%| E|CS|TAMS 0x000000008b100000, 0x000000008b100000| Complete 
| 130|0x000000008b200000, 0x000000008b300000, 0x000000008b300000|100%| E|CS|TAMS 0x000000008b200000, 0x000000008b200000| Complete 
| 131|0x000000008b300000, 0x000000008b400000, 0x000000008b400000|100%| E|CS|TAMS 0x000000008b300000, 0x000000008b300000| Complete 
| 132|0x000000008b400000, 0x000000008b500000, 0x000000008b500000|100%| E|CS|TAMS 0x000000008b400000, 0x000000008b400000| Complete 
| 133|0x000000008b500000, 0x000000008b600000, 0x000000008b600000|100%| E|CS|TAMS 0x000000008b500000, 0x000000008b500000| Complete 

Card table byte_map: [0x000001a8fd4b0000,0x000001a8fd8a0000] _byte_map_base: 0x000001a8fd098000

Marking Bits (Prev, Next): (CMBitMap*) 0x000001a8ea919600, (CMBitMap*) 0x000001a8ea919640
 Prev Bits: [0x000001a8fdc90000, 0x000001a8ffbd0000)
 Next Bits: [0x000001a880000000, 0x000001a881f40000)

Polling page: 0x000001a8e8840000

Metaspace:

Usage:
  Non-class:     45.42 MB used.
      Class:      6.16 MB used.
       Both:     51.58 MB used.

Virtual space:
  Non-class space:       64.00 MB reserved,      45.50 MB ( 71%) committed,  1 nodes.
      Class space:        1.00 GB reserved,       6.25 MB ( <1%) committed,  1 nodes.
             Both:        1.06 GB reserved,      51.75 MB (  5%) committed. 

Chunk freelists:
   Non-Class:  2.05 MB
       Class:  9.70 MB
        Both:  11.75 MB

MaxMetaspaceSize: unlimited
CompressedClassSpaceSize: 1.00 GB
Initial GC threshold: 21.00 MB
Current GC threshold: 59.00 MB
CDS: off
MetaspaceReclaimPolicy: balanced
 - commit_granule_bytes: 65536.
 - commit_granule_words: 8192.
 - virtual_space_node_default_size: 8388608.
 - enlarge_chunks_in_place: 1.
 - new_chunks_are_fully_committed: 0.
 - uncommit_free_chunks: 1.
 - use_allocation_guard: 0.
 - handle_deallocations: 1.


Internal statistics:

num_allocs_failed_limit: 6.
num_arena_births: 180.
num_arena_deaths: 0.
num_vsnodes_births: 2.
num_vsnodes_deaths: 0.
num_space_committed: 827.
num_space_uncommitted: 0.
num_chunks_returned_to_freelist: 6.
num_chunks_taken_from_freelist: 1693.
num_chunk_merges: 3.
num_chunk_splits: 1444.
num_chunks_enlarged: 1328.
num_inconsistent_stats: 0.

CodeHeap 'non-profiled nmethods': size=120000Kb used=2124Kb max_used=2124Kb free=117875Kb
 bounds [0x000001a8f5860000, 0x000001a8f5ad0000, 0x000001a8fcd90000]
CodeHeap 'profiled nmethods': size=120000Kb used=12283Kb max_used=12283Kb free=107716Kb
 bounds [0x000001a8edd90000, 0x000001a8ee990000, 0x000001a8f52c0000]
CodeHeap 'non-nmethods': size=5760Kb used=1275Kb max_used=1394Kb free=4484Kb
 bounds [0x000001a8f52c0000, 0x000001a8f5530000, 0x000001a8f5860000]
 total_blobs=5562 nmethods=4970 adapters=503
 compilation: enabled
              stopped_count=0, restarted_count=0
 full_count=0

Compilation events (20 events):
Event: 3.476 Thread 0x000001a884802c40 4946       2       org.jetbrains.kotlin.resolve.source.KotlinSourceElement::getPsi (8 bytes)
Event: 3.476 Thread 0x000001a884802c40 nmethod 4946 0x000001a8ee97f910 code [0x000001a8ee97faa0, 0x000001a8ee97fbf8]
Event: 3.476 Thread 0x000001a884802c40 4947       2       org.jetbrains.kotlin.resolve.OverrideResolver$Companion::shouldReportParameterNameOverrideWarning (66 bytes)
Event: 3.477 Thread 0x000001a884802c40 nmethod 4947 0x000001a8ee97fc90 code [0x000001a8ee97ffa0, 0x000001a8ee9809e8]
Event: 3.477 Thread 0x000001a884802c40 4948       2       org.jetbrains.kotlin.descriptors.impl.ClassDescriptorBase::getSource (13 bytes)
Event: 3.477 Thread 0x000001a884802c40 nmethod 4948 0x000001a8ee981090 code [0x000001a8ee981220, 0x000001a8ee981368]
Event: 3.477 Thread 0x000001a884802c40 4950       1       org.jetbrains.kotlin.descriptors.impl.FunctionDescriptorImpl::hasStableParameterNames (5 bytes)
Event: 3.477 Thread 0x000001a884802c40 nmethod 4950 0x000001a8f5a6f090 code [0x000001a8f5a6f220, 0x000001a8f5a6f2f8]
Event: 3.478 Thread 0x000001a889d645b0 nmethod 4713 0x000001a8f5a66410 code [0x000001a8f5a668e0, 0x000001a8f5a6c630]
Event: 3.478 Thread 0x000001a889d645b0 4862       4       org.jetbrains.kotlin.load.java.JavaDescriptorVisibilities::toDescriptorVisibility (49 bytes)
Event: 3.483 Thread 0x000001a889d645b0 nmethod 4862 0x000001a8f5a6f390 code [0x000001a8f5a6f540, 0x000001a8f5a6f9f8]
Event: 3.483 Thread 0x000001a889d645b0 4934       4       org.jetbrains.kotlin.resolve.OverridingUtil::collectOverriddenDeclarations (123 bytes)
Event: 3.487 Thread 0x000001a884802c40 4951       2       org.jetbrains.kotlin.metadata.deserialization.VersionRequirementTable$Companion::create (39 bytes)
Event: 3.487 Thread 0x000001a884802c40 nmethod 4951 0x000001a8ee981410 code [0x000001a8ee981600, 0x000001a8ee9819f8]
Event: 3.487 Thread 0x000001a884802c40 4952       2       org.jetbrains.kotlin.metadata.ProtoBuf$VersionRequirementTable::getRequirementCount (10 bytes)
Event: 3.487 Thread 0x000001a884802c40 nmethod 4952 0x000001a8ee981c10 code [0x000001a8ee981da0, 0x000001a8ee981ec8]
Event: 3.513 Thread 0x000001a884802c40 4953       2       java.util.ImmutableCollections$Set12::contains (28 bytes)
Event: 3.513 Thread 0x000001a884802c40 nmethod 4953 0x000001a8ee981f90 code [0x000001a8ee982140, 0x000001a8ee9822d8]
Event: 3.514 Thread 0x000001a884802c40 4954       1       org.jetbrains.kotlin.resolve.calls.components.candidate.SimpleResolutionCandidate::getResolvedCall (5 bytes)
Event: 3.514 Thread 0x000001a884802c40 nmethod 4954 0x000001a8f5a6fd10 code [0x000001a8f5a6fea0, 0x000001a8f5a6ff78]

GC Heap History (20 events):
Event: 0.919 GC heap before
{Heap before GC invocations=1 (full 0):
 garbage-first heap   total 129024K, used 37461K [0x0000000083000000, 0x0000000100000000)
  region size 1024K, 34 young (34816K), 3 survivors (3072K)
 Metaspace       used 21358K, committed 21504K, reserved 1114112K
  class space    used 2324K, committed 2432K, reserved 1048576K
}
Event: 0.926 GC heap after
{Heap after GC invocations=2 (full 0):
 garbage-first heap   total 129024K, used 10236K [0x0000000083000000, 0x0000000100000000)
  region size 1024K, 4 young (4096K), 4 survivors (4096K)
 Metaspace       used 21358K, committed 21504K, reserved 1114112K
  class space    used 2324K, committed 2432K, reserved 1048576K
}
Event: 1.231 GC heap before
{Heap before GC invocations=3 (full 0):
 garbage-first heap   total 40960K, used 30716K [0x0000000083000000, 0x0000000100000000)
  region size 1024K, 24 young (24576K), 4 survivors (4096K)
 Metaspace       used 27977K, committed 28160K, reserved 1114112K
  class space    used 3476K, committed 3584K, reserved 1048576K
}
Event: 1.238 GC heap after
{Heap after GC invocations=4 (full 0):
 garbage-first heap   total 40960K, used 11401K [0x0000000083000000, 0x0000000100000000)
  region size 1024K, 2 young (2048K), 2 survivors (2048K)
 Metaspace       used 27977K, committed 28160K, reserved 1114112K
  class space    used 3476K, committed 3584K, reserved 1048576K
}
Event: 1.251 GC heap before
{Heap before GC invocations=4 (full 0):
 garbage-first heap   total 40960K, used 11401K [0x0000000083000000, 0x0000000100000000)
  region size 1024K, 3 young (3072K), 2 survivors (2048K)
 Metaspace       used 28291K, committed 28480K, reserved 1114112K
  class space    used 3520K, committed 3584K, reserved 1048576K
}
Event: 1.255 GC heap after
{Heap after GC invocations=5 (full 0):
 garbage-first heap   total 40960K, used 11555K [0x0000000083000000, 0x0000000100000000)
  region size 1024K, 1 young (1024K), 1 survivors (1024K)
 Metaspace       used 28291K, committed 28480K, reserved 1114112K
  class space    used 3520K, committed 3584K, reserved 1048576K
}
Event: 1.451 GC heap before
{Heap before GC invocations=5 (full 0):
 garbage-first heap   total 40960K, used 33059K [0x0000000083000000, 0x0000000100000000)
  region size 1024K, 20 young (20480K), 1 survivors (1024K)
 Metaspace       used 30775K, committed 30912K, reserved 1114112K
  class space    used 3988K, committed 4032K, reserved 1048576K
}
Event: 1.458 GC heap after
{Heap after GC invocations=6 (full 0):
 garbage-first heap   total 40960K, used 17762K [0x0000000083000000, 0x0000000100000000)
  region size 1024K, 3 young (3072K), 3 survivors (3072K)
 Metaspace       used 30775K, committed 30912K, reserved 1114112K
  class space    used 3988K, committed 4032K, reserved 1048576K
}
Event: 1.629 GC heap before
{Heap before GC invocations=6 (full 0):
 garbage-first heap   total 40960K, used 31074K [0x0000000083000000, 0x0000000100000000)
  region size 1024K, 16 young (16384K), 3 survivors (3072K)
 Metaspace       used 34060K, committed 34304K, reserved 1114112K
  class space    used 4351K, committed 4480K, reserved 1048576K
}
Event: 1.635 GC heap after
{Heap after GC invocations=7 (full 0):
 garbage-first heap   total 78848K, used 17074K [0x0000000083000000, 0x0000000100000000)
  region size 1024K, 2 young (2048K), 2 survivors (2048K)
 Metaspace       used 34060K, committed 34304K, reserved 1114112K
  class space    used 4351K, committed 4480K, reserved 1048576K
}
Event: 1.728 GC heap before
{Heap before GC invocations=7 (full 0):
 garbage-first heap   total 78848K, used 25266K [0x0000000083000000, 0x0000000100000000)
  region size 1024K, 11 young (11264K), 2 survivors (2048K)
 Metaspace       used 35764K, committed 35968K, reserved 1114112K
  class space    used 4534K, committed 4672K, reserved 1048576K
}
Event: 1.732 GC heap after
{Heap after GC invocations=8 (full 0):
 garbage-first heap   total 78848K, used 18126K [0x0000000083000000, 0x0000000100000000)
  region size 1024K, 3 young (3072K), 3 survivors (3072K)
 Metaspace       used 35764K, committed 35968K, reserved 1114112K
  class space    used 4534K, committed 4672K, reserved 1048576K
}
Event: 2.237 GC heap before
{Heap before GC invocations=9 (full 0):
 garbage-first heap   total 68608K, used 56014K [0x0000000083000000, 0x0000000100000000)
  region size 1024K, 40 young (40960K), 3 survivors (3072K)
 Metaspace       used 44514K, committed 44800K, reserved 1114112K
  class space    used 5492K, committed 5632K, reserved 1048576K
}
Event: 2.245 GC heap after
{Heap after GC invocations=10 (full 0):
 garbage-first heap   total 68608K, used 20794K [0x0000000083000000, 0x0000000100000000)
  region size 1024K, 5 young (5120K), 5 survivors (5120K)
 Metaspace       used 44514K, committed 44800K, reserved 1114112K
  class space    used 5492K, committed 5632K, reserved 1048576K
}
Event: 2.256 GC heap before
{Heap before GC invocations=10 (full 0):
 garbage-first heap   total 68608K, used 21818K [0x0000000083000000, 0x0000000100000000)
  region size 1024K, 6 young (6144K), 5 survivors (5120K)
 Metaspace       used 44758K, committed 44992K, reserved 1114112K
  class space    used 5516K, committed 5632K, reserved 1048576K
}
Event: 2.263 GC heap after
{Heap after GC invocations=11 (full 0):
 garbage-first heap   total 68608K, used 20590K [0x0000000083000000, 0x0000000100000000)
  region size 1024K, 1 young (1024K), 1 survivors (1024K)
 Metaspace       used 44758K, committed 44992K, reserved 1114112K
  class space    used 5516K, committed 5632K, reserved 1048576K
}
Event: 2.513 GC heap before
{Heap before GC invocations=11 (full 0):
 garbage-first heap   total 68608K, used 53358K [0x0000000083000000, 0x0000000100000000)
  region size 1024K, 30 young (30720K), 1 survivors (1024K)
 Metaspace       used 46585K, committed 46784K, reserved 1114112K
  class space    used 5702K, committed 5824K, reserved 1048576K
}
Event: 2.522 GC heap after
{Heap after GC invocations=12 (full 0):
 garbage-first heap   total 137216K, used 29292K [0x0000000083000000, 0x0000000100000000)
  region size 1024K, 4 young (4096K), 4 survivors (4096K)
 Metaspace       used 46585K, committed 46784K, reserved 1114112K
  class space    used 5702K, committed 5824K, reserved 1048576K
}
Event: 3.447 GC heap before
{Heap before GC invocations=12 (full 0):
 garbage-first heap   total 137216K, used 97900K [0x0000000083000000, 0x0000000100000000)
  region size 1024K, 71 young (72704K), 4 survivors (4096K)
 Metaspace       used 50479K, committed 50752K, reserved 1114112K
  class space    used 6024K, committed 6144K, reserved 1048576K
}
Event: 3.465 GC heap after
{Heap after GC invocations=13 (full 0):
 garbage-first heap   total 137216K, used 39166K [0x0000000083000000, 0x0000000100000000)
  region size 1024K, 9 young (9216K), 9 survivors (9216K)
 Metaspace       used 50479K, committed 50752K, reserved 1114112K
  class space    used 6024K, committed 6144K, reserved 1048576K
}

Dll operation events (2 events):
Event: 0.010 Loaded shared library E:\Android_Current_Version\install\jbr\bin\java.dll
Event: 1.108 Loaded shared library E:\Android_Current_Version\install\jbr\bin\verify.dll

Deoptimization events (20 events):
Event: 3.479 Thread 0x000001a8ea8bd510 Uncommon trap: trap_request=0xffffffde fr.pc=0x000001a8f59be064 relative=0x0000000000000484
Event: 3.479 Thread 0x000001a8ea8bd510 Uncommon trap: reason=class_check action=maybe_recompile pc=0x000001a8f59be064 method=java.util.regex.Matcher.search(I)Z @ 121 c2
Event: 3.479 Thread 0x000001a8ea8bd510 DEOPT PACKING pc=0x000001a8f59be064 sp=0x0000003bf59fdc80
Event: 3.479 Thread 0x000001a8ea8bd510 DEOPT UNPACKING pc=0x000001a8f53169a3 sp=0x0000003bf59fdc40 mode 2
Event: 3.479 Thread 0x000001a8ea8bd510 Uncommon trap: trap_request=0xffffffde fr.pc=0x000001a8f5a3e12c relative=0x000000000000178c
Event: 3.479 Thread 0x000001a8ea8bd510 Uncommon trap: reason=class_check action=maybe_recompile pc=0x000001a8f5a3e12c method=org.jetbrains.kotlin.load.java.lazy.descriptors.LazyJavaScope.getFunctionNamesLazy()Ljava/util/Set; @ 13 c2
Event: 3.479 Thread 0x000001a8ea8bd510 DEOPT PACKING pc=0x000001a8f5a3e12c sp=0x0000003bf59fde70
Event: 3.479 Thread 0x000001a8ea8bd510 DEOPT UNPACKING pc=0x000001a8f53169a3 sp=0x0000003bf59fdda0 mode 2
Event: 3.479 Thread 0x000001a8ea8bd510 Uncommon trap: trap_request=0xffffffde fr.pc=0x000001a8f5a3e12c relative=0x000000000000178c
Event: 3.479 Thread 0x000001a8ea8bd510 Uncommon trap: reason=class_check action=maybe_recompile pc=0x000001a8f5a3e12c method=org.jetbrains.kotlin.load.java.lazy.descriptors.LazyJavaScope.getFunctionNamesLazy()Ljava/util/Set; @ 13 c2
Event: 3.479 Thread 0x000001a8ea8bd510 DEOPT PACKING pc=0x000001a8f5a3e12c sp=0x0000003bf59fde70
Event: 3.479 Thread 0x000001a8ea8bd510 DEOPT UNPACKING pc=0x000001a8f53169a3 sp=0x0000003bf59fdda0 mode 2
Event: 3.479 Thread 0x000001a8ea8bd510 Uncommon trap: trap_request=0xffffffde fr.pc=0x000001a8f59be064 relative=0x0000000000000484
Event: 3.479 Thread 0x000001a8ea8bd510 Uncommon trap: reason=class_check action=maybe_recompile pc=0x000001a8f59be064 method=java.util.regex.Matcher.search(I)Z @ 121 c2
Event: 3.479 Thread 0x000001a8ea8bd510 DEOPT PACKING pc=0x000001a8f59be064 sp=0x0000003bf59fdc80
Event: 3.479 Thread 0x000001a8ea8bd510 DEOPT UNPACKING pc=0x000001a8f53169a3 sp=0x0000003bf59fdc40 mode 2
Event: 3.490 Thread 0x000001a8ea8bd510 Uncommon trap: trap_request=0xffffff45 fr.pc=0x000001a8f59c0e50 relative=0x0000000000000230
Event: 3.490 Thread 0x000001a8ea8bd510 Uncommon trap: reason=unstable_if action=reinterpret pc=0x000001a8f59c0e50 method=org.jetbrains.kotlin.name.Name.hashCode()I @ 16 c2
Event: 3.490 Thread 0x000001a8ea8bd510 DEOPT PACKING pc=0x000001a8f59c0e50 sp=0x0000003bf59fd650
Event: 3.491 Thread 0x000001a8ea8bd510 DEOPT UNPACKING pc=0x000001a8f53169a3 sp=0x0000003bf59fd5e8 mode 2

Classes unloaded (0 events):
No events

Classes redefined (0 events):
No events

Internal exceptions (20 events):
Event: 0.971 Thread 0x000001a8ea8bd510 Exception <a 'java/lang/NoSuchMethodError'{0x000000008507afc0}: 'int java.lang.invoke.DirectMethodHandle$Holder.invokeStaticInit(java.lang.Object, java.lang.Object, java.lang.Object)'> (0x000000008507afc0) 
thrown [s\src\hotspot\share\interpreter\linkResolver.cpp, line 771]
Event: 0.975 Thread 0x000001a8ea8bd510 Exception <a 'java/lang/NoSuchMethodError'{0x00000000850a47a0}: 'int java.lang.invoke.DirectMethodHandle$Holder.invokeStaticInit(java.lang.Object, java.lang.Object)'> (0x00000000850a47a0) 
thrown [s\src\hotspot\share\interpreter\linkResolver.cpp, line 771]
Event: 0.987 Thread 0x000001a8ea8bd510 Exception <a 'java/lang/NoSuchMethodError'{0x0000000084f83508}: 'void java.lang.invoke.DirectMethodHandle$Holder.invokeSpecial(java.lang.Object, java.lang.Object, java.lang.Object)'> (0x0000000084f83508) 
thrown [s\src\hotspot\share\interpreter\linkResolver.cpp, line 771]
Event: 1.033 Thread 0x000001a8ea8bd510 Exception <a 'java/lang/NoSuchMethodError'{0x0000000084ca8980}: 'void java.lang.invoke.DirectMethodHandle$Holder.invokeStatic(java.lang.Object, java.lang.Object, java.lang.Object, java.lang.Object)'> (0x0000000084ca8980) 
thrown [s\src\hotspot\share\interpreter\linkResolver.cpp, line 771]
Event: 1.078 Thread 0x000001a8ea8bd510 Exception <a 'java/lang/NoSuchMethodError'{0x000000008486a6f0}: 'void java.lang.invoke.DirectMethodHandle$Holder.invokeStaticInit(java.lang.Object, java.lang.Object)'> (0x000000008486a6f0) 
thrown [s\src\hotspot\share\interpreter\linkResolver.cpp, line 771]
Event: 1.149 Thread 0x000001a8ea8bd510 Exception <a 'java/lang/NoSuchMethodError'{0x00000000844e2930}: 'void java.lang.invoke.DirectMethodHandle$Holder.invokeVirtual(java.lang.Object, java.lang.Object)'> (0x00000000844e2930) 
thrown [s\src\hotspot\share\interpreter\linkResolver.cpp, line 771]
Event: 1.156 Thread 0x000001a8ea8bd510 Exception <a 'java/lang/NoSuchMethodError'{0x000000008435c800}: 'int java.lang.invoke.DirectMethodHandle$Holder.invokeVirtual(java.lang.Object, java.lang.Object)'> (0x000000008435c800) 
thrown [s\src\hotspot\share\interpreter\linkResolver.cpp, line 771]
Event: 1.166 Thread 0x000001a8ea8bd510 Exception <a 'java/lang/NoSuchMethodError'{0x00000000843f4030}: 'java.lang.Object java.lang.invoke.Invokers$Holder.invokeExact_MT(java.lang.Object, java.lang.Object, java.lang.Object, java.lang.Object, java.lang.Object, java.lang.Object)'> (0x00000000843f4030) 
thrown [s\src\hotspot\share\interpreter\linkResolver.cpp, line 771]
Event: 1.466 Thread 0x000001a8ea8bd510 Implicit null exception at 0x000001a8f5877972 to 0x000001a8f5877f8c
Event: 1.542 Thread 0x000001a8ea8bd510 Implicit null exception at 0x000001a8f5879972 to 0x000001a8f5879fac
Event: 1.573 Thread 0x000001a8ea8bd510 Exception <a 'java/lang/NoSuchMethodError'{0x0000000084d295e0}: 'java.lang.Object java.lang.invoke.DirectMethodHandle$Holder.invokeVirtual(java.lang.Object, java.lang.Object, java.lang.Object)'> (0x0000000084d295e0) 
thrown [s\src\hotspot\share\interpreter\linkResolver.cpp, line 771]
Event: 2.114 Thread 0x000001a8ea8bd510 Exception <a 'java/lang/NoSuchMethodError'{0x0000000085094900}: 'java.lang.Object java.lang.invoke.DirectMethodHandle$Holder.newInvokeSpecial(java.lang.Object, java.lang.Object, java.lang.Object, int)'> (0x0000000085094900) 
thrown [s\src\hotspot\share\interpreter\linkResolver.cpp, line 771]
Event: 2.115 Thread 0x000001a8ea8bd510 Exception <a 'java/lang/NoSuchMethodError'{0x0000000085098f88}: 'java.lang.Object java.lang.invoke.DirectMethodHandle$Holder.invokeSpecial(java.lang.Object, java.lang.Object, java.lang.Object, java.lang.Object, int)'> (0x0000000085098f88) 
thrown [s\src\hotspot\share\interpreter\linkResolver.cpp, line 771]
Event: 2.115 Thread 0x000001a8ea8bd510 Exception <a 'java/lang/NoSuchMethodError'{0x000000008509cdf8}: 'java.lang.Object java.lang.invoke.Invokers$Holder.linkToTargetMethod(java.lang.Object, java.lang.Object, int, java.lang.Object)'> (0x000000008509cdf8) 
thrown [s\src\hotspot\share\interpreter\linkResolver.cpp, line 771]
Event: 2.290 Thread 0x000001a8ea8bd510 Exception <a 'java/lang/NoSuchMethodError'{0x00000000872a5348}: 'java.lang.Object java.lang.invoke.DirectMethodHandle$Holder.newInvokeSpecial(java.lang.Object, java.lang.Object, int)'> (0x00000000872a5348) 
thrown [s\src\hotspot\share\interpreter\linkResolver.cpp, line 771]
Event: 2.722 Thread 0x000001a8ea8bd510 Exception <a 'java/lang/NoSuchMethodError'{0x000000008a1978a0}: 'java.lang.Object java.lang.invoke.DirectMethodHandle$Holder.invokeStaticInit(java.lang.Object, java.lang.Object, java.lang.Object)'> (0x000000008a1978a0) 
thrown [s\src\hotspot\share\interpreter\linkResolver.cpp, line 771]
Event: 3.194 Thread 0x000001a8ea8bd510 Implicit null exception at 0x000001a8f58b008e to 0x000001a8f58b0314
Event: 3.194 Thread 0x000001a8ea8bd510 Implicit null exception at 0x000001a8f594760f to 0x000001a8f5947689
Event: 3.286 Thread 0x000001a8ea8bd510 Exception <a 'java/lang/NoSuchMethodError'{0x00000000883b16c8}: 'java.lang.Object java.lang.invoke.DirectMethodHandle$Holder.newInvokeSpecial(java.lang.Object, int, java.lang.Object)'> (0x00000000883b16c8) 
thrown [s\src\hotspot\share\interpreter\linkResolver.cpp, line 771]
Event: 3.287 Thread 0x000001a8ea8bd510 Exception <a 'java/lang/NoSuchMethodError'{0x00000000883b7c98}: 'int java.lang.invoke.DirectMethodHandle$Holder.invokeInterface(java.lang.Object, java.lang.Object)'> (0x00000000883b7c98) 
thrown [s\src\hotspot\share\interpreter\linkResolver.cpp, line 771]

VM Operations (20 events):
Event: 3.178 Executing VM operation: ICBufferFull
Event: 3.179 Executing VM operation: ICBufferFull done
Event: 3.237 Executing VM operation: ICBufferFull
Event: 3.238 Executing VM operation: ICBufferFull done
Event: 3.278 Executing VM operation: HandshakeAllThreads
Event: 3.278 Executing VM operation: HandshakeAllThreads done
Event: 3.287 Executing VM operation: ICBufferFull
Event: 3.287 Executing VM operation: ICBufferFull done
Event: 3.371 Executing VM operation: ICBufferFull
Event: 3.371 Executing VM operation: ICBufferFull done
Event: 3.419 Executing VM operation: HandshakeAllThreads
Event: 3.419 Executing VM operation: HandshakeAllThreads done
Event: 3.425 Executing VM operation: HandshakeAllThreads
Event: 3.425 Executing VM operation: HandshakeAllThreads done
Event: 3.447 Executing VM operation: G1CollectForAllocation
Event: 3.465 Executing VM operation: G1CollectForAllocation done
Event: 3.485 Executing VM operation: HandshakeAllThreads
Event: 3.485 Executing VM operation: HandshakeAllThreads done
Event: 3.513 Executing VM operation: HandshakeAllThreads
Event: 3.513 Executing VM operation: HandshakeAllThreads done

Events (20 events):
Event: 2.575 loading class java/util/stream/ReduceOps$AccumulatingSink done
Event: 2.575 loading class java/util/stream/ReduceOps$Box
Event: 2.575 loading class java/util/stream/ReduceOps$Box done
Event: 2.575 loading class java/util/stream/ReduceOps$3ReducingSink done
Event: 2.575 loading class java/util/stream/ReferencePipeline$2$1
Event: 2.575 loading class java/util/stream/ReferencePipeline$2$1 done
Event: 2.575 loading class java/util/stream/IntPipeline$1$1
Event: 2.575 loading class java/util/stream/Sink$ChainedInt
Event: 2.575 loading class java/util/stream/Sink$OfInt
Event: 2.575 loading class java/util/function/IntConsumer
Event: 2.576 loading class java/util/function/IntConsumer done
Event: 2.576 loading class java/util/stream/Sink$OfInt done
Event: 2.576 loading class java/util/stream/Sink$ChainedInt done
Event: 2.576 loading class java/util/stream/IntPipeline$1$1 done
Event: 2.661 loading class java/util/function/IntUnaryOperator
Event: 2.661 loading class java/util/function/IntUnaryOperator done
Event: 2.758 loading class java/util/RegularEnumSet$EnumSetIterator
Event: 2.758 loading class java/util/RegularEnumSet$EnumSetIterator done
Event: 2.758 loading class java/util/Collections$SingletonMap
Event: 2.758 loading class java/util/Collections$SingletonMap done


Dynamic libraries:
0x00007ff697840000 - 0x00007ff69784a000 	E:\Android_Current_Version\install\jbr\bin\java.exe
0x00007ffc00710000 - 0x00007ffc00926000 	C:\WINDOWS\SYSTEM32\ntdll.dll
0x00007ffbff480000 - 0x00007ffbff544000 	C:\WINDOWS\System32\KERNEL32.DLL
0x00007ffbfdc00000 - 0x00007ffbfdfa6000 	C:\WINDOWS\System32\KERNELBASE.dll
0x00007ffbfe100000 - 0x00007ffbfe211000 	C:\WINDOWS\System32\ucrtbase.dll
0x00007ffbd7d40000 - 0x00007ffbd7d57000 	E:\Android_Current_Version\install\jbr\bin\jli.dll
0x00007ffbe2c60000 - 0x00007ffbe2c7b000 	E:\Android_Current_Version\install\jbr\bin\VCRUNTIME140.dll
0x00007ffc00520000 - 0x00007ffc006cd000 	C:\WINDOWS\System32\USER32.dll
0x00007ffbfe430000 - 0x00007ffbfe456000 	C:\WINDOWS\System32\win32u.dll
0x00007ffc000e0000 - 0x00007ffc00109000 	C:\WINDOWS\System32\GDI32.dll
0x00007ffbe3030000 - 0x00007ffbe32c3000 	C:\WINDOWS\WinSxS\amd64_microsoft.windows.common-controls_6595b64144ccf1df_6.0.22621.3235_none_270f74e173860f98\COMCTL32.dll
0x00007ffbfdfb0000 - 0x00007ffbfe0c8000 	C:\WINDOWS\System32\gdi32full.dll
0x00007ffbffa90000 - 0x00007ffbffb37000 	C:\WINDOWS\System32\msvcrt.dll
0x00007ffbfe220000 - 0x00007ffbfe2ba000 	C:\WINDOWS\System32\msvcp_win.dll
0x00007ffc00110000 - 0x00007ffc00141000 	C:\WINDOWS\System32\IMM32.DLL
0x00007ffbf8be0000 - 0x00007ffbf8bec000 	E:\Android_Current_Version\install\jbr\bin\vcruntime140_1.dll
0x00007ffbb45c0000 - 0x00007ffbb464d000 	E:\Android_Current_Version\install\jbr\bin\msvcp140.dll
0x00007ffb9f140000 - 0x00007ffb9fdc0000 	E:\Android_Current_Version\install\jbr\bin\server\jvm.dll
0x00007ffbff9d0000 - 0x00007ffbffa82000 	C:\WINDOWS\System32\ADVAPI32.dll
0x00007ffbfe770000 - 0x00007ffbfe818000 	C:\WINDOWS\System32\sechost.dll
0x00007ffbfe0d0000 - 0x00007ffbfe0f8000 	C:\WINDOWS\System32\bcrypt.dll
0x00007ffbfe8e0000 - 0x00007ffbfe9f5000 	C:\WINDOWS\System32\RPCRT4.dll
0x00007ffbf5b50000 - 0x00007ffbf5b84000 	C:\WINDOWS\SYSTEM32\WINMM.dll
0x00007ffbd4560000 - 0x00007ffbd4569000 	C:\WINDOWS\SYSTEM32\WSOCK32.dll
0x00007ffbf37d0000 - 0x00007ffbf37da000 	C:\WINDOWS\SYSTEM32\VERSION.dll
0x00007ffbff280000 - 0x00007ffbff2f1000 	C:\WINDOWS\System32\WS2_32.dll
0x00007ffbfca90000 - 0x00007ffbfcaa8000 	C:\WINDOWS\SYSTEM32\kernel.appcore.dll
0x00007ffbf5f00000 - 0x00007ffbf5f0a000 	E:\Android_Current_Version\install\jbr\bin\jimage.dll
0x00007ffbfb390000 - 0x00007ffbfb5c3000 	C:\WINDOWS\SYSTEM32\DBGHELP.DLL
0x00007ffbffb40000 - 0x00007ffbffec8000 	C:\WINDOWS\System32\combase.dll
0x00007ffc003e0000 - 0x00007ffc004b7000 	C:\WINDOWS\System32\OLEAUT32.dll
0x00007ffbdb130000 - 0x00007ffbdb162000 	C:\WINDOWS\SYSTEM32\dbgcore.DLL
0x00007ffbfdb80000 - 0x00007ffbfdbfa000 	C:\WINDOWS\System32\bcryptPrimitives.dll
0x00007ffbcc460000 - 0x00007ffbcc485000 	E:\Android_Current_Version\install\jbr\bin\java.dll
0x00007ffbe03d0000 - 0x00007ffbe03e8000 	E:\Android_Current_Version\install\jbr\bin\zip.dll
0x00007ffbfea00000 - 0x00007ffbff25d000 	C:\WINDOWS\System32\SHELL32.dll
0x00007ffbfb9b0000 - 0x00007ffbfc2a8000 	C:\WINDOWS\SYSTEM32\windows.storage.dll
0x00007ffbfb870000 - 0x00007ffbfb9ae000 	C:\WINDOWS\SYSTEM32\wintypes.dll
0x00007ffc002b0000 - 0x00007ffc003a3000 	C:\WINDOWS\System32\SHCORE.dll
0x00007ffbfe4e0000 - 0x00007ffbfe53e000 	C:\WINDOWS\System32\shlwapi.dll
0x00007ffbfd980000 - 0x00007ffbfd9a6000 	C:\WINDOWS\SYSTEM32\profapi.dll
0x00007ffbe01b0000 - 0x00007ffbe01c9000 	E:\Android_Current_Version\install\jbr\bin\net.dll
0x00007ffbf6a00000 - 0x00007ffbf6b37000 	C:\WINDOWS\SYSTEM32\WINHTTP.dll
0x00007ffbfcf10000 - 0x00007ffbfcf79000 	C:\WINDOWS\system32\mswsock.dll
0x00007ffbdc010000 - 0x00007ffbdc026000 	E:\Android_Current_Version\install\jbr\bin\nio.dll
0x00007ffbe4000000 - 0x00007ffbe4010000 	E:\Android_Current_Version\install\jbr\bin\verify.dll

dbghelp: loaded successfully - version: 4.0.5 - missing functions: none
symbol engine: initialized successfully - sym options: 0x614 - pdb path: .;E:\Android_Current_Version\install\jbr\bin;C:\WINDOWS\SYSTEM32;C:\WINDOWS\WinSxS\amd64_microsoft.windows.common-controls_6595b64144ccf1df_6.0.22621.3235_none_270f74e173860f98;E:\Android_Current_Version\install\jbr\bin\server

VM Arguments:
java_command: org.jetbrains.kotlin.cli.jvm.K2JVMCompiler @E:\MAD_Project\app\build\20240319_12275069382005029044.compiler.options
java_class_path (initial): E:\Android_Gradle\caches\modules-2\files-2.1\org.jetbrains.kotlin\kotlin-compiler-embeddable\1.9.10\57ca1b0823ae3ecb451a97e1f8e6de0b19ea5294\kotlin-compiler-embeddable-1.9.10.jar;E:\Android_Gradle\caches\modules-2\files-2.1\org.jetbrains.kotlin\kotlin-stdlib\1.9.10\72812e8a368917ab5c0a5081b56915ffdfec93b7\kotlin-stdlib-1.9.10.jar;E:\Android_Gradle\caches\modules-2\files-2.1\org.jetbrains.kotlin\kotlin-script-runtime\1.9.10\398513a8534701579cccaf5953ea914416b4696c\kotlin-script-runtime-1.9.10.jar;E:\Android_Gradle\caches\modules-2\files-2.1\org.jetbrains.kotlin\kotlin-reflect\1.6.10\1cbe9c92c12a94eea200d23c2bbaedaf3daf5132\kotlin-reflect-1.6.10.jar;E:\Android_Gradle\caches\modules-2\files-2.1\org.jetbrains.kotlin\kotlin-daemon-embeddable\1.9.10\bda2f7daa6b89d2ded2d9e1e0b0cadaf9446ade1\kotlin-daemon-embeddable-1.9.10.jar;E:\Android_Gradle\caches\modules-2\files-2.1\org.jetbrains.intellij.deps\trove4j\1.0.20200330\3afb14d5f9ceb459d724e907a21145e8ff394f02\trove4j-1.0.20200330.jar;E:\Android_Gradle\caches\modules-2\files-2.1\org.jetbrains.kotlin\kotlin-stdlib-common\1.9.10\dafaf2c27f27c09220cee312df10917d9a5d97ce\kotlin-stdlib-common-1.9.10.jar;E:\Android_Gradle\caches\modules-2\files-2.1\org.jetbrains\annotations\13.0\919f0dfe192fb4e063e7dacadee7f8bb9a2672a9\annotations-13.0.jar
Launcher Type: SUN_STANDARD

[Global flags]
     intx CICompilerCount                          = 4                                         {product} {ergonomic}
     uint ConcGCThreads                            = 2                                         {product} {ergonomic}
     uint G1ConcRefinementThreads                  = 8                                         {product} {ergonomic}
   size_t G1HeapRegionSize                         = 1048576                                   {product} {ergonomic}
    uintx GCDrainStackTargetSize                   = 64                                        {product} {ergonomic}
   size_t InitialHeapSize                          = 132120576                                 {product} {ergonomic}
   size_t MarkStackSize                            = 4194304                                   {product} {ergonomic}
   size_t MaxHeapSize                              = 2097152000                                {product} {ergonomic}
   size_t MaxNewSize                               = 1258291200                                {product} {ergonomic}
   size_t MinHeapDeltaBytes                        = 1048576                                   {product} {ergonomic}
   size_t MinHeapSize                              = 8388608                                   {product} {ergonomic}
    uintx NonNMethodCodeHeapSize                   = 5839372                                {pd product} {ergonomic}
    uintx NonProfiledCodeHeapSize                  = 122909434                              {pd product} {ergonomic}
    uintx ProfiledCodeHeapSize                     = 122909434                              {pd product} {ergonomic}
    uintx ReservedCodeCacheSize                    = 251658240                              {pd product} {ergonomic}
     bool SegmentedCodeCache                       = true                                      {product} {ergonomic}
   size_t SoftMaxHeapSize                          = 2097152000                             {manageable} {ergonomic}
     bool UseCompressedClassPointers               = true                           {product lp64_product} {ergonomic}
     bool UseCompressedOops                        = true                           {product lp64_product} {ergonomic}
     bool UseG1GC                                  = true                                      {product} {ergonomic}
     bool UseLargePagesIndividualAllocation        = false                                  {pd product} {ergonomic}

Logging:
Log output configuration:
 #0: stdout all=warning uptime,level,tags
 #1: stderr all=off uptime,level,tags

Environment Variables:
JAVA_HOME=C:\Program Files\Java\jdk-21
PATH=C:\Program Files\Common Files\Oracle\Java\javapath;F:\Oracle_Databasr_19c\WINDOWS.X64_193000_db_home\bin;C:\WINDOWS\system32;C:\WINDOWS;C:\WINDOWS\System32\Wbem;C:\WINDOWS\System32\WindowsPowerShell\v1.0\;C:\WINDOWS\System32\OpenSSH\;C:\Program Files\Git\cmd;C:\Program Files (x86)\Microsoft SQL Server\160\Tools\Binn\;C:\Program Files\Microsoft SQL Server\160\Tools\Binn\;C:\Program Files\Microsoft SQL Server\Client SDK\ODBC\170\Tools\Binn\;C:\Program Files\Microsoft SQL Server\160\DTS\Binn\;C:\Program Files (x86)\Microsoft SQL Server\160\DTS\Binn\;C:\Program Files\Azure Data Studio\bin;C:\Program Files\dotnet\;C:\Program Files\Microsoft SQL Server\150\Tools\Binn\;E:\Node.js\Installed-20\;C:\Program Files\Java\jdk-21\bin;C:\Program Files\MySQL\MySQL Shell 8.0\bin\;C:\Users\HP\AppData\Local\Microsoft\WindowsApps;C:\Program Files\Azure Data Studio\bin;C:\Users\HP\.dotnet\tools;C:\Users\HP\AppData\Roaming\npm;C:\Users\HP\AppData\Local\Programs\Microsoft VS Code\bin;E:\Intellij_New\IntelliJ IDEA 2023.3.5\bin;;E:\Intellij\IntelliJ IDEA Community Edition 2023.3\bin;;C:\Users\HP\AppData\Local\GitHubDesktop\bin
USERNAME=HP
OS=Windows_NT
PROCESSOR_IDENTIFIER=Intel64 Family 6 Model 142 Stepping 12, GenuineIntel
TMP=C:\Users\HP\AppData\Local\Temp
TEMP=C:\Users\HP\AppData\Local\Temp


JNI global refs:
JNI global refs: 11, weak refs: 12

JNI global refs memory usage: 843, weak refs: 841

OOME stack traces (most recent first):
Classloader memory used:
Loader jdk.internal.loader.ClassLoaders$AppClassLoader                                 : 5323K
Loader bootstrap                                                                       : 1283K
Loader jdk.internal.reflect.DelegatingClassLoader                                      : 6469B


---------------  S Y S T E M  ---------------

OS:
 Windows 11 , 64 bit Build 22621 (10.0.22621.3235)
OS uptime: 2 days 21:05 hours

CPU: total 8 (initial active 8) (4 cores per cpu, 2 threads per core) family 6 model 142 stepping 12 microcode 0xde, cx8, cmov, fxsr, ht, mmx, 3dnowpref, sse, sse2, sse3, ssse3, sse4.1, sse4.2, popcnt, lzcnt, tsc, tscinvbit, avx, avx2, aes, erms, clmul, bmi1, bmi2, adx, fma, vzeroupper, clflush, clflushopt

Memory: 4k page, system-wide physical 7995M (412M free)
TotalPageFile size 16187M (AvailPageFile size 6M)
current process WorkingSet (physical memory assigned to process): 293M, peak: 296M
current process commit charge ("private bytes"): 335M, peak: 337M

vm_info: OpenJDK 64-Bit Server VM (17.0.7+0-b2043.56-10550314) for windows-amd64 JRE (17.0.7+0-b2043.56-10550314), built on Jul 24 2023 18:27:45 by "androidbuild" with MS VC++ 16.10 / 16.11 (VS2019)

END.
