#
# There is insufficient memory for the Java Runtime Environment to continue.
# Native memory allocation (malloc) failed to allocate 450752 bytes for Chunk::new
# Possible reasons:
#   The system is out of physical RAM or swap space
#   The process is running with CompressedOops enabled, and the Java Heap may be blocking the growth of the native heap
# Possible solutions:
#   Reduce memory load on the system
#   Increase physical memory or swap space
#   Check if swap backing store is full
#   Decrease Java heap size (-Xmx/-Xms)
#   Decrease number of Java threads
#   Decrease Java thread stack sizes (-Xss)
#   Set larger code cache with -XX:ReservedCodeCacheSize=
#   JVM is running with Unscaled Compressed Oops mode in which the Java heap is
#     placed in the first 4GB address space. The Java Heap base address is the
#     maximum limit for the native heap growth. Please use -XX:HeapBaseMinAddress
#     to set the Java Heap base and to place the Java Heap above 4GB virtual address.
# This output file may be truncated or incomplete.
#
#  Out of Memory Error (arena.cpp:189), pid=13996, tid=1320
#
# JRE version: OpenJDK Runtime Environment (17.0.7) (build 17.0.7+0-b2043.56-10550314)
# Java VM: OpenJDK 64-Bit Server VM (17.0.7+0-b2043.56-10550314, mixed mode, tiered, compressed oops, compressed class ptrs, g1 gc, windows-amd64)
# No core dump will be written. Minidumps are not enabled by default on client versions of Windows
#

---------------  S U M M A R Y ------------

Command Line: org.jetbrains.kotlin.cli.jvm.K2JVMCompiler @E:\MAD_Project\app\build\20240319_14613526266053629279.compiler.options

Host: Intel(R) Core(TM) i5-10210U CPU @ 1.60GHz, 8 cores, 7G,  Windows 11 , 64 bit Build 22621 (10.0.22621.3235)
Time: Tue Mar 19 21:37:13 2024 Sri Lanka Standard Time elapsed time: 0.711503 seconds (0d 0h 0m 0s)

---------------  T H R E A D  ---------------

Current thread (0x0000011c7fb1aed0):  JavaThread "C2 CompilerThread0" daemon [_thread_in_native, id=1320, stack(0x0000000685000000,0x0000000685100000)]


Current CompileTask:
C2:    711  723   !   4       java.util.zip.ZipFile::getEntry (59 bytes)

Stack: [0x0000000685000000,0x0000000685100000]
Native frames: (J=compiled Java code, j=interpreted, Vv=VM code, C=native code)
V  [jvm.dll+0x683bfa]
V  [jvm.dll+0x8430a4]
V  [jvm.dll+0x8449be]
V  [jvm.dll+0x845023]
V  [jvm.dll+0x24ad2f]
V  [jvm.dll+0xac25c]
V  [jvm.dll+0xac82c]
V  [jvm.dll+0x36a187]
V  [jvm.dll+0x1bdf52]
V  [jvm.dll+0x21d3a9]
V  [jvm.dll+0x21c671]
V  [jvm.dll+0x1a605d]
V  [jvm.dll+0x22c148]
V  [jvm.dll+0x22a209]
V  [jvm.dll+0x7f858c]
V  [jvm.dll+0x7f2aea]
V  [jvm.dll+0x682a35]
C  [ucrtbase.dll+0x29363]
C  [KERNEL32.DLL+0x1257d]
C  [ntdll.dll+0x5aa58]


---------------  P R O C E S S  ---------------

Threads class SMR info:
_java_thread_list=0x0000011c0622dce0, length=13, elements={
0x0000011c67cd1bf0, 0x0000011c7f972aa0, 0x0000011c7f9740b0, 0x0000011c7f99ea50,
0x0000011c7fb03120, 0x0000011c7fb05ce0, 0x0000011c7fb087a0, 0x0000011c7fb1aed0,
0x0000011c7fb1c890, 0x0000011c7fb1f940, 0x0000011c7fc7c2f0, 0x0000011c7fc890a0,
0x0000011c063d1400
}

Java Threads: ( => current thread )
  0x0000011c67cd1bf0 JavaThread "main" [_thread_in_native, id=1512, stack(0x0000000684300000,0x0000000684400000)]
  0x0000011c7f972aa0 JavaThread "Reference Handler" daemon [_thread_blocked, id=13088, stack(0x0000000684a00000,0x0000000684b00000)]
  0x0000011c7f9740b0 JavaThread "Finalizer" daemon [_thread_blocked, id=1612, stack(0x0000000684b00000,0x0000000684c00000)]
  0x0000011c7f99ea50 JavaThread "Signal Dispatcher" daemon [_thread_blocked, id=13160, stack(0x0000000684c00000,0x0000000684d00000)]
  0x0000011c7fb03120 JavaThread "Attach Listener" daemon [_thread_blocked, id=17752, stack(0x0000000684d00000,0x0000000684e00000)]
  0x0000011c7fb05ce0 JavaThread "Service Thread" daemon [_thread_blocked, id=14536, stack(0x0000000684e00000,0x0000000684f00000)]
  0x0000011c7fb087a0 JavaThread "Monitor Deflation Thread" daemon [_thread_blocked, id=10192, stack(0x0000000684f00000,0x0000000685000000)]
=>0x0000011c7fb1aed0 JavaThread "C2 CompilerThread0" daemon [_thread_in_native, id=1320, stack(0x0000000685000000,0x0000000685100000)]
  0x0000011c7fb1c890 JavaThread "C1 CompilerThread0" daemon [_thread_blocked, id=15148, stack(0x0000000685100000,0x0000000685200000)]
  0x0000011c7fb1f940 JavaThread "Sweeper thread" daemon [_thread_blocked, id=13496, stack(0x0000000685200000,0x0000000685300000)]
  0x0000011c7fc7c2f0 JavaThread "Notification Thread" daemon [_thread_blocked, id=18000, stack(0x0000000685300000,0x0000000685400000)]
  0x0000011c7fc890a0 JavaThread "Common-Cleaner" daemon [_thread_blocked, id=9384, stack(0x0000000685500000,0x0000000685600000)]
  0x0000011c063d1400 JavaThread "C2 CompilerThread1" daemon [_thread_blocked, id=17944, stack(0x0000000685a00000,0x0000000685b00000)]

Other Threads:
  0x0000011c7f96c5d0 VMThread "VM Thread" [stack: 0x0000000684900000,0x0000000684a00000] [id=12768]
  0x0000011c7fc7e7d0 WatcherThread [stack: 0x0000000685400000,0x0000000685500000] [id=7016]
  0x0000011c67d2a5b0 GCTaskThread "GC Thread#0" [stack: 0x0000000684400000,0x0000000684500000] [id=5244]
  0x0000011c06275280 GCTaskThread "GC Thread#1" [stack: 0x0000000685600000,0x0000000685700000] [id=10936]
  0x0000011c063a2570 GCTaskThread "GC Thread#2" [stack: 0x0000000685700000,0x0000000685800000] [id=13780]
  0x0000011c063beef0 GCTaskThread "GC Thread#3" [stack: 0x0000000685800000,0x0000000685900000] [id=18360]
  0x0000011c063bf1a0 GCTaskThread "GC Thread#4" [stack: 0x0000000685900000,0x0000000685a00000] [id=11848]
  0x0000011c67d3aef0 ConcurrentGCThread "G1 Main Marker" [stack: 0x0000000684500000,0x0000000684600000] [id=6392]
  0x0000011c67d3b900 ConcurrentGCThread "G1 Conc#0" [stack: 0x0000000684600000,0x0000000684700000] [id=12364]
  0x0000011c7f7d9910 ConcurrentGCThread "G1 Refine#0" [stack: 0x0000000684700000,0x0000000684800000] [id=10256]
  0x0000011c7f7da330 ConcurrentGCThread "G1 Service" [stack: 0x0000000684800000,0x0000000684900000] [id=18060]

Threads with active compile tasks:
C2 CompilerThread0      724  723   !   4       java.util.zip.ZipFile::getEntry (59 bytes)

VM state: not at safepoint (normal execution)

VM Mutex/Monitor currently owned by a thread: None

Heap address: 0x0000000083000000, size: 2000 MB, Compressed Oops mode: 32-bit

CDS archive(s) not mapped
Compressed class space mapped at: 0x0000000100000000-0x0000000140000000, reserved size: 1073741824
Narrow klass base: 0x0000000000000000, Narrow klass shift: 3, Narrow klass range: 0x140000000

GC Precious Log:
 CPUs: 8 total, 8 available
 Memory: 7995M
 Large Page Support: Disabled
 NUMA Support: Disabled
 Compressed Oops: Enabled (32-bit)
 Heap Region Size: 1M
 Heap Min Capacity: 8M
 Heap Initial Capacity: 126M
 Heap Max Capacity: 2000M
 Pre-touch: Disabled
 Parallel Workers: 8
 Concurrent Workers: 2
 Concurrent Refinement Workers: 8
 Periodic GC: Disabled

Heap:
 garbage-first heap   total 129024K, used 11946K [0x0000000083000000, 0x0000000100000000)
  region size 1024K, 9 young (9216K), 3 survivors (3072K)
 Metaspace       used 14391K, committed 14592K, reserved 1114112K
  class space    used 1434K, committed 1536K, reserved 1048576K

Heap Regions: E=young(eden), S=young(survivor), O=old, HS=humongous(starts), HC=humongous(continues), CS=collection set, F=free, OA=open archive, CA=closed archive, TAMS=top-at-mark-start (previous, next)
|   0|0x0000000083000000, 0x0000000083100000, 0x0000000083100000|100%|HS|  |TAMS 0x0000000083000000, 0x0000000083000000| Complete 
|   1|0x0000000083100000, 0x0000000083200000, 0x0000000083200000|100%|HC|  |TAMS 0x0000000083100000, 0x0000000083100000| Complete 
|   2|0x0000000083200000, 0x0000000083300000, 0x0000000083300000|100%|HC|  |TAMS 0x0000000083200000, 0x0000000083200000| Complete 
|   3|0x0000000083300000, 0x0000000083400000, 0x0000000083400000|100%|HC|  |TAMS 0x0000000083300000, 0x0000000083300000| Complete 
|   4|0x0000000083400000, 0x0000000083400000, 0x0000000083500000|  0%| F|  |TAMS 0x0000000083400000, 0x0000000083400000| Untracked 
|   5|0x0000000083500000, 0x0000000083500000, 0x0000000083600000|  0%| F|  |TAMS 0x0000000083500000, 0x0000000083500000| Untracked 
|   6|0x0000000083600000, 0x0000000083600000, 0x0000000083700000|  0%| F|  |TAMS 0x0000000083600000, 0x0000000083600000| Untracked 
|   7|0x0000000083700000, 0x0000000083700000, 0x0000000083800000|  0%| F|  |TAMS 0x0000000083700000, 0x0000000083700000| Untracked 
|   8|0x0000000083800000, 0x0000000083800000, 0x0000000083900000|  0%| F|  |TAMS 0x0000000083800000, 0x0000000083800000| Untracked 
|   9|0x0000000083900000, 0x0000000083900000, 0x0000000083a00000|  0%| F|  |TAMS 0x0000000083900000, 0x0000000083900000| Untracked 
|  10|0x0000000083a00000, 0x0000000083a00000, 0x0000000083b00000|  0%| F|  |TAMS 0x0000000083a00000, 0x0000000083a00000| Untracked 
|  11|0x0000000083b00000, 0x0000000083b00000, 0x0000000083c00000|  0%| F|  |TAMS 0x0000000083b00000, 0x0000000083b00000| Untracked 
|  12|0x0000000083c00000, 0x0000000083c00000, 0x0000000083d00000|  0%| F|  |TAMS 0x0000000083c00000, 0x0000000083c00000| Untracked 
|  13|0x0000000083d00000, 0x0000000083d00000, 0x0000000083e00000|  0%| F|  |TAMS 0x0000000083d00000, 0x0000000083d00000| Untracked 
|  14|0x0000000083e00000, 0x0000000083e00000, 0x0000000083f00000|  0%| F|  |TAMS 0x0000000083e00000, 0x0000000083e00000| Untracked 
|  15|0x0000000083f00000, 0x0000000083f00000, 0x0000000084000000|  0%| F|  |TAMS 0x0000000083f00000, 0x0000000083f00000| Untracked 
|  16|0x0000000084000000, 0x0000000084000000, 0x0000000084100000|  0%| F|  |TAMS 0x0000000084000000, 0x0000000084000000| Untracked 
|  17|0x0000000084100000, 0x0000000084100000, 0x0000000084200000|  0%| F|  |TAMS 0x0000000084100000, 0x0000000084100000| Untracked 
|  18|0x0000000084200000, 0x0000000084200000, 0x0000000084300000|  0%| F|  |TAMS 0x0000000084200000, 0x0000000084200000| Untracked 
|  19|0x0000000084300000, 0x0000000084300000, 0x0000000084400000|  0%| F|  |TAMS 0x0000000084300000, 0x0000000084300000| Untracked 
|  20|0x0000000084400000, 0x0000000084400000, 0x0000000084500000|  0%| F|  |TAMS 0x0000000084400000, 0x0000000084400000| Untracked 
|  21|0x0000000084500000, 0x0000000084500000, 0x0000000084600000|  0%| F|  |TAMS 0x0000000084500000, 0x0000000084500000| Untracked 
|  22|0x0000000084600000, 0x0000000084600000, 0x0000000084700000|  0%| F|  |TAMS 0x0000000084600000, 0x0000000084600000| Untracked 
|  23|0x0000000084700000, 0x0000000084700000, 0x0000000084800000|  0%| F|  |TAMS 0x0000000084700000, 0x0000000084700000| Untracked 
|  24|0x0000000084800000, 0x0000000084800000, 0x0000000084900000|  0%| F|  |TAMS 0x0000000084800000, 0x0000000084800000| Untracked 
|  25|0x0000000084900000, 0x0000000084900000, 0x0000000084a00000|  0%| F|  |TAMS 0x0000000084900000, 0x0000000084900000| Untracked 
|  26|0x0000000084a00000, 0x0000000084a00000, 0x0000000084b00000|  0%| F|  |TAMS 0x0000000084a00000, 0x0000000084a00000| Untracked 
|  27|0x0000000084b00000, 0x0000000084b00000, 0x0000000084c00000|  0%| F|  |TAMS 0x0000000084b00000, 0x0000000084b00000| Untracked 
|  28|0x0000000084c00000, 0x0000000084c00000, 0x0000000084d00000|  0%| F|  |TAMS 0x0000000084c00000, 0x0000000084c00000| Untracked 
|  29|0x0000000084d00000, 0x0000000084d00000, 0x0000000084e00000|  0%| F|  |TAMS 0x0000000084d00000, 0x0000000084d00000| Untracked 
|  30|0x0000000084e00000, 0x0000000084e00000, 0x0000000084f00000|  0%| F|  |TAMS 0x0000000084e00000, 0x0000000084e00000| Untracked 
|  31|0x0000000084f00000, 0x0000000084f00000, 0x0000000085000000|  0%| F|  |TAMS 0x0000000084f00000, 0x0000000084f00000| Untracked 
|  32|0x0000000085000000, 0x0000000085000000, 0x0000000085100000|  0%| F|  |TAMS 0x0000000085000000, 0x0000000085000000| Untracked 
|  33|0x0000000085100000, 0x0000000085100000, 0x0000000085200000|  0%| F|  |TAMS 0x0000000085100000, 0x0000000085100000| Untracked 
|  34|0x0000000085200000, 0x0000000085200000, 0x0000000085300000|  0%| F|  |TAMS 0x0000000085200000, 0x0000000085200000| Untracked 
|  35|0x0000000085300000, 0x0000000085300000, 0x0000000085400000|  0%| F|  |TAMS 0x0000000085300000, 0x0000000085300000| Untracked 
|  36|0x0000000085400000, 0x0000000085400000, 0x0000000085500000|  0%| F|  |TAMS 0x0000000085400000, 0x0000000085400000| Untracked 
|  37|0x0000000085500000, 0x0000000085500000, 0x0000000085600000|  0%| F|  |TAMS 0x0000000085500000, 0x0000000085500000| Untracked 
|  38|0x0000000085600000, 0x0000000085600000, 0x0000000085700000|  0%| F|  |TAMS 0x0000000085600000, 0x0000000085600000| Untracked 
|  39|0x0000000085700000, 0x0000000085700000, 0x0000000085800000|  0%| F|  |TAMS 0x0000000085700000, 0x0000000085700000| Untracked 
|  40|0x0000000085800000, 0x0000000085800000, 0x0000000085900000|  0%| F|  |TAMS 0x0000000085800000, 0x0000000085800000| Untracked 
|  41|0x0000000085900000, 0x0000000085900000, 0x0000000085a00000|  0%| F|  |TAMS 0x0000000085900000, 0x0000000085900000| Untracked 
|  42|0x0000000085a00000, 0x0000000085a00000, 0x0000000085b00000|  0%| F|  |TAMS 0x0000000085a00000, 0x0000000085a00000| Untracked 
|  43|0x0000000085b00000, 0x0000000085b00000, 0x0000000085c00000|  0%| F|  |TAMS 0x0000000085b00000, 0x0000000085b00000| Untracked 
|  44|0x0000000085c00000, 0x0000000085c00000, 0x0000000085d00000|  0%| F|  |TAMS 0x0000000085c00000, 0x0000000085c00000| Untracked 
|  45|0x0000000085d00000, 0x0000000085d00000, 0x0000000085e00000|  0%| F|  |TAMS 0x0000000085d00000, 0x0000000085d00000| Untracked 
|  46|0x0000000085e00000, 0x0000000085e00000, 0x0000000085f00000|  0%| F|  |TAMS 0x0000000085e00000, 0x0000000085e00000| Untracked 
|  47|0x0000000085f00000, 0x0000000085f00000, 0x0000000086000000|  0%| F|  |TAMS 0x0000000085f00000, 0x0000000085f00000| Untracked 
|  48|0x0000000086000000, 0x0000000086000000, 0x0000000086100000|  0%| F|  |TAMS 0x0000000086000000, 0x0000000086000000| Untracked 
|  49|0x0000000086100000, 0x0000000086100000, 0x0000000086200000|  0%| F|  |TAMS 0x0000000086100000, 0x0000000086100000| Untracked 
|  50|0x0000000086200000, 0x0000000086200000, 0x0000000086300000|  0%| F|  |TAMS 0x0000000086200000, 0x0000000086200000| Untracked 
|  51|0x0000000086300000, 0x0000000086300000, 0x0000000086400000|  0%| F|  |TAMS 0x0000000086300000, 0x0000000086300000| Untracked 
|  52|0x0000000086400000, 0x0000000086400000, 0x0000000086500000|  0%| F|  |TAMS 0x0000000086400000, 0x0000000086400000| Untracked 
|  53|0x0000000086500000, 0x0000000086500000, 0x0000000086600000|  0%| F|  |TAMS 0x0000000086500000, 0x0000000086500000| Untracked 
|  54|0x0000000086600000, 0x0000000086600000, 0x0000000086700000|  0%| F|  |TAMS 0x0000000086600000, 0x0000000086600000| Untracked 
|  55|0x0000000086700000, 0x0000000086700000, 0x0000000086800000|  0%| F|  |TAMS 0x0000000086700000, 0x0000000086700000| Untracked 
|  56|0x0000000086800000, 0x0000000086800000, 0x0000000086900000|  0%| F|  |TAMS 0x0000000086800000, 0x0000000086800000| Untracked 
|  57|0x0000000086900000, 0x0000000086900000, 0x0000000086a00000|  0%| F|  |TAMS 0x0000000086900000, 0x0000000086900000| Untracked 
|  58|0x0000000086a00000, 0x0000000086a00000, 0x0000000086b00000|  0%| F|  |TAMS 0x0000000086a00000, 0x0000000086a00000| Untracked 
|  59|0x0000000086b00000, 0x0000000086b00000, 0x0000000086c00000|  0%| F|  |TAMS 0x0000000086b00000, 0x0000000086b00000| Untracked 
|  60|0x0000000086c00000, 0x0000000086c00000, 0x0000000086d00000|  0%| F|  |TAMS 0x0000000086c00000, 0x0000000086c00000| Untracked 
|  61|0x0000000086d00000, 0x0000000086d00000, 0x0000000086e00000|  0%| F|  |TAMS 0x0000000086d00000, 0x0000000086d00000| Untracked 
|  62|0x0000000086e00000, 0x0000000086e00000, 0x0000000086f00000|  0%| F|  |TAMS 0x0000000086e00000, 0x0000000086e00000| Untracked 
|  63|0x0000000086f00000, 0x0000000086f00000, 0x0000000087000000|  0%| F|  |TAMS 0x0000000086f00000, 0x0000000086f00000| Untracked 
|  64|0x0000000087000000, 0x0000000087000000, 0x0000000087100000|  0%| F|  |TAMS 0x0000000087000000, 0x0000000087000000| Untracked 
|  65|0x0000000087100000, 0x0000000087100000, 0x0000000087200000|  0%| F|  |TAMS 0x0000000087100000, 0x0000000087100000| Untracked 
|  66|0x0000000087200000, 0x0000000087200000, 0x0000000087300000|  0%| F|  |TAMS 0x0000000087200000, 0x0000000087200000| Untracked 
|  67|0x0000000087300000, 0x0000000087300000, 0x0000000087400000|  0%| F|  |TAMS 0x0000000087300000, 0x0000000087300000| Untracked 
|  68|0x0000000087400000, 0x0000000087400000, 0x0000000087500000|  0%| F|  |TAMS 0x0000000087400000, 0x0000000087400000| Untracked 
|  69|0x0000000087500000, 0x0000000087500000, 0x0000000087600000|  0%| F|  |TAMS 0x0000000087500000, 0x0000000087500000| Untracked 
|  70|0x0000000087600000, 0x0000000087600000, 0x0000000087700000|  0%| F|  |TAMS 0x0000000087600000, 0x0000000087600000| Untracked 
|  71|0x0000000087700000, 0x0000000087700000, 0x0000000087800000|  0%| F|  |TAMS 0x0000000087700000, 0x0000000087700000| Untracked 
|  72|0x0000000087800000, 0x0000000087800000, 0x0000000087900000|  0%| F|  |TAMS 0x0000000087800000, 0x0000000087800000| Untracked 
|  73|0x0000000087900000, 0x0000000087900000, 0x0000000087a00000|  0%| F|  |TAMS 0x0000000087900000, 0x0000000087900000| Untracked 
|  74|0x0000000087a00000, 0x0000000087a00000, 0x0000000087b00000|  0%| F|  |TAMS 0x0000000087a00000, 0x0000000087a00000| Untracked 
|  75|0x0000000087b00000, 0x0000000087b00000, 0x0000000087c00000|  0%| F|  |TAMS 0x0000000087b00000, 0x0000000087b00000| Untracked 
|  76|0x0000000087c00000, 0x0000000087c00000, 0x0000000087d00000|  0%| F|  |TAMS 0x0000000087c00000, 0x0000000087c00000| Untracked 
|  77|0x0000000087d00000, 0x0000000087d00000, 0x0000000087e00000|  0%| F|  |TAMS 0x0000000087d00000, 0x0000000087d00000| Untracked 
|  78|0x0000000087e00000, 0x0000000087e00000, 0x0000000087f00000|  0%| F|  |TAMS 0x0000000087e00000, 0x0000000087e00000| Untracked 
|  79|0x0000000087f00000, 0x0000000087f00000, 0x0000000088000000|  0%| F|  |TAMS 0x0000000087f00000, 0x0000000087f00000| Untracked 
|  80|0x0000000088000000, 0x0000000088000000, 0x0000000088100000|  0%| F|  |TAMS 0x0000000088000000, 0x0000000088000000| Untracked 
|  81|0x0000000088100000, 0x0000000088100000, 0x0000000088200000|  0%| F|  |TAMS 0x0000000088100000, 0x0000000088100000| Untracked 
|  82|0x0000000088200000, 0x0000000088200000, 0x0000000088300000|  0%| F|  |TAMS 0x0000000088200000, 0x0000000088200000| Untracked 
|  83|0x0000000088300000, 0x0000000088300000, 0x0000000088400000|  0%| F|  |TAMS 0x0000000088300000, 0x0000000088300000| Untracked 
|  84|0x0000000088400000, 0x0000000088400000, 0x0000000088500000|  0%| F|  |TAMS 0x0000000088400000, 0x0000000088400000| Untracked 
|  85|0x0000000088500000, 0x0000000088500000, 0x0000000088600000|  0%| F|  |TAMS 0x0000000088500000, 0x0000000088500000| Untracked 
|  86|0x0000000088600000, 0x0000000088600000, 0x0000000088700000|  0%| F|  |TAMS 0x0000000088600000, 0x0000000088600000| Untracked 
|  87|0x0000000088700000, 0x0000000088700000, 0x0000000088800000|  0%| F|  |TAMS 0x0000000088700000, 0x0000000088700000| Untracked 
|  88|0x0000000088800000, 0x0000000088800000, 0x0000000088900000|  0%| F|  |TAMS 0x0000000088800000, 0x0000000088800000| Untracked 
|  89|0x0000000088900000, 0x0000000088900000, 0x0000000088a00000|  0%| F|  |TAMS 0x0000000088900000, 0x0000000088900000| Untracked 
|  90|0x0000000088a00000, 0x0000000088a00000, 0x0000000088b00000|  0%| F|  |TAMS 0x0000000088a00000, 0x0000000088a00000| Untracked 
|  91|0x0000000088b00000, 0x0000000088b00000, 0x0000000088c00000|  0%| F|  |TAMS 0x0000000088b00000, 0x0000000088b00000| Untracked 
|  92|0x0000000088c00000, 0x0000000088c00000, 0x0000000088d00000|  0%| F|  |TAMS 0x0000000088c00000, 0x0000000088c00000| Untracked 
|  93|0x0000000088d00000, 0x0000000088d00000, 0x0000000088e00000|  0%| F|  |TAMS 0x0000000088d00000, 0x0000000088d00000| Untracked 
|  94|0x0000000088e00000, 0x0000000088e00000, 0x0000000088f00000|  0%| F|  |TAMS 0x0000000088e00000, 0x0000000088e00000| Untracked 
|  95|0x0000000088f00000, 0x0000000088f00000, 0x0000000089000000|  0%| F|  |TAMS 0x0000000088f00000, 0x0000000088f00000| Untracked 
|  96|0x0000000089000000, 0x0000000089000000, 0x0000000089100000|  0%| F|  |TAMS 0x0000000089000000, 0x0000000089000000| Untracked 
|  97|0x0000000089100000, 0x0000000089100000, 0x0000000089200000|  0%| F|  |TAMS 0x0000000089100000, 0x0000000089100000| Untracked 
|  98|0x0000000089200000, 0x0000000089200000, 0x0000000089300000|  0%| F|  |TAMS 0x0000000089200000, 0x0000000089200000| Untracked 
|  99|0x0000000089300000, 0x0000000089300000, 0x0000000089400000|  0%| F|  |TAMS 0x0000000089300000, 0x0000000089300000| Untracked 
| 100|0x0000000089400000, 0x00000000894aaa80, 0x0000000089500000| 66%| S|CS|TAMS 0x0000000089400000, 0x0000000089400000| Complete 
| 101|0x0000000089500000, 0x0000000089600000, 0x0000000089600000|100%| S|CS|TAMS 0x0000000089500000, 0x0000000089500000| Complete 
| 102|0x0000000089600000, 0x0000000089700000, 0x0000000089700000|100%| S|CS|TAMS 0x0000000089600000, 0x0000000089600000| Complete 
| 103|0x0000000089700000, 0x0000000089700000, 0x0000000089800000|  0%| F|  |TAMS 0x0000000089700000, 0x0000000089700000| Untracked 
| 104|0x0000000089800000, 0x0000000089800000, 0x0000000089900000|  0%| F|  |TAMS 0x0000000089800000, 0x0000000089800000| Untracked 
| 105|0x0000000089900000, 0x0000000089900000, 0x0000000089a00000|  0%| F|  |TAMS 0x0000000089900000, 0x0000000089900000| Untracked 
| 106|0x0000000089a00000, 0x0000000089a00000, 0x0000000089b00000|  0%| F|  |TAMS 0x0000000089a00000, 0x0000000089a00000| Untracked 
| 107|0x0000000089b00000, 0x0000000089b00000, 0x0000000089c00000|  0%| F|  |TAMS 0x0000000089b00000, 0x0000000089b00000| Untracked 
| 108|0x0000000089c00000, 0x0000000089c00000, 0x0000000089d00000|  0%| F|  |TAMS 0x0000000089c00000, 0x0000000089c00000| Untracked 
| 109|0x0000000089d00000, 0x0000000089d00000, 0x0000000089e00000|  0%| F|  |TAMS 0x0000000089d00000, 0x0000000089d00000| Untracked 
| 110|0x0000000089e00000, 0x0000000089e00000, 0x0000000089f00000|  0%| F|  |TAMS 0x0000000089e00000, 0x0000000089e00000| Untracked 
| 111|0x0000000089f00000, 0x0000000089f00000, 0x000000008a000000|  0%| F|  |TAMS 0x0000000089f00000, 0x0000000089f00000| Untracked 
| 112|0x000000008a000000, 0x000000008a000000, 0x000000008a100000|  0%| F|  |TAMS 0x000000008a000000, 0x000000008a000000| Untracked 
| 113|0x000000008a100000, 0x000000008a100000, 0x000000008a200000|  0%| F|  |TAMS 0x000000008a100000, 0x000000008a100000| Untracked 
| 114|0x000000008a200000, 0x000000008a200000, 0x000000008a300000|  0%| F|  |TAMS 0x000000008a200000, 0x000000008a200000| Untracked 
| 115|0x000000008a300000, 0x000000008a300000, 0x000000008a400000|  0%| F|  |TAMS 0x000000008a300000, 0x000000008a300000| Untracked 
| 116|0x000000008a400000, 0x000000008a400000, 0x000000008a500000|  0%| F|  |TAMS 0x000000008a400000, 0x000000008a400000| Untracked 
| 117|0x000000008a500000, 0x000000008a500000, 0x000000008a600000|  0%| F|  |TAMS 0x000000008a500000, 0x000000008a500000| Untracked 
| 118|0x000000008a600000, 0x000000008a600000, 0x000000008a700000|  0%| F|  |TAMS 0x000000008a600000, 0x000000008a600000| Untracked 
| 119|0x000000008a700000, 0x000000008a700000, 0x000000008a800000|  0%| F|  |TAMS 0x000000008a700000, 0x000000008a700000| Untracked 
| 120|0x000000008a800000, 0x000000008a880c10, 0x000000008a900000| 50%| E|  |TAMS 0x000000008a800000, 0x000000008a800000| Complete 
| 121|0x000000008a900000, 0x000000008aa00000, 0x000000008aa00000|100%| E|CS|TAMS 0x000000008a900000, 0x000000008a900000| Complete 
| 122|0x000000008aa00000, 0x000000008ab00000, 0x000000008ab00000|100%| E|CS|TAMS 0x000000008aa00000, 0x000000008aa00000| Complete 
| 123|0x000000008ab00000, 0x000000008ac00000, 0x000000008ac00000|100%| E|CS|TAMS 0x000000008ab00000, 0x000000008ab00000| Complete 
| 124|0x000000008ac00000, 0x000000008ad00000, 0x000000008ad00000|100%| E|CS|TAMS 0x000000008ac00000, 0x000000008ac00000| Complete 
| 125|0x000000008ad00000, 0x000000008ae00000, 0x000000008ae00000|100%| E|CS|TAMS 0x000000008ad00000, 0x000000008ad00000| Complete 

Card table byte_map: [0x0000011c7a8c0000,0x0000011c7acb0000] _byte_map_base: 0x0000011c7a4a8000

Marking Bits (Prev, Next): (CMBitMap*) 0x0000011c67d2abc0, (CMBitMap*) 0x0000011c67d2ac00
 Prev Bits: [0x0000011c7b0a0000, 0x0000011c7cfe0000)
 Next Bits: [0x0000011c7cfe0000, 0x0000011c7ef20000)

Polling page: 0x0000011c65cb0000

Metaspace:

Usage:
  Non-class:     12.68 MB used.
      Class:      1.41 MB used.
       Both:     14.09 MB used.

Virtual space:
  Non-class space:       64.00 MB reserved,      12.75 MB ( 20%) committed,  1 nodes.
      Class space:        1.00 GB reserved,       1.50 MB ( <1%) committed,  1 nodes.
             Both:        1.06 GB reserved,      14.25 MB (  1%) committed. 

Chunk freelists:
   Non-Class:  2.69 MB
       Class:  14.53 MB
        Both:  17.22 MB

MaxMetaspaceSize: unlimited
CompressedClassSpaceSize: 1.00 GB
Initial GC threshold: 21.00 MB
Current GC threshold: 21.00 MB
CDS: off
MetaspaceReclaimPolicy: balanced
 - commit_granule_bytes: 65536.
 - commit_granule_words: 8192.
 - virtual_space_node_default_size: 8388608.
 - enlarge_chunks_in_place: 1.
 - new_chunks_are_fully_committed: 0.
 - uncommit_free_chunks: 1.
 - use_allocation_guard: 0.
 - handle_deallocations: 1.


Internal statistics:

num_allocs_failed_limit: 0.
num_arena_births: 6.
num_arena_deaths: 0.
num_vsnodes_births: 2.
num_vsnodes_deaths: 0.
num_space_committed: 228.
num_space_uncommitted: 0.
num_chunks_returned_to_freelist: 0.
num_chunks_taken_from_freelist: 237.
num_chunk_merges: 0.
num_chunk_splits: 215.
num_chunks_enlarged: 210.
num_inconsistent_stats: 0.

CodeHeap 'non-profiled nmethods': size=120000Kb used=208Kb max_used=208Kb free=119791Kb
 bounds [0x0000011c72c70000, 0x0000011c72ee0000, 0x0000011c7a1a0000]
CodeHeap 'profiled nmethods': size=120000Kb used=1431Kb max_used=1431Kb free=118568Kb
 bounds [0x0000011c6b1a0000, 0x0000011c6b410000, 0x0000011c726d0000]
CodeHeap 'non-nmethods': size=5760Kb used=1149Kb max_used=1158Kb free=4610Kb
 bounds [0x0000011c726d0000, 0x0000011c72940000, 0x0000011c72c70000]
 total_blobs=1256 nmethods=817 adapters=352
 compilation: enabled
              stopped_count=0, restarted_count=0
 full_count=0

Compilation events (20 events):
Event: 0.707 Thread 0x0000011c063d1400 nmethod 766 0x0000011c72ca1f10 code [0x0000011c72ca2080, 0x0000011c72ca2138]
Event: 0.707 Thread 0x0000011c7fb1c890 nmethod 798 0x0000011c72ca2210 code [0x0000011c72ca23a0, 0x0000011c72ca2478]
Event: 0.707 Thread 0x0000011c063d1400  790       4       java.util.ArrayList::get (15 bytes)
Event: 0.707 Thread 0x0000011c7fb1c890  799       1       java.util.concurrent.locks.AbstractQueuedSynchronizer::setState (6 bytes)
Event: 0.707 Thread 0x0000011c7fb1c890 nmethod 799 0x0000011c72ca2510 code [0x0000011c72ca26a0, 0x0000011c72ca2778]
Event: 0.707 Thread 0x0000011c7fb1c890  796       1       kotlin.reflect.jvm.internal.impl.protobuf.LiteralByteString::getOffsetIntoBytes (2 bytes)
Event: 0.707 Thread 0x0000011c7fb1c890 nmethod 796 0x0000011c72ca2810 code [0x0000011c72ca29a0, 0x0000011c72ca2a78]
Event: 0.707 Thread 0x0000011c7fb1c890  804       3       jdk.internal.org.objectweb.asm.Label::<init> (5 bytes)
Event: 0.707 Thread 0x0000011c7fb1c890 nmethod 804 0x0000011c6b2ffc90 code [0x0000011c6b2ffe20, 0x0000011c6b2fff78]
Event: 0.707 Thread 0x0000011c7fb1c890  805       3       jdk.internal.org.objectweb.asm.SymbolTable::addType (81 bytes)
Event: 0.707 Thread 0x0000011c063d1400 nmethod 790 0x0000011c72ca2b10 code [0x0000011c72ca2c80, 0x0000011c72ca2d78]
Event: 0.707 Thread 0x0000011c063d1400  801       4       java.lang.CharacterDataLatin1::getProperties (11 bytes)
Event: 0.707 Thread 0x0000011c7fb1c890 nmethod 805 0x0000011c6b300010 code [0x0000011c6b300220, 0x0000011c6b300778]
Event: 0.707 Thread 0x0000011c7fb1c890  806       3       jdk.internal.org.objectweb.asm.Label::resolve (219 bytes)
Event: 0.708 Thread 0x0000011c063d1400 nmethod 801 0x0000011c72ca2e90 code [0x0000011c72ca3000, 0x0000011c72ca3098]
Event: 0.708 Thread 0x0000011c063d1400  745       4       kotlin.reflect.jvm.internal.impl.protobuf.GeneratedMessageLite::makeExtensionsImmutable (1 bytes)
Event: 0.708 Thread 0x0000011c7fb1c890 nmethod 806 0x0000011c6b300a10 code [0x0000011c6b300be0, 0x0000011c6b301118]
Event: 0.708 Thread 0x0000011c063d1400 nmethod 745 0x0000011c72ca3190 code [0x0000011c72ca3300, 0x0000011c72ca3378]
Event: 0.708 Thread 0x0000011c063d1400  724       4       java.util.Arrays::copyOfRange (64 bytes)
Event: 0.710 Thread 0x0000011c063d1400 nmethod 724 0x0000011c72ca3490 code [0x0000011c72ca3620, 0x0000011c72ca3938]

GC Heap History (2 events):
Event: 0.641 GC heap before
{Heap before GC invocations=0 (full 0):
 garbage-first heap   total 129024K, used 27648K [0x0000000083000000, 0x0000000100000000)
  region size 1024K, 23 young (23552K), 0 survivors (0K)
 Metaspace       used 13342K, committed 13440K, reserved 1114112K
  class space    used 1289K, committed 1344K, reserved 1048576K
}
Event: 0.645 GC heap after
{Heap after GC invocations=1 (full 0):
 garbage-first heap   total 129024K, used 6826K [0x0000000083000000, 0x0000000100000000)
  region size 1024K, 3 young (3072K), 3 survivors (3072K)
 Metaspace       used 13342K, committed 13440K, reserved 1114112K
  class space    used 1289K, committed 1344K, reserved 1048576K
}

Dll operation events (1 events):
Event: 0.006 Loaded shared library E:\Android_Current_Version\install\jbr\bin\java.dll

Deoptimization events (20 events):
Event: 0.680 Thread 0x0000011c67cd1bf0 Uncommon trap: trap_request=0xffffff45 fr.pc=0x0000011c72c9b660 relative=0x00000000000001c0
Event: 0.680 Thread 0x0000011c67cd1bf0 Uncommon trap: reason=unstable_if action=reinterpret pc=0x0000011c72c9b660 method=kotlin.reflect.jvm.internal.impl.protobuf.CodedInputStream.readRawVarint32()I @ 10 c2
Event: 0.680 Thread 0x0000011c67cd1bf0 DEOPT PACKING pc=0x0000011c72c9b660 sp=0x00000006843fbe30
Event: 0.680 Thread 0x0000011c67cd1bf0 DEOPT UNPACKING pc=0x0000011c727269a3 sp=0x00000006843fbdb0 mode 2
Event: 0.683 Thread 0x0000011c67cd1bf0 Uncommon trap: trap_request=0xffffffc6 fr.pc=0x0000011c72c9f008 relative=0x0000000000000508
Event: 0.683 Thread 0x0000011c67cd1bf0 Uncommon trap: reason=bimorphic_or_optimized_type_check action=maybe_recompile pc=0x0000011c72c9f008 method=kotlin.reflect.jvm.internal.impl.protobuf.CodedInputStream.tryRefillBuffer(I)Z @ 175 c2
Event: 0.683 Thread 0x0000011c67cd1bf0 DEOPT PACKING pc=0x0000011c72c9f008 sp=0x00000006843fbb70
Event: 0.683 Thread 0x0000011c67cd1bf0 DEOPT UNPACKING pc=0x0000011c727269a3 sp=0x00000006843fba58 mode 2
Event: 0.689 Thread 0x0000011c67cd1bf0 Uncommon trap: trap_request=0xffffffc6 fr.pc=0x0000011c72c9f008 relative=0x0000000000000508
Event: 0.689 Thread 0x0000011c67cd1bf0 Uncommon trap: reason=bimorphic_or_optimized_type_check action=maybe_recompile pc=0x0000011c72c9f008 method=kotlin.reflect.jvm.internal.impl.protobuf.CodedInputStream.tryRefillBuffer(I)Z @ 175 c2
Event: 0.689 Thread 0x0000011c67cd1bf0 DEOPT PACKING pc=0x0000011c72c9f008 sp=0x00000006843fbb70
Event: 0.689 Thread 0x0000011c67cd1bf0 DEOPT UNPACKING pc=0x0000011c727269a3 sp=0x00000006843fba58 mode 2
Event: 0.690 Thread 0x0000011c67cd1bf0 Uncommon trap: trap_request=0xffffffc6 fr.pc=0x0000011c72c9f008 relative=0x0000000000000508
Event: 0.690 Thread 0x0000011c67cd1bf0 Uncommon trap: reason=bimorphic_or_optimized_type_check action=maybe_recompile pc=0x0000011c72c9f008 method=kotlin.reflect.jvm.internal.impl.protobuf.CodedInputStream.tryRefillBuffer(I)Z @ 175 c2
Event: 0.690 Thread 0x0000011c67cd1bf0 DEOPT PACKING pc=0x0000011c72c9f008 sp=0x00000006843fc110
Event: 0.690 Thread 0x0000011c67cd1bf0 DEOPT UNPACKING pc=0x0000011c727269a3 sp=0x00000006843fbff8 mode 2
Event: 0.705 Thread 0x0000011c67cd1bf0 Uncommon trap: trap_request=0xffffff45 fr.pc=0x0000011c72c97aa4 relative=0x00000000000003e4
Event: 0.705 Thread 0x0000011c67cd1bf0 Uncommon trap: reason=unstable_if action=reinterpret pc=0x0000011c72c97aa4 method=java.util.concurrent.ConcurrentHashMap.get(Ljava/lang/Object;)Ljava/lang/Object; @ 76 c2
Event: 0.705 Thread 0x0000011c67cd1bf0 DEOPT PACKING pc=0x0000011c72c97aa4 sp=0x00000006843fc5e0
Event: 0.705 Thread 0x0000011c67cd1bf0 DEOPT UNPACKING pc=0x0000011c727269a3 sp=0x00000006843fc568 mode 2

Classes unloaded (0 events):
No events

Classes redefined (0 events):
No events

Internal exceptions (0 events):
No events

VM Operations (8 events):
Event: 0.112 Executing VM operation: HandshakeAllThreads
Event: 0.112 Executing VM operation: HandshakeAllThreads done
Event: 0.454 Executing VM operation: HandshakeAllThreads
Event: 0.454 Executing VM operation: HandshakeAllThreads done
Event: 0.641 Executing VM operation: G1CollectForAllocation
Event: 0.645 Executing VM operation: G1CollectForAllocation done
Event: 0.695 Executing VM operation: HandshakeAllThreads
Event: 0.695 Executing VM operation: HandshakeAllThreads done

Events (20 events):
Event: 0.666 loading class sun/reflect/generics/tree/Signature
Event: 0.666 loading class sun/reflect/generics/tree/Signature done
Event: 0.666 loading class sun/reflect/generics/tree/ClassSignature done
Event: 0.666 loading class java/lang/reflect/TypeVariable
Event: 0.667 loading class java/lang/reflect/TypeVariable done
Event: 0.667 loading class java/lang/reflect/AnnotatedType
Event: 0.667 loading class java/lang/reflect/AnnotatedType done
Event: 0.674 loading class java/io/DataInputStream
Event: 0.674 loading class java/io/DataInputStream done
Event: 0.694 loading class java/util/LinkedList
Event: 0.694 loading class java/util/AbstractSequentialList
Event: 0.694 loading class java/util/AbstractSequentialList done
Event: 0.695 loading class java/util/LinkedList done
Event: 0.696 loading class java/util/LinkedList$Node
Event: 0.696 loading class java/util/LinkedList$Node done
Event: 0.696 loading class java/util/LinkedList$ListItr
Event: 0.696 loading class java/util/LinkedList$ListItr done
Event: 0.705 Thread 0x0000011c063d1400 Thread added: 0x0000011c063d1400
Event: 0.708 loading class java/lang/Class$EnclosingMethodInfo
Event: 0.708 loading class java/lang/Class$EnclosingMethodInfo done


Dynamic libraries:
0x00007ff697840000 - 0x00007ff69784a000 	E:\Android_Current_Version\install\jbr\bin\java.exe
0x00007ffc00710000 - 0x00007ffc00926000 	C:\WINDOWS\SYSTEM32\ntdll.dll
0x00007ffbff480000 - 0x00007ffbff544000 	C:\WINDOWS\System32\KERNEL32.DLL
0x00007ffbfdc00000 - 0x00007ffbfdfa6000 	C:\WINDOWS\System32\KERNELBASE.dll
0x00007ffbfe100000 - 0x00007ffbfe211000 	C:\WINDOWS\System32\ucrtbase.dll
0x00007ffbd7d40000 - 0x00007ffbd7d57000 	E:\Android_Current_Version\install\jbr\bin\jli.dll
0x00007ffbe2c60000 - 0x00007ffbe2c7b000 	E:\Android_Current_Version\install\jbr\bin\VCRUNTIME140.dll
0x00007ffc00520000 - 0x00007ffc006cd000 	C:\WINDOWS\System32\USER32.dll
0x00007ffbfe430000 - 0x00007ffbfe456000 	C:\WINDOWS\System32\win32u.dll
0x00007ffc000e0000 - 0x00007ffc00109000 	C:\WINDOWS\System32\GDI32.dll
0x00007ffbe3030000 - 0x00007ffbe32c3000 	C:\WINDOWS\WinSxS\amd64_microsoft.windows.common-controls_6595b64144ccf1df_6.0.22621.3235_none_270f74e173860f98\COMCTL32.dll
0x00007ffbfdfb0000 - 0x00007ffbfe0c8000 	C:\WINDOWS\System32\gdi32full.dll
0x00007ffbffa90000 - 0x00007ffbffb37000 	C:\WINDOWS\System32\msvcrt.dll
0x00007ffbfe220000 - 0x00007ffbfe2ba000 	C:\WINDOWS\System32\msvcp_win.dll
0x00007ffc00110000 - 0x00007ffc00141000 	C:\WINDOWS\System32\IMM32.DLL
0x00007ffbf8be0000 - 0x00007ffbf8bec000 	E:\Android_Current_Version\install\jbr\bin\vcruntime140_1.dll
0x00007ffbb45c0000 - 0x00007ffbb464d000 	E:\Android_Current_Version\install\jbr\bin\msvcp140.dll
0x00007ffb9f140000 - 0x00007ffb9fdc0000 	E:\Android_Current_Version\install\jbr\bin\server\jvm.dll
0x00007ffbff9d0000 - 0x00007ffbffa82000 	C:\WINDOWS\System32\ADVAPI32.dll
0x00007ffbfe770000 - 0x00007ffbfe818000 	C:\WINDOWS\System32\sechost.dll
0x00007ffbfe0d0000 - 0x00007ffbfe0f8000 	C:\WINDOWS\System32\bcrypt.dll
0x00007ffbfe8e0000 - 0x00007ffbfe9f5000 	C:\WINDOWS\System32\RPCRT4.dll
0x00007ffbd4560000 - 0x00007ffbd4569000 	C:\WINDOWS\SYSTEM32\WSOCK32.dll
0x00007ffbf5b50000 - 0x00007ffbf5b84000 	C:\WINDOWS\SYSTEM32\WINMM.dll
0x00007ffbff280000 - 0x00007ffbff2f1000 	C:\WINDOWS\System32\WS2_32.dll
0x00007ffbf37d0000 - 0x00007ffbf37da000 	C:\WINDOWS\SYSTEM32\VERSION.dll
0x00007ffbfca90000 - 0x00007ffbfcaa8000 	C:\WINDOWS\SYSTEM32\kernel.appcore.dll
0x00007ffbf5f00000 - 0x00007ffbf5f0a000 	E:\Android_Current_Version\install\jbr\bin\jimage.dll
0x00007ffbfb390000 - 0x00007ffbfb5c3000 	C:\WINDOWS\SYSTEM32\DBGHELP.DLL
0x00007ffbffb40000 - 0x00007ffbffec8000 	C:\WINDOWS\System32\combase.dll
0x00007ffc003e0000 - 0x00007ffc004b7000 	C:\WINDOWS\System32\OLEAUT32.dll
0x00007ffbdb130000 - 0x00007ffbdb162000 	C:\WINDOWS\SYSTEM32\dbgcore.DLL
0x00007ffbfdb80000 - 0x00007ffbfdbfa000 	C:\WINDOWS\System32\bcryptPrimitives.dll
0x00007ffbcc460000 - 0x00007ffbcc485000 	E:\Android_Current_Version\install\jbr\bin\java.dll
0x00007ffbe03d0000 - 0x00007ffbe03e8000 	E:\Android_Current_Version\install\jbr\bin\zip.dll
0x00007ffbfea00000 - 0x00007ffbff25d000 	C:\WINDOWS\System32\SHELL32.dll
0x00007ffbfb9b0000 - 0x00007ffbfc2a8000 	C:\WINDOWS\SYSTEM32\windows.storage.dll
0x00007ffbfb870000 - 0x00007ffbfb9ae000 	C:\WINDOWS\SYSTEM32\wintypes.dll
0x00007ffc002b0000 - 0x00007ffc003a3000 	C:\WINDOWS\System32\SHCORE.dll
0x00007ffbfe4e0000 - 0x00007ffbfe53e000 	C:\WINDOWS\System32\shlwapi.dll
0x00007ffbfd980000 - 0x00007ffbfd9a6000 	C:\WINDOWS\SYSTEM32\profapi.dll
0x00007ffbe01b0000 - 0x00007ffbe01c9000 	E:\Android_Current_Version\install\jbr\bin\net.dll
0x00007ffbf6a00000 - 0x00007ffbf6b37000 	C:\WINDOWS\SYSTEM32\WINHTTP.dll
0x00007ffbfcf10000 - 0x00007ffbfcf79000 	C:\WINDOWS\system32\mswsock.dll
0x00007ffbdc010000 - 0x00007ffbdc026000 	E:\Android_Current_Version\install\jbr\bin\nio.dll

dbghelp: loaded successfully - version: 4.0.5 - missing functions: none
symbol engine: initialized successfully - sym options: 0x614 - pdb path: .;E:\Android_Current_Version\install\jbr\bin;C:\WINDOWS\SYSTEM32;C:\WINDOWS\WinSxS\amd64_microsoft.windows.common-controls_6595b64144ccf1df_6.0.22621.3235_none_270f74e173860f98;E:\Android_Current_Version\install\jbr\bin\server

VM Arguments:
java_command: org.jetbrains.kotlin.cli.jvm.K2JVMCompiler @E:\MAD_Project\app\build\20240319_14613526266053629279.compiler.options
java_class_path (initial): E:\Android_Gradle\caches\modules-2\files-2.1\org.jetbrains.kotlin\kotlin-compiler-embeddable\1.9.10\57ca1b0823ae3ecb451a97e1f8e6de0b19ea5294\kotlin-compiler-embeddable-1.9.10.jar;E:\Android_Gradle\caches\modules-2\files-2.1\org.jetbrains.kotlin\kotlin-stdlib\1.9.10\72812e8a368917ab5c0a5081b56915ffdfec93b7\kotlin-stdlib-1.9.10.jar;E:\Android_Gradle\caches\modules-2\files-2.1\org.jetbrains.kotlin\kotlin-script-runtime\1.9.10\398513a8534701579cccaf5953ea914416b4696c\kotlin-script-runtime-1.9.10.jar;E:\Android_Gradle\caches\modules-2\files-2.1\org.jetbrains.kotlin\kotlin-reflect\1.6.10\1cbe9c92c12a94eea200d23c2bbaedaf3daf5132\kotlin-reflect-1.6.10.jar;E:\Android_Gradle\caches\modules-2\files-2.1\org.jetbrains.kotlin\kotlin-daemon-embeddable\1.9.10\bda2f7daa6b89d2ded2d9e1e0b0cadaf9446ade1\kotlin-daemon-embeddable-1.9.10.jar;E:\Android_Gradle\caches\modules-2\files-2.1\org.jetbrains.intellij.deps\trove4j\1.0.20200330\3afb14d5f9ceb459d724e907a21145e8ff394f02\trove4j-1.0.20200330.jar;E:\Android_Gradle\caches\modules-2\files-2.1\org.jetbrains.kotlin\kotlin-stdlib-common\1.9.10\dafaf2c27f27c09220cee312df10917d9a5d97ce\kotlin-stdlib-common-1.9.10.jar;E:\Android_Gradle\caches\modules-2\files-2.1\org.jetbrains\annotations\13.0\919f0dfe192fb4e063e7dacadee7f8bb9a2672a9\annotations-13.0.jar
Launcher Type: SUN_STANDARD

[Global flags]
     intx CICompilerCount                          = 4                                         {product} {ergonomic}
     uint ConcGCThreads                            = 2                                         {product} {ergonomic}
     uint G1ConcRefinementThreads                  = 8                                         {product} {ergonomic}
   size_t G1HeapRegionSize                         = 1048576                                   {product} {ergonomic}
    uintx GCDrainStackTargetSize                   = 64                                        {product} {ergonomic}
   size_t InitialHeapSize                          = 132120576                                 {product} {ergonomic}
   size_t MarkStackSize                            = 4194304                                   {product} {ergonomic}
   size_t MaxHeapSize                              = 2097152000                                {product} {ergonomic}
   size_t MaxNewSize                               = 1258291200                                {product} {ergonomic}
   size_t MinHeapDeltaBytes                        = 1048576                                   {product} {ergonomic}
   size_t MinHeapSize                              = 8388608                                   {product} {ergonomic}
    uintx NonNMethodCodeHeapSize                   = 5839372                                {pd product} {ergonomic}
    uintx NonProfiledCodeHeapSize                  = 122909434                              {pd product} {ergonomic}
    uintx ProfiledCodeHeapSize                     = 122909434                              {pd product} {ergonomic}
    uintx ReservedCodeCacheSize                    = 251658240                              {pd product} {ergonomic}
     bool SegmentedCodeCache                       = true                                      {product} {ergonomic}
   size_t SoftMaxHeapSize                          = 2097152000                             {manageable} {ergonomic}
     bool UseCompressedClassPointers               = true                           {product lp64_product} {ergonomic}
     bool UseCompressedOops                        = true                           {product lp64_product} {ergonomic}
     bool UseG1GC                                  = true                                      {product} {ergonomic}
     bool UseLargePagesIndividualAllocation        = false                                  {pd product} {ergonomic}

Logging:
Log output configuration:
 #0: stdout all=warning uptime,level,tags
 #1: stderr all=off uptime,level,tags

Environment Variables:
JAVA_HOME=C:\Program Files\Java\jdk-21
PATH=C:\Program Files\Common Files\Oracle\Java\javapath;F:\Oracle_Databasr_19c\WINDOWS.X64_193000_db_home\bin;C:\WINDOWS\system32;C:\WINDOWS;C:\WINDOWS\System32\Wbem;C:\WINDOWS\System32\WindowsPowerShell\v1.0\;C:\WINDOWS\System32\OpenSSH\;C:\Program Files\Git\cmd;C:\Program Files (x86)\Microsoft SQL Server\160\Tools\Binn\;C:\Program Files\Microsoft SQL Server\160\Tools\Binn\;C:\Program Files\Microsoft SQL Server\Client SDK\ODBC\170\Tools\Binn\;C:\Program Files\Microsoft SQL Server\160\DTS\Binn\;C:\Program Files (x86)\Microsoft SQL Server\160\DTS\Binn\;C:\Program Files\Azure Data Studio\bin;C:\Program Files\dotnet\;C:\Program Files\Microsoft SQL Server\150\Tools\Binn\;E:\Node.js\Installed-20\;C:\Program Files\Java\jdk-21\bin;C:\Program Files\MySQL\MySQL Shell 8.0\bin\;C:\Users\HP\AppData\Local\Microsoft\WindowsApps;C:\Program Files\Azure Data Studio\bin;C:\Users\HP\.dotnet\tools;C:\Users\HP\AppData\Roaming\npm;C:\Users\HP\AppData\Local\Programs\Microsoft VS Code\bin;E:\Intellij_New\IntelliJ IDEA 2023.3.5\bin;;E:\Intellij\IntelliJ IDEA Community Edition 2023.3\bin;;C:\Users\HP\AppData\Local\GitHubDesktop\bin
USERNAME=HP
OS=Windows_NT
PROCESSOR_IDENTIFIER=Intel64 Family 6 Model 142 Stepping 12, GenuineIntel
TMP=C:\Users\HP\AppData\Local\Temp
TEMP=C:\Users\HP\AppData\Local\Temp


JNI global refs:
JNI global refs: 9, weak refs: 0

JNI global refs memory usage: 843, weak refs: 841

OOME stack traces (most recent first):
Classloader memory used:
Loader bootstrap                                                                       : 964K
Loader jdk.internal.loader.ClassLoaders$AppClassLoader                                 : 844K


---------------  S Y S T E M  ---------------

OS:
 Windows 11 , 64 bit Build 22621 (10.0.22621.3235)
OS uptime: 2 days 20:56 hours

CPU: total 8 (initial active 8) (4 cores per cpu, 2 threads per core) family 6 model 142 stepping 12 microcode 0xde, cx8, cmov, fxsr, ht, mmx, 3dnowpref, sse, sse2, sse3, ssse3, sse4.1, sse4.2, popcnt, lzcnt, tsc, tscinvbit, avx, avx2, aes, erms, clmul, bmi1, bmi2, adx, fma, vzeroupper, clflush, clflushopt

Memory: 4k page, system-wide physical 7995M (400M free)
TotalPageFile size 16187M (AvailPageFile size 3M)
current process WorkingSet (physical memory assigned to process): 82M, peak: 82M
current process commit charge ("private bytes"): 221M, peak: 222M

vm_info: OpenJDK 64-Bit Server VM (17.0.7+0-b2043.56-10550314) for windows-amd64 JRE (17.0.7+0-b2043.56-10550314), built on Jul 24 2023 18:27:45 by "androidbuild" with MS VC++ 16.10 / 16.11 (VS2019)

END.
