#
# There is insufficient memory for the Java Runtime Environment to continue.
# Native memory allocation (malloc) failed to allocate 1738544 bytes for Chunk::new
# Possible reasons:
#   The system is out of physical RAM or swap space
#   The process is running with CompressedOops enabled, and the Java Heap may be blocking the growth of the native heap
# Possible solutions:
#   Reduce memory load on the system
#   Increase physical memory or swap space
#   Check if swap backing store is full
#   Decrease Java heap size (-Xmx/-Xms)
#   Decrease number of Java threads
#   Decrease Java thread stack sizes (-Xss)
#   Set larger code cache with -XX:ReservedCodeCacheSize=
#   JVM is running with Unscaled Compressed Oops mode in which the Java heap is
#     placed in the first 4GB address space. The Java Heap base address is the
#     maximum limit for the native heap growth. Please use -XX:HeapBaseMinAddress
#     to set the Java Heap base and to place the Java Heap above 4GB virtual address.
# This output file may be truncated or incomplete.
#
#  Out of Memory Error (arena.cpp:189), pid=10616, tid=13968
#
# JRE version: OpenJDK Runtime Environment (17.0.7) (build 17.0.7+0-b2043.56-10550314)
# Java VM: OpenJDK 64-Bit Server VM (17.0.7+0-b2043.56-10550314, mixed mode, tiered, compressed oops, compressed class ptrs, g1 gc, windows-amd64)
# No core dump will be written. Minidumps are not enabled by default on client versions of Windows
#

---------------  S U M M A R Y ------------

Command Line: org.jetbrains.kotlin.cli.jvm.K2JVMCompiler @E:\MAD_Project\app\build\20240319_17725014415967136739.compiler.options

Host: Intel(R) Core(TM) i5-10210U CPU @ 1.60GHz, 8 cores, 7G,  Windows 11 , 64 bit Build 22621 (10.0.22621.3235)
Time: Tue Mar 19 21:46:55 2024 Sri Lanka Standard Time elapsed time: 2.338159 seconds (0d 0h 0m 2s)

---------------  T H R E A D  ---------------

Current thread (0x0000015c382456d0):  JavaThread "C2 CompilerThread1" daemon [_thread_in_native, id=13968, stack(0x0000000820600000,0x0000000820700000)]


Current CompileTask:
C2:   2338 2646   !   4       jdk.internal.loader.BuiltinClassLoader::findClassOnClassPathOrNull (64 bytes)

Stack: [0x0000000820600000,0x0000000820700000]
Native frames: (J=compiled Java code, j=interpreted, Vv=VM code, C=native code)
V  [jvm.dll+0x683bfa]
V  [jvm.dll+0x8430a4]
V  [jvm.dll+0x8449be]
V  [jvm.dll+0x845023]
V  [jvm.dll+0x24ad2f]
V  [jvm.dll+0xac25c]
V  [jvm.dll+0xac82c]
V  [jvm.dll+0x36a187]
V  [jvm.dll+0x1be138]
V  [jvm.dll+0x21d3a9]
V  [jvm.dll+0x21c671]
V  [jvm.dll+0x1a605d]
V  [jvm.dll+0x22c148]
V  [jvm.dll+0x22a209]
V  [jvm.dll+0x7f858c]
V  [jvm.dll+0x7f2aea]
V  [jvm.dll+0x682a35]
C  [ucrtbase.dll+0x29363]
C  [KERNEL32.DLL+0x1257d]
C  [ntdll.dll+0x5aa58]


---------------  P R O C E S S  ---------------

Threads class SMR info:
_java_thread_list=0x0000015c39915bb0, length=13, elements={
0x0000015c1a1bcb50, 0x0000015c33e6f930, 0x0000015c33e70f40, 0x0000015c33e8f670,
0x0000015c33e90220, 0x0000015c33e95300, 0x0000015c33e96450, 0x0000015c380443f0,
0x0000015c38049660, 0x0000015c380807e0, 0x0000015c381d6970, 0x0000015c381e1940,
0x0000015c382456d0
}

Java Threads: ( => current thread )
  0x0000015c1a1bcb50 JavaThread "main" [_thread_in_vm, id=15852, stack(0x000000081f300000,0x000000081f400000)]
  0x0000015c33e6f930 JavaThread "Reference Handler" daemon [_thread_blocked, id=2456, stack(0x000000081fa00000,0x000000081fb00000)]
  0x0000015c33e70f40 JavaThread "Finalizer" daemon [_thread_blocked, id=8044, stack(0x000000081fb00000,0x000000081fc00000)]
  0x0000015c33e8f670 JavaThread "Signal Dispatcher" daemon [_thread_blocked, id=19896, stack(0x000000081fc00000,0x000000081fd00000)]
  0x0000015c33e90220 JavaThread "Attach Listener" daemon [_thread_blocked, id=8772, stack(0x000000081fd00000,0x000000081fe00000)]
  0x0000015c33e95300 JavaThread "Service Thread" daemon [_thread_blocked, id=7300, stack(0x000000081fe00000,0x000000081ff00000)]
  0x0000015c33e96450 JavaThread "Monitor Deflation Thread" daemon [_thread_blocked, id=16344, stack(0x000000081ff00000,0x0000000820000000)]
  0x0000015c380443f0 JavaThread "C2 CompilerThread0" daemon [_thread_in_native, id=20104, stack(0x0000000820000000,0x0000000820100000)]
  0x0000015c38049660 JavaThread "C1 CompilerThread0" daemon [_thread_in_native, id=14816, stack(0x0000000820100000,0x0000000820200000)]
  0x0000015c380807e0 JavaThread "Sweeper thread" daemon [_thread_blocked, id=9440, stack(0x0000000820200000,0x0000000820300000)]
  0x0000015c381d6970 JavaThread "Notification Thread" daemon [_thread_blocked, id=13668, stack(0x0000000820300000,0x0000000820400000)]
  0x0000015c381e1940 JavaThread "Common-Cleaner" daemon [_thread_blocked, id=14200, stack(0x0000000820500000,0x0000000820600000)]
=>0x0000015c382456d0 JavaThread "C2 CompilerThread1" daemon [_thread_in_native, id=13968, stack(0x0000000820600000,0x0000000820700000)]

Other Threads:
  0x0000015c33e6b070 VMThread "VM Thread" [stack: 0x000000081f900000,0x000000081fa00000] [id=3440]
  0x0000015c381d6e40 WatcherThread [stack: 0x0000000820400000,0x0000000820500000] [id=16188]
  0x0000015c1a21a380 GCTaskThread "GC Thread#0" [stack: 0x000000081f400000,0x000000081f500000] [id=3104]
  0x0000015c388dd360 GCTaskThread "GC Thread#1" [stack: 0x0000000820700000,0x0000000820800000] [id=5772]
  0x0000015c388c7fc0 GCTaskThread "GC Thread#2" [stack: 0x0000000820800000,0x0000000820900000] [id=14788]
  0x0000015c388c1460 GCTaskThread "GC Thread#3" [stack: 0x0000000820900000,0x0000000820a00000] [id=18208]
  0x0000015c388d5a90 GCTaskThread "GC Thread#4" [stack: 0x0000000820a00000,0x0000000820b00000] [id=15904]
  0x0000015c38dc8900 GCTaskThread "GC Thread#5" [stack: 0x0000000820c00000,0x0000000820d00000] [id=4224]
  0x0000015c38dca130 GCTaskThread "GC Thread#6" [stack: 0x0000000820d00000,0x0000000820e00000] [id=10016]
  0x0000015c38dca3e0 GCTaskThread "GC Thread#7" [stack: 0x0000000820e00000,0x0000000820f00000] [id=18504]
  0x0000015c1a22acc0 ConcurrentGCThread "G1 Main Marker" [stack: 0x000000081f500000,0x000000081f600000] [id=8384]
  0x0000015c1a22b6d0 ConcurrentGCThread "G1 Conc#0" [stack: 0x000000081f600000,0x000000081f700000] [id=18464]
  0x0000015c38dc9110 ConcurrentGCThread "G1 Conc#1" [stack: 0x0000000820f00000,0x0000000821000000] [id=9960]
  0x0000015c1a27e6a0 ConcurrentGCThread "G1 Refine#0" [stack: 0x000000081f700000,0x000000081f800000] [id=19276]
  0x0000015c33cd4230 ConcurrentGCThread "G1 Service" [stack: 0x000000081f800000,0x000000081f900000] [id=15528]

Threads with active compile tasks:
C2 CompilerThread0     2351 2597       4       java.lang.ClassLoader::loadClass (7 bytes)
C1 CompilerThread0     2351 2871       3       org.jetbrains.org.objectweb.asm.ClassReader::readElementValue (1237 bytes)
C2 CompilerThread1     2351 2646   !   4       jdk.internal.loader.BuiltinClassLoader::findClassOnClassPathOrNull (64 bytes)

VM state: not at safepoint (normal execution)

VM Mutex/Monitor currently owned by a thread: None

Heap address: 0x0000000083000000, size: 2000 MB, Compressed Oops mode: 32-bit

CDS archive(s) not mapped
Compressed class space mapped at: 0x0000000100000000-0x0000000140000000, reserved size: 1073741824
Narrow klass base: 0x0000000000000000, Narrow klass shift: 3, Narrow klass range: 0x140000000

GC Precious Log:
 CPUs: 8 total, 8 available
 Memory: 7995M
 Large Page Support: Disabled
 NUMA Support: Disabled
 Compressed Oops: Enabled (32-bit)
 Heap Region Size: 1M
 Heap Min Capacity: 8M
 Heap Initial Capacity: 126M
 Heap Max Capacity: 2000M
 Pre-touch: Disabled
 Parallel Workers: 8
 Concurrent Workers: 2
 Concurrent Refinement Workers: 8
 Periodic GC: Disabled

Heap:
 garbage-first heap   total 67584K, used 39896K [0x0000000083000000, 0x0000000100000000)
  region size 1024K, 22 young (22528K), 4 survivors (4096K)
 Metaspace       used 45909K, committed 46144K, reserved 1114112K
  class space    used 5647K, committed 5760K, reserved 1048576K

Heap Regions: E=young(eden), S=young(survivor), O=old, HS=humongous(starts), HC=humongous(continues), CS=collection set, F=free, OA=open archive, CA=closed archive, TAMS=top-at-mark-start (previous, next)
|   0|0x0000000083000000, 0x0000000083100000, 0x0000000083100000|100%|HS|  |TAMS 0x0000000083100000, 0x0000000083000000| Complete 
|   1|0x0000000083100000, 0x0000000083200000, 0x0000000083200000|100%|HC|  |TAMS 0x0000000083200000, 0x0000000083100000| Complete 
|   2|0x0000000083200000, 0x0000000083300000, 0x0000000083300000|100%|HC|  |TAMS 0x0000000083300000, 0x0000000083200000| Complete 
|   3|0x0000000083300000, 0x0000000083400000, 0x0000000083400000|100%|HC|  |TAMS 0x0000000083400000, 0x0000000083300000| Complete 
|   4|0x0000000083400000, 0x0000000083500000, 0x0000000083500000|100%| O|  |TAMS 0x0000000083500000, 0x0000000083400000| Untracked 
|   5|0x0000000083500000, 0x0000000083600000, 0x0000000083600000|100%| O|  |TAMS 0x0000000083600000, 0x0000000083500000| Untracked 
|   6|0x0000000083600000, 0x0000000083700000, 0x0000000083700000|100%| O|  |TAMS 0x0000000083700000, 0x0000000083600000| Untracked 
|   7|0x0000000083700000, 0x0000000083800000, 0x0000000083800000|100%| O|  |TAMS 0x0000000083800000, 0x0000000083700000| Untracked 
|   8|0x0000000083800000, 0x0000000083900000, 0x0000000083900000|100%| O|  |TAMS 0x0000000083900000, 0x0000000083800000| Untracked 
|   9|0x0000000083900000, 0x0000000083a00000, 0x0000000083a00000|100%| O|  |TAMS 0x0000000083a00000, 0x0000000083900000| Untracked 
|  10|0x0000000083a00000, 0x0000000083b00000, 0x0000000083b00000|100%| O|  |TAMS 0x0000000083b00000, 0x0000000083a00000| Untracked 
|  11|0x0000000083b00000, 0x0000000083c00000, 0x0000000083c00000|100%| O|  |TAMS 0x0000000083c00000, 0x0000000083b00000| Untracked 
|  12|0x0000000083c00000, 0x0000000083c93200, 0x0000000083d00000| 57%| O|  |TAMS 0x0000000083c00000, 0x0000000083c00000| Untracked 
|  13|0x0000000083d00000, 0x0000000083d00000, 0x0000000083e00000|  0%| F|  |TAMS 0x0000000083d00000, 0x0000000083d00000| Untracked 
|  14|0x0000000083e00000, 0x0000000083f00000, 0x0000000083f00000|100%| O|  |TAMS 0x0000000083f00000, 0x0000000083e00000| Untracked 
|  15|0x0000000083f00000, 0x0000000084000000, 0x0000000084000000|100%| O|  |TAMS 0x0000000084000000, 0x0000000083f00000| Untracked 
|  16|0x0000000084000000, 0x0000000084100000, 0x0000000084100000|100%| O|  |TAMS 0x0000000084100000, 0x0000000084000000| Untracked 
|  17|0x0000000084100000, 0x0000000084200000, 0x0000000084200000|100%|HS|  |TAMS 0x0000000084100000, 0x0000000084100000| Complete 
|  18|0x0000000084200000, 0x0000000084300000, 0x0000000084300000|100%|HC|  |TAMS 0x0000000084200000, 0x0000000084200000| Complete 
|  19|0x0000000084300000, 0x0000000084300000, 0x0000000084400000|  0%| F|  |TAMS 0x0000000084300000, 0x0000000084300000| Untracked 
|  20|0x0000000084400000, 0x0000000084500000, 0x0000000084500000|100%| O|  |TAMS 0x0000000084440400, 0x0000000084400000| Untracked 
|  21|0x0000000084500000, 0x0000000084500000, 0x0000000084600000|  0%| F|  |TAMS 0x0000000084500000, 0x0000000084500000| Untracked 
|  22|0x0000000084600000, 0x0000000084600000, 0x0000000084700000|  0%| F|  |TAMS 0x0000000084600000, 0x0000000084600000| Untracked 
|  23|0x0000000084700000, 0x0000000084700000, 0x0000000084800000|  0%| F|  |TAMS 0x0000000084700000, 0x0000000084700000| Untracked 
|  24|0x0000000084800000, 0x0000000084800000, 0x0000000084900000|  0%| F|  |TAMS 0x0000000084800000, 0x0000000084800000| Untracked 
|  25|0x0000000084900000, 0x0000000084900000, 0x0000000084a00000|  0%| F|  |TAMS 0x0000000084900000, 0x0000000084900000| Untracked 
|  26|0x0000000084a00000, 0x0000000084a00000, 0x0000000084b00000|  0%| F|  |TAMS 0x0000000084a00000, 0x0000000084a00000| Untracked 
|  27|0x0000000084b00000, 0x0000000084b00000, 0x0000000084c00000|  0%| F|  |TAMS 0x0000000084b00000, 0x0000000084b00000| Untracked 
|  28|0x0000000084c00000, 0x0000000084c00000, 0x0000000084d00000|  0%| F|  |TAMS 0x0000000084c00000, 0x0000000084c00000| Untracked 
|  29|0x0000000084d00000, 0x0000000084d00000, 0x0000000084e00000|  0%| F|  |TAMS 0x0000000084d00000, 0x0000000084d00000| Untracked 
|  30|0x0000000084e00000, 0x0000000084e00000, 0x0000000084f00000|  0%| F|  |TAMS 0x0000000084e00000, 0x0000000084e00000| Untracked 
|  31|0x0000000084f00000, 0x0000000084f00000, 0x0000000085000000|  0%| F|  |TAMS 0x0000000084f00000, 0x0000000084f00000| Untracked 
|  32|0x0000000085000000, 0x0000000085063180, 0x0000000085100000| 38%| S|CS|TAMS 0x0000000085000000, 0x0000000085000000| Complete 
|  33|0x0000000085100000, 0x0000000085200000, 0x0000000085200000|100%| S|CS|TAMS 0x0000000085100000, 0x0000000085100000| Complete 
|  34|0x0000000085200000, 0x0000000085300000, 0x0000000085300000|100%| S|CS|TAMS 0x0000000085200000, 0x0000000085200000| Complete 
|  35|0x0000000085300000, 0x0000000085400000, 0x0000000085400000|100%| S|CS|TAMS 0x0000000085300000, 0x0000000085300000| Complete 
|  36|0x0000000085400000, 0x0000000085400000, 0x0000000085500000|  0%| F|  |TAMS 0x0000000085400000, 0x0000000085400000| Untracked 
|  37|0x0000000085500000, 0x0000000085500000, 0x0000000085600000|  0%| F|  |TAMS 0x0000000085500000, 0x0000000085500000| Untracked 
|  38|0x0000000085600000, 0x0000000085600000, 0x0000000085700000|  0%| F|  |TAMS 0x0000000085600000, 0x0000000085600000| Untracked 
|  39|0x0000000085700000, 0x0000000085700000, 0x0000000085800000|  0%| F|  |TAMS 0x0000000085700000, 0x0000000085700000| Untracked 
|  40|0x0000000085800000, 0x0000000085800000, 0x0000000085900000|  0%| F|  |TAMS 0x0000000085800000, 0x0000000085800000| Untracked 
|  41|0x0000000085900000, 0x0000000085900000, 0x0000000085a00000|  0%| F|  |TAMS 0x0000000085900000, 0x0000000085900000| Untracked 
|  42|0x0000000085a00000, 0x0000000085a00000, 0x0000000085b00000|  0%| F|  |TAMS 0x0000000085a00000, 0x0000000085a00000| Untracked 
|  43|0x0000000085b00000, 0x0000000085b00000, 0x0000000085c00000|  0%| F|  |TAMS 0x0000000085b00000, 0x0000000085b00000| Untracked 
|  44|0x0000000085c00000, 0x0000000085c00000, 0x0000000085d00000|  0%| F|  |TAMS 0x0000000085c00000, 0x0000000085c00000| Untracked 
|  45|0x0000000085d00000, 0x0000000085d00000, 0x0000000085e00000|  0%| F|  |TAMS 0x0000000085d00000, 0x0000000085d00000| Untracked 
|  46|0x0000000085e00000, 0x0000000085e00000, 0x0000000085f00000|  0%| F|  |TAMS 0x0000000085e00000, 0x0000000085e00000| Untracked 
|  47|0x0000000085f00000, 0x0000000085f00000, 0x0000000086000000|  0%| F|  |TAMS 0x0000000085f00000, 0x0000000085f00000| Untracked 
|  48|0x0000000086000000, 0x0000000086080800, 0x0000000086100000| 50%| E|  |TAMS 0x0000000086000000, 0x0000000086000000| Complete 
|  49|0x0000000086100000, 0x0000000086200000, 0x0000000086200000|100%| E|CS|TAMS 0x0000000086100000, 0x0000000086100000| Complete 
|  50|0x0000000086200000, 0x0000000086300000, 0x0000000086300000|100%| E|CS|TAMS 0x0000000086200000, 0x0000000086200000| Complete 
|  51|0x0000000086300000, 0x0000000086400000, 0x0000000086400000|100%| E|CS|TAMS 0x0000000086300000, 0x0000000086300000| Complete 
|  52|0x0000000086400000, 0x0000000086500000, 0x0000000086500000|100%| E|CS|TAMS 0x0000000086400000, 0x0000000086400000| Complete 
|  53|0x0000000086500000, 0x0000000086600000, 0x0000000086600000|100%| E|CS|TAMS 0x0000000086500000, 0x0000000086500000| Complete 
|  54|0x0000000086600000, 0x0000000086700000, 0x0000000086700000|100%| E|CS|TAMS 0x0000000086600000, 0x0000000086600000| Complete 
|  55|0x0000000086700000, 0x0000000086800000, 0x0000000086800000|100%| E|CS|TAMS 0x0000000086700000, 0x0000000086700000| Complete 
|  56|0x0000000086800000, 0x0000000086900000, 0x0000000086900000|100%| E|CS|TAMS 0x0000000086800000, 0x0000000086800000| Complete 
|  57|0x0000000086900000, 0x0000000086a00000, 0x0000000086a00000|100%| E|CS|TAMS 0x0000000086900000, 0x0000000086900000| Complete 
|  58|0x0000000086a00000, 0x0000000086b00000, 0x0000000086b00000|100%| E|CS|TAMS 0x0000000086a00000, 0x0000000086a00000| Complete 
|  59|0x0000000086b00000, 0x0000000086c00000, 0x0000000086c00000|100%| E|CS|TAMS 0x0000000086b00000, 0x0000000086b00000| Complete 
|  60|0x0000000086c00000, 0x0000000086d00000, 0x0000000086d00000|100%| E|CS|TAMS 0x0000000086c00000, 0x0000000086c00000| Complete 
|  88|0x0000000088800000, 0x0000000088900000, 0x0000000088900000|100%| E|CS|TAMS 0x0000000088800000, 0x0000000088800000| Complete 
|  89|0x0000000088900000, 0x0000000088a00000, 0x0000000088a00000|100%| E|CS|TAMS 0x0000000088900000, 0x0000000088900000| Complete 
|  90|0x0000000088a00000, 0x0000000088b00000, 0x0000000088b00000|100%| E|CS|TAMS 0x0000000088a00000, 0x0000000088a00000| Complete 
|  91|0x0000000088b00000, 0x0000000088c00000, 0x0000000088c00000|100%| E|CS|TAMS 0x0000000088b00000, 0x0000000088b00000| Complete 
| 125|0x000000008ad00000, 0x000000008ae00000, 0x000000008ae00000|100%| E|CS|TAMS 0x000000008ad00000, 0x000000008ad00000| Complete 

Card table byte_map: [0x0000015c2cdb0000,0x0000015c2d1a0000] _byte_map_base: 0x0000015c2c998000

Marking Bits (Prev, Next): (CMBitMap*) 0x0000015c1a21a990, (CMBitMap*) 0x0000015c1a21a9d0
 Prev Bits: [0x0000015c2d590000, 0x0000015c2f4d0000)
 Next Bits: [0x0000015c2f4d0000, 0x0000015c31410000)

Polling page: 0x0000015c18120000

Metaspace:

Usage:
  Non-class:     39.34 MB used.
      Class:      5.52 MB used.
       Both:     44.86 MB used.

Virtual space:
  Non-class space:       64.00 MB reserved,      39.44 MB ( 62%) committed,  1 nodes.
      Class space:        1.00 GB reserved,       5.62 MB ( <1%) committed,  1 nodes.
             Both:        1.06 GB reserved,      45.06 MB (  4%) committed. 

Chunk freelists:
   Non-Class:  7.95 MB
       Class:  10.33 MB
        Both:  18.27 MB

MaxMetaspaceSize: unlimited
CompressedClassSpaceSize: 1.00 GB
Initial GC threshold: 21.00 MB
Current GC threshold: 59.19 MB
CDS: off
MetaspaceReclaimPolicy: balanced
 - commit_granule_bytes: 65536.
 - commit_granule_words: 8192.
 - virtual_space_node_default_size: 8388608.
 - enlarge_chunks_in_place: 1.
 - new_chunks_are_fully_committed: 0.
 - uncommit_free_chunks: 1.
 - use_allocation_guard: 0.
 - handle_deallocations: 1.


Internal statistics:

num_allocs_failed_limit: 6.
num_arena_births: 164.
num_arena_deaths: 0.
num_vsnodes_births: 2.
num_vsnodes_deaths: 0.
num_space_committed: 720.
num_space_uncommitted: 0.
num_chunks_returned_to_freelist: 6.
num_chunks_taken_from_freelist: 1444.
num_chunk_merges: 6.
num_chunk_splits: 1231.
num_chunks_enlarged: 1131.
num_inconsistent_stats: 0.

CodeHeap 'non-profiled nmethods': size=120000Kb used=1193Kb max_used=1193Kb free=118806Kb
 bounds [0x0000015c25160000, 0x0000015c253d0000, 0x0000015c2c690000]
CodeHeap 'profiled nmethods': size=120000Kb used=5570Kb max_used=5570Kb free=114430Kb
 bounds [0x0000015c1d690000, 0x0000015c1dc10000, 0x0000015c24bc0000]
CodeHeap 'non-nmethods': size=5760Kb used=1254Kb max_used=1302Kb free=4505Kb
 bounds [0x0000015c24bc0000, 0x0000015c24e30000, 0x0000015c25160000]
 total_blobs=3427 nmethods=2857 adapters=482
 compilation: enabled
              stopped_count=0, restarted_count=0
 full_count=0

Compilation events (20 events):
Event: 2.326 Thread 0x0000015c38049660 nmethod 2827 0x0000015c1dbcb390 code [0x0000015c1dbcb5c0, 0x0000015c1dbcbf48]
Event: 2.326 Thread 0x0000015c38049660 2826       3       org.jetbrains.kotlin.load.java.structure.impl.classFiles.BinaryJavaClass::visitMethod (234 bytes)
Event: 2.328 Thread 0x0000015c38049660 nmethod 2826 0x0000015c1dbcc210 code [0x0000015c1dbcc6e0, 0x0000015c1dbceb68]
Event: 2.328 Thread 0x0000015c38049660 2830       3       org.jetbrains.org.objectweb.asm.ClassReader::readMethod (1061 bytes)
Event: 2.332 Thread 0x0000015c38049660 nmethod 2830 0x0000015c1dbcf710 code [0x0000015c1dbcfec0, 0x0000015c1dbd4b78]
Event: 2.332 Thread 0x0000015c38049660 2828       3       java.lang.StringBuilder::charAt (6 bytes)
Event: 2.332 Thread 0x0000015c38049660 nmethod 2828 0x0000015c1dbd6a10 code [0x0000015c1dbd6ba0, 0x0000015c1dbd6ce8]
Event: 2.332 Thread 0x0000015c38049660 2829       3       java.lang.AbstractStringBuilder::charAt (36 bytes)
Event: 2.332 Thread 0x0000015c38049660 nmethod 2829 0x0000015c1dbd6d90 code [0x0000015c1dbd6f80, 0x0000015c1dbd73b8]
Event: 2.332 Thread 0x0000015c38049660 2832       3       sun.nio.fs.WindowsFileAttributes::lastModifiedTime (8 bytes)
Event: 2.332 Thread 0x0000015c38049660 nmethod 2832 0x0000015c1dbd7590 code [0x0000015c1dbd7720, 0x0000015c1dbd7868]
Event: 2.332 Thread 0x0000015c38049660 2833   !   3       sun.nio.fs.WindowsFileAttributes::toFileTime (47 bytes)
Event: 2.332 Thread 0x0000015c38049660 nmethod 2833 0x0000015c1dbd7910 code [0x0000015c1dbd7b00, 0x0000015c1dbd7da8]
Event: 2.332 Thread 0x0000015c38049660 2831       1       org.jetbrains.kotlin.types.SimpleTypeImpl::getConstructor (5 bytes)
Event: 2.332 Thread 0x0000015c38049660 nmethod 2831 0x0000015c25289590 code [0x0000015c25289720, 0x0000015c252897f8]
Event: 2.332 Thread 0x0000015c38049660 2834       1       org.jetbrains.kotlin.load.java.typeEnhancement.AbstractSignatureParts$TypeAndDefaultQualifiers::getType (5 bytes)
Event: 2.332 Thread 0x0000015c38049660 nmethod 2834 0x0000015c25289890 code [0x0000015c25289a20, 0x0000015c25289af8]
Event: 2.333 Thread 0x0000015c38049660 2835 %     3       java.util.zip.ZipFile$Source::initCEN @ 240 (591 bytes)
Event: 2.336 Thread 0x0000015c38049660 nmethod 2835% 0x0000015c1dbd7f10 code [0x0000015c1dbd8400, 0x0000015c1dbdb198]
Event: 2.336 Thread 0x0000015c38049660 2836       3       org.jetbrains.kotlin.load.java.structure.impl.classFiles.BinaryJavaMethod::<init> (51 bytes)

GC Heap History (16 events):
Event: 0.464 GC heap before
{Heap before GC invocations=0 (full 0):
 garbage-first heap   total 129024K, used 27648K [0x0000000083000000, 0x0000000100000000)
  region size 1024K, 23 young (23552K), 0 survivors (0K)
 Metaspace       used 13355K, committed 13440K, reserved 1114112K
  class space    used 1292K, committed 1344K, reserved 1048576K
}
Event: 0.467 GC heap after
{Heap after GC invocations=1 (full 0):
 garbage-first heap   total 129024K, used 6984K [0x0000000083000000, 0x0000000100000000)
  region size 1024K, 3 young (3072K), 3 survivors (3072K)
 Metaspace       used 13355K, committed 13440K, reserved 1114112K
  class space    used 1292K, committed 1344K, reserved 1048576K
}
Event: 0.937 GC heap before
{Heap before GC invocations=1 (full 0):
 garbage-first heap   total 129024K, used 37704K [0x0000000083000000, 0x0000000100000000)
  region size 1024K, 34 young (34816K), 3 survivors (3072K)
 Metaspace       used 21323K, committed 21504K, reserved 1114112K
  class space    used 2323K, committed 2432K, reserved 1048576K
}
Event: 0.944 GC heap after
{Heap after GC invocations=2 (full 0):
 garbage-first heap   total 129024K, used 10350K [0x0000000083000000, 0x0000000100000000)
  region size 1024K, 4 young (4096K), 4 survivors (4096K)
 Metaspace       used 21323K, committed 21504K, reserved 1114112K
  class space    used 2323K, committed 2432K, reserved 1048576K
}
Event: 1.265 GC heap before
{Heap before GC invocations=3 (full 0):
 garbage-first heap   total 40960K, used 30830K [0x0000000083000000, 0x0000000100000000)
  region size 1024K, 25 young (25600K), 4 survivors (4096K)
 Metaspace       used 28313K, committed 28480K, reserved 1114112K
  class space    used 3520K, committed 3584K, reserved 1048576K
}
Event: 1.272 GC heap after
{Heap after GC invocations=4 (full 0):
 garbage-first heap   total 40960K, used 11384K [0x0000000083000000, 0x0000000100000000)
  region size 1024K, 2 young (2048K), 2 survivors (2048K)
 Metaspace       used 28313K, committed 28480K, reserved 1114112K
  class space    used 3520K, committed 3584K, reserved 1048576K
}
Event: 1.291 GC heap before
{Heap before GC invocations=4 (full 0):
 garbage-first heap   total 40960K, used 12408K [0x0000000083000000, 0x0000000100000000)
  region size 1024K, 3 young (3072K), 2 survivors (2048K)
 Metaspace       used 28649K, committed 28864K, reserved 1114112K
  class space    used 3549K, committed 3648K, reserved 1048576K
}
Event: 1.294 GC heap after
{Heap after GC invocations=5 (full 0):
 garbage-first heap   total 40960K, used 11673K [0x0000000083000000, 0x0000000100000000)
  region size 1024K, 1 young (1024K), 1 survivors (1024K)
 Metaspace       used 28649K, committed 28864K, reserved 1114112K
  class space    used 3549K, committed 3648K, reserved 1048576K
}
Event: 1.499 GC heap before
{Heap before GC invocations=5 (full 0):
 garbage-first heap   total 40960K, used 33177K [0x0000000083000000, 0x0000000100000000)
  region size 1024K, 20 young (20480K), 1 survivors (1024K)
 Metaspace       used 31182K, committed 31360K, reserved 1114112K
  class space    used 4035K, committed 4096K, reserved 1048576K
}
Event: 1.505 GC heap after
{Heap after GC invocations=6 (full 0):
 garbage-first heap   total 40960K, used 17770K [0x0000000083000000, 0x0000000100000000)
  region size 1024K, 3 young (3072K), 3 survivors (3072K)
 Metaspace       used 31182K, committed 31360K, reserved 1114112K
  class space    used 4035K, committed 4096K, reserved 1048576K
}
Event: 1.653 GC heap before
{Heap before GC invocations=6 (full 0):
 garbage-first heap   total 40960K, used 31082K [0x0000000083000000, 0x0000000100000000)
  region size 1024K, 16 young (16384K), 3 survivors (3072K)
 Metaspace       used 34335K, committed 34560K, reserved 1114112K
  class space    used 4377K, committed 4480K, reserved 1048576K
}
Event: 1.659 GC heap after
{Heap after GC invocations=7 (full 0):
 garbage-first heap   total 67584K, used 17296K [0x0000000083000000, 0x0000000100000000)
  region size 1024K, 2 young (2048K), 2 survivors (2048K)
 Metaspace       used 34335K, committed 34560K, reserved 1114112K
  class space    used 4377K, committed 4480K, reserved 1048576K
}
Event: 1.746 GC heap before
{Heap before GC invocations=7 (full 0):
 garbage-first heap   total 67584K, used 24464K [0x0000000083000000, 0x0000000100000000)
  region size 1024K, 10 young (10240K), 2 survivors (2048K)
 Metaspace       used 35901K, committed 36096K, reserved 1114112K
  class space    used 4546K, committed 4672K, reserved 1048576K
}
Event: 1.749 GC heap after
{Heap after GC invocations=8 (full 0):
 garbage-first heap   total 67584K, used 17955K [0x0000000083000000, 0x0000000100000000)
  region size 1024K, 3 young (3072K), 3 survivors (3072K)
 Metaspace       used 35901K, committed 36096K, reserved 1114112K
  class space    used 4546K, committed 4672K, reserved 1048576K
}
Event: 2.060 GC heap before
{Heap before GC invocations=9 (full 0):
 garbage-first heap   total 67584K, used 45603K [0x0000000083000000, 0x0000000100000000)
  region size 1024K, 30 young (30720K), 3 survivors (3072K)
 Metaspace       used 41416K, committed 41664K, reserved 1114112K
  class space    used 5083K, committed 5184K, reserved 1048576K
}
Event: 2.065 GC heap after
{Heap after GC invocations=10 (full 0):
 garbage-first heap   total 67584K, used 20440K [0x0000000083000000, 0x0000000100000000)
  region size 1024K, 4 young (4096K), 4 survivors (4096K)
 Metaspace       used 41416K, committed 41664K, reserved 1114112K
  class space    used 5083K, committed 5184K, reserved 1048576K
}

Dll operation events (2 events):
Event: 0.004 Loaded shared library E:\Android_Current_Version\install\jbr\bin\java.dll
Event: 1.132 Loaded shared library E:\Android_Current_Version\install\jbr\bin\verify.dll

Deoptimization events (20 events):
Event: 2.310 Thread 0x0000015c1a1bcb50 Uncommon trap: trap_request=0xffffffc6 fr.pc=0x0000015c2524f654 relative=0x00000000000005f4
Event: 2.310 Thread 0x0000015c1a1bcb50 Uncommon trap: reason=bimorphic_or_optimized_type_check action=maybe_recompile pc=0x0000015c2524f654 method=org.jetbrains.kotlin.protobuf.CodedInputStream.tryRefillBuffer(I)Z @ 177 c2
Event: 2.310 Thread 0x0000015c1a1bcb50 DEOPT PACKING pc=0x0000015c2524f654 sp=0x000000081f3fa9c0
Event: 2.310 Thread 0x0000015c1a1bcb50 DEOPT UNPACKING pc=0x0000015c24c169a3 sp=0x000000081f3fa8a8 mode 2
Event: 2.312 Thread 0x0000015c1a1bcb50 Uncommon trap: trap_request=0xffffffc6 fr.pc=0x0000015c2524f654 relative=0x00000000000005f4
Event: 2.312 Thread 0x0000015c1a1bcb50 Uncommon trap: reason=bimorphic_or_optimized_type_check action=maybe_recompile pc=0x0000015c2524f654 method=org.jetbrains.kotlin.protobuf.CodedInputStream.tryRefillBuffer(I)Z @ 177 c2
Event: 2.312 Thread 0x0000015c1a1bcb50 DEOPT PACKING pc=0x0000015c2524f654 sp=0x000000081f3fa9c0
Event: 2.312 Thread 0x0000015c1a1bcb50 DEOPT UNPACKING pc=0x0000015c24c169a3 sp=0x000000081f3fa8a8 mode 2
Event: 2.312 Thread 0x0000015c1a1bcb50 Uncommon trap: trap_request=0xffffffc6 fr.pc=0x0000015c2524f654 relative=0x00000000000005f4
Event: 2.312 Thread 0x0000015c1a1bcb50 Uncommon trap: reason=bimorphic_or_optimized_type_check action=maybe_recompile pc=0x0000015c2524f654 method=org.jetbrains.kotlin.protobuf.CodedInputStream.tryRefillBuffer(I)Z @ 177 c2
Event: 2.312 Thread 0x0000015c1a1bcb50 DEOPT PACKING pc=0x0000015c2524f654 sp=0x000000081f3faab0
Event: 2.312 Thread 0x0000015c1a1bcb50 DEOPT UNPACKING pc=0x0000015c24c169a3 sp=0x000000081f3fa998 mode 2
Event: 2.314 Thread 0x0000015c1a1bcb50 Uncommon trap: trap_request=0xffffffc6 fr.pc=0x0000015c2524f654 relative=0x00000000000005f4
Event: 2.314 Thread 0x0000015c1a1bcb50 Uncommon trap: reason=bimorphic_or_optimized_type_check action=maybe_recompile pc=0x0000015c2524f654 method=org.jetbrains.kotlin.protobuf.CodedInputStream.tryRefillBuffer(I)Z @ 177 c2
Event: 2.314 Thread 0x0000015c1a1bcb50 DEOPT PACKING pc=0x0000015c2524f654 sp=0x000000081f3faab0
Event: 2.314 Thread 0x0000015c1a1bcb50 DEOPT UNPACKING pc=0x0000015c24c169a3 sp=0x000000081f3fa998 mode 2
Event: 2.316 Thread 0x0000015c1a1bcb50 Uncommon trap: trap_request=0xffffffc6 fr.pc=0x0000015c252500a8 relative=0x00000000000002c8
Event: 2.316 Thread 0x0000015c1a1bcb50 Uncommon trap: reason=bimorphic_or_optimized_type_check action=maybe_recompile pc=0x0000015c252500a8 method=org.jetbrains.kotlin.protobuf.CodedInputStream.tryRefillBuffer(I)Z @ 177 c2
Event: 2.316 Thread 0x0000015c1a1bcb50 DEOPT PACKING pc=0x0000015c252500a8 sp=0x000000081f3fa970
Event: 2.316 Thread 0x0000015c1a1bcb50 DEOPT UNPACKING pc=0x0000015c24c169a3 sp=0x000000081f3fa8a8 mode 2

Classes unloaded (0 events):
No events

Classes redefined (0 events):
No events

Internal exceptions (20 events):
Event: 0.973 Thread 0x0000015c1a1bcb50 Exception <a 'java/lang/NoSuchMethodError'{0x00000000851a91a8}: 'java.lang.Object java.lang.invoke.DirectMethodHandle$Holder.invokeSpecial(java.lang.Object, java.lang.Object, java.lang.Object, java.lang.Object, long)'> (0x00000000851a91a8) 
thrown [s\src\hotspot\share\interpreter\linkResolver.cpp, line 771]
Event: 0.974 Thread 0x0000015c1a1bcb50 Exception <a 'java/lang/NoSuchMethodError'{0x00000000851b8568}: 'int java.lang.invoke.DelegatingMethodHandle$Holder.reinvoke_L(java.lang.Object, java.lang.Object, java.lang.Object, long, java.lang.Object, java.lang.Object)'> (0x00000000851b8568) 
thrown [s\src\hotspot\share\interpreter\linkResolver.cpp, line 771]
Event: 0.975 Thread 0x0000015c1a1bcb50 Exception <a 'java/lang/NoSuchMethodError'{0x00000000851c70f8}: 'int java.lang.invoke.DelegatingMethodHandle$Holder.reinvoke_L(java.lang.Object, java.lang.Object, java.lang.Object, long, int, int)'> (0x00000000851c70f8) 
thrown [s\src\hotspot\share\interpreter\linkResolver.cpp, line 771]
Event: 0.976 Thread 0x0000015c1a1bcb50 Exception <a 'java/lang/NoSuchMethodError'{0x00000000851d5a30}: 'int java.lang.invoke.DelegatingMethodHandle$Holder.reinvoke_L(java.lang.Object, java.lang.Object, java.lang.Object, long, long, long)'> (0x00000000851d5a30) 
thrown [s\src\hotspot\share\interpreter\linkResolver.cpp, line 771]
Event: 0.977 Thread 0x0000015c1a1bcb50 Exception <a 'java/lang/NoSuchMethodError'{0x00000000851e4170}: 'int java.lang.invoke.DelegatingMethodHandle$Holder.reinvoke_L(java.lang.Object, java.lang.Object, java.lang.Object, long, int)'> (0x00000000851e4170) 
thrown [s\src\hotspot\share\interpreter\linkResolver.cpp, line 771]
Event: 0.991 Thread 0x0000015c1a1bcb50 Exception <a 'java/lang/NoSuchMethodError'{0x000000008508c5f0}: 'int java.lang.invoke.DirectMethodHandle$Holder.invokeStaticInit(java.lang.Object, java.lang.Object, java.lang.Object)'> (0x000000008508c5f0) 
thrown [s\src\hotspot\share\interpreter\linkResolver.cpp, line 771]
Event: 0.994 Thread 0x0000015c1a1bcb50 Exception <a 'java/lang/NoSuchMethodError'{0x00000000850b5b68}: 'int java.lang.invoke.DirectMethodHandle$Holder.invokeStaticInit(java.lang.Object, java.lang.Object)'> (0x00000000850b5b68) 
thrown [s\src\hotspot\share\interpreter\linkResolver.cpp, line 771]
Event: 1.006 Thread 0x0000015c1a1bcb50 Exception <a 'java/lang/NoSuchMethodError'{0x0000000084f93e40}: 'void java.lang.invoke.DirectMethodHandle$Holder.invokeSpecial(java.lang.Object, java.lang.Object, java.lang.Object)'> (0x0000000084f93e40) 
thrown [s\src\hotspot\share\interpreter\linkResolver.cpp, line 771]
Event: 1.054 Thread 0x0000015c1a1bcb50 Exception <a 'java/lang/NoSuchMethodError'{0x0000000084cb88a8}: 'void java.lang.invoke.DirectMethodHandle$Holder.invokeStatic(java.lang.Object, java.lang.Object, java.lang.Object, java.lang.Object)'> (0x0000000084cb88a8) 
thrown [s\src\hotspot\share\interpreter\linkResolver.cpp, line 771]
Event: 1.104 Thread 0x0000015c1a1bcb50 Exception <a 'java/lang/NoSuchMethodError'{0x0000000084876c58}: 'void java.lang.invoke.DirectMethodHandle$Holder.invokeStaticInit(java.lang.Object, java.lang.Object)'> (0x0000000084876c58) 
thrown [s\src\hotspot\share\interpreter\linkResolver.cpp, line 771]
Event: 1.171 Thread 0x0000015c1a1bcb50 Exception <a 'java/lang/NoSuchMethodError'{0x00000000844ee980}: 'void java.lang.invoke.DirectMethodHandle$Holder.invokeVirtual(java.lang.Object, java.lang.Object)'> (0x00000000844ee980) 
thrown [s\src\hotspot\share\interpreter\linkResolver.cpp, line 771]
Event: 1.177 Thread 0x0000015c1a1bcb50 Exception <a 'java/lang/NoSuchMethodError'{0x00000000843680f0}: 'int java.lang.invoke.DirectMethodHandle$Holder.invokeVirtual(java.lang.Object, java.lang.Object)'> (0x00000000843680f0) 
thrown [s\src\hotspot\share\interpreter\linkResolver.cpp, line 771]
Event: 1.187 Thread 0x0000015c1a1bcb50 Exception <a 'java/lang/NoSuchMethodError'{0x00000000843ff540}: 'java.lang.Object java.lang.invoke.Invokers$Holder.invokeExact_MT(java.lang.Object, java.lang.Object, java.lang.Object, java.lang.Object, java.lang.Object, java.lang.Object)'> (0x00000000843ff540) 
thrown [s\src\hotspot\share\interpreter\linkResolver.cpp, line 771]
Event: 1.495 Thread 0x0000015c1a1bcb50 Implicit null exception at 0x0000015c251785f2 to 0x0000015c25178c0c
Event: 1.581 Thread 0x0000015c1a1bcb50 Implicit null exception at 0x0000015c25179af2 to 0x0000015c2517a12c
Event: 1.611 Thread 0x0000015c1a1bcb50 Exception <a 'java/lang/NoSuchMethodError'{0x0000000084e33b38}: 'java.lang.Object java.lang.invoke.DirectMethodHandle$Holder.invokeVirtual(java.lang.Object, java.lang.Object, java.lang.Object)'> (0x0000000084e33b38) 
thrown [s\src\hotspot\share\interpreter\linkResolver.cpp, line 771]
Event: 2.139 Thread 0x0000015c1a1bcb50 Exception <a 'java/lang/NoSuchMethodError'{0x000000008884b818}: 'java.lang.Object java.lang.invoke.DirectMethodHandle$Holder.newInvokeSpecial(java.lang.Object, java.lang.Object, java.lang.Object, int)'> (0x000000008884b818) 
thrown [s\src\hotspot\share\interpreter\linkResolver.cpp, line 771]
Event: 2.140 Thread 0x0000015c1a1bcb50 Exception <a 'java/lang/NoSuchMethodError'{0x000000008884fea0}: 'java.lang.Object java.lang.invoke.DirectMethodHandle$Holder.invokeSpecial(java.lang.Object, java.lang.Object, java.lang.Object, java.lang.Object, int)'> (0x000000008884fea0) 
thrown [s\src\hotspot\share\interpreter\linkResolver.cpp, line 771]
Event: 2.140 Thread 0x0000015c1a1bcb50 Exception <a 'java/lang/NoSuchMethodError'{0x0000000088853d10}: 'java.lang.Object java.lang.invoke.Invokers$Holder.linkToTargetMethod(java.lang.Object, java.lang.Object, int, java.lang.Object)'> (0x0000000088853d10) 
thrown [s\src\hotspot\share\interpreter\linkResolver.cpp, line 771]
Event: 2.271 Thread 0x0000015c1a1bcb50 Exception <a 'java/lang/NoSuchMethodError'{0x0000000086558fe8}: 'java.lang.Object java.lang.invoke.DirectMethodHandle$Holder.newInvokeSpecial(java.lang.Object, java.lang.Object, int)'> (0x0000000086558fe8) 
thrown [s\src\hotspot\share\interpreter\linkResolver.cpp, line 771]

VM Operations (20 events):
Event: 1.745 Executing VM operation: CollectForMetadataAllocation
Event: 1.749 Executing VM operation: CollectForMetadataAllocation done
Event: 1.761 Executing VM operation: G1Concurrent
Event: 1.763 Executing VM operation: G1Concurrent done
Event: 1.767 Executing VM operation: G1Concurrent
Event: 1.767 Executing VM operation: G1Concurrent done
Event: 1.862 Executing VM operation: HandshakeAllThreads
Event: 1.862 Executing VM operation: HandshakeAllThreads done
Event: 2.060 Executing VM operation: G1CollectForAllocation
Event: 2.065 Executing VM operation: G1CollectForAllocation done
Event: 2.126 Executing VM operation: HandshakeAllThreads
Event: 2.126 Executing VM operation: HandshakeAllThreads done
Event: 2.137 Executing VM operation: HandshakeAllThreads
Event: 2.138 Executing VM operation: HandshakeAllThreads done
Event: 2.181 Executing VM operation: HandshakeAllThreads
Event: 2.181 Executing VM operation: HandshakeAllThreads done
Event: 2.274 Executing VM operation: HandshakeAllThreads
Event: 2.274 Executing VM operation: HandshakeAllThreads done
Event: 2.309 Executing VM operation: HandshakeAllThreads
Event: 2.309 Executing VM operation: HandshakeAllThreads done

Events (20 events):
Event: 2.084 loading class java/util/AbstractMap$SimpleImmutableEntry
Event: 2.084 loading class java/util/AbstractMap$SimpleImmutableEntry done
Event: 2.110 loading class java/util/regex/Pattern$StartS
Event: 2.110 loading class java/util/regex/Pattern$StartS done
Event: 2.116 loading class java/util/ConcurrentModificationException
Event: 2.116 loading class java/util/ConcurrentModificationException done
Event: 2.126 loading class java/util/ArrayList$ListItr
Event: 2.126 loading class java/util/ArrayList$ListItr done
Event: 2.173 loading class java/io/InvalidObjectException
Event: 2.173 loading class java/io/InvalidObjectException done
Event: 2.180 loading class java/util/AbstractList$SubList$1
Event: 2.180 loading class java/util/AbstractList$SubList$1 done
Event: 2.181 loading class java/util/AbstractList$ListItr
Event: 2.181 loading class java/util/AbstractList$ListItr done
Event: 2.226 loading class java/text/StringCharacterIterator
Event: 2.226 loading class java/text/CharacterIterator
Event: 2.226 loading class java/text/CharacterIterator done
Event: 2.226 loading class java/text/StringCharacterIterator done
Event: 2.257 loading class java/lang/Override
Event: 2.258 loading class java/lang/Override done


Dynamic libraries:
0x00007ff697840000 - 0x00007ff69784a000 	E:\Android_Current_Version\install\jbr\bin\java.exe
0x00007ffc00710000 - 0x00007ffc00926000 	C:\WINDOWS\SYSTEM32\ntdll.dll
0x00007ffbff480000 - 0x00007ffbff544000 	C:\WINDOWS\System32\KERNEL32.DLL
0x00007ffbfdc00000 - 0x00007ffbfdfa6000 	C:\WINDOWS\System32\KERNELBASE.dll
0x00007ffbfe100000 - 0x00007ffbfe211000 	C:\WINDOWS\System32\ucrtbase.dll
0x00007ffbd7d40000 - 0x00007ffbd7d57000 	E:\Android_Current_Version\install\jbr\bin\jli.dll
0x00007ffbe2c60000 - 0x00007ffbe2c7b000 	E:\Android_Current_Version\install\jbr\bin\VCRUNTIME140.dll
0x00007ffc00520000 - 0x00007ffc006cd000 	C:\WINDOWS\System32\USER32.dll
0x00007ffbfe430000 - 0x00007ffbfe456000 	C:\WINDOWS\System32\win32u.dll
0x00007ffc000e0000 - 0x00007ffc00109000 	C:\WINDOWS\System32\GDI32.dll
0x00007ffbe3030000 - 0x00007ffbe32c3000 	C:\WINDOWS\WinSxS\amd64_microsoft.windows.common-controls_6595b64144ccf1df_6.0.22621.3235_none_270f74e173860f98\COMCTL32.dll
0x00007ffbfdfb0000 - 0x00007ffbfe0c8000 	C:\WINDOWS\System32\gdi32full.dll
0x00007ffbffa90000 - 0x00007ffbffb37000 	C:\WINDOWS\System32\msvcrt.dll
0x00007ffbfe220000 - 0x00007ffbfe2ba000 	C:\WINDOWS\System32\msvcp_win.dll
0x00007ffc00110000 - 0x00007ffc00141000 	C:\WINDOWS\System32\IMM32.DLL
0x00007ffbf8be0000 - 0x00007ffbf8bec000 	E:\Android_Current_Version\install\jbr\bin\vcruntime140_1.dll
0x00007ffbb45c0000 - 0x00007ffbb464d000 	E:\Android_Current_Version\install\jbr\bin\msvcp140.dll
0x00007ffb9f140000 - 0x00007ffb9fdc0000 	E:\Android_Current_Version\install\jbr\bin\server\jvm.dll
0x00007ffbff9d0000 - 0x00007ffbffa82000 	C:\WINDOWS\System32\ADVAPI32.dll
0x00007ffbfe770000 - 0x00007ffbfe818000 	C:\WINDOWS\System32\sechost.dll
0x00007ffbfe0d0000 - 0x00007ffbfe0f8000 	C:\WINDOWS\System32\bcrypt.dll
0x00007ffbfe8e0000 - 0x00007ffbfe9f5000 	C:\WINDOWS\System32\RPCRT4.dll
0x00007ffbd4560000 - 0x00007ffbd4569000 	C:\WINDOWS\SYSTEM32\WSOCK32.dll
0x00007ffbff280000 - 0x00007ffbff2f1000 	C:\WINDOWS\System32\WS2_32.dll
0x00007ffbf5b50000 - 0x00007ffbf5b84000 	C:\WINDOWS\SYSTEM32\WINMM.dll
0x00007ffbf37d0000 - 0x00007ffbf37da000 	C:\WINDOWS\SYSTEM32\VERSION.dll
0x00007ffbfca90000 - 0x00007ffbfcaa8000 	C:\WINDOWS\SYSTEM32\kernel.appcore.dll
0x00007ffbf5f00000 - 0x00007ffbf5f0a000 	E:\Android_Current_Version\install\jbr\bin\jimage.dll
0x00007ffbfb390000 - 0x00007ffbfb5c3000 	C:\WINDOWS\SYSTEM32\DBGHELP.DLL
0x00007ffbffb40000 - 0x00007ffbffec8000 	C:\WINDOWS\System32\combase.dll
0x00007ffc003e0000 - 0x00007ffc004b7000 	C:\WINDOWS\System32\OLEAUT32.dll
0x00007ffbdb130000 - 0x00007ffbdb162000 	C:\WINDOWS\SYSTEM32\dbgcore.DLL
0x00007ffbfdb80000 - 0x00007ffbfdbfa000 	C:\WINDOWS\System32\bcryptPrimitives.dll
0x00007ffbcc460000 - 0x00007ffbcc485000 	E:\Android_Current_Version\install\jbr\bin\java.dll
0x00007ffbe03d0000 - 0x00007ffbe03e8000 	E:\Android_Current_Version\install\jbr\bin\zip.dll
0x00007ffbfea00000 - 0x00007ffbff25d000 	C:\WINDOWS\System32\SHELL32.dll
0x00007ffbfb9b0000 - 0x00007ffbfc2a8000 	C:\WINDOWS\SYSTEM32\windows.storage.dll
0x00007ffbfb870000 - 0x00007ffbfb9ae000 	C:\WINDOWS\SYSTEM32\wintypes.dll
0x00007ffc002b0000 - 0x00007ffc003a3000 	C:\WINDOWS\System32\SHCORE.dll
0x00007ffbfe4e0000 - 0x00007ffbfe53e000 	C:\WINDOWS\System32\shlwapi.dll
0x00007ffbfd980000 - 0x00007ffbfd9a6000 	C:\WINDOWS\SYSTEM32\profapi.dll
0x00007ffbe01b0000 - 0x00007ffbe01c9000 	E:\Android_Current_Version\install\jbr\bin\net.dll
0x00007ffbf6a00000 - 0x00007ffbf6b37000 	C:\WINDOWS\SYSTEM32\WINHTTP.dll
0x00007ffbfcf10000 - 0x00007ffbfcf79000 	C:\WINDOWS\system32\mswsock.dll
0x00007ffbdc010000 - 0x00007ffbdc026000 	E:\Android_Current_Version\install\jbr\bin\nio.dll
0x00007ffbe4000000 - 0x00007ffbe4010000 	E:\Android_Current_Version\install\jbr\bin\verify.dll

dbghelp: loaded successfully - version: 4.0.5 - missing functions: none
symbol engine: initialized successfully - sym options: 0x614 - pdb path: .;E:\Android_Current_Version\install\jbr\bin;C:\WINDOWS\SYSTEM32;C:\WINDOWS\WinSxS\amd64_microsoft.windows.common-controls_6595b64144ccf1df_6.0.22621.3235_none_270f74e173860f98;E:\Android_Current_Version\install\jbr\bin\server

VM Arguments:
java_command: org.jetbrains.kotlin.cli.jvm.K2JVMCompiler @E:\MAD_Project\app\build\20240319_17725014415967136739.compiler.options
java_class_path (initial): E:\Android_Gradle\caches\modules-2\files-2.1\org.jetbrains.kotlin\kotlin-compiler-embeddable\1.9.10\57ca1b0823ae3ecb451a97e1f8e6de0b19ea5294\kotlin-compiler-embeddable-1.9.10.jar;E:\Android_Gradle\caches\modules-2\files-2.1\org.jetbrains.kotlin\kotlin-stdlib\1.9.10\72812e8a368917ab5c0a5081b56915ffdfec93b7\kotlin-stdlib-1.9.10.jar;E:\Android_Gradle\caches\modules-2\files-2.1\org.jetbrains.kotlin\kotlin-script-runtime\1.9.10\398513a8534701579cccaf5953ea914416b4696c\kotlin-script-runtime-1.9.10.jar;E:\Android_Gradle\caches\modules-2\files-2.1\org.jetbrains.kotlin\kotlin-reflect\1.6.10\1cbe9c92c12a94eea200d23c2bbaedaf3daf5132\kotlin-reflect-1.6.10.jar;E:\Android_Gradle\caches\modules-2\files-2.1\org.jetbrains.kotlin\kotlin-daemon-embeddable\1.9.10\bda2f7daa6b89d2ded2d9e1e0b0cadaf9446ade1\kotlin-daemon-embeddable-1.9.10.jar;E:\Android_Gradle\caches\modules-2\files-2.1\org.jetbrains.intellij.deps\trove4j\1.0.20200330\3afb14d5f9ceb459d724e907a21145e8ff394f02\trove4j-1.0.20200330.jar;E:\Android_Gradle\caches\modules-2\files-2.1\org.jetbrains.kotlin\kotlin-stdlib-common\1.9.10\dafaf2c27f27c09220cee312df10917d9a5d97ce\kotlin-stdlib-common-1.9.10.jar;E:\Android_Gradle\caches\modules-2\files-2.1\org.jetbrains\annotations\13.0\919f0dfe192fb4e063e7dacadee7f8bb9a2672a9\annotations-13.0.jar
Launcher Type: SUN_STANDARD

[Global flags]
     intx CICompilerCount                          = 4                                         {product} {ergonomic}
     uint ConcGCThreads                            = 2                                         {product} {ergonomic}
     uint G1ConcRefinementThreads                  = 8                                         {product} {ergonomic}
   size_t G1HeapRegionSize                         = 1048576                                   {product} {ergonomic}
    uintx GCDrainStackTargetSize                   = 64                                        {product} {ergonomic}
   size_t InitialHeapSize                          = 132120576                                 {product} {ergonomic}
   size_t MarkStackSize                            = 4194304                                   {product} {ergonomic}
   size_t MaxHeapSize                              = 2097152000                                {product} {ergonomic}
   size_t MaxNewSize                               = 1258291200                                {product} {ergonomic}
   size_t MinHeapDeltaBytes                        = 1048576                                   {product} {ergonomic}
   size_t MinHeapSize                              = 8388608                                   {product} {ergonomic}
    uintx NonNMethodCodeHeapSize                   = 5839372                                {pd product} {ergonomic}
    uintx NonProfiledCodeHeapSize                  = 122909434                              {pd product} {ergonomic}
    uintx ProfiledCodeHeapSize                     = 122909434                              {pd product} {ergonomic}
    uintx ReservedCodeCacheSize                    = 251658240                              {pd product} {ergonomic}
     bool SegmentedCodeCache                       = true                                      {product} {ergonomic}
   size_t SoftMaxHeapSize                          = 2097152000                             {manageable} {ergonomic}
     bool UseCompressedClassPointers               = true                           {product lp64_product} {ergonomic}
     bool UseCompressedOops                        = true                           {product lp64_product} {ergonomic}
     bool UseG1GC                                  = true                                      {product} {ergonomic}
     bool UseLargePagesIndividualAllocation        = false                                  {pd product} {ergonomic}

Logging:
Log output configuration:
 #0: stdout all=warning uptime,level,tags
 #1: stderr all=off uptime,level,tags

Environment Variables:
JAVA_HOME=C:\Program Files\Java\jdk-21
PATH=C:\Program Files\Common Files\Oracle\Java\javapath;F:\Oracle_Databasr_19c\WINDOWS.X64_193000_db_home\bin;C:\WINDOWS\system32;C:\WINDOWS;C:\WINDOWS\System32\Wbem;C:\WINDOWS\System32\WindowsPowerShell\v1.0\;C:\WINDOWS\System32\OpenSSH\;C:\Program Files\Git\cmd;C:\Program Files (x86)\Microsoft SQL Server\160\Tools\Binn\;C:\Program Files\Microsoft SQL Server\160\Tools\Binn\;C:\Program Files\Microsoft SQL Server\Client SDK\ODBC\170\Tools\Binn\;C:\Program Files\Microsoft SQL Server\160\DTS\Binn\;C:\Program Files (x86)\Microsoft SQL Server\160\DTS\Binn\;C:\Program Files\Azure Data Studio\bin;C:\Program Files\dotnet\;C:\Program Files\Microsoft SQL Server\150\Tools\Binn\;E:\Node.js\Installed-20\;C:\Program Files\Java\jdk-21\bin;C:\Program Files\MySQL\MySQL Shell 8.0\bin\;C:\Users\HP\AppData\Local\Microsoft\WindowsApps;C:\Program Files\Azure Data Studio\bin;C:\Users\HP\.dotnet\tools;C:\Users\HP\AppData\Roaming\npm;C:\Users\HP\AppData\Local\Programs\Microsoft VS Code\bin;E:\Intellij_New\IntelliJ IDEA 2023.3.5\bin;;E:\Intellij\IntelliJ IDEA Community Edition 2023.3\bin;;C:\Users\HP\AppData\Local\GitHubDesktop\bin
USERNAME=HP
OS=Windows_NT
PROCESSOR_IDENTIFIER=Intel64 Family 6 Model 142 Stepping 12, GenuineIntel
TMP=C:\Users\HP\AppData\Local\Temp
TEMP=C:\Users\HP\AppData\Local\Temp


JNI global refs:
JNI global refs: 9, weak refs: 21

JNI global refs memory usage: 843, weak refs: 841

OOME stack traces (most recent first):
Classloader memory used:
Loader jdk.internal.loader.ClassLoaders$AppClassLoader                                 : 4487K
Loader bootstrap                                                                       : 1255K
Loader jdk.internal.reflect.DelegatingClassLoader                                      : 5635B


---------------  S Y S T E M  ---------------

OS:
 Windows 11 , 64 bit Build 22621 (10.0.22621.3235)
OS uptime: 2 days 21:06 hours

CPU: total 8 (initial active 8) (4 cores per cpu, 2 threads per core) family 6 model 142 stepping 12 microcode 0xde, cx8, cmov, fxsr, ht, mmx, 3dnowpref, sse, sse2, sse3, ssse3, sse4.1, sse4.2, popcnt, lzcnt, tsc, tscinvbit, avx, avx2, aes, erms, clmul, bmi1, bmi2, adx, fma, vzeroupper, clflush, clflushopt

Memory: 4k page, system-wide physical 7995M (497M free)
TotalPageFile size 16187M (AvailPageFile size 7M)
current process WorkingSet (physical memory assigned to process): 208M, peak: 209M
current process commit charge ("private bytes"): 247M, peak: 250M

vm_info: OpenJDK 64-Bit Server VM (17.0.7+0-b2043.56-10550314) for windows-amd64 JRE (17.0.7+0-b2043.56-10550314), built on Jul 24 2023 18:27:45 by "androidbuild" with MS VC++ 16.10 / 16.11 (VS2019)

END.
