JvmtiExport can_access_local_variables 0
JvmtiExport can_hotswap_or_post_breakpoint 0
JvmtiExport can_post_on_exceptions 0
# 893 ciObject found
instanceKlass com/android/builder/files/SerializableFileChanges$Companion
instanceKlass com/android/tools/r8/utils/S1
instanceKlass com/android/tools/r8/internal/im
instanceKlass com/android/tools/r8/internal/e6
instanceKlass com/android/tools/r8/internal/Be
instanceKlass com/android/tools/r8/utils/V1
instanceKlass com/android/tools/r8/internal/P7
instanceKlass com/android/tools/r8/internal/N00
instanceKlass com/android/tools/r8/utils/n1
instanceKlass com/android/tools/r8/internal/tq
instanceKlass com/android/tools/r8/internal/L7$a
instanceKlass org/jetbrains/kotlin/cli/common/messages/CompilerMessageLocationWithRange$Companion
instanceKlass org/jetbrains/kotlin/cli/common/messages/CompilerMessageLocationWithRange
instanceKlass org/jetbrains/kotlin/cli/common/messages/CompilerMessageSourceLocation
instanceKlass org/jetbrains/kotlin/gradle/logging/GradleBufferingMessageCollector$MessageData
instanceKlass org/jetbrains/kotlin/daemon/client/BasicCompilerServicesWithResultsFacadeServerKt$WhenMappings
instanceKlass org/jetbrains/kotlin/daemon/client/BasicCompilerServicesWithResultsFacadeServerKt
instanceKlass org/jetbrains/kotlin/compilerRunner/GradleCompilerServicesFacadeImpl$WhenMappings
instanceKlass org/jetbrains/kotlin/daemon/common/CompileIterationResult$Companion
instanceKlass org/jetbrains/kotlin/daemon/common/CompileIterationResult
instanceKlass org/gradle/api/internal/provider/AbstractProperty$1
instanceKlass com/google/common/io/Closeables
instanceKlass com/android/builder/internal/aapt/v2/Aapt2DaemonImpl$AllowShutdown
instanceKlass org/jetbrains/kotlin/compilerRunner/ReportUtilsKt$createLoggingMessageCollector$1$WhenMappings
instanceKlass org/jetbrains/kotlin/cli/common/messages/CompilerMessageSeverity$1
instanceKlass org/gradle/internal/snapshot/impl/GradleSerializedValueSnapshot
instanceKlass com/android/ide/common/symbols/SymbolListWithPackageNameWriter
instanceKlass com/android/builder/packaging/JarFlinger
instanceKlass com/android/builder/packaging/JarCreator
instanceKlass com/android/builder/symbols/BytecodeRClassWriterKt
instanceKlass com/google/common/collect/NullnessCasts
instanceKlass com/android/build/gradle/internal/services/SymbolTableBuildService$FileCacheKey
instanceKlass com/android/ide/common/symbols/SymbolIo$1
instanceKlass com/android/builder/internal/aapt/v2/Aapt2DaemonImpl$WaitForTaskCompletion$Result
instanceKlass com/android/builder/internal/aapt/AaptUtils
instanceKlass com/android/builder/internal/aapt/v2/AaptV2CommandBuilder$makeLinkCommand$$inlined$sortedBy$1
instanceKlass com/android/builder/internal/aapt/v2/AaptV2CommandBuilder
instanceKlass com/android/builder/internal/aapt/v2/Aapt2DaemonUtil
instanceKlass com/android/builder/internal/aapt/v2/Aapt2DaemonImpl$WaitForTaskCompletion
instanceKlass com/google/common/util/concurrent/OverflowAvoidingLockSupport
instanceKlass com/android/utils/GrabProcessOutput
instanceKlass com/android/builder/internal/aapt/v2/Aapt2DaemonImpl$WaitForReadyOnStdOut
instanceKlass com/android/builder/internal/aapt/v2/Aapt2Daemon$WhenMappings
instanceKlass com/android/builder/internal/aapt/v2/Aapt2DaemonManager$LeasedAaptDaemon
instanceKlass com/android/build/gradle/internal/services/Aapt2DaemonManagerMaintainer$firstDaemonStarted$2
instanceKlass com/android/build/gradle/internal/services/Aapt2DaemonManagerMaintainer$firstDaemonStarted$1
instanceKlass java/util/concurrent/Executors$DelegatedExecutorService
instanceKlass com/android/builder/internal/aapt/v2/Aapt2DaemonManager$LeasableAaptDaemon
instanceKlass com/android/builder/internal/aapt/v2/Aapt2DaemonImpl$processOutput$1
instanceKlass com/android/builder/internal/aapt/v2/Aapt2DaemonImpl$NoOutputExpected
instanceKlass com/android/utils/GrabProcessOutput$IProcessOutput
instanceKlass com/android/builder/internal/aapt/v2/Aapt2Daemon
instanceKlass com/android/build/gradle/internal/res/Aapt2ProcessResourcesRunnableKt
instanceKlass com/google/common/cache/CacheBuilderSpec$1
instanceKlass com/google/common/cache/CacheBuilderSpec$DurationParser
instanceKlass com/google/common/cache/CacheBuilderSpec$RecordStatsParser
instanceKlass com/google/common/cache/CacheBuilderSpec$ValueStrengthParser
instanceKlass com/google/common/cache/CacheBuilderSpec$KeyStrengthParser
instanceKlass com/google/common/cache/CacheBuilderSpec$LongParser
instanceKlass com/google/common/cache/CacheBuilderSpec$IntegerParser
instanceKlass com/google/common/cache/CacheBuilderSpec$ValueParser
instanceKlass com/google/common/cache/CacheBuilderSpec
instanceKlass com/android/build/gradle/internal/services/SymbolTableBuildService$Companion
instanceKlass com/android/builder/internal/aapt/AaptPackageConfig
instanceKlass com/android/builder/internal/aapt/AaptPackageConfig$Builder
instanceKlass com/android/build/gradle/internal/services/PartialInProcessResourceProcessor
instanceKlass com/android/build/gradle/internal/services/Aapt2DaemonBuildService$getManager$2$1
instanceKlass com/android/builder/internal/aapt/v2/Aapt2DaemonManager$leasingAapt2Daemon$1
instanceKlass com/android/build/gradle/internal/services/Aapt2DaemonManagerMaintainer
instanceKlass com/android/builder/internal/aapt/v2/Aapt2DaemonManager$Listener
instanceKlass com/android/builder/internal/aapt/v2/Aapt2
instanceKlass com/android/builder/internal/aapt/v2/Aapt2DaemonManager
instanceKlass com/android/build/gradle/internal/services/Aapt2DaemonServiceKey
instanceKlass com/android/builder/internal/aapt/v2/Aapt2DaemonTimeouts
instanceKlass com/android/build/gradle/internal/services/Aapt2Daemon
instanceKlass com/android/builder/internal/aapt/AaptOptions
instanceKlass com/android/build/gradle/internal/res/LinkApplicationAndroidResourcesTask$doFullTaskAction$1
instanceKlass com/android/ide/common/symbols/SymbolTable$getSymbolByResourceType$$inlined$compareBy$1
instanceKlass com/android/ide/common/symbols/ResourceValuesXmlParser$WhenMappings
instanceKlass com/android/ide/common/symbols/ResourceValuesXmlParser
instanceKlass com/android/ide/common/symbols/ResourceExtraXmlParser
instanceKlass org/apache/xerces/impl/XMLEntityManager$EncodingInfo
instanceKlass org/apache/xerces/util/URI
instanceKlass com/android/ide/common/symbols/ResourceDirectoryParser$parseResourceDirectory$$inlined$sortedBy$1
instanceKlass com/android/ide/common/symbols/ResourceDirectoryParser$parseResourceSourceSetDirectory$$inlined$sortedBy$1
instanceKlass com/android/ide/common/symbols/ResourceDirectoryParser
instanceKlass com/google/common/collect/StandardTable$CellIterator
instanceKlass com/android/ide/common/symbols/SymbolTable$Builder$symbols$1
instanceKlass com/android/ide/common/symbols/SymbolTable$Builder
instanceKlass com/android/ide/common/symbols/SymbolTable$Companion
instanceKlass com/android/ide/common/symbols/SymbolTable
instanceKlass com/android/ide/common/symbols/SymbolTableKt
instanceKlass com/google/common/collect/Tables$AbstractCell
instanceKlass com/google/common/collect/Tables$1
instanceKlass com/google/common/collect/RowSortedTable
instanceKlass com/google/common/collect/Table$Cell
instanceKlass com/google/common/collect/Tables
instanceKlass com/google/common/collect/MapMakerInternalMap$AbstractStrongKeyEntry
instanceKlass com/google/common/collect/MapMakerInternalMap$StrongValueEntry
instanceKlass com/android/ide/common/symbols/Symbol$Companion
instanceKlass com/android/ide/common/symbols/SymbolUtils
instanceKlass java/nio/file/FileChannelLinesSpliterator$1
instanceKlass com/google/common/collect/ImmutableTable$Builder
instanceKlass com/android/ide/common/symbols/SymbolTable$FastBuilder
instanceKlass com/android/ide/common/symbols/SymbolIo$SymbolData
instanceKlass com/android/ide/common/symbols/Symbol
instanceKlass com/android/ide/common/symbols/SymbolIo$SymbolLineReader
instanceKlass java/util/stream/Streams$1
instanceKlass java/nio/file/FileChannelLinesSpliterator
instanceKlass com/google/common/collect/MapMakerInternalMap$StrongKeyDummyValueEntry$Helper
instanceKlass com/google/common/collect/MapMakerInternalMap$InternalEntry
instanceKlass com/google/common/collect/MapMakerInternalMap$1
instanceKlass com/google/common/collect/MapMakerInternalMap$InternalEntryHelper
instanceKlass com/google/common/collect/MapMakerInternalMap$WeakValueReference
instanceKlass com/google/common/collect/Interners$InternerImpl
instanceKlass com/google/common/collect/MapMaker
instanceKlass com/google/common/collect/Interner
instanceKlass com/google/common/collect/Interners$InternerBuilder
instanceKlass com/android/aapt/ConfigurationOuterClass$Configuration$GrammaticalGender$1
instanceKlass com/android/aapt/ConfigurationOuterClass$Configuration$Navigation$1
instanceKlass com/android/aapt/ConfigurationOuterClass$Configuration$NavHidden$1
instanceKlass com/android/aapt/ConfigurationOuterClass$Configuration$Keyboard$1
instanceKlass com/android/aapt/ConfigurationOuterClass$Configuration$KeysHidden$1
instanceKlass com/android/aapt/ConfigurationOuterClass$Configuration$Touchscreen$1
instanceKlass com/android/aapt/ConfigurationOuterClass$Configuration$UiModeNight$1
instanceKlass com/android/aapt/ConfigurationOuterClass$Configuration$UiModeType$1
instanceKlass com/android/aapt/ConfigurationOuterClass$Configuration$Orientation$1
instanceKlass com/android/aapt/ConfigurationOuterClass$Configuration$Hdr$1
instanceKlass com/android/aapt/ConfigurationOuterClass$Configuration$WideColorGamut$1
instanceKlass com/android/aapt/ConfigurationOuterClass$Configuration$ScreenRound$1
instanceKlass com/android/aapt/ConfigurationOuterClass$Configuration$ScreenLayoutLong$1
instanceKlass com/android/aapt/ConfigurationOuterClass$Configuration$ScreenLayoutSize$1
instanceKlass com/android/aapt/ConfigurationOuterClass$Configuration$LayoutDirection$1
instanceKlass com/android/aapt/ConfigurationOuterClass
instanceKlass com/android/aapt/Resources$FileReference$Type$1
instanceKlass com/android/aaptcompiler/android/ResValue$DataType$Companion
instanceKlass com/android/aaptcompiler/Plural$Type$Companion
instanceKlass com/android/aaptcompiler/proto/ProtoSerializeKt$WhenMappings
instanceKlass android/aapt/pb/internal/ResourcesInternal
instanceKlass android/aapt/pb/internal/ResourcesInternal$CompiledFile$SymbolOrBuilder
instanceKlass com/android/aapt/ConfigurationOuterClass$ConfigurationOrBuilder
instanceKlass android/aapt/pb/internal/ResourcesInternal$CompiledFileOrBuilder
instanceKlass com/android/aaptcompiler/proto/ProtoSerializeKt
instanceKlass com/android/aaptcompiler/Container$Companion
instanceKlass com/android/aaptcompiler/Container
instanceKlass com/android/aaptcompiler/XmlProcessor$process$3
instanceKlass com/android/aaptcompiler/XmlProcessor$process$$inlined$sortedBy$1
instanceKlass com/android/aaptcompiler/XmlResource
instanceKlass javax/xml/stream/events/EndElement
instanceKlass com/android/aaptcompiler/SourcedResourceName
instanceKlass com/android/aaptcompiler/UnicodeUtilKt
instanceKlass com/android/aaptcompiler/ReferenceInfo
instanceKlass com/android/aaptcompiler/Value
instanceKlass com/android/aaptcompiler/ResourceNameInfo
instanceKlass com/android/aaptcompiler/PossibleResourceName
instanceKlass javax/xml/stream/events/Characters
instanceKlass com/android/aapt/Resources$ItemOrBuilder
instanceKlass com/android/aapt/Resources$SourcePositionOrBuilder
instanceKlass com/android/aapt/Resources
instanceKlass com/android/aapt/Resources$XmlNamespaceOrBuilder
instanceKlass com/google/common/collect/Interners
instanceKlass com/android/ide/common/symbols/SymbolListVisitor
instanceKlass com/android/ide/common/symbols/SymbolIo
instanceKlass com/android/aapt/Resources$XmlNodeOrBuilder
instanceKlass com/android/aapt/Resources$XmlAttributeOrBuilder
instanceKlass com/android/ide/common/symbols/IdProvider$Companion$constant$1
instanceKlass com/android/ide/common/symbols/IdProvider$Companion
instanceKlass com/android/ide/common/symbols/IdProvider
instanceKlass com/android/build/gradle/internal/res/ParseLibraryResourcesTaskKt
instanceKlass com/android/aapt/Resources$XmlElementOrBuilder
instanceKlass com/android/build/gradle/internal/res/ParseLibraryResourcesTask$doTaskAction$1
instanceKlass sun/nio/fs/WindowsFileCopy
instanceKlass com/android/aaptcompiler/ResourceUtilsKt
instanceKlass com/sun/xml/internal/stream/util/ReadOnlyIterator
instanceKlass com/android/aaptcompiler/NamespaceContext
instanceKlass com/android/aaptcompiler/XmlResourceBuilder
instanceKlass com/sun/org/apache/xerces/internal/util/NamespaceSupport$Prefixes
instanceKlass javax/xml/stream/events/Namespace
instanceKlass javax/xml/stream/events/Attribute
instanceKlass javax/xml/stream/events/StartElement
instanceKlass com/sun/org/apache/xerces/internal/impl/XMLStreamReaderImpl$1
instanceKlass com/sun/xml/internal/stream/events/DummyEvent$DummyLocation
instanceKlass javax/xml/stream/Location
instanceKlass com/sun/xml/internal/stream/events/DummyEvent
instanceKlass javax/xml/stream/events/StartDocument
instanceKlass javax/xml/stream/events/XMLEvent
instanceKlass com/sun/xml/internal/stream/events/XMLEventAllocatorImpl
instanceKlass javax/xml/stream/util/XMLEventAllocator
instanceKlass com/sun/org/apache/xerces/internal/util/NamespaceContextWrapper
instanceKlass com/sun/org/apache/xerces/internal/impl/XMLStreamReaderImpl
instanceKlass javax/xml/stream/XMLStreamReader
instanceKlass javax/xml/stream/XMLStreamConstants
instanceKlass com/sun/xml/internal/stream/XMLEventReaderImpl
instanceKlass javax/xml/stream/XMLEventReader
instanceKlass com/android/aaptcompiler/ExtractedPackage
instanceKlass com/sun/org/apache/xerces/internal/impl/PropertyManager
instanceKlass javax/xml/stream/FactoryFinder$1
instanceKlass javax/xml/stream/FactoryFinder
instanceKlass com/android/ide/common/resources/CopyToOutputDirectoryResourceCompilationService
instanceKlass javax/xml/stream/XMLInputFactory
instanceKlass com/android/aaptcompiler/XmlUtilKt
instanceKlass com/android/aaptcompiler/XmlProcessor
instanceKlass com/android/aaptcompiler/ResourceName$Companion
instanceKlass com/android/aaptcompiler/ResourceName
instanceKlass com/android/aaptcompiler/ResourceFile
instanceKlass com/android/aaptcompiler/BlameLogger
instanceKlass com/android/build/gradle/internal/res/Aapt2ErrorUtils
instanceKlass com/android/aaptcompiler/ResourceCompilerOptions
instanceKlass com/android/build/gradle/internal/res/ResourceCompilerRunnable$Companion
instanceKlass com/google/common/collect/ImmutableMap$SerializedForm
instanceKlass com/google/common/collect/SetMultimap
instanceKlass com/android/build/gradle/internal/aapt/WorkerExecutorResourceCompilationService$close$1$1
instanceKlass com/android/aaptcompiler/AaptResourceTypeKt
instanceKlass com/android/aaptcompiler/ResourcePathData
instanceKlass com/android/aaptcompiler/LocaleValue
instanceKlass com/android/aaptcompiler/android/ResTableConfig$Companion
instanceKlass com/android/aaptcompiler/android/ResTableConfig
instanceKlass com/android/aaptcompiler/ConfigDescriptionKt
instanceKlass com/android/aaptcompiler/Source$Companion
instanceKlass com/android/aaptcompiler/Source
instanceKlass com/android/aaptcompiler/ResourcePathDataKt
instanceKlass com/android/aaptcompiler/ResourceCompiler
instanceKlass com/android/utils/XmlUtils$PositionAwareStringBuilder
instanceKlass com/android/ide/common/blame/SourceFileJsonTypeAdapter$1
instanceKlass com/android/ide/common/blame/MergingLogPersistUtil
instanceKlass com/android/builder/internal/aapt/v2/Aapt2RenamingConventions
instanceKlass com/google/common/collect/AbstractMapBasedMultimap$WrappedCollection$WrappedIterator
instanceKlass com/android/ide/common/resources/CompileResourceRequest
instanceKlass com/google/common/collect/LinkedListMultimap$NodeIterator
instanceKlass com/google/common/collect/HashBasedTable$Factory
instanceKlass com/google/common/collect/AbstractTable
instanceKlass java/util/concurrent/ConcurrentLinkedDeque$Node
instanceKlass com/android/ide/common/resources/MergedResourceWriterRequest
instanceKlass com/android/ide/common/workers/WorkerExecutorFacade$WorkAction
instanceKlass com/android/ide/common/resources/MergeWriter
instanceKlass com/android/ide/common/resources/MergeConsumer
instanceKlass com/android/build/gradle/internal/aapt/WorkerExecutorResourceCompilationService
instanceKlass com/android/ide/common/resources/ResourceCompilationService
instanceKlass com/android/build/gradle/internal/tasks/Workers$WorkerExecutorAdapter
instanceKlass com/android/build/gradle/internal/tasks/Workers
instanceKlass com/android/ide/common/blame/MergingLog
instanceKlass com/android/ide/common/resources/ResourceSet$1
instanceKlass com/android/ide/common/resources/ResourceSet$FolderData
instanceKlass com/android/ide/common/resources/DataSet$1
instanceKlass com/google/common/collect/LinkedListMultimap$ValueForKeyIterator
instanceKlass com/google/common/collect/LinkedListMultimap$DistinctKeyIterator
instanceKlass com/google/common/collect/Multimaps$AsMap$EntrySet$1
instanceKlass java/util/stream/Nodes$IntArrayNode
instanceKlass java/util/stream/Node$Builder$OfInt
instanceKlass com/android/utils/SdkUtils
instanceKlass com/android/ide/common/resources/FileResourceNameValidator
instanceKlass com/android/resources/FolderTypeRelationship
instanceKlass org/apache/xerces/dom/CharacterDataImpl$1
instanceKlass com/google/common/collect/LinkedListMultimap$KeyList
instanceKlass com/android/ide/common/rendering/api/ResourceNamespace$Resolver
instanceKlass com/android/ide/common/rendering/api/TextResourceValue
instanceKlass com/android/ide/common/rendering/api/AttrResourceValue
instanceKlass com/android/ide/common/rendering/api/PluralsResourceValue
instanceKlass com/android/ide/common/rendering/api/ArrayResourceValue
instanceKlass com/android/ide/common/rendering/api/StyleableResourceValue
instanceKlass com/android/ide/common/rendering/api/StyleResourceValue
instanceKlass com/android/ide/common/rendering/api/ResourceValueImpl
instanceKlass com/android/ide/common/rendering/api/StyleItemResourceValue
instanceKlass com/android/ide/common/rendering/api/ResourceValue
instanceKlass com/android/ide/common/resources/ValueResourceNameValidator
instanceKlass com/google/common/collect/CollectCollectors$EnumSetAccumulator
instanceKlass com/google/common/collect/RangeGwtSerializationDependencies
instanceKlass com/google/common/collect/ImmutableRangeSet$Builder
instanceKlass com/google/common/collect/SortedIterable
instanceKlass com/google/common/collect/AbstractRangeSet
instanceKlass com/google/common/collect/RangeSet
instanceKlass com/google/common/collect/CollectCollectors
instanceKlass com/android/ide/common/resources/ValueResourceParser2
instanceKlass com/android/ide/common/resources/configuration/FolderConfiguration
instanceKlass com/android/ide/common/resources/NoOpResourcePreprocessor
instanceKlass com/android/ide/common/resources/AndroidAaptIgnore
instanceKlass com/android/ide/common/resources/PatternBasedFileFilter
instanceKlass com/android/ide/common/resources/DataFile
instanceKlass com/android/ide/common/rendering/api/ResourceNamespace
instanceKlass com/android/ide/common/resources/NodeUtils
instanceKlass org/apache/xerces/dom/NodeListCache
instanceKlass org/apache/xerces/dom/NamedNodeMapImpl
instanceKlass org/apache/xerces/impl/Constants$ArrayEnumeration
instanceKlass org/apache/xerces/impl/Constants
instanceKlass org/apache/xerces/dom/DeferredDocumentImpl$RefCount
instanceKlass org/w3c/dom/ranges/Range
instanceKlass org/w3c/dom/traversal/TreeWalker
instanceKlass org/w3c/dom/traversal/NodeIterator
instanceKlass org/w3c/dom/events/MutationEvent
instanceKlass org/w3c/dom/events/Event
instanceKlass org/w3c/dom/DocumentFragment
instanceKlass org/w3c/dom/Comment
instanceKlass org/w3c/dom/CDATASection
instanceKlass org/w3c/dom/Text
instanceKlass org/w3c/dom/CharacterData
instanceKlass org/w3c/dom/ProcessingInstruction
instanceKlass org/w3c/dom/EntityReference
instanceKlass org/w3c/dom/DOMConfiguration
instanceKlass org/w3c/dom/DocumentType
instanceKlass org/w3c/dom/Entity
instanceKlass org/w3c/dom/Notation
instanceKlass org/w3c/dom/ElementTraversal
instanceKlass org/apache/xerces/dom/NodeImpl
instanceKlass org/w3c/dom/events/EventTarget
instanceKlass org/w3c/dom/ranges/DocumentRange
instanceKlass org/w3c/dom/events/DocumentEvent
instanceKlass org/w3c/dom/traversal/DocumentTraversal
instanceKlass org/apache/xerces/dom/DeferredNode
instanceKlass org/apache/xerces/util/XMLSymbols
instanceKlass org/apache/xerces/util/XMLChar
instanceKlass org/apache/xerces/xni/parser/XMLInputSource
instanceKlass org/apache/xerces/impl/msg/XMLMessageFormatter
instanceKlass org/apache/xerces/impl/XMLVersionDetector
instanceKlass org/apache/xerces/impl/validation/ValidationManager
instanceKlass org/apache/xerces/impl/dv/dtd/NMTOKENDatatypeValidator
instanceKlass org/apache/xerces/impl/dv/dtd/NOTATIONDatatypeValidator
instanceKlass org/apache/xerces/impl/dv/dtd/ENTITYDatatypeValidator
instanceKlass org/apache/xerces/impl/dv/dtd/ListDatatypeValidator
instanceKlass org/apache/xerces/impl/dv/dtd/IDREFDatatypeValidator
instanceKlass org/apache/xerces/impl/dv/dtd/IDDatatypeValidator
instanceKlass org/apache/xerces/impl/dv/dtd/StringDatatypeValidator
instanceKlass org/apache/xerces/impl/dv/DatatypeValidator
instanceKlass org/apache/xerces/impl/dv/SecuritySupport$3
instanceKlass org/apache/xerces/impl/dv/SecuritySupport$2
instanceKlass org/apache/xerces/impl/dv/SecuritySupport$1
instanceKlass org/apache/xerces/impl/dv/SecuritySupport$4
instanceKlass org/apache/xerces/impl/dv/SecuritySupport
instanceKlass org/apache/xerces/impl/dv/ObjectFactory
instanceKlass org/apache/xerces/impl/dv/DTDDVFactory
instanceKlass org/apache/xerces/impl/dtd/DTDGrammarBucket
instanceKlass org/apache/xerces/impl/dtd/XMLAttributeDecl
instanceKlass org/apache/xerces/impl/dtd/XMLSimpleType
instanceKlass org/apache/xerces/impl/dtd/XMLElementDecl
instanceKlass org/apache/xerces/impl/validation/ValidationState
instanceKlass org/apache/xerces/impl/dv/ValidationContext
instanceKlass org/apache/xerces/impl/dtd/DTDGrammar
instanceKlass org/apache/xerces/xni/grammars/Grammar
instanceKlass org/apache/xerces/impl/validation/EntityState
instanceKlass org/apache/xerces/impl/dtd/XMLEntityDecl
instanceKlass org/apache/xerces/impl/dtd/XMLDTDProcessor
instanceKlass org/apache/xerces/xni/parser/XMLDTDContentModelFilter
instanceKlass org/apache/xerces/xni/parser/XMLDTDFilter
instanceKlass org/apache/xerces/impl/XMLDocumentScannerImpl$TrailingMiscDispatcher
instanceKlass org/apache/xerces/impl/XMLDocumentScannerImpl$DTDDispatcher
instanceKlass org/apache/xerces/impl/XMLDocumentScannerImpl$PrologDispatcher
instanceKlass org/apache/xerces/impl/XMLDocumentScannerImpl$XMLDeclDispatcher
instanceKlass org/apache/xerces/util/NamespaceSupport
instanceKlass org/apache/xerces/util/XMLAttributesImpl$Attribute
instanceKlass org/apache/xerces/util/XMLAttributesImpl
instanceKlass org/apache/xerces/impl/XMLDocumentFragmentScannerImpl$FragmentContentDispatcher
instanceKlass org/apache/xerces/xni/QName
instanceKlass org/apache/xerces/impl/XMLDocumentFragmentScannerImpl$ElementStack
instanceKlass org/apache/xerces/xni/grammars/XMLDTDDescription
instanceKlass org/apache/xerces/xni/grammars/XMLGrammarDescription
instanceKlass org/apache/xerces/impl/XMLDocumentFragmentScannerImpl$Dispatcher
instanceKlass org/apache/xerces/xni/XMLAttributes
instanceKlass org/apache/xerces/xni/XMLString
instanceKlass org/apache/xerces/impl/XMLScanner
instanceKlass org/apache/xerces/impl/XMLEntityHandler
instanceKlass org/apache/xerces/impl/XMLErrorReporter
instanceKlass org/apache/xerces/impl/XMLEntityManager$CharacterBuffer
instanceKlass org/apache/xerces/impl/XMLEntityManager$CharacterBufferPool
instanceKlass org/apache/xerces/impl/XMLEntityManager$ByteBufferPool
instanceKlass org/apache/xerces/util/AugmentationsImpl$AugmentationsItemsContainer
instanceKlass org/apache/xerces/util/AugmentationsImpl
instanceKlass org/apache/xerces/util/XMLResourceIdentifierImpl
instanceKlass org/apache/xerces/impl/XMLEntityManager$1
instanceKlass org/apache/xerces/xni/Augmentations
instanceKlass org/apache/xerces/impl/XMLEntityScanner
instanceKlass org/apache/xerces/impl/XMLEntityManager$Entity
instanceKlass org/apache/xerces/xni/XMLResourceIdentifier
instanceKlass org/apache/xerces/impl/XMLEntityManager
instanceKlass org/apache/xerces/util/SymbolTable$Entry
instanceKlass org/apache/xerces/xni/grammars/XMLGrammarPool
instanceKlass org/apache/xerces/util/SymbolTable
instanceKlass org/apache/xerces/xni/NamespaceContext
instanceKlass org/apache/xerces/impl/dtd/XMLDTDValidator
instanceKlass org/apache/xerces/xni/XMLLocator
instanceKlass org/apache/xerces/util/MessageFormatter
instanceKlass org/apache/xerces/impl/dtd/XMLDTDValidatorFilter
instanceKlass org/apache/xerces/xni/parser/XMLDocumentScanner
instanceKlass org/apache/xerces/xni/parser/XMLDTDScanner
instanceKlass org/apache/xerces/xni/parser/XMLDTDContentModelSource
instanceKlass org/apache/xerces/util/ParserConfigurationSettings
instanceKlass org/apache/xerces/parsers/XML11Configurable
instanceKlass org/apache/xerces/xni/parser/XMLPullParserConfiguration
instanceKlass org/apache/xerces/xni/parser/XMLParserConfiguration
instanceKlass org/apache/xerces/parsers/SecuritySupport$6
instanceKlass org/apache/xerces/parsers/SecuritySupport$7
instanceKlass org/apache/xerces/parsers/SecuritySupport$3
instanceKlass org/apache/xerces/parsers/SecuritySupport$2
instanceKlass org/apache/xerces/parsers/SecuritySupport$1
instanceKlass org/apache/xerces/parsers/SecuritySupport$4
instanceKlass org/apache/xerces/parsers/SecuritySupport
instanceKlass org/apache/xerces/parsers/ObjectFactory
instanceKlass org/apache/xerces/xni/parser/XMLEntityResolver
instanceKlass org/apache/xerces/xni/parser/XMLErrorHandler
instanceKlass org/apache/xerces/xs/XSSimpleTypeDefinition
instanceKlass org/apache/xerces/xs/XSTypeDefinition
instanceKlass org/apache/xerces/xs/XSObject
instanceKlass org/w3c/dom/DOMError
instanceKlass org/apache/xerces/parsers/XMLParser
instanceKlass org/apache/xerces/xni/XMLDTDContentModelHandler
instanceKlass org/apache/xerces/jaxp/TeeXMLDocumentFilterImpl
instanceKlass org/apache/xerces/impl/xs/XMLSchemaValidator
instanceKlass org/apache/xerces/impl/xs/XSElementDeclHelper
instanceKlass org/apache/xerces/impl/RevalidationHandler
instanceKlass org/apache/xerces/impl/xs/identity/FieldActivator
instanceKlass org/apache/xerces/xni/parser/XMLDocumentFilter
instanceKlass org/apache/xerces/xni/parser/XMLDocumentSource
instanceKlass org/apache/xerces/xni/XMLDocumentHandler
instanceKlass org/apache/xerces/xni/parser/XMLComponent
instanceKlass org/apache/xerces/xni/parser/XMLComponentManager
instanceKlass org/apache/xerces/xni/parser/XMLDTDSource
instanceKlass org/apache/xerces/xni/XMLDTDHandler
instanceKlass org/apache/xerces/jaxp/JAXPConstants
instanceKlass javax/xml/parsers/DocumentBuilder
instanceKlass com/android/ide/common/resources/DataItem
instanceKlass com/android/ide/common/resources/ResourceItem
instanceKlass com/android/ide/common/resources/configuration/Configurable
instanceKlass com/google/common/collect/Table
instanceKlass com/android/build/gradle/internal/LoggerWrapper$LoggerSupplier
instanceKlass com/android/ide/common/resources/configuration/ResourceQualifier
instanceKlass com/android/builder/png/VectorDrawableRenderer
instanceKlass com/android/build/gradle/tasks/MergeResources$preprocessor$densities$1
instanceKlass kotlin/sequences/SequencesKt___SequencesKt$sortedWith$1
instanceKlass com/android/ide/common/resources/RelativeResourceUtils$getIdentifiedSourceSetMap$$inlined$sortedBy$1
instanceKlass kotlin/sequences/DistinctSequence
instanceKlass com/android/ide/common/resources/RelativeResourceUtils
instanceKlass com/android/build/gradle/internal/tasks/NonIncrementalTask$taskAction$$inlined$recordTaskAction$1
instanceKlass org/gradle/internal/operations/BuildOperationDescriptor$1
instanceKlass java/net/UrlDeserializedState
instanceKlass org/gradle/internal/serialize/NestedExceptionPlaceholder
instanceKlass org/gradle/internal/serialize/ExceptionPlaceholder$2
instanceKlass org/gradle/internal/serialize/ExceptionPlaceholder$Java14NullPointerExceptionUsefulMessageSupport
instanceKlass org/gradle/internal/serialize/StackTraceElementPlaceholder
instanceKlass org/gradle/internal/serialize/ExceptionReplacingObjectOutputStream$2
instanceKlass org/gradle/internal/serialize/PlaceholderExceptionSupport
instanceKlass org/gradle/internal/serialize/ExceptionPlaceholder
instanceKlass org/gradle/tooling/internal/provider/serialization/WellKnownClassLoaderRegistry$1
instanceKlass org/gradle/tooling/internal/provider/serialization/DefaultPayloadClassLoaderRegistry$1
instanceKlass org/gradle/internal/logging/text/BufferingStyledTextOutput$ChangeStyleAction
instanceKlass org/gradle/internal/buildevents/BuildExceptionReporter$ContextImpl
instanceKlass org/gradle/internal/logging/text/BufferingStyledTextOutput$1
instanceKlass org/gradle/internal/buildevents/BuildExceptionReporter$FailureDetails
instanceKlass org/codehaus/groovy/runtime/StackTraceUtils
instanceKlass org/gradle/internal/exceptions/Contextual
instanceKlass org/gradle/tooling/internal/consumer/DefaultFailure
instanceKlass org/gradle/tooling/internal/protocol/InternalTestFrameworkFailure
instanceKlass org/gradle/tooling/internal/protocol/InternalTestAssertionFailure
instanceKlass org/gradle/tooling/internal/protocol/InternalTestFailure
instanceKlass org/gradle/tooling/events/internal/DefaultOperationFailureResult
instanceKlass org/gradle/tooling/events/task/TaskFailureResult
instanceKlass org/gradle/tooling/events/FailureResult
instanceKlass org/gradle/internal/build/event/types/DefaultFailure
instanceKlass org/gradle/tooling/internal/protocol/InternalFailure
instanceKlass org/gradle/internal/execution/history/changes/ChangeDetectorVisitor
instanceKlass org/gradle/api/internal/file/copy/CopyFileVisitorImpl
instanceKlass org/gradle/api/internal/file/copy/CopySpecActionImpl
instanceKlass org/gradle/api/internal/file/copy/FileCopyAction$FileCopyDetailsInternalAction
instanceKlass org/gradle/api/internal/file/copy/CopySpecBackedCopyActionProcessingStream
instanceKlass org/gradle/api/internal/file/copy/FileCopyDetailsInternal
instanceKlass org/gradle/api/internal/file/copy/NormalizingCopyActionDecorator
instanceKlass org/gradle/api/internal/file/copy/DuplicateHandlingCopyActionDecorator
instanceKlass org/gradle/api/internal/file/copy/CopyActionProcessingStream
instanceKlass org/gradle/api/internal/file/CopyActionProcessingStreamAction
instanceKlass org/gradle/api/internal/file/copy/FileCopyAction
instanceKlass org/gradle/api/internal/file/copy/CopySpecWrapper
instanceKlass org/jetbrains/kotlin/gradle/tasks/TaskOutputsBackup$sam$org_gradle_api_Transformer$0
instanceKlass jdk/internal/math/FormattedFloatingDecimal$2
instanceKlass jdk/internal/math/FormattedFloatingDecimal
instanceKlass java/util/logging/LogRecord
instanceKlass java/lang/StackStreamFactory$FrameBuffer
instanceKlass java/lang/StackStreamFactory$1
instanceKlass java/lang/StackStreamFactory
instanceKlass com/android/tools/analytics/JournalingUsageTracker$scheduleFlush$1
instanceKlass com/google/protobuf/ByteString$CodedBuilder
instanceKlass com/google/wireless/android/play/playlog/proto/ClientAnalytics
instanceKlass com/google/wireless/android/play/playlog/proto/ClientAnalytics$LogEventOrBuilder
instanceKlass com/google/wireless/android/sdk/stats/AndroidStudioEvent$EventKind$1
instanceKlass com/google/wireless/android/sdk/stats/AndroidStudioEvent$EventCategory$1
instanceKlass com/google/wireless/android/sdk/stats/GradleSyncIssueOrBuilder
instanceKlass com/google/wireless/android/sdk/stats/IntellijProjectSizeStatsOrBuilder
instanceKlass com/google/wireless/android/sdk/stats/AndroidStudioEvent$1
instanceKlass com/google/wireless/android/sdk/stats/FastPreviewEventOrBuilder
instanceKlass com/google/wireless/android/sdk/stats/KotlinGradlePerformanceOrBuilder
instanceKlass com/google/wireless/android/sdk/stats/BuildOutputDownloadsInfoEventOrBuilder
instanceKlass com/google/wireless/android/sdk/stats/UpgradeAndroidStudioDialogStatsOrBuilder
instanceKlass com/google/wireless/android/sdk/stats/CreateDiagnosticReportActionOrBuilder
instanceKlass com/google/wireless/android/sdk/stats/ComposePreviewCanvasEventOrBuilder
instanceKlass com/google/wireless/android/sdk/stats/IntelliJNewUIStateOrBuilder
instanceKlass com/google/wireless/android/sdk/stats/ComposePreviewLiteModeEventOrBuilder
instanceKlass com/google/wireless/android/sdk/stats/EditorHighlightingStatsOrBuilder
instanceKlass com/google/wireless/android/sdk/stats/StudioToolWindowActionStatsOrBuilder
instanceKlass com/google/wireless/android/sdk/stats/LldbSessionStartDetailsOrBuilder
instanceKlass com/google/wireless/android/sdk/stats/EmulatorPerformanceStatsOrBuilder
instanceKlass com/google/wireless/android/sdk/stats/WhatsNewAssistantUpdateEventOrBuilder
instanceKlass com/google/wireless/android/sdk/stats/MotionLayoutEditorEventOrBuilder
instanceKlass com/google/wireless/android/sdk/stats/GradleVersionCatalogDetectorEventOrBuilder
instanceKlass com/google/wireless/android/sdk/stats/GradlePluginUpgradeDialogStatsOrBuilder
instanceKlass com/google/wireless/android/sdk/stats/BuildAttributionUiEventOrBuilder
instanceKlass com/google/wireless/android/sdk/stats/SplittingTabsUsageEventOrBuilder
instanceKlass com/google/wireless/android/sdk/stats/AndroidCppExtensionEventOrBuilder
instanceKlass com/google/wireless/android/sdk/stats/StudioPatchUpdaterEventOrBuilder
instanceKlass com/google/wireless/android/sdk/stats/ConnectionAssistantEventOrBuilder
instanceKlass com/google/wireless/android/sdk/stats/UpgradeAssistantComponentEventOrBuilder
instanceKlass com/google/wireless/android/sdk/stats/GradlePluginDslUsageStatsOrBuilder
instanceKlass com/google/wireless/android/sdk/stats/DefaultActivityLocatorStatsOrBuilder
instanceKlass com/google/wireless/android/sdk/stats/ProjectViewSelectionChangeEventOrBuilder
instanceKlass com/google/wireless/android/sdk/stats/UpgradeAssistantProcessorEventOrBuilder
instanceKlass com/google/wireless/android/sdk/stats/ComposeMultiPreviewEventOrBuilder
instanceKlass com/google/wireless/android/sdk/stats/NonTransitiveRClassMigrationEventOrBuilder
instanceKlass com/google/wireless/android/sdk/stats/ComposeAnimationToolingEventOrBuilder
instanceKlass com/google/wireless/android/sdk/stats/ParallelAndroidTestReportUiEventOrBuilder
instanceKlass com/google/wireless/android/sdk/stats/DynamicLayoutInspectorEventOrBuilder
instanceKlass com/google/wireless/android/sdk/stats/DesignEditorHelpPanelEventOrBuilder
instanceKlass com/google/wireless/android/sdk/stats/ThreadingAgentUsageEventOrBuilder
instanceKlass com/google/wireless/android/sdk/stats/AppQualityInsightsUsageEventOrBuilder
instanceKlass com/google/wireless/android/sdk/stats/KotlinProjectConfigurationOrBuilder
instanceKlass com/google/wireless/android/sdk/stats/AndroidTestRetentionEventOrBuilder
instanceKlass com/google/wireless/android/sdk/stats/InteractivePreviewEventOrBuilder
instanceKlass com/google/wireless/android/sdk/stats/WearPairingEventOrBuilder
instanceKlass com/google/wireless/android/sdk/stats/DeviceManagerEventOrBuilder
instanceKlass com/google/wireless/android/sdk/stats/CoroutineDebuggerEventOrBuilder
instanceKlass com/google/wireless/android/sdk/stats/DeviceExplorerEventOrBuilder
instanceKlass com/google/wireless/android/sdk/stats/OptInToMetricsOrBuilder
instanceKlass com/google/wireless/android/sdk/stats/GradleJdkInvalidEventOrBuilder
instanceKlass com/google/wireless/android/sdk/stats/OptOutOfMetricsOrBuilder
instanceKlass com/google/wireless/android/sdk/stats/EditorNotificationOrBuilder
instanceKlass com/google/wireless/android/sdk/stats/SmlCompletionEventOrBuilder
instanceKlass com/google/wireless/android/sdk/stats/DirectAccessUsageEventOrBuilder
instanceKlass com/google/wireless/android/sdk/stats/SafeModeStatsEventOrBuilder
instanceKlass com/google/wireless/android/sdk/stats/TSdkUAEventOrBuilder
instanceKlass com/google/wireless/android/sdk/stats/SystemHealthEventOrBuilder
instanceKlass com/google/wireless/android/sdk/stats/HeapReportEventOrBuilder
instanceKlass com/google/wireless/android/sdk/stats/SmlChatBotEventOrBuilder
instanceKlass com/google/wireless/android/sdk/stats/StopEventOrBuilder
instanceKlass com/google/wireless/android/sdk/stats/SoongSyncStatsOrBuilder
instanceKlass com/google/wireless/android/sdk/stats/DebuggerEventOrBuilder
instanceKlass com/google/wireless/android/sdk/stats/StudioUpdateFlowEventOrBuilder
instanceKlass com/google/wireless/android/sdk/stats/MultiViewEventOrBuilder
instanceKlass com/google/wireless/android/sdk/stats/AppInspectionEventOrBuilder
instanceKlass com/google/wireless/android/sdk/stats/BuildOutputWindowStatsOrBuilder
instanceKlass com/google/wireless/android/sdk/stats/ImportSampleEventOrBuilder
instanceKlass com/google/wireless/android/sdk/stats/EditorCompletionStatsOrBuilder
instanceKlass com/google/wireless/android/sdk/stats/ComposeSampleEventOrBuilder
instanceKlass com/google/wireless/android/sdk/stats/MemorySettingsEventOrBuilder
instanceKlass com/google/wireless/android/sdk/stats/MlModelBindingEventOrBuilder
instanceKlass com/google/wireless/android/sdk/stats/WindowsDefenderStatusOrBuilder
instanceKlass com/google/wireless/android/sdk/stats/BuildAttributionStatsOrBuilder
instanceKlass com/google/wireless/android/sdk/stats/JniInspectionEventOrBuilder
instanceKlass com/google/wireless/android/sdk/stats/TypingLatencyStatsOrBuilder
instanceKlass com/google/wireless/android/sdk/stats/PSDEventOrBuilder
instanceKlass com/google/wireless/android/sdk/stats/DialogStatsOrBuilder
instanceKlass com/google/wireless/android/sdk/stats/NavEditorEventOrBuilder
instanceKlass com/google/wireless/android/sdk/stats/UserSentimentOrBuilder
instanceKlass com/google/wireless/android/sdk/stats/ResourceManagerEventOrBuilder
instanceKlass com/google/wireless/android/sdk/stats/IdePluginInfoOrBuilder
instanceKlass com/google/wireless/android/sdk/stats/DataBindingEventOrBuilder
instanceKlass com/google/wireless/android/sdk/stats/RunEventOrBuilder
instanceKlass com/google/wireless/android/sdk/stats/CMakeEditingEventOrBuilder
instanceKlass com/google/wireless/android/sdk/stats/GradleSyncStatsOrBuilder
instanceKlass com/google/wireless/android/sdk/stats/KotlinSupportOrBuilder
instanceKlass com/google/wireless/android/sdk/stats/AndroidProfilerDbStatsOrBuilder
instanceKlass com/google/wireless/android/sdk/stats/GradleCppSyncStatsOrBuilder
instanceKlass com/google/wireless/android/sdk/stats/ApkDebugProjectOrBuilder
instanceKlass com/google/wireless/android/sdk/stats/LayoutInspectorEventOrBuilder
instanceKlass com/google/wireless/android/sdk/stats/CppHeadersViewEventOrBuilder
instanceKlass com/google/wireless/android/sdk/stats/OomDialogEventOrBuilder
instanceKlass com/google/wireless/android/sdk/stats/ApkAnalyzerStatsOrBuilder
instanceKlass com/google/wireless/android/sdk/stats/StudioRunEventOrBuilder
instanceKlass com/google/wireless/android/sdk/stats/WhatsNewAssistantEventOrBuilder
instanceKlass com/google/wireless/android/sdk/stats/IntellijIndexingStatsOrBuilder
instanceKlass com/google/wireless/android/sdk/stats/LintSessionOrBuilder
instanceKlass com/google/wireless/android/sdk/stats/AndroidProfilerEventOrBuilder
instanceKlass com/google/wireless/android/sdk/stats/LintActionOrBuilder
instanceKlass com/google/wireless/android/sdk/stats/GfxTracingDetailsOrBuilder
instanceKlass com/google/wireless/android/sdk/stats/LLDBFrontendDetailsOrBuilder
instanceKlass com/google/wireless/android/sdk/stats/StudioProjectChangeOrBuilder
instanceKlass com/google/wireless/android/sdk/stats/TestRecorderDetailsOrBuilder
instanceKlass com/google/wireless/android/sdk/stats/FirebaseErrorDetailsOrBuilder
instanceKlass com/google/wireless/android/sdk/stats/UIActionStatsOrBuilder
instanceKlass com/google/wireless/android/sdk/stats/MachineDetailsOrBuilder
instanceKlass com/google/wireless/android/sdk/stats/AdbAssistantStatsOrBuilder
instanceKlass com/google/wireless/android/sdk/stats/LayoutEditorEventOrBuilder
instanceKlass com/google/wireless/android/sdk/stats/JvmDetailsOrBuilder
instanceKlass com/google/wireless/android/sdk/stats/LldbSessionEndDetailsOrBuilder
instanceKlass com/google/wireless/android/sdk/stats/LldbPerformanceStatsOrBuilder
instanceKlass com/google/wireless/android/sdk/stats/StudioPerformanceStatsOrBuilder
instanceKlass com/google/wireless/android/sdk/stats/FirebaseContextDetailsOrBuilder
instanceKlass com/google/wireless/android/sdk/stats/AppLinksAssistantEventOrBuilder
instanceKlass com/google/wireless/android/sdk/stats/TestRunOrBuilder
instanceKlass com/google/wireless/android/sdk/stats/EmulatorDetailsOrBuilder
instanceKlass com/google/wireless/android/sdk/stats/MetaMetricsOrBuilder
instanceKlass com/google/wireless/android/sdk/stats/DeviceInfoOrBuilder
instanceKlass com/google/wireless/android/sdk/stats/StudioCrashOrBuilder
instanceKlass com/google/wireless/android/sdk/stats/ProductDetailsOrBuilder
instanceKlass com/google/wireless/android/sdk/stats/EmulatorUiEventOrBuilder
instanceKlass com/google/wireless/android/sdk/stats/EmulatorHostOrBuilder
instanceKlass com/google/wireless/android/sdk/stats/HypervisorOrBuilder
instanceKlass com/google/wireless/android/sdk/stats/InstantRunOrBuilder
instanceKlass com/google/wireless/android/sdk/stats/GradleBuildDetailsOrBuilder
instanceKlass com/google/wireless/android/sdk/stats/RunFinishDataOrBuilder
instanceKlass com/google/wireless/android/sdk/stats/RunStartDataOrBuilder
instanceKlass com/google/wireless/android/sdk/stats/FileUsageOrBuilder
instanceKlass com/google/wireless/android/sdk/stats/ApplyChangesAgentErrorOrBuilder
instanceKlass com/google/wireless/android/sdk/stats/AvdLaunchEventOrBuilder
instanceKlass com/google/wireless/android/sdk/stats/ComposeDeployEventOrBuilder
instanceKlass com/google/wireless/android/sdk/stats/SurveyResponseOrBuilder
instanceKlass com/google/wireless/android/sdk/stats/AndroidStudioEvent$TemplatesUsageOrBuilder
instanceKlass com/google/wireless/android/sdk/stats/FileTypeOrBuilder
instanceKlass com/google/wireless/android/sdk/stats/AutoImportEventOrBuilder
instanceKlass com/google/wireless/android/sdk/stats/SigningWizardEventOrBuilder
instanceKlass com/google/wireless/android/sdk/stats/DaggerEditorEventOrBuilder
instanceKlass com/google/wireless/android/sdk/stats/VfsRefreshOrBuilder
instanceKlass com/google/wireless/android/sdk/stats/NavSafeArgsEventOrBuilder
instanceKlass com/google/wireless/android/sdk/stats/LiveLiteralsEventOrBuilder
instanceKlass com/google/wireless/android/sdk/stats/SuggestedImportEventOrBuilder
instanceKlass com/google/wireless/android/sdk/stats/ManifestMergerStatsOrBuilder
instanceKlass com/google/wireless/android/sdk/stats/SmlConfigurationEventOrBuilder
instanceKlass com/google/wireless/android/sdk/stats/LiveEditEventOrBuilder
instanceKlass com/google/wireless/android/sdk/stats/EditorPickerEventOrBuilder
instanceKlass com/google/wireless/android/sdk/stats/LogcatUsageEventOrBuilder
instanceKlass com/google/wireless/android/sdk/stats/SdkIndexLibraryDetailsOrBuilder
instanceKlass com/google/wireless/android/sdk/stats/OSMetricsOrBuilder
instanceKlass com/google/wireless/android/sdk/stats/SmlTransformEventOrBuilder
instanceKlass com/google/wireless/android/sdk/stats/IntelliJNewUISwitchOrBuilder
instanceKlass com/google/wireless/android/sdk/stats/KotlinSupportDeclinedOrBuilder
instanceKlass com/google/wireless/android/sdk/stats/GoogleLoginPluginEventOrBuilder
instanceKlass com/google/wireless/android/sdk/stats/DeviceMirroringSessionOrBuilder
instanceKlass com/google/wireless/android/sdk/stats/DeviceScreenshotEventOrBuilder
instanceKlass com/google/wireless/android/sdk/stats/MemoryUsageReportEventOrBuilder
instanceKlass com/google/wireless/android/sdk/stats/SdkIndexLoadingDetailsOrBuilder
instanceKlass org/gradle/internal/snapshot/DirectorySnapshot$1$1
instanceKlass com/google/wireless/android/sdk/stats/DeviceMirroringAbnormalAgentTerminationOrBuilder
instanceKlass org/gradle/internal/remote/internal/inet/SocketConnection$1
instanceKlass java/util/Locale$1
instanceKlass com/google/wireless/android/sdk/stats/EssentialsModeEventOrBuilder
instanceKlass org/gradle/internal/work/DefaultWorkerLeaseService$1
instanceKlass org/gradle/cache/internal/DefaultCleanupProgressMonitor
instanceKlass org/gradle/cache/internal/VersionSpecificCacheCleanupAction
instanceKlass com/google/wireless/android/sdk/stats/LintTooltipLinkEventOrBuilder
instanceKlass org/gradle/launcher/exec/BuildActionResult
instanceKlass org/gradle/tooling/internal/provider/serialization/SerializedPayload
instanceKlass org/gradle/api/internal/cache/DefaultCacheConfigurations$MustBeConfiguredCleanupFrequency
instanceKlass org/gradle/execution/PassThruCancellableOperationManager
instanceKlass org/gradle/internal/watch/vfs/impl/WatchingVirtualFileSystem$2$1
instanceKlass org/gradle/internal/watch/vfs/BuildFinishedFileSystemWatchingBuildOperationType$Result
instanceKlass org/gradle/internal/watch/vfs/impl/DefaultFileSystemWatchingStatistics$VirtualFileSystemStatistics
instanceKlass org/gradle/internal/watch/vfs/impl/DefaultFileSystemWatchingStatistics
instanceKlass org/gradle/internal/watch/registry/impl/WatchableHierarchies$RemoveUnwatchedFiles
instanceKlass org/gradle/internal/watch/registry/impl/DefaultFileWatcherRegistry$2
instanceKlass org/gradle/internal/watch/vfs/BuildFinishedFileSystemWatchingBuildOperationType$Details$1
instanceKlass org/gradle/internal/watch/vfs/BuildFinishedFileSystemWatchingBuildOperationType$Details
instanceKlass org/gradle/internal/watch/vfs/impl/WatchingVirtualFileSystem$2
instanceKlass org/gradle/api/internal/tasks/execution/statistics/TaskExecutionStatistics
instanceKlass org/gradle/internal/buildevents/TaskExecutionStatisticsReporter
instanceKlass org/gradle/internal/logging/text/AbstractStyledTextOutput$StyleOverrideTextOutput
instanceKlass com/android/builder/profile/AnalyticsProfileWriter$writeAndFinish$1
instanceKlass com/android/tools/analytics/AnalyticsSettingsKt
instanceKlass com/android/tools/analytics/Anonymizer
instanceKlass com/android/build/gradle/internal/attribution/BuildAnalyzerPartialResult$Companion
instanceKlass com/android/build/gradle/internal/attribution/BuildAnalyzerPartialResult
instanceKlass com/android/build/gradle/internal/attribution/BuildAnalyzerService$Companion$saveAttributionData$1
instanceKlass com/android/builder/utils/ExceptionFunction
instanceKlass com/google/common/reflect/Types$ClassOwnership$1LocalClass
instanceKlass com/google/common/reflect/Types$ParameterizedTypeImpl
instanceKlass com/google/common/reflect/Reflection
instanceKlass com/google/common/reflect/Types$TypeVariableInvocationHandler
instanceKlass com/google/common/reflect/Types$TypeVariableImpl
instanceKlass com/google/common/reflect/Types
instanceKlass com/google/common/reflect/Types$NativeTypeVariableEquals
instanceKlass com/google/common/reflect/TypeResolver$TypeVariableKey
instanceKlass com/google/common/reflect/TypeResolver$TypeTable
instanceKlass com/google/common/reflect/TypeResolver
instanceKlass com/android/utils/JvmWideVariable$ValueWrapper
instanceKlass com/android/utils/JvmWideVariable$ValueWrapperMBean
instanceKlass com/android/utils/JvmWideVariable
instanceKlass com/google/common/reflect/Invokable
instanceKlass com/android/utils/concurrency/ReadWriteProcessLock$WriteLock
instanceKlass com/android/utils/concurrency/ReadWriteProcessLock$ReadLock
instanceKlass com/google/common/reflect/TypeCapture
instanceKlass com/android/utils/concurrency/ReadWriteProcessLock$Lock
instanceKlass com/android/utils/concurrency/ReadWriteProcessLock
instanceKlass com/android/builder/utils/SynchronizedFile
instanceKlass com/android/buildanalyzer/common/AndroidGradlePluginAttributionData$Companion
instanceKlass com/android/buildanalyzer/common/AndroidGradlePluginAttributionData
instanceKlass org/jetbrains/kotlin/gradle/plugin/statistics/BuildFlowService$Parameters$Inject
instanceKlass org/jetbrains/kotlin/gradle/plugin/statistics/KotlinBuildStatHandler$sam$org_gradle_api_Action$0
instanceKlass org/jetbrains/kotlin/gradle/plugin/statistics/KotlinBuildStatHandler$collectConfigurationTimeMetrics$1
instanceKlass org/gradle/configurationcache/flow/BuildFlowScope$setBuildWorkResult$1$1
instanceKlass org/gradle/api/flow/BuildWorkResult
instanceKlass com/google/common/cache/LocalCache$WriteThroughEntry
instanceKlass com/google/common/cache/LocalCache$HashIterator
instanceKlass com/google/common/io/ByteArrayDataInput
instanceKlass com/google/common/io/ByteArrayDataOutput
instanceKlass com/google/common/io/ByteStreams
instanceKlass com/google/common/io/CharSink
instanceKlass com/google/common/io/CharSource
instanceKlass com/google/common/io/Files$2
instanceKlass com/google/common/io/ByteSink
instanceKlass com/google/common/io/LineProcessor
instanceKlass com/google/common/io/ByteSource
instanceKlass com/google/common/graph/SuccessorsFunction
instanceKlass com/google/common/io/Files
instanceKlass java/util/stream/DistinctOps
instanceKlass com/android/signflinger/ApkSigningBlock
instanceKlass com/android/signflinger/SigningBlockUtils
instanceKlass com/android/apksig/DefaultApkSignerEngine$OutputApkSigningBlockRequestImpl
instanceKlass sun/security/rsa/RSACore$BlindingRandomPair
instanceKlass sun/security/jca/JCAUtil$CachedSecureRandomHolder
instanceKlass sun/security/rsa/RSACore$BlindingParameters
instanceKlass com/android/apksig/internal/apk/ApkSigningBlockUtilsLite
instanceKlass com/android/apksig/internal/apk/v2/V2SchemeSigner$V2SignatureSchemeBlock$Signer
instanceKlass com/android/apksig/internal/apk/v2/V2SchemeSigner$V2SignatureSchemeBlock$SignedData
instanceKlass com/android/apksig/internal/util/ByteBufferUtils
instanceKlass com/android/apksig/internal/x509/RSAPublicKey
instanceKlass com/android/apksig/internal/asn1/Asn1OpaqueObject
instanceKlass com/android/apksig/internal/asn1/Asn1BerParser$BerToJavaConverter
instanceKlass com/android/apksig/internal/asn1/Asn1BerParser$AnnotatedField
instanceKlass com/android/apksig/internal/asn1/Asn1Field
instanceKlass com/android/apksig/internal/pkcs7/AlgorithmIdentifier
instanceKlass com/android/apksig/internal/asn1/ber/BerEncoding$1
instanceKlass com/android/apksig/internal/asn1/Asn1BerParser$1
instanceKlass com/android/apksig/internal/asn1/Asn1Class
instanceKlass com/android/apksig/internal/asn1/ber/BerDataValue
instanceKlass com/android/apksig/internal/asn1/ber/BerEncoding
instanceKlass com/android/apksig/internal/asn1/ber/ByteBufferBerDataValueReader
instanceKlass com/android/apksig/internal/asn1/ber/BerDataValueReader
instanceKlass com/android/apksig/internal/asn1/Asn1BerParser
instanceKlass com/android/apksig/internal/x509/SubjectPublicKeyInfo
instanceKlass com/android/apksig/internal/apk/ApkSigningBlockUtils$SigningSchemeBlockAndDigests
instanceKlass com/android/apksig/internal/apk/ApkSigningBlockUtils$ChunkSupplier$Chunk
instanceKlass com/android/apksig/internal/util/MessageDigestSink
instanceKlass com/android/apksig/util/ReadableDataSink
instanceKlass com/android/apksig/util/DataSink
instanceKlass com/android/apksig/util/DataSinks
instanceKlass com/android/apksig/internal/apk/ApkSigningBlockUtils$ChunkDigester
instanceKlass com/android/apksig/internal/apk/ApkSigningBlockUtils$ChunkSupplier
instanceKlass com/android/apksig/internal/apk/ApkSigningBlockUtils$ChunkDigests
instanceKlass java/security/spec/MGF1ParameterSpec
instanceKlass com/android/apksig/internal/apk/v2/V2SchemeSigner
instanceKlass com/android/apksig/internal/apk/ApkSigningBlockUtils$SignerConfig
instanceKlass com/android/apksig/internal/util/ByteBufferDataSource
instanceKlass com/android/apksig/internal/zip/ZipUtils
instanceKlass com/android/apksig/internal/util/Pair
instanceKlass com/android/apksig/zip/ZipSections
instanceKlass com/android/apksig/internal/apk/ApkSigningBlockUtils
instanceKlass com/android/apksig/internal/util/FileChannelDataSource
instanceKlass com/android/apksig/util/DataSources
instanceKlass com/google/common/collect/HashBiMap$Itr
instanceKlass com/android/zipflinger/Zip64
instanceKlass com/android/zipflinger/CentralDirectoryRecord
instanceKlass sun/nio/ch/Util$4
instanceKlass sun/nio/ch/FileChannelImpl$Unmapper
instanceKlass jdk/internal/access/foreign/UnmapperProxy
instanceKlass jdk/internal/misc/ExtendedMapMode
instanceKlass java/nio/channels/FileChannel$MapMode
instanceKlass com/android/zipflinger/LocalFileHeader
instanceKlass com/android/zipflinger/ZipSource
instanceKlass com/google/common/collect/TransformedIterator
instanceKlass com/android/zipflinger/Compressor
instanceKlass com/android/zipflinger/Crc32
instanceKlass com/google/common/collect/FluentIterable
instanceKlass com/android/zipflinger/Sources
instanceKlass java/util/concurrent/ForkJoinPool$DefaultCommonPoolForkJoinWorkerThreadFactory$1
instanceKlass com/android/builder/internal/packaging/ApkFlinger$writeFile$1
instanceKlass com/android/zipflinger/SynchronizedArchive
instanceKlass com/android/apksig/util/RunnablesExecutor$1
instanceKlass com/android/apksig/ApkSignerEngine$OutputApkSigningBlockRequest2
instanceKlass com/android/apksig/ApkSignerEngine$OutputApkSigningBlockRequest
instanceKlass com/android/apksig/ApkSignerEngine$OutputJarSignatureRequest
instanceKlass com/android/apksig/ApkSignerEngine$InspectJarEntryRequest
instanceKlass com/android/apksig/DefaultApkSignerEngine
instanceKlass com/android/apksig/DefaultApkSignerEngine$Builder
instanceKlass com/android/apksig/DefaultApkSignerEngine$SignerConfig
instanceKlass com/android/apksig/DefaultApkSignerEngine$SignerConfig$Builder
instanceKlass com/android/zipflinger/ZipReader
instanceKlass com/android/zipflinger/ZipWriter
instanceKlass com/android/zipflinger/FreeStore$Zone
instanceKlass com/android/zipflinger/FreeStore
instanceKlass com/android/zipflinger/ZipInfo
instanceKlass com/android/zipflinger/CentralDirectory
instanceKlass com/android/zipflinger/Entry
instanceKlass com/android/zipflinger/Zip64Locator
instanceKlass com/android/zipflinger/Ints
instanceKlass com/android/zipflinger/Location
instanceKlass com/android/zipflinger/EndOfCentralDirectory
instanceKlass com/android/zipflinger/ZipMap
instanceKlass com/android/zipflinger/ZipArchive
instanceKlass com/android/apksig/ApkSignerEngine
instanceKlass com/android/zipflinger/Source
instanceKlass com/android/apksig/util/DataSource
instanceKlass com/android/signflinger/SignedApk
instanceKlass com/android/zipflinger/Archive
instanceKlass com/android/signflinger/SignedApkOptions
instanceKlass com/android/signflinger/SignedApkOptions$Builder
instanceKlass com/android/builder/internal/packaging/ApkFlinger$1
instanceKlass com/android/builder/internal/packaging/ApkFlinger$WhenMappings
instanceKlass com/android/builder/internal/packaging/ApkFlinger$Companion
instanceKlass com/android/builder/internal/packaging/ApkFlinger
instanceKlass com/google/common/collect/AbstractIterator$1
instanceKlass com/android/builder/internal/packaging/PackagedFileUpdates
instanceKlass com/google/common/base/Predicates$CompositionPredicate
instanceKlass com/google/common/base/Predicates
instanceKlass com/android/builder/internal/packaging/DexIncrementalRenameManager$1
instanceKlass com/android/builder/internal/packaging/PackagedFileUpdate
instanceKlass com/android/builder/internal/packaging/DexIncrementalRenameManager$Bucket
instanceKlass com/android/builder/packaging/DexFileNameSupplier
instanceKlass com/android/builder/internal/packaging/DexIncrementalRenameManager$DexFileComparator
instanceKlass com/android/builder/files/NativeLibraryAbiPredicate
instanceKlass com/android/builder/internal/packaging/DexIncrementalRenameManager
instanceKlass com/android/tools/build/apkzlib/zfile/ApkZFileCreatorFactory
instanceKlass com/android/tools/build/apkzlib/zip/VerifyLog
instanceKlass com/android/tools/build/apkzlib/zip/VerifyLogs
instanceKlass com/android/tools/build/apkzlib/zip/AlignmentRules
instanceKlass com/android/tools/build/apkzlib/zip/AlignmentRule
instanceKlass com/android/tools/build/apkzlib/zip/compress/ExecutorCompressor
instanceKlass com/android/tools/build/apkzlib/bytestorage/TemporaryDirectory
instanceKlass com/android/tools/build/apkzlib/bytestorage/TemporaryDirectoryFactory
instanceKlass com/android/tools/build/apkzlib/bytestorage/OverflowToDiskByteStorageFactory
instanceKlass com/android/tools/build/apkzlib/bytestorage/ByteStorage
instanceKlass com/android/tools/build/apkzlib/bytestorage/ChunkBasedByteStorageFactory
instanceKlass com/android/tools/build/apkzlib/zip/Compressor
instanceKlass com/android/tools/build/apkzlib/bytestorage/ByteStorageFactory
instanceKlass com/android/tools/build/apkzlib/zip/ZFileOptions
instanceKlass com/android/build/gradle/internal/packaging/ApkCreatorFactories
instanceKlass com/android/tools/build/apkzlib/zfile/ApkCreator
instanceKlass com/android/builder/internal/packaging/IncrementalPackager
instanceKlass com/android/apksig/util/RunnablesProvider
instanceKlass com/android/apksig/util/RunnablesExecutor
instanceKlass com/android/build/gradle/internal/packaging/IncrementalPackagerBuilder$1
instanceKlass com/android/tools/build/apkzlib/sign/SigningOptions$Builder
instanceKlass com/android/tools/build/apkzlib/sign/SigningOptions
instanceKlass com/android/ide/common/signing/CertificateInfo
instanceKlass java/security/PKCS12Attribute
instanceKlass java/security/KeyStore$Entry$Attribute
instanceKlass java/security/KeyStore$PrivateKeyEntry
instanceKlass java/security/KeyStore$Entry
instanceKlass sun/security/pkcs/EncryptedPrivateKeyInfo
instanceKlass java/security/KeyStore$PasswordProtection
instanceKlass sun/security/tools/KeyStoreUtil
instanceKlass com/sun/crypto/provider/PKCS12PBECipherCore
instanceKlass sun/security/pkcs12/MacData
instanceKlass sun/security/util/ArrayUtil
instanceKlass javax/crypto/spec/SecretKeySpec$1
instanceKlass jdk/internal/access/JavaxCryptoSpecAccess
instanceKlass javax/crypto/spec/SecretKeySpec
instanceKlass com/sun/crypto/provider/PBKDF2KeyImpl$1
instanceKlass javax/crypto/MacSpi
instanceKlass javax/crypto/Mac
instanceKlass sun/nio/cs/ThreadLocalCoders$Cache
instanceKlass sun/nio/cs/ThreadLocalCoders
instanceKlass com/sun/crypto/provider/PBKDF2KeyImpl
instanceKlass javax/crypto/interfaces/PBEKey
instanceKlass com/sun/crypto/provider/PBEKey
instanceKlass javax/crypto/SecretKeyFactory
instanceKlass javax/crypto/spec/PBEKeySpec
instanceKlass javax/crypto/SecretKeyFactorySpi
instanceKlass com/sun/crypto/provider/PKCS5Padding
instanceKlass com/sun/crypto/provider/Padding
instanceKlass com/sun/crypto/provider/FeedbackCipher
instanceKlass com/sun/crypto/provider/SymmetricCipher
instanceKlass com/sun/crypto/provider/AESConstants
instanceKlass com/sun/crypto/provider/CipherCore
instanceKlass javax/crypto/CipherSpi
instanceKlass javax/crypto/ProviderVerifier
instanceKlass javax/crypto/JceSecurity$2
instanceKlass javax/crypto/JceSecurity$IdentityWrapper
instanceKlass java/net/spi/URLStreamHandlerProvider
instanceKlass java/net/URL$1
instanceKlass java/net/URL$2
instanceKlass java/util/Vector$1
instanceKlass javax/crypto/CryptoPolicyParser$CryptoPermissionEntry
instanceKlass javax/crypto/CryptoPolicyParser$GrantEntry
instanceKlass java/io/StreamTokenizer
instanceKlass javax/crypto/CryptoPolicyParser
instanceKlass java/nio/file/Files$1
instanceKlass javax/crypto/JceSecurity$1
instanceKlass javax/crypto/JceSecurity
instanceKlass javax/crypto/Cipher$Transform
instanceKlass javax/crypto/Cipher
instanceKlass sun/security/pkcs12/PKCS12KeyStore$RetryWithZero
instanceKlass javax/crypto/spec/PBEParameterSpec
instanceKlass javax/crypto/spec/IvParameterSpec
instanceKlass sun/security/pkcs12/PKCS12KeyStore$Entry
instanceKlass java/security/KeyStoreSpi
instanceKlass com/android/build/gradle/internal/signing/SigningConfigVersions$Companion
instanceKlass com/android/build/gradle/internal/signing/SigningConfigVersions
instanceKlass com/android/tools/build/apkzlib/zfile/ApkCreatorFactory
instanceKlass com/google/common/base/Optional
instanceKlass com/android/tools/build/apkzlib/zfile/ApkCreatorFactory$CreationData$Builder
instanceKlass com/android/tools/build/apkzlib/zfile/ApkCreatorFactory$CreationData
instanceKlass com/android/build/gradle/internal/packaging/IncrementalPackagerBuilder
instanceKlass com/android/build/gradle/internal/manifest/ManifestData$AndroidTarget
instanceKlass com/android/build/gradle/internal/manifest/ManifestDataKt
instanceKlass com/android/tools/build/apkzlib/utils/IOExceptionRunnable
instanceKlass com/android/builder/files/DirectoryEntry
instanceKlass com/android/builder/files/ZipCentralDirectoryKt
instanceKlass com/android/builder/files/ZipCentralDirectory$CdrInfo
instanceKlass com/android/builder/files/IncrementalRelativeFileSets
instanceKlass com/android/builder/files/ZipCentralDirectory
instanceKlass com/android/builder/files/IncrementalChanges
instanceKlass com/android/build/api/artifact/impl/ArtifactTransformationRequestImpl$submit$4
instanceKlass com/google/common/collect/ImmutableList$SerializedForm
instanceKlass com/android/build/gradle/internal/signing/SigningConfigProviderParams$Companion
instanceKlass com/android/build/gradle/tasks/IncrementalChangesUtils$WhenMappings
instanceKlass com/android/builder/files/SerializableChange$Companion
instanceKlass com/android/builder/files/SerializableChange
instanceKlass com/android/builder/files/SerializableInputChanges$Companion
instanceKlass com/android/build/gradle/tasks/IncrementalChangesUtils
instanceKlass com/android/build/api/variant/impl/SerializableApplicationMultiOutputHandler
instanceKlass com/android/build/api/artifact/impl/ArtifactTransformationRequestImpl$submit$2$1
instanceKlass com/android/build/api/variant/impl/BuiltArtifactsImpl$Companion
instanceKlass com/android/build/api/variant/impl/BuiltArtifactImpl$Companion
instanceKlass com/android/build/gradle/internal/api/artifact/ArtifactTypeUtils
instanceKlass com/android/ide/common/build/ListingFileRedirect
instanceKlass com/android/build/api/variant/impl/BuiltArtifactsLoaderImpl$Companion
instanceKlass com/android/build/api/variant/impl/BuiltArtifactsLoaderImpl
instanceKlass com/android/build/api/variant/BuiltArtifactsLoader
instanceKlass com/android/build/gradle/tasks/PackageAndroidArtifact$IncrementalSplitterRunnable
instanceKlass com/android/build/gradle/internal/workeractions/WorkActionAdapter
instanceKlass org/gradle/internal/snapshot/DirectorySnapshot$1
instanceKlass com/android/builder/packaging/PackagingUtils
instanceKlass com/android/manifmerger/PlaceholderHandler
instanceKlass sun/net/DefaultProgressMeteringPolicy
instanceKlass sun/net/ProgressMeteringPolicy
instanceKlass sun/net/ProgressMonitor
instanceKlass com/sun/org/apache/xerces/internal/util/URI
instanceKlass com/android/utils/XmlUtils
instanceKlass com/android/builder/core/DefaultManifestParser
instanceKlass com/android/tools/r8/utils/G0
instanceKlass java/util/IdentityHashMap$EntryIterator$Entry
instanceKlass com/android/tools/r8/dex/U
instanceKlass com/android/tools/r8/internal/RC
instanceKlass com/android/tools/r8/dex/V
instanceKlass com/android/tools/r8/internal/Kt
instanceKlass com/android/tools/r8/internal/Gt
instanceKlass com/android/tools/r8/dex/r0
instanceKlass com/android/tools/r8/dex/p0
instanceKlass com/android/tools/r8/dex/q0
instanceKlass com/android/tools/r8/naming/b
instanceKlass com/android/tools/r8/startup/diagnostic/MissingStartupProfileItemsDiagnostic$a
instanceKlass com/android/tools/r8/utils/J1
instanceKlass com/android/tools/r8/utils/p3
instanceKlass com/android/tools/r8/internal/fK
instanceKlass com/android/tools/r8/internal/hK
instanceKlass com/android/tools/r8/graph/i1
instanceKlass com/android/tools/r8/internal/P0
instanceKlass com/android/tools/r8/internal/kK
instanceKlass com/android/tools/r8/utils/w2
instanceKlass java/util/AbstractList$SubList$1
instanceKlass com/android/tools/r8/dex/A
instanceKlass com/android/tools/r8/dex/code/C1
instanceKlass com/android/tools/r8/dex/code/O
instanceKlass com/android/tools/r8/graph/c1$a
instanceKlass com/android/tools/r8/dex/B
instanceKlass com/android/tools/r8/dex/z
instanceKlass java/util/concurrent/ForkJoinPool$DefaultForkJoinWorkerThreadFactory$1
instanceKlass java/util/concurrent/ForkJoinTask$Aux
instanceKlass java/util/concurrent/ForkJoinTask
instanceKlass com/android/tools/r8/internal/ku
instanceKlass com/android/tools/r8/internal/hu
instanceKlass com/android/tools/r8/dex/E
instanceKlass com/android/tools/r8/graph/r5
instanceKlass com/android/tools/r8/dex/C
instanceKlass com/android/tools/r8/internal/Us
instanceKlass com/android/tools/r8/internal/y6
instanceKlass com/android/tools/r8/utils/Z2
instanceKlass com/android/tools/r8/naming/w
instanceKlass com/android/tools/r8/shaking/h3
instanceKlass com/android/tools/r8/shaking/I3
instanceKlass com/android/tools/r8/shaking/E2$a
instanceKlass com/android/tools/r8/shaking/R2
instanceKlass com/android/tools/r8/shaking/O2
instanceKlass com/android/tools/r8/shaking/E3
instanceKlass com/android/tools/r8/shaking/C3
instanceKlass com/android/tools/r8/shaking/G3
instanceKlass com/android/tools/r8/shaking/A3
instanceKlass com/android/tools/r8/shaking/B3
instanceKlass com/android/tools/r8/shaking/A2$a
instanceKlass com/android/tools/r8/shaking/A2
instanceKlass com/android/tools/r8/shaking/N2$a
instanceKlass com/android/tools/r8/shaking/N2
instanceKlass com/android/tools/r8/shaking/S2$a
instanceKlass com/android/tools/r8/shaking/S2
instanceKlass com/android/tools/r8/shaking/Y2
instanceKlass com/android/tools/r8/shaking/V2
instanceKlass com/android/builder/dexing/D8DexArchiveMerger
instanceKlass com/android/builder/dexing/DexArchiveMerger
instanceKlass com/android/builder/dexing/NonIncrementalJarDexArchive
instanceKlass com/android/builder/dexing/DexEntryBucket$getDexEntriesWithContents$1$1$contents$openedJar$1
instanceKlass com/android/builder/dexing/DirDexArchive
instanceKlass com/android/builder/dexing/DexArchive
instanceKlass com/android/builder/dexing/DexArchives
instanceKlass com/android/builder/dexing/DexArchiveEntry
instanceKlass org/gradle/internal/classpath/declarations/KotlinStdlibFileInterceptors
instanceKlass com/android/build/gradle/internal/tasks/DexMergingTaskDelegate$run$1$1
instanceKlass com/android/builder/dexing/DexEntryBucket$Companion
instanceKlass com/android/builder/dexing/DexEntryBucket
instanceKlass com/android/builder/dexing/DexEntry$Companion
instanceKlass com/android/builder/dexing/DexEntry
instanceKlass com/android/builder/dexing/DexUtilsKt$getSortedFilesInDir$2$2
instanceKlass kotlin/streams/jdk8/StreamsKt
instanceKlass com/android/builder/dexing/DexUtilsKt$getSortedFilesInDir$2$1
instanceKlass com/android/build/gradle/internal/tasks/DexMergingTaskDelegate$Companion
instanceKlass com/android/build/gradle/internal/tasks/DexMergingTask$doTaskAction$1
instanceKlass com/android/build/gradle/internal/tasks/NonIncrementalTaskKt
instanceKlass org/gradle/internal/execution/steps/RemovePreviousOutputsStep$3
instanceKlass org/gradle/internal/execution/steps/RemovePreviousOutputsStep$2
instanceKlass org/gradle/internal/execution/history/changes/NonIncrementalInputChanges
instanceKlass org/gradle/internal/execution/history/changes/ExecutionStateChanges$2
instanceKlass org/gradle/internal/execution/history/impl/DefaultOverlappingOutputDetector$OverlappingOutputsDetectingVisitor$1
instanceKlass org/gradle/internal/execution/history/impl/DefaultOverlappingOutputDetector$OverlappingOutputsDetectingVisitor
instanceKlass com/android/tools/r8/naming/M
instanceKlass com/android/tools/r8/internal/Cb
instanceKlass com/android/tools/r8/internal/Db
instanceKlass com/android/tools/r8/internal/Eb
instanceKlass com/android/tools/r8/ByteDataView
instanceKlass com/android/tools/r8/dex/H
instanceKlass java/util/zip/Adler32
instanceKlass com/android/tools/r8/dex/t
instanceKlass com/android/tools/r8/dex/J
instanceKlass com/android/tools/r8/utils/Q0
instanceKlass com/android/tools/r8/internal/bJ
instanceKlass com/android/tools/r8/dex/F
instanceKlass com/android/tools/r8/utils/P1
instanceKlass com/android/tools/r8/dex/u
instanceKlass com/android/tools/r8/naming/U
instanceKlass com/android/tools/r8/naming/T
instanceKlass com/android/tools/r8/dex/v
instanceKlass com/android/tools/r8/dex/I
instanceKlass com/android/tools/r8/dex/G
instanceKlass com/android/tools/r8/dex/s
instanceKlass com/android/tools/r8/dex/y
instanceKlass com/android/tools/r8/graph/v5
instanceKlass com/android/tools/r8/dex/M
instanceKlass com/android/tools/r8/internal/Ae
instanceKlass com/android/tools/r8/graph/p5
instanceKlass com/android/tools/r8/internal/IS
instanceKlass com/android/tools/r8/graph/q5
instanceKlass com/android/tools/r8/internal/vJ
instanceKlass com/android/tools/r8/internal/tJ
instanceKlass com/android/tools/r8/internal/L0
instanceKlass com/android/tools/r8/dex/n
instanceKlass com/android/tools/r8/internal/m1
instanceKlass com/android/tools/r8/internal/Bk
instanceKlass com/android/tools/r8/internal/wE
instanceKlass com/android/tools/r8/synthesis/e
instanceKlass com/android/tools/r8/dex/m0
instanceKlass com/android/tools/r8/internal/DB
instanceKlass com/android/tools/r8/dex/n0
instanceKlass com/android/tools/r8/dex/s0
instanceKlass com/android/tools/r8/dex/N
instanceKlass com/android/tools/r8/e
instanceKlass com/android/tools/r8/internal/t00
instanceKlass com/android/tools/r8/internal/w00
instanceKlass com/android/tools/r8/internal/o00
instanceKlass com/android/tools/r8/internal/y00
instanceKlass com/android/tools/r8/internal/v00
instanceKlass com/android/tools/r8/internal/u00
instanceKlass com/android/tools/r8/internal/UZ
instanceKlass com/android/tools/r8/internal/TZ
instanceKlass com/android/tools/r8/internal/H00
instanceKlass com/android/tools/r8/internal/mX
instanceKlass com/android/tools/r8/internal/pu
instanceKlass com/android/tools/r8/internal/ZB
instanceKlass com/android/tools/r8/utils/A2
instanceKlass com/android/tools/r8/dex/r
instanceKlass com/android/tools/r8/SourceFileEnvironment
instanceKlass com/android/tools/r8/utils/w1
instanceKlass com/android/tools/r8/dex/i0
instanceKlass com/android/tools/r8/utils/v2
instanceKlass com/android/tools/r8/internal/I2
instanceKlass com/android/tools/r8/internal/J2
instanceKlass com/android/tools/r8/internal/H2
instanceKlass com/android/tools/r8/internal/pA
instanceKlass com/android/tools/r8/graph/R3
instanceKlass com/android/tools/r8/internal/vk
instanceKlass com/android/tools/r8/internal/Sl
instanceKlass com/android/tools/r8/internal/jl
instanceKlass com/android/tools/r8/synthesis/r
instanceKlass com/android/tools/r8/synthesis/q
instanceKlass com/android/tools/r8/internal/zt
instanceKlass com/android/tools/r8/internal/EZ
instanceKlass com/android/tools/r8/utils/I1
instanceKlass com/android/tools/r8/synthesis/p
instanceKlass com/android/tools/r8/internal/GZ
instanceKlass com/android/tools/r8/internal/KG
instanceKlass com/android/tools/r8/internal/W4
instanceKlass com/android/tools/r8/internal/JG
instanceKlass com/android/tools/r8/synthesis/t
instanceKlass com/android/tools/r8/internal/aC
instanceKlass com/android/tools/r8/internal/UB
instanceKlass com/android/tools/r8/dex/W
instanceKlass com/android/tools/r8/graph/H5
instanceKlass com/android/tools/r8/graph/F5
instanceKlass com/android/tools/r8/internal/Pd
instanceKlass com/android/tools/r8/internal/N8
instanceKlass com/android/tools/r8/internal/af
instanceKlass com/android/tools/r8/internal/HN
instanceKlass com/android/tools/r8/internal/ce
instanceKlass com/android/tools/r8/internal/VG
instanceKlass com/android/tools/r8/internal/YA
instanceKlass com/android/tools/r8/internal/ZA
instanceKlass com/android/tools/r8/internal/ot
instanceKlass com/android/tools/r8/internal/uq
instanceKlass com/android/tools/r8/utils/H
instanceKlass com/android/tools/r8/internal/CJ
instanceKlass com/android/tools/r8/internal/EJ
instanceKlass java/util/stream/SliceOps
instanceKlass com/android/tools/r8/internal/HJ
instanceKlass com/android/tools/r8/internal/k20
instanceKlass com/android/tools/r8/ir/optimize/l0
instanceKlass com/android/tools/r8/ir/optimize/m0
instanceKlass com/android/tools/r8/ir/optimize/o0
instanceKlass com/android/tools/r8/ir/optimize/r0
instanceKlass com/android/tools/r8/internal/pE
instanceKlass com/android/tools/r8/internal/vV
instanceKlass com/android/tools/r8/internal/O20
instanceKlass com/android/tools/r8/graph/proto/b
instanceKlass com/android/tools/r8/internal/f9
